info 2020-11-17T16:19:13.188Z - server running on port 3000
info 2020-11-17T16:19:23.643Z - stopping server
info 2020-11-17T16:21:52.952Z - server running on port 3000
error 2020-11-17T16:22:22.069Z - Error: Failed to lookup view "login" in views directory "/Users/manuelbarzi/.../letscoder/letscoder-bootcamp-202010/collab/letscoder-bootcamp-202010/staff/manuel-barzi/web-server/views"
info 2020-11-17T16:31:56.568Z - server running on port 3000
info 2020-11-17T16:32:51.784Z - server running on port 3000
info 2020-11-17T16:32:55.107Z - stopping server
info 2020-11-17T16:40:45.941Z - server running on port 3000
info 2020-11-17T16:49:00.267Z - stopping server
info 2020-11-17T16:49:00.268Z - stopping server
info 2020-11-17T16:49:11.080Z - server running on port 3000
error 2020-11-17T16:49:24.446Z - could not accept cookies :(
error 2020-11-17T16:50:33.684Z - could not accept cookies :(
info 2020-11-17T17:11:52.252Z - stopping server

info 2020-11-17T17:13:02.777Z - server running on port 3000
info 2020-11-17T17:14:34.355Z - stopping server
info 2020-11-17T17:14:34.355Z - stopping server
info 2020-11-18T13:00:35.228Z - server running on port 4000
info 2020-11-18T13:01:12.536Z - stopping server
info 2020-11-18T13:01:12.537Z - stopping server
info 2020-11-18T13:01:15.670Z - server running on port 4000
info 2020-11-18T13:03:18.380Z - stopping server
info 2020-11-18T13:03:18.381Z - stopping server
info 2020-11-18T13:15:25.409Z - server running on port 4000
info 2020-11-18T13:18:09.224Z - server running on port 4000
error 2020-11-18T13:18:23.101Z - Error: fullname is empty or blank
error 2020-11-18T13:18:36.202Z - Error: e-mail serpiente@mail.com already registered
info 2020-11-18T13:19:03.308Z - stopping server
info 2020-11-18T13:19:04.401Z - server running on port 4000
error 2020-11-18T13:19:06.886Z - Error: e-mail serpiente@mail.com already registered
info 2020-11-18T13:19:42.673Z - stopping server
info 2020-11-18T13:19:42.673Z - stopping server
info 2020-11-18T13:20:26.360Z - server running on port 4000
info 2020-11-18T13:43:31.863Z - stopping server
info 2020-11-18T13:43:31.864Z - stopping server
info 2020-11-18T13:45:50.034Z - server running on port 4000
info 2020-11-18T13:49:15.244Z - stopping server
info 2020-11-18T13:49:15.244Z - stopping server
info 2020-11-18T13:49:34.615Z - server running on port 4000
info 2020-11-18T13:53:43.043Z - server running on port 4000
info 2020-11-18T13:55:43.167Z - server running on port 4000
info 2020-11-18T13:56:35.766Z - server running on port 4000
info 2020-11-18T13:58:25.580Z - server running on port 4000
info 2020-11-18T13:59:49.053Z - server running on port 4000
info 2020-11-18T14:00:17.901Z - server running on port 4000
error 2020-11-18T14:00:43.219Z - Error: e-mail manuelbarzi@gmail.com already registered
info 2020-11-19T09:17:53.895Z - server running on port 4000
info 2020-11-19T09:19:32.785Z - stopping server
info 2020-11-19T09:19:32.785Z - stopping server
info 2020-11-19T12:11:40.935Z - server running on port 4000
info 2020-11-19T13:38:13.634Z - stopping server
info 2020-11-19T13:38:13.635Z - stopping server
info 2020-11-20T11:18:17.735Z - server running on port 4000
info 2020-11-20T11:34:36.925Z - stopping server
info 2020-11-20T11:34:36.925Z - stopping server
info 2020-11-20T11:34:37.997Z - server running on port 4000
info 2020-11-20T11:37:54.962Z - stopping server
info 2020-11-20T11:37:54.963Z - stopping server
info 2020-11-20T11:38:13.659Z - server running on port 4000
info 2020-11-20T11:39:57.744Z - server running on port 4000
info 2020-11-20T11:41:14.809Z - stopping server
info 2020-11-20T11:42:46.034Z - server running on port 4000
info 2020-11-20T12:15:36.725Z - stopping server
info 2020-11-20T12:15:36.725Z - stopping server
info 2020-11-20T12:17:10.832Z - server running on port 4000
info 2020-11-20T12:21:54.732Z - stopping server
info 2020-11-20T12:21:54.733Z - stopping server
info 2020-11-20T12:22:36.877Z - server running on port 4000
info 2020-11-20T12:23:51.012Z - stopping server
info 2020-11-20T12:23:51.013Z - stopping server
info 2020-11-20T12:23:51.946Z - server running on port 4000
info 2020-11-20T12:33:15.595Z - stopping server
info 2020-11-20T12:33:15.595Z - stopping server
error 2020-11-20T16:08:46.941Z - MongoNetworkError: failed to connect to server [localhost:27018] on first connect [Error: connect ECONNREFUSED 127.0.0.1:27018
    at TCPConnectWrap.afterConnect [as oncomplete] (node:net:1128:16) {
  name: 'MongoNetworkError'
}]
info 2020-11-20T16:08:46.956Z - server running on port 4000
error 2020-11-20T16:08:52.563Z - MongoNetworkError: failed to connect to server [localhost:27018] on first connect [Error: connect ECONNREFUSED 127.0.0.1:27018
    at TCPConnectWrap.afterConnect [as oncomplete] (node:net:1128:16) {
  name: 'MongoNetworkError'
}]
info 2020-11-20T16:08:52.579Z - server running on port 4000
error 2020-11-20T16:10:21.686Z - MongoNetworkError: failed to connect to server [localhost:27018] on first connect [Error: connect ECONNREFUSED 127.0.0.1:27018
    at TCPConnectWrap.afterConnect [as oncomplete] (node:net:1128:16) {
  name: 'MongoNetworkError'
}]
info 2020-11-20T16:10:21.702Z - server running on port 4000
info 2020-11-20T16:11:17.334Z - starting server
error 2020-11-20T16:11:17.349Z - MongoNetworkError: failed to connect to server [localhost:27018] on first connect [Error: connect ECONNREFUSED 127.0.0.1:27018
    at TCPConnectWrap.afterConnect [as oncomplete] (node:net:1128:16) {
  name: 'MongoNetworkError'
}]
info 2020-11-20T16:11:17.365Z - server running on port 4000
info 2020-11-20T16:12:25.636Z - starting server
error 2020-11-20T16:12:25.651Z - MongoNetworkError: failed to connect to server [localhost:27018] on first connect [Error: connect ECONNREFUSED 127.0.0.1:27018
    at TCPConnectWrap.afterConnect [as oncomplete] (node:net:1128:16) {
  name: 'MongoNetworkError'
}]
info 2020-11-20T16:12:25.668Z - server running on port 4000
info 2020-11-20T16:12:25.669Z - stopping server
info 2020-11-20T16:14:04.336Z - starting server
error 2020-11-20T16:14:04.352Z - MongoNetworkError: failed to connect to server [localhost:27018] on first connect [Error: connect ECONNREFUSED 127.0.0.1:27018
    at TCPConnectWrap.afterConnect [as oncomplete] (node:net:1128:16) {
  name: 'MongoNetworkError'
}]
info 2020-11-20T16:14:04.367Z - server running on port 4000
info 2020-11-20T16:14:04.368Z - stopping server
info 2020-11-20T16:14:19.660Z - starting server
info 2020-11-20T16:14:19.697Z - server running on port 4000
info 2020-11-20T16:14:47.020Z - stopping server
info 2020-11-20T16:14:47.020Z - stopping server
info 2020-11-20T16:14:55.514Z - starting server
info 2020-11-20T16:15:05.302Z - starting server
info 2020-11-20T16:15:05.343Z - server running on port 4000
info 2020-11-20T16:15:07.900Z - stopping server
info 2020-11-20T16:15:07.901Z - stopping server
info 2020-11-20T16:15:16.881Z - starting server
info 2020-11-20T16:15:39.495Z - starting server
info 2020-11-20T16:16:13.972Z - starting server
info 2020-11-20T16:16:36.180Z - starting server
error 2020-11-20T16:17:06.194Z - MongoServerSelectionError: connect ECONNREFUSED 127.0.0.1:27017
info 2020-11-20T16:17:06.212Z - server running on port 4000
info 2020-11-20T16:17:06.213Z - stopping server
info 2020-11-20T16:17:19.770Z - starting server
error 2020-11-20T16:17:49.786Z - MongoServerSelectionError: connect ECONNREFUSED 127.0.0.1:27017
info 2020-11-20T16:17:49.804Z - server running on port 4000
info 2020-11-20T16:17:49.805Z - stopping server
info 2020-11-20T16:18:14.954Z - starting server
info 2020-11-20T16:18:35.505Z - starting server
error 2020-11-20T16:19:05.520Z - MongoServerSelectionError: connect ECONNREFUSED 127.0.0.1:27017
info 2020-11-20T16:19:05.521Z - stopping server
info 2020-11-20T16:19:27.671Z - starting server
info 2020-11-20T16:19:29.151Z - stopping server
info 2020-11-20T16:52:46.660Z - starting server
info 2020-11-20T16:52:46.699Z - server running on port 4000
info 2020-11-20T16:55:26.355Z - stopping server
