error 2020-11-30T18:24:29.624Z - Error: Cannot find module './routes'
Require stack:
- C:\Users\valet\bootcamp\collab\letscoder-bootcamp-202010\staff\antonio-izquierdo\gameloop-api\index.js
    at Function.Module._resolveFilename (internal/modules/cjs/loader.js:831:15)
    at Function.Module._load (internal/modules/cjs/loader.js:687:27)
    at Module.require (internal/modules/cjs/loader.js:903:19)
    at require (internal/modules/cjs/helpers.js:74:18)
    at C:\Users\valet\bootcamp\collab\letscoder-bootcamp-202010\staff\antonio-izquierdo\gameloop-api\index.js:16:25
    at processTicksAndRejections (internal/process/task_queues.js:97:5)
info 2020-11-30T18:24:29.626Z - stopping server
error 2020-11-30T18:24:37.763Z - Error: Cannot find module './routes'
Require stack:
- C:\Users\valet\bootcamp\collab\letscoder-bootcamp-202010\staff\antonio-izquierdo\gameloop-api\index.js
    at Function.Module._resolveFilename (internal/modules/cjs/loader.js:831:15)
    at Function.Module._load (internal/modules/cjs/loader.js:687:27)
    at Module.require (internal/modules/cjs/loader.js:903:19)
    at require (internal/modules/cjs/helpers.js:74:18)
    at C:\Users\valet\bootcamp\collab\letscoder-bootcamp-202010\staff\antonio-izquierdo\gameloop-api\index.js:16:25
    at processTicksAndRejections (internal/process/task_queues.js:97:5)
info 2020-11-30T18:24:37.764Z - stopping server
error 2020-11-30T18:27:55.825Z - Error: Cannot find module './api'
Require stack:
- C:\Users\valet\bootcamp\collab\letscoder-bootcamp-202010\staff\antonio-izquierdo\gameloop-api\routes\index.js
- C:\Users\valet\bootcamp\collab\letscoder-bootcamp-202010\staff\antonio-izquierdo\gameloop-api\index.js
    at Function.Module._resolveFilename (internal/modules/cjs/loader.js:831:15)
    at Function.Module._load (internal/modules/cjs/loader.js:687:27)
    at Module.require (internal/modules/cjs/loader.js:903:19)
    at require (internal/modules/cjs/helpers.js:74:18)
    at Object.<anonymous> (C:\Users\valet\bootcamp\collab\letscoder-bootcamp-202010\staff\antonio-izquierdo\gameloop-api\routes\index.js:2:10)
    at Module._compile (internal/modules/cjs/loader.js:1015:30)
    at Object.Module._extensions..js (internal/modules/cjs/loader.js:1035:10)
    at Module.load (internal/modules/cjs/loader.js:879:32)
    at Function.Module._load (internal/modules/cjs/loader.js:724:14)
    at Module.require (internal/modules/cjs/loader.js:903:19)
    at require (internal/modules/cjs/helpers.js:74:18)
    at C:\Users\valet\bootcamp\collab\letscoder-bootcamp-202010\staff\antonio-izquierdo\gameloop-api\index.js:16:25
    at processTicksAndRejections (internal/process/task_queues.js:97:5)
info 2020-11-30T18:27:55.827Z - stopping server
error 2020-11-30T18:28:01.816Z - Error: Cannot find module './api'
Require stack:
- C:\Users\valet\bootcamp\collab\letscoder-bootcamp-202010\staff\antonio-izquierdo\gameloop-api\routes\index.js
- C:\Users\valet\bootcamp\collab\letscoder-bootcamp-202010\staff\antonio-izquierdo\gameloop-api\index.js
    at Function.Module._resolveFilename (internal/modules/cjs/loader.js:831:15)
    at Function.Module._load (internal/modules/cjs/loader.js:687:27)
    at Module.require (internal/modules/cjs/loader.js:903:19)
    at require (internal/modules/cjs/helpers.js:74:18)
    at Object.<anonymous> (C:\Users\valet\bootcamp\collab\letscoder-bootcamp-202010\staff\antonio-izquierdo\gameloop-api\routes\index.js:2:10)
    at Module._compile (internal/modules/cjs/loader.js:1015:30)
    at Object.Module._extensions..js (internal/modules/cjs/loader.js:1035:10)
    at Module.load (internal/modules/cjs/loader.js:879:32)
    at Function.Module._load (internal/modules/cjs/loader.js:724:14)
    at Module.require (internal/modules/cjs/loader.js:903:19)
    at require (internal/modules/cjs/helpers.js:74:18)
    at C:\Users\valet\bootcamp\collab\letscoder-bootcamp-202010\staff\antonio-izquierdo\gameloop-api\index.js:16:25
    at processTicksAndRejections (internal/process/task_queues.js:97:5)
info 2020-11-30T18:28:01.818Z - stopping server
info 2020-11-30T18:31:24.578Z - server running on port 4000
info 2020-11-30T18:48:42.418Z - stopping server
info 2020-11-30T18:48:45.008Z - server running on port 4000
info 2020-11-30T18:49:02.363Z - stopping server
info 2020-11-30T18:49:18.280Z - server running on port 4000
info 2020-11-30T18:59:38.880Z - stopping server
error 2020-11-30T19:00:19.177Z - C:\Users\valet\bootcamp\collab\letscoder-bootcamp-202010\staff\antonio-izquierdo\gameloop-api\routes\api\index.js:3
const {
      ^

SyntaxError: Missing initializer in destructuring declaration
    at wrapSafe (internal/modules/cjs/loader.js:931:16)
    at Module._compile (internal/modules/cjs/loader.js:979:27)
    at Object.Module._extensions..js (internal/modules/cjs/loader.js:1035:10)
    at Module.load (internal/modules/cjs/loader.js:879:32)
    at Function.Module._load (internal/modules/cjs/loader.js:724:14)
    at Module.require (internal/modules/cjs/loader.js:903:19)
    at require (internal/modules/cjs/helpers.js:74:18)
    at Object.<anonymous> (C:\Users\valet\bootcamp\collab\letscoder-bootcamp-202010\staff\antonio-izquierdo\gameloop-api\routes\index.js:2:10)
    at Module._compile (internal/modules/cjs/loader.js:1015:30)
    at Object.Module._extensions..js (internal/modules/cjs/loader.js:1035:10)
    at Module.load (internal/modules/cjs/loader.js:879:32)
    at Function.Module._load (internal/modules/cjs/loader.js:724:14)
    at Module.require (internal/modules/cjs/loader.js:903:19)
    at require (internal/modules/cjs/helpers.js:74:18)
    at C:\Users\valet\bootcamp\collab\letscoder-bootcamp-202010\staff\antonio-izquierdo\gameloop-api\index.js:16:25
    at processTicksAndRejections (internal/process/task_queues.js:97:5)
info 2020-11-30T19:00:19.179Z - stopping server
error 2020-11-30T19:00:32.696Z - C:\Users\valet\bootcamp\collab\letscoder-bootcamp-202010\staff\antonio-izquierdo\gameloop-api\routes\api\index.js:3
const {
      ^

SyntaxError: Missing initializer in destructuring declaration
    at wrapSafe (internal/modules/cjs/loader.js:931:16)
    at Module._compile (internal/modules/cjs/loader.js:979:27)
    at Object.Module._extensions..js (internal/modules/cjs/loader.js:1035:10)
    at Module.load (internal/modules/cjs/loader.js:879:32)
    at Function.Module._load (internal/modules/cjs/loader.js:724:14)
    at Module.require (internal/modules/cjs/loader.js:903:19)
    at require (internal/modules/cjs/helpers.js:74:18)
    at Object.<anonymous> (C:\Users\valet\bootcamp\collab\letscoder-bootcamp-202010\staff\antonio-izquierdo\gameloop-api\routes\index.js:2:10)
    at Module._compile (internal/modules/cjs/loader.js:1015:30)
    at Object.Module._extensions..js (internal/modules/cjs/loader.js:1035:10)
    at Module.load (internal/modules/cjs/loader.js:879:32)
    at Function.Module._load (internal/modules/cjs/loader.js:724:14)
    at Module.require (internal/modules/cjs/loader.js:903:19)
    at require (internal/modules/cjs/helpers.js:74:18)
    at C:\Users\valet\bootcamp\collab\letscoder-bootcamp-202010\staff\antonio-izquierdo\gameloop-api\index.js:16:25
    at processTicksAndRejections (internal/process/task_queues.js:97:5)
info 2020-11-30T19:00:32.698Z - stopping server
error 2020-11-30T19:00:51.670Z - C:\Users\valet\bootcamp\collab\letscoder-bootcamp-202010\staff\antonio-izquierdo\gameloop-api\routes\api\index.js:3
const {
      ^

SyntaxError: Missing initializer in destructuring declaration
    at wrapSafe (internal/modules/cjs/loader.js:931:16)
    at Module._compile (internal/modules/cjs/loader.js:979:27)
    at Object.Module._extensions..js (internal/modules/cjs/loader.js:1035:10)
    at Module.load (internal/modules/cjs/loader.js:879:32)
    at Function.Module._load (internal/modules/cjs/loader.js:724:14)
    at Module.require (internal/modules/cjs/loader.js:903:19)
    at require (internal/modules/cjs/helpers.js:74:18)
    at Object.<anonymous> (C:\Users\valet\bootcamp\collab\letscoder-bootcamp-202010\staff\antonio-izquierdo\gameloop-api\routes\index.js:2:10)
    at Module._compile (internal/modules/cjs/loader.js:1015:30)
    at Object.Module._extensions..js (internal/modules/cjs/loader.js:1035:10)
    at Module.load (internal/modules/cjs/loader.js:879:32)
    at Function.Module._load (internal/modules/cjs/loader.js:724:14)
    at Module.require (internal/modules/cjs/loader.js:903:19)
    at require (internal/modules/cjs/helpers.js:74:18)
    at C:\Users\valet\bootcamp\collab\letscoder-bootcamp-202010\staff\antonio-izquierdo\gameloop-api\index.js:16:25
    at processTicksAndRejections (internal/process/task_queues.js:97:5)
info 2020-11-30T19:00:51.672Z - stopping server
error 2020-11-30T19:29:16.343Z - Error: Cannot find module './handlers'
Require stack:
- C:\Users\valet\bootcamp\collab\letscoder-bootcamp-202010\staff\antonio-izquierdo\gameloop-api\routes\api\index.js
- C:\Users\valet\bootcamp\collab\letscoder-bootcamp-202010\staff\antonio-izquierdo\gameloop-api\routes\index.js
- C:\Users\valet\bootcamp\collab\letscoder-bootcamp-202010\staff\antonio-izquierdo\gameloop-api\index.js
    at Function.Module._resolveFilename (internal/modules/cjs/loader.js:831:15)
    at Function.Module._load (internal/modules/cjs/loader.js:687:27)
    at Module.require (internal/modules/cjs/loader.js:903:19)
    at require (internal/modules/cjs/helpers.js:74:18)
    at Object.<anonymous> (C:\Users\valet\bootcamp\collab\letscoder-bootcamp-202010\staff\antonio-izquierdo\gameloop-api\routes\api\index.js:6:5)
    at Module._compile (internal/modules/cjs/loader.js:1015:30)
    at Object.Module._extensions..js (internal/modules/cjs/loader.js:1035:10)
    at Module.load (internal/modules/cjs/loader.js:879:32)
    at Function.Module._load (internal/modules/cjs/loader.js:724:14)
    at Module.require (internal/modules/cjs/loader.js:903:19)
    at require (internal/modules/cjs/helpers.js:74:18)
    at Object.<anonymous> (C:\Users\valet\bootcamp\collab\letscoder-bootcamp-202010\staff\antonio-izquierdo\gameloop-api\routes\index.js:2:10)
    at Module._compile (internal/modules/cjs/loader.js:1015:30)
    at Object.Module._extensions..js (internal/modules/cjs/loader.js:1035:10)
    at Module.load (internal/modules/cjs/loader.js:879:32)
    at Function.Module._load (internal/modules/cjs/loader.js:724:14)
info 2020-11-30T19:29:16.344Z - stopping server
info 2020-11-30T19:44:13.076Z - server running on port 4000
info 2020-11-30T20:01:24.872Z - stopping server
info 2020-11-30T20:01:40.864Z - server running on port 4000
info 2020-11-30T20:05:11.742Z - stopping server
info 2020-11-30T20:05:20.535Z - server running on port 4000
info 2020-11-30T20:10:32.607Z - stopping server
info 2020-11-30T20:10:41.800Z - server running on port 4000
info 2020-11-30T20:50:04.048Z - stopping server
info 2020-11-30T20:50:20.132Z - server running on port 4000
info 2020-11-30T21:01:34.432Z - stopping server
info 2020-11-30T21:01:37.761Z - server running on port 4000
info 2020-11-30T21:05:34.923Z - stopping server
info 2020-11-30T21:05:43.948Z - server running on port 4000
info 2020-11-30T21:45:23.134Z - stopping server
info 2020-12-01T16:37:09.726Z - stopping server
info 2020-12-01T16:41:24.697Z - server running on port 4000
info 2020-12-01T16:42:59.121Z - stopping server
info 2020-12-01T16:43:05.877Z - server running on port 4000
info 2020-12-01T16:43:47.120Z - stopping server
info 2020-12-01T16:43:54.559Z - server running on port 4000
info 2020-12-01T16:45:08.196Z - stopping server
info 2020-12-01T16:45:16.226Z - server running on port 4000
info 2020-12-01T16:49:43.420Z - stopping server
info 2020-12-01T16:52:00.965Z - server running on port 4000
info 2020-12-01T16:54:31.332Z - stopping server
info 2020-12-02T13:40:25.289Z - server running on port 4000
info 2020-12-02T13:40:53.370Z - stopping server
info 2020-12-02T13:56:35.935Z - server running on port 4000
info 2020-12-02T13:57:29.412Z - stopping server
info 2020-12-02T15:48:05.290Z - server running on port 4000
info 2020-12-02T16:10:59.294Z - stopping server
info 2020-12-02T16:11:11.341Z - server running on port 4000
info 2020-12-03T09:51:31.018Z - server running on port 4000
info 2020-12-03T10:02:12.327Z - stopping server
info 2020-12-03T10:02:19.795Z - server running on port 4000
info 2020-12-03T10:16:05.555Z - stopping server
info 2020-12-03T10:16:09.239Z - server running on port 4000
info 2020-12-03T10:21:22.438Z - stopping server
info 2020-12-03T10:21:33.666Z - server running on port 4000
info 2020-12-03T10:22:39.539Z - stopping server
info 2020-12-03T10:29:40.384Z - server running on port 4000
info 2020-12-03T15:11:02.579Z - stopping server
error 2020-12-03T19:44:15.924Z - Error: Cannot find module './retrieve-games'
Require stack:
- C:\Users\valet\bootcamp\collab\letscoder-bootcamp-202010\staff\antonio-izquierdo\gameloop-api\logic\index.js
- C:\Users\valet\bootcamp\collab\letscoder-bootcamp-202010\staff\antonio-izquierdo\gameloop-api\routes\api\handlers\handle-register-user.js
- C:\Users\valet\bootcamp\collab\letscoder-bootcamp-202010\staff\antonio-izquierdo\gameloop-api\routes\api\handlers\index.js
- C:\Users\valet\bootcamp\collab\letscoder-bootcamp-202010\staff\antonio-izquierdo\gameloop-api\routes\api\index.js
- C:\Users\valet\bootcamp\collab\letscoder-bootcamp-202010\staff\antonio-izquierdo\gameloop-api\routes\index.js
- C:\Users\valet\bootcamp\collab\letscoder-bootcamp-202010\staff\antonio-izquierdo\gameloop-api\index.js
    at Function.Module._resolveFilename (internal/modules/cjs/loader.js:831:15)
    at Function.Module._load (internal/modules/cjs/loader.js:687:27)
    at Module.require (internal/modules/cjs/loader.js:903:19)
    at require (internal/modules/cjs/helpers.js:74:18)
    at Object.<anonymous> (C:\Users\valet\bootcamp\collab\letscoder-bootcamp-202010\staff\antonio-izquierdo\gameloop-api\logic\index.js:6:20)
    at Module._compile (internal/modules/cjs/loader.js:1015:30)
    at Object.Module._extensions..js (internal/modules/cjs/loader.js:1035:10)
    at Module.load (internal/modules/cjs/loader.js:879:32)
    at Function.Module._load (internal/modules/cjs/loader.js:724:14)
    at Module.require (internal/modules/cjs/loader.js:903:19)
    at require (internal/modules/cjs/helpers.js:74:18)
    at Object.<anonymous> (C:\Users\valet\bootcamp\collab\letscoder-bootcamp-202010\staff\antonio-izquierdo\gameloop-api\routes\api\handlers\handle-register-user.js:1:26)
    at Module._compile (internal/modules/cjs/loader.js:1015:30)
    at Object.Module._extensions..js (internal/modules/cjs/loader.js:1035:10)
    at Module.load (internal/modules/cjs/loader.js:879:32)
    at Function.Module._load (internal/modules/cjs/loader.js:724:14)
info 2020-12-03T19:44:15.931Z - stopping server
error 2020-12-03T19:44:56.602Z - Error: Cannot find module './retrieve-games'
Require stack:
- C:\Users\valet\bootcamp\collab\letscoder-bootcamp-202010\staff\antonio-izquierdo\gameloop-api\logic\index.js
- C:\Users\valet\bootcamp\collab\letscoder-bootcamp-202010\staff\antonio-izquierdo\gameloop-api\routes\api\handlers\handle-register-user.js
- C:\Users\valet\bootcamp\collab\letscoder-bootcamp-202010\staff\antonio-izquierdo\gameloop-api\routes\api\handlers\index.js
- C:\Users\valet\bootcamp\collab\letscoder-bootcamp-202010\staff\antonio-izquierdo\gameloop-api\routes\api\index.js
- C:\Users\valet\bootcamp\collab\letscoder-bootcamp-202010\staff\antonio-izquierdo\gameloop-api\routes\index.js
- C:\Users\valet\bootcamp\collab\letscoder-bootcamp-202010\staff\antonio-izquierdo\gameloop-api\index.js
    at Function.Module._resolveFilename (internal/modules/cjs/loader.js:831:15)
    at Function.Module._load (internal/modules/cjs/loader.js:687:27)
    at Module.require (internal/modules/cjs/loader.js:903:19)
    at require (internal/modules/cjs/helpers.js:74:18)
    at Object.<anonymous> (C:\Users\valet\bootcamp\collab\letscoder-bootcamp-202010\staff\antonio-izquierdo\gameloop-api\logic\index.js:6:20)
    at Module._compile (internal/modules/cjs/loader.js:1015:30)
    at Object.Module._extensions..js (internal/modules/cjs/loader.js:1035:10)
    at Module.load (internal/modules/cjs/loader.js:879:32)
    at Function.Module._load (internal/modules/cjs/loader.js:724:14)
    at Module.require (internal/modules/cjs/loader.js:903:19)
    at require (internal/modules/cjs/helpers.js:74:18)
    at Object.<anonymous> (C:\Users\valet\bootcamp\collab\letscoder-bootcamp-202010\staff\antonio-izquierdo\gameloop-api\routes\api\handlers\handle-register-user.js:1:26)
    at Module._compile (internal/modules/cjs/loader.js:1015:30)
    at Object.Module._extensions..js (internal/modules/cjs/loader.js:1035:10)
    at Module.load (internal/modules/cjs/loader.js:879:32)
    at Function.Module._load (internal/modules/cjs/loader.js:724:14)
info 2020-12-03T19:44:56.607Z - stopping server
info 2020-12-03T19:45:32.744Z - server running on port 4000
info 2020-12-03T19:46:25.881Z - stopping server
info 2020-12-03T19:46:48.833Z - server running on port 4000
info 2020-12-03T20:27:53.995Z - stopping server
error 2020-12-04T19:25:22.490Z - ReferenceError: handleFindGames is not defined
    at Object.<anonymous> (C:\Users\valet\bootcamp\collab\letscoder-bootcamp-202010\staff\antonio-izquierdo\gameloop-api\routes\api\index.js:23:66)
    at Module._compile (internal/modules/cjs/loader.js:1015:30)
    at Object.Module._extensions..js (internal/modules/cjs/loader.js:1035:10)
    at Module.load (internal/modules/cjs/loader.js:879:32)
    at Function.Module._load (internal/modules/cjs/loader.js:724:14)
    at Module.require (internal/modules/cjs/loader.js:903:19)
    at require (internal/modules/cjs/helpers.js:74:18)
    at Object.<anonymous> (C:\Users\valet\bootcamp\collab\letscoder-bootcamp-202010\staff\antonio-izquierdo\gameloop-api\routes\index.js:2:10)
    at Module._compile (internal/modules/cjs/loader.js:1015:30)
    at Object.Module._extensions..js (internal/modules/cjs/loader.js:1035:10)
    at Module.load (internal/modules/cjs/loader.js:879:32)
    at Function.Module._load (internal/modules/cjs/loader.js:724:14)
    at Module.require (internal/modules/cjs/loader.js:903:19)
    at require (internal/modules/cjs/helpers.js:74:18)
    at C:\Users\valet\bootcamp\collab\letscoder-bootcamp-202010\staff\antonio-izquierdo\gameloop-api\index.js:16:25
    at processTicksAndRejections (internal/process/task_queues.js:97:5)
info 2020-12-04T19:25:22.499Z - stopping server
error 2020-12-05T08:40:02.292Z - ReferenceError: handleFindGames is not defined
    at Object.<anonymous> (C:\Users\valet\bootcamp\collab\letscoder-bootcamp-202010\staff\antonio-izquierdo\gameloop-api\routes\api\index.js:23:66)
    at Module._compile (internal/modules/cjs/loader.js:1015:30)
    at Object.Module._extensions..js (internal/modules/cjs/loader.js:1035:10)
    at Module.load (internal/modules/cjs/loader.js:879:32)
    at Function.Module._load (internal/modules/cjs/loader.js:724:14)
    at Module.require (internal/modules/cjs/loader.js:903:19)
    at require (internal/modules/cjs/helpers.js:74:18)
    at Object.<anonymous> (C:\Users\valet\bootcamp\collab\letscoder-bootcamp-202010\staff\antonio-izquierdo\gameloop-api\routes\index.js:2:10)
    at Module._compile (internal/modules/cjs/loader.js:1015:30)
    at Object.Module._extensions..js (internal/modules/cjs/loader.js:1035:10)
    at Module.load (internal/modules/cjs/loader.js:879:32)
    at Function.Module._load (internal/modules/cjs/loader.js:724:14)
    at Module.require (internal/modules/cjs/loader.js:903:19)
    at require (internal/modules/cjs/helpers.js:74:18)
    at C:\Users\valet\bootcamp\collab\letscoder-bootcamp-202010\staff\antonio-izquierdo\gameloop-api\index.js:16:25
    at processTicksAndRejections (internal/process/task_queues.js:97:5)
info 2020-12-05T08:40:02.298Z - stopping server
error 2020-12-05T08:43:23.883Z - ReferenceError: handleFindGames is not defined
    at Object.<anonymous> (C:\Users\valet\bootcamp\collab\letscoder-bootcamp-202010\staff\antonio-izquierdo\gameloop-api\routes\api\index.js:23:66)
    at Module._compile (internal/modules/cjs/loader.js:1015:30)
    at Object.Module._extensions..js (internal/modules/cjs/loader.js:1035:10)
    at Module.load (internal/modules/cjs/loader.js:879:32)
    at Function.Module._load (internal/modules/cjs/loader.js:724:14)
    at Module.require (internal/modules/cjs/loader.js:903:19)
    at require (internal/modules/cjs/helpers.js:74:18)
    at Object.<anonymous> (C:\Users\valet\bootcamp\collab\letscoder-bootcamp-202010\staff\antonio-izquierdo\gameloop-api\routes\index.js:2:10)
    at Module._compile (internal/modules/cjs/loader.js:1015:30)
    at Object.Module._extensions..js (internal/modules/cjs/loader.js:1035:10)
    at Module.load (internal/modules/cjs/loader.js:879:32)
    at Function.Module._load (internal/modules/cjs/loader.js:724:14)
    at Module.require (internal/modules/cjs/loader.js:903:19)
    at require (internal/modules/cjs/helpers.js:74:18)
    at C:\Users\valet\bootcamp\collab\letscoder-bootcamp-202010\staff\antonio-izquierdo\gameloop-api\index.js:16:25
    at processTicksAndRejections (internal/process/task_queues.js:97:5)
info 2020-12-05T08:43:23.889Z - stopping server
info 2020-12-05T08:48:52.495Z - server running on port 4000
info 2020-12-05T08:51:56.719Z - stopping server
info 2020-12-05T08:52:48.680Z - server running on port 4000
info 2020-12-05T09:05:27.877Z - stopping server
info 2020-12-05T09:05:36.475Z - server running on port 4000
info 2020-12-05T09:13:33.605Z - stopping server
info 2020-12-05T09:20:08.221Z - server running on port 4000
info 2020-12-05T09:21:09.388Z - stopping server
info 2020-12-05T09:21:12.733Z - server running on port 4000
info 2020-12-05T09:23:10.567Z - stopping server
info 2020-12-05T09:24:14.771Z - server running on port 4000
info 2020-12-05T09:25:27.461Z - stopping server
info 2020-12-05T09:26:07.969Z - server running on port 4000
info 2020-12-05T09:43:13.452Z - server running on port 4000
info 2020-12-05T09:43:59.110Z - stopping server
info 2020-12-05T09:44:03.421Z - server running on port 4000
error 2020-12-05T09:44:22.220Z - Error: user with e-mail lasandra@lacamellona.com already registered
    at C:\Users\valet\bootcamp\collab\letscoder-bootcamp-202010\staff\antonio-izquierdo\gameloop-api\logic\register-user.js:15:28
    at processTicksAndRejections (internal/process/task_queues.js:97:5)
error 2020-12-05T09:45:00.598Z - ReferenceError: AuthError is not defined
    at C:\Users\valet\bootcamp\collab\letscoder-bootcamp-202010\staff\antonio-izquierdo\gameloop-api\logic\authenticate-user.js:11:24
    at processTicksAndRejections (internal/process/task_queues.js:97:5)
error 2020-12-05T09:45:03.418Z - ReferenceError: AuthError is not defined
    at C:\Users\valet\bootcamp\collab\letscoder-bootcamp-202010\staff\antonio-izquierdo\gameloop-api\logic\authenticate-user.js:11:24
    at processTicksAndRejections (internal/process/task_queues.js:97:5)
error 2020-12-05T09:45:37.667Z - ReferenceError: AuthError is not defined
    at C:\Users\valet\bootcamp\collab\letscoder-bootcamp-202010\staff\antonio-izquierdo\gameloop-api\logic\authenticate-user.js:11:24
    at processTicksAndRejections (internal/process/task_queues.js:97:5)
info 2020-12-05T09:46:23.045Z - stopping server
info 2020-12-05T09:46:31.755Z - server running on port 4000
error 2020-12-05T09:46:50.419Z - Error: wrong credentials
    at C:\Users\valet\bootcamp\collab\letscoder-bootcamp-202010\staff\antonio-izquierdo\gameloop-api\logic\authenticate-user.js:12:30
    at processTicksAndRejections (internal/process/task_queues.js:97:5)
info 2020-12-05T09:51:45.036Z - stopping server
info 2020-12-05T09:51:52.806Z - server running on port 4000
info 2020-12-05T10:00:29.334Z - stopping server
info 2020-12-05T10:00:35.985Z - server running on port 4000
info 2020-12-05T10:08:12.243Z - stopping server
info 2020-12-05T10:15:45.665Z - server running on port 4000
info 2020-12-05T11:57:37.019Z - stopping server
info 2020-12-05T11:57:40.213Z - server running on port 4000
info 2020-12-05T11:58:19.489Z - stopping server
info 2020-12-05T11:58:33.833Z - server running on port 4000
info 2020-12-05T11:59:07.213Z - stopping server
info 2020-12-05T11:59:15.513Z - server running on port 4000
info 2020-12-05T12:29:52.389Z - stopping server
info 2020-12-05T12:31:24.598Z - server running on port 4000
info 2020-12-06T09:44:51.092Z - server running on port 4000
info 2020-12-06T09:51:15.848Z - stopping server
info 2020-12-06T13:40:49.396Z - server running on port 4000
info 2020-12-06T15:41:36.500Z - stopping server
info 2020-12-06T15:41:47.153Z - server running on port 4000
error 2020-12-06T15:44:17.785Z - ValidationError: User validation failed: password: Path `password` (`$2a$10$UhYuDxsRyxx/hKm.o4fxB.DhAkQF8O5Bi4jrcqSD5WtPM7qiKqwVi`) is longer than the maximum allowed length (32).
    at model.Document.invalidate (C:\Users\valet\bootcamp\collab\letscoder-bootcamp-202010\staff\antonio-izquierdo\gameloop-api\node_modules\mongoose\lib\document.js:2622:32)
    at C:\Users\valet\bootcamp\collab\letscoder-bootcamp-202010\staff\antonio-izquierdo\gameloop-api\node_modules\mongoose\lib\document.js:2442:17
    at C:\Users\valet\bootcamp\collab\letscoder-bootcamp-202010\staff\antonio-izquierdo\gameloop-api\node_modules\mongoose\lib\schematype.js:1225:9
    at processTicksAndRejections (internal/process/task_queues.js:79:11)
error 2020-12-06T15:44:30.995Z - ValidationError: User validation failed: password: Path `password` (`$2a$10$fDURHsN/dCHmaJsyeF8gpuccJMplhwtrE/yYnJR9E86XkelU.bD7.`) is longer than the maximum allowed length (32).
    at model.Document.invalidate (C:\Users\valet\bootcamp\collab\letscoder-bootcamp-202010\staff\antonio-izquierdo\gameloop-api\node_modules\mongoose\lib\document.js:2622:32)
    at C:\Users\valet\bootcamp\collab\letscoder-bootcamp-202010\staff\antonio-izquierdo\gameloop-api\node_modules\mongoose\lib\document.js:2442:17
    at C:\Users\valet\bootcamp\collab\letscoder-bootcamp-202010\staff\antonio-izquierdo\gameloop-api\node_modules\mongoose\lib\schematype.js:1225:9
    at processTicksAndRejections (internal/process/task_queues.js:79:11)
error 2020-12-06T15:44:53.023Z - ValidationError: User validation failed: password: Path `password` (`$2a$10$roKKmecW.M4Q6iwSAvZrHuTf/cFXPbR29K.ZZ/Kj3gOUyR9Fw0dmC`) is longer than the maximum allowed length (32).
    at model.Document.invalidate (C:\Users\valet\bootcamp\collab\letscoder-bootcamp-202010\staff\antonio-izquierdo\gameloop-api\node_modules\mongoose\lib\document.js:2622:32)
    at C:\Users\valet\bootcamp\collab\letscoder-bootcamp-202010\staff\antonio-izquierdo\gameloop-api\node_modules\mongoose\lib\document.js:2442:17
    at C:\Users\valet\bootcamp\collab\letscoder-bootcamp-202010\staff\antonio-izquierdo\gameloop-api\node_modules\mongoose\lib\schematype.js:1225:9
    at processTicksAndRejections (internal/process/task_queues.js:79:11)
error 2020-12-06T15:45:53.615Z - ValidationError: User validation failed: password: Path `password` (`$2a$10$WU6J6fEwBJoi4ARcizadGeMFwrGr5444lNVip.LKWOJOkwlt5S0jK`) is longer than the maximum allowed length (32).
    at model.Document.invalidate (C:\Users\valet\bootcamp\collab\letscoder-bootcamp-202010\staff\antonio-izquierdo\gameloop-api\node_modules\mongoose\lib\document.js:2622:32)
    at C:\Users\valet\bootcamp\collab\letscoder-bootcamp-202010\staff\antonio-izquierdo\gameloop-api\node_modules\mongoose\lib\document.js:2442:17
    at C:\Users\valet\bootcamp\collab\letscoder-bootcamp-202010\staff\antonio-izquierdo\gameloop-api\node_modules\mongoose\lib\schematype.js:1225:9
    at processTicksAndRejections (internal/process/task_queues.js:79:11)
error 2020-12-06T15:46:25.013Z - ValidationError: User validation failed: password: Path `password` (`$2a$10$JxXkPTVOs0X557S.O6UzYuK5lY4dPyKmrBMWgJ0l3Y2m9P/.UDisG`) is longer than the maximum allowed length (32).
    at model.Document.invalidate (C:\Users\valet\bootcamp\collab\letscoder-bootcamp-202010\staff\antonio-izquierdo\gameloop-api\node_modules\mongoose\lib\document.js:2622:32)
    at C:\Users\valet\bootcamp\collab\letscoder-bootcamp-202010\staff\antonio-izquierdo\gameloop-api\node_modules\mongoose\lib\document.js:2442:17
    at C:\Users\valet\bootcamp\collab\letscoder-bootcamp-202010\staff\antonio-izquierdo\gameloop-api\node_modules\mongoose\lib\schematype.js:1225:9
    at processTicksAndRejections (internal/process/task_queues.js:79:11)
info 2020-12-06T15:46:37.576Z - stopping server
info 2020-12-06T15:46:44.816Z - server running on port 4000
error 2020-12-06T15:48:33.203Z - ValidationError: Game validation failed: gameconsole: `playstation` is not a valid enum value for path `gameconsole`.
    at model.Document.invalidate (C:\Users\valet\bootcamp\collab\letscoder-bootcamp-202010\staff\antonio-izquierdo\gameloop-api\node_modules\mongoose\lib\document.js:2622:32)
    at C:\Users\valet\bootcamp\collab\letscoder-bootcamp-202010\staff\antonio-izquierdo\gameloop-api\node_modules\mongoose\lib\document.js:2442:17
    at C:\Users\valet\bootcamp\collab\letscoder-bootcamp-202010\staff\antonio-izquierdo\gameloop-api\node_modules\mongoose\lib\schematype.js:1225:9
    at processTicksAndRejections (internal/process/task_queues.js:79:11)
error 2020-12-06T15:49:46.302Z - Error: user with e-mail car@men.com is already registered
    at C:\Users\valet\bootcamp\collab\letscoder-bootcamp-202010\staff\antonio-izquierdo\gameloop-api\logic\register-user.js:15:28
    at processTicksAndRejections (internal/process/task_queues.js:97:5)
info 2020-12-06T15:52:07.373Z - stopping server
info 2020-12-06T15:52:14.637Z - server running on port 4000
info 2020-12-06T15:53:50.445Z - stopping server
error 2020-12-06T15:53:53.863Z - C:\Users\valet\bootcamp\collab\letscoder-bootcamp-202010\staff\antonio-izquierdo\gameloop-api\models\schemas\game.js:25
    owner: {
    ^^^^^

SyntaxError: missing ) after argument list
    at wrapSafe (internal/modules/cjs/loader.js:931:16)
    at Module._compile (internal/modules/cjs/loader.js:979:27)
    at Object.Module._extensions..js (internal/modules/cjs/loader.js:1035:10)
    at Module.load (internal/modules/cjs/loader.js:879:32)
    at Function.Module._load (internal/modules/cjs/loader.js:724:14)
    at Module.require (internal/modules/cjs/loader.js:903:19)
    at require (internal/modules/cjs/helpers.js:74:18)
    at Object.<anonymous> (C:\Users\valet\bootcamp\collab\letscoder-bootcamp-202010\staff\antonio-izquierdo\gameloop-api\models\schemas\index.js:3:11)
    at Module._compile (internal/modules/cjs/loader.js:1015:30)
    at Object.Module._extensions..js (internal/modules/cjs/loader.js:1035:10)
    at Module.load (internal/modules/cjs/loader.js:879:32)
    at Function.Module._load (internal/modules/cjs/loader.js:724:14)
    at Module.require (internal/modules/cjs/loader.js:903:19)
    at require (internal/modules/cjs/helpers.js:74:18)
    at Object.<anonymous> (C:\Users\valet\bootcamp\collab\letscoder-bootcamp-202010\staff\antonio-izquierdo\gameloop-api\models\index.js:2:24)
    at Module._compile (internal/modules/cjs/loader.js:1015:30)
info 2020-12-06T15:53:53.865Z - stopping server
error 2020-12-06T15:54:29.086Z - C:\Users\valet\bootcamp\collab\letscoder-bootcamp-202010\staff\antonio-izquierdo\gameloop-api\models\schemas\game.js:25
    owner: {
    ^^^^^

SyntaxError: missing ) after argument list
    at wrapSafe (internal/modules/cjs/loader.js:931:16)
    at Module._compile (internal/modules/cjs/loader.js:979:27)
    at Object.Module._extensions..js (internal/modules/cjs/loader.js:1035:10)
    at Module.load (internal/modules/cjs/loader.js:879:32)
    at Function.Module._load (internal/modules/cjs/loader.js:724:14)
    at Module.require (internal/modules/cjs/loader.js:903:19)
    at require (internal/modules/cjs/helpers.js:74:18)
    at Object.<anonymous> (C:\Users\valet\bootcamp\collab\letscoder-bootcamp-202010\staff\antonio-izquierdo\gameloop-api\models\schemas\index.js:3:11)
    at Module._compile (internal/modules/cjs/loader.js:1015:30)
    at Object.Module._extensions..js (internal/modules/cjs/loader.js:1035:10)
    at Module.load (internal/modules/cjs/loader.js:879:32)
    at Function.Module._load (internal/modules/cjs/loader.js:724:14)
    at Module.require (internal/modules/cjs/loader.js:903:19)
    at require (internal/modules/cjs/helpers.js:74:18)
    at Object.<anonymous> (C:\Users\valet\bootcamp\collab\letscoder-bootcamp-202010\staff\antonio-izquierdo\gameloop-api\models\index.js:2:24)
    at Module._compile (internal/modules/cjs/loader.js:1015:30)
info 2020-12-06T15:54:29.087Z - stopping server
error 2020-12-06T15:55:04.321Z - C:\Users\valet\bootcamp\collab\letscoder-bootcamp-202010\staff\antonio-izquierdo\gameloop-api\models\schemas\game.js:25
    owner: {
    ^^^^^

SyntaxError: missing ) after argument list
    at wrapSafe (internal/modules/cjs/loader.js:931:16)
    at Module._compile (internal/modules/cjs/loader.js:979:27)
    at Object.Module._extensions..js (internal/modules/cjs/loader.js:1035:10)
    at Module.load (internal/modules/cjs/loader.js:879:32)
    at Function.Module._load (internal/modules/cjs/loader.js:724:14)
    at Module.require (internal/modules/cjs/loader.js:903:19)
    at require (internal/modules/cjs/helpers.js:74:18)
    at Object.<anonymous> (C:\Users\valet\bootcamp\collab\letscoder-bootcamp-202010\staff\antonio-izquierdo\gameloop-api\models\schemas\index.js:3:11)
    at Module._compile (internal/modules/cjs/loader.js:1015:30)
    at Object.Module._extensions..js (internal/modules/cjs/loader.js:1035:10)
    at Module.load (internal/modules/cjs/loader.js:879:32)
    at Function.Module._load (internal/modules/cjs/loader.js:724:14)
    at Module.require (internal/modules/cjs/loader.js:903:19)
    at require (internal/modules/cjs/helpers.js:74:18)
    at Object.<anonymous> (C:\Users\valet\bootcamp\collab\letscoder-bootcamp-202010\staff\antonio-izquierdo\gameloop-api\models\index.js:2:24)
    at Module._compile (internal/modules/cjs/loader.js:1015:30)
info 2020-12-06T15:55:04.323Z - stopping server
info 2020-12-06T15:55:43.255Z - server running on port 4000
info 2020-12-06T15:57:18.600Z - stopping server
info 2020-12-06T15:57:28.660Z - server running on port 4000
error 2020-12-06T16:00:58.598Z - Error: wrong credentials
    at C:\Users\valet\bootcamp\collab\letscoder-bootcamp-202010\staff\antonio-izquierdo\gameloop-api\logic\authenticate-user.js:12:30
    at processTicksAndRejections (internal/process/task_queues.js:97:5)
info 2020-12-06T16:08:18.096Z - stopping server
info 2020-12-06T16:08:25.740Z - server running on port 4000
info 2020-12-06T16:19:39.436Z - stopping server
info 2020-12-06T16:22:34.341Z - server running on port 4000
info 2020-12-06T16:25:01.840Z - stopping server
info 2020-12-06T16:27:13.994Z - server running on port 4000
info 2020-12-06T16:33:26.970Z - stopping server
info 2020-12-06T16:34:14.595Z - server running on port 4000
info 2020-12-06T16:56:00.882Z - server running on port 4000
info 2020-12-06T17:04:24.525Z - server running on port 4000
info 2020-12-06T17:07:12.862Z - stopping server
info 2020-12-06T17:07:18.585Z - server running on port 4000
info 2020-12-06T17:10:43.087Z - stopping server
info 2020-12-06T17:10:55.095Z - server running on port 4000
error 2020-12-06T17:14:50.084Z - Error: wrong credentials
    at C:\Users\valet\bootcamp\collab\letscoder-bootcamp-202010\staff\antonio-izquierdo\gameloop-api\logic\authenticate-user.js:12:30
    at processTicksAndRejections (internal/process/task_queues.js:97:5)
error 2020-12-06T17:19:46.946Z - Error: wrong credentials
    at C:\Users\valet\bootcamp\collab\letscoder-bootcamp-202010\staff\antonio-izquierdo\gameloop-api\logic\authenticate-user.js:12:30
    at processTicksAndRejections (internal/process/task_queues.js:97:5)
error 2020-12-06T17:19:49.221Z - Error: wrong credentials
    at C:\Users\valet\bootcamp\collab\letscoder-bootcamp-202010\staff\antonio-izquierdo\gameloop-api\logic\authenticate-user.js:12:30
    at processTicksAndRejections (internal/process/task_queues.js:97:5)
error 2020-12-06T17:20:18.710Z - Error: wrong credentials
    at C:\Users\valet\bootcamp\collab\letscoder-bootcamp-202010\staff\antonio-izquierdo\gameloop-api\logic\authenticate-user.js:18:39
error 2020-12-06T17:21:06.281Z - ValidationError: Game validation failed: gameconsole: `playstation` is not a valid enum value for path `gameconsole`.
    at model.Document.invalidate (C:\Users\valet\bootcamp\collab\letscoder-bootcamp-202010\staff\antonio-izquierdo\gameloop-api\node_modules\mongoose\lib\document.js:2622:32)
    at C:\Users\valet\bootcamp\collab\letscoder-bootcamp-202010\staff\antonio-izquierdo\gameloop-api\node_modules\mongoose\lib\document.js:2442:17
    at C:\Users\valet\bootcamp\collab\letscoder-bootcamp-202010\staff\antonio-izquierdo\gameloop-api\node_modules\mongoose\lib\schematype.js:1225:9
    at processTicksAndRejections (internal/process/task_queues.js:79:11)
error 2020-12-06T17:21:53.561Z - ValidationError: Game validation failed: gameconsole: `playstation` is not a valid enum value for path `gameconsole`.
    at model.Document.invalidate (C:\Users\valet\bootcamp\collab\letscoder-bootcamp-202010\staff\antonio-izquierdo\gameloop-api\node_modules\mongoose\lib\document.js:2622:32)
    at C:\Users\valet\bootcamp\collab\letscoder-bootcamp-202010\staff\antonio-izquierdo\gameloop-api\node_modules\mongoose\lib\document.js:2442:17
    at C:\Users\valet\bootcamp\collab\letscoder-bootcamp-202010\staff\antonio-izquierdo\gameloop-api\node_modules\mongoose\lib\schematype.js:1225:9
    at processTicksAndRejections (internal/process/task_queues.js:79:11)
error 2020-12-06T17:22:05.825Z - ValidationError: Game validation failed: gameconsole: `playstation` is not a valid enum value for path `gameconsole`.
    at model.Document.invalidate (C:\Users\valet\bootcamp\collab\letscoder-bootcamp-202010\staff\antonio-izquierdo\gameloop-api\node_modules\mongoose\lib\document.js:2622:32)
    at C:\Users\valet\bootcamp\collab\letscoder-bootcamp-202010\staff\antonio-izquierdo\gameloop-api\node_modules\mongoose\lib\document.js:2442:17
    at C:\Users\valet\bootcamp\collab\letscoder-bootcamp-202010\staff\antonio-izquierdo\gameloop-api\node_modules\mongoose\lib\schematype.js:1225:9
    at processTicksAndRejections (internal/process/task_queues.js:79:11)
error 2020-12-06T17:22:44.225Z - ValidationError: Game validation failed: gameconsole: `playstation` is not a valid enum value for path `gameconsole`.
    at model.Document.invalidate (C:\Users\valet\bootcamp\collab\letscoder-bootcamp-202010\staff\antonio-izquierdo\gameloop-api\node_modules\mongoose\lib\document.js:2622:32)
    at C:\Users\valet\bootcamp\collab\letscoder-bootcamp-202010\staff\antonio-izquierdo\gameloop-api\node_modules\mongoose\lib\document.js:2442:17
    at C:\Users\valet\bootcamp\collab\letscoder-bootcamp-202010\staff\antonio-izquierdo\gameloop-api\node_modules\mongoose\lib\schematype.js:1225:9
    at processTicksAndRejections (internal/process/task_queues.js:79:11)
error 2020-12-06T17:35:07.057Z - ValidationError: Game validation failed: gameconsole: `game boy advance` is not a valid enum value for path `gameconsole`.
    at model.Document.invalidate (C:\Users\valet\bootcamp\collab\letscoder-bootcamp-202010\staff\antonio-izquierdo\gameloop-api\node_modules\mongoose\lib\document.js:2622:32)
    at C:\Users\valet\bootcamp\collab\letscoder-bootcamp-202010\staff\antonio-izquierdo\gameloop-api\node_modules\mongoose\lib\document.js:2442:17
    at C:\Users\valet\bootcamp\collab\letscoder-bootcamp-202010\staff\antonio-izquierdo\gameloop-api\node_modules\mongoose\lib\schematype.js:1225:9
    at processTicksAndRejections (internal/process/task_queues.js:79:11)
error 2020-12-06T17:36:17.601Z - ValidationError: Game validation failed: gameconsole: `game boy advance` is not a valid enum value for path `gameconsole`.
    at model.Document.invalidate (C:\Users\valet\bootcamp\collab\letscoder-bootcamp-202010\staff\antonio-izquierdo\gameloop-api\node_modules\mongoose\lib\document.js:2622:32)
    at C:\Users\valet\bootcamp\collab\letscoder-bootcamp-202010\staff\antonio-izquierdo\gameloop-api\node_modules\mongoose\lib\document.js:2442:17
    at C:\Users\valet\bootcamp\collab\letscoder-bootcamp-202010\staff\antonio-izquierdo\gameloop-api\node_modules\mongoose\lib\schematype.js:1225:9
    at processTicksAndRejections (internal/process/task_queues.js:79:11)
error 2020-12-06T17:36:20.248Z - ValidationError: Game validation failed: gameconsole: `game boy color` is not a valid enum value for path `gameconsole`.
    at model.Document.invalidate (C:\Users\valet\bootcamp\collab\letscoder-bootcamp-202010\staff\antonio-izquierdo\gameloop-api\node_modules\mongoose\lib\document.js:2622:32)
    at C:\Users\valet\bootcamp\collab\letscoder-bootcamp-202010\staff\antonio-izquierdo\gameloop-api\node_modules\mongoose\lib\document.js:2442:17
    at C:\Users\valet\bootcamp\collab\letscoder-bootcamp-202010\staff\antonio-izquierdo\gameloop-api\node_modules\mongoose\lib\schematype.js:1225:9
    at processTicksAndRejections (internal/process/task_queues.js:79:11)
error 2020-12-06T17:36:23.649Z - ValidationError: Game validation failed: gameconsole: `nintendo ds` is not a valid enum value for path `gameconsole`.
    at model.Document.invalidate (C:\Users\valet\bootcamp\collab\letscoder-bootcamp-202010\staff\antonio-izquierdo\gameloop-api\node_modules\mongoose\lib\document.js:2622:32)
    at C:\Users\valet\bootcamp\collab\letscoder-bootcamp-202010\staff\antonio-izquierdo\gameloop-api\node_modules\mongoose\lib\document.js:2442:17
    at C:\Users\valet\bootcamp\collab\letscoder-bootcamp-202010\staff\antonio-izquierdo\gameloop-api\node_modules\mongoose\lib\schematype.js:1225:9
    at processTicksAndRejections (internal/process/task_queues.js:79:11)
error 2020-12-06T17:36:25.975Z - ValidationError: Game validation failed: gameconsole: `nintendo 3ds` is not a valid enum value for path `gameconsole`.
    at model.Document.invalidate (C:\Users\valet\bootcamp\collab\letscoder-bootcamp-202010\staff\antonio-izquierdo\gameloop-api\node_modules\mongoose\lib\document.js:2622:32)
    at C:\Users\valet\bootcamp\collab\letscoder-bootcamp-202010\staff\antonio-izquierdo\gameloop-api\node_modules\mongoose\lib\document.js:2442:17
    at C:\Users\valet\bootcamp\collab\letscoder-bootcamp-202010\staff\antonio-izquierdo\gameloop-api\node_modules\mongoose\lib\schematype.js:1225:9
    at processTicksAndRejections (internal/process/task_queues.js:79:11)
info 2020-12-06T17:37:16.281Z - stopping server
info 2020-12-06T17:37:19.259Z - server running on port 4000
error 2020-12-06T17:37:41.376Z - Error: wrong credentials
    at C:\Users\valet\bootcamp\collab\letscoder-bootcamp-202010\staff\antonio-izquierdo\gameloop-api\logic\authenticate-user.js:12:30
    at processTicksAndRejections (internal/process/task_queues.js:97:5)
error 2020-12-06T17:37:43.743Z - Error: wrong credentials
    at C:\Users\valet\bootcamp\collab\letscoder-bootcamp-202010\staff\antonio-izquierdo\gameloop-api\logic\authenticate-user.js:12:30
    at processTicksAndRejections (internal/process/task_queues.js:97:5)
error 2020-12-06T17:38:39.344Z - ValidationError: Game validation failed: gameconsole: `Xbox 360` is not a valid enum value for path `gameconsole`.
    at model.Document.invalidate (C:\Users\valet\bootcamp\collab\letscoder-bootcamp-202010\staff\antonio-izquierdo\gameloop-api\node_modules\mongoose\lib\document.js:2622:32)
    at C:\Users\valet\bootcamp\collab\letscoder-bootcamp-202010\staff\antonio-izquierdo\gameloop-api\node_modules\mongoose\lib\document.js:2442:17
    at C:\Users\valet\bootcamp\collab\letscoder-bootcamp-202010\staff\antonio-izquierdo\gameloop-api\node_modules\mongoose\lib\schematype.js:1225:9
    at processTicksAndRejections (internal/process/task_queues.js:79:11)
error 2020-12-06T17:48:01.898Z - ContentError: text is empty or blank
    at validateText (C:\Users\valet\bootcamp\collab\letscoder-bootcamp-202010\staff\antonio-izquierdo\gameloop-api\logic\helpers\validations.js:32:40)
    at module.exports (C:\Users\valet\bootcamp\collab\letscoder-bootcamp-202010\staff\antonio-izquierdo\gameloop-api\logic\save-game.js:8:5)
    at module.exports (C:\Users\valet\bootcamp\collab\letscoder-bootcamp-202010\staff\antonio-izquierdo\gameloop-api\routes\api\handlers\handle-save-game.js:14:9)
    at C:\Users\valet\bootcamp\collab\letscoder-bootcamp-202010\staff\antonio-izquierdo\gameloop-api\routes\api\helpers\with-error-handling.js:6:9
    at Layer.handle [as handle_request] (C:\Users\valet\bootcamp\collab\letscoder-bootcamp-202010\staff\antonio-izquierdo\gameloop-api\node_modules\express\lib\router\layer.js:95:5)
    at next (C:\Users\valet\bootcamp\collab\letscoder-bootcamp-202010\staff\antonio-izquierdo\gameloop-api\node_modules\express\lib\router\route.js:137:13)
    at IncomingMessage.<anonymous> (C:\Users\valet\bootcamp\collab\letscoder-bootcamp-202010\staff\antonio-izquierdo\gameloop-api\middlewares\json-body-parser.js:21:13)
    at IncomingMessage.emit (events.js:314:20)
    at endReadableNT (_stream_readable.js:1223:12)
    at processTicksAndRejections (internal/process/task_queues.js:84:21)
error 2020-12-06T17:48:05.782Z - ContentError: text is empty or blank
    at validateText (C:\Users\valet\bootcamp\collab\letscoder-bootcamp-202010\staff\antonio-izquierdo\gameloop-api\logic\helpers\validations.js:32:40)
    at module.exports (C:\Users\valet\bootcamp\collab\letscoder-bootcamp-202010\staff\antonio-izquierdo\gameloop-api\logic\save-game.js:8:5)
    at module.exports (C:\Users\valet\bootcamp\collab\letscoder-bootcamp-202010\staff\antonio-izquierdo\gameloop-api\routes\api\handlers\handle-save-game.js:14:9)
    at C:\Users\valet\bootcamp\collab\letscoder-bootcamp-202010\staff\antonio-izquierdo\gameloop-api\routes\api\helpers\with-error-handling.js:6:9
    at Layer.handle [as handle_request] (C:\Users\valet\bootcamp\collab\letscoder-bootcamp-202010\staff\antonio-izquierdo\gameloop-api\node_modules\express\lib\router\layer.js:95:5)
    at next (C:\Users\valet\bootcamp\collab\letscoder-bootcamp-202010\staff\antonio-izquierdo\gameloop-api\node_modules\express\lib\router\route.js:137:13)
    at IncomingMessage.<anonymous> (C:\Users\valet\bootcamp\collab\letscoder-bootcamp-202010\staff\antonio-izquierdo\gameloop-api\middlewares\json-body-parser.js:21:13)
    at IncomingMessage.emit (events.js:314:20)
    at endReadableNT (_stream_readable.js:1223:12)
    at processTicksAndRejections (internal/process/task_queues.js:84:21)
error 2020-12-06T17:48:09.642Z - ValidationError: Game validation failed: budget: -12 negative numbers are not allowed
    at model.Document.invalidate (C:\Users\valet\bootcamp\collab\letscoder-bootcamp-202010\staff\antonio-izquierdo\gameloop-api\node_modules\mongoose\lib\document.js:2622:32)
    at C:\Users\valet\bootcamp\collab\letscoder-bootcamp-202010\staff\antonio-izquierdo\gameloop-api\node_modules\mongoose\lib\document.js:2442:17
    at C:\Users\valet\bootcamp\collab\letscoder-bootcamp-202010\staff\antonio-izquierdo\gameloop-api\node_modules\mongoose\lib\schematype.js:1225:9
    at processTicksAndRejections (internal/process/task_queues.js:79:11)
error 2020-12-06T17:48:24.697Z - ValidationError: Game validation failed: budget: -30 negative numbers are not allowed
    at model.Document.invalidate (C:\Users\valet\bootcamp\collab\letscoder-bootcamp-202010\staff\antonio-izquierdo\gameloop-api\node_modules\mongoose\lib\document.js:2622:32)
    at C:\Users\valet\bootcamp\collab\letscoder-bootcamp-202010\staff\antonio-izquierdo\gameloop-api\node_modules\mongoose\lib\document.js:2442:17
    at C:\Users\valet\bootcamp\collab\letscoder-bootcamp-202010\staff\antonio-izquierdo\gameloop-api\node_modules\mongoose\lib\schematype.js:1225:9
    at processTicksAndRejections (internal/process/task_queues.js:79:11)
error 2020-12-06T17:51:41.267Z - ValidationError: Game validation failed: budget: -30 negative numbers are not allowed
    at model.Document.invalidate (C:\Users\valet\bootcamp\collab\letscoder-bootcamp-202010\staff\antonio-izquierdo\gameloop-api\node_modules\mongoose\lib\document.js:2622:32)
    at C:\Users\valet\bootcamp\collab\letscoder-bootcamp-202010\staff\antonio-izquierdo\gameloop-api\node_modules\mongoose\lib\document.js:2442:17
    at C:\Users\valet\bootcamp\collab\letscoder-bootcamp-202010\staff\antonio-izquierdo\gameloop-api\node_modules\mongoose\lib\schematype.js:1225:9
    at processTicksAndRejections (internal/process/task_queues.js:79:11)
error 2020-12-06T17:53:35.731Z - ValidationError: Game validation failed: budget: 0 negative numbers are not allowed
    at model.Document.invalidate (C:\Users\valet\bootcamp\collab\letscoder-bootcamp-202010\staff\antonio-izquierdo\gameloop-api\node_modules\mongoose\lib\document.js:2622:32)
    at C:\Users\valet\bootcamp\collab\letscoder-bootcamp-202010\staff\antonio-izquierdo\gameloop-api\node_modules\mongoose\lib\document.js:2442:17
    at C:\Users\valet\bootcamp\collab\letscoder-bootcamp-202010\staff\antonio-izquierdo\gameloop-api\node_modules\mongoose\lib\schematype.js:1225:9
    at processTicksAndRejections (internal/process/task_queues.js:79:11)
error 2020-12-06T17:53:56.162Z - ValidationError: Game validation failed: budget: 0 negative numbers are not allowed
    at model.Document.invalidate (C:\Users\valet\bootcamp\collab\letscoder-bootcamp-202010\staff\antonio-izquierdo\gameloop-api\node_modules\mongoose\lib\document.js:2622:32)
    at C:\Users\valet\bootcamp\collab\letscoder-bootcamp-202010\staff\antonio-izquierdo\gameloop-api\node_modules\mongoose\lib\document.js:2442:17
    at C:\Users\valet\bootcamp\collab\letscoder-bootcamp-202010\staff\antonio-izquierdo\gameloop-api\node_modules\mongoose\lib\schematype.js:1225:9
    at processTicksAndRejections (internal/process/task_queues.js:79:11)
error 2020-12-06T17:55:04.091Z - ValidationError: Game validation failed: budget: 0 negative numbers are not allowed
    at model.Document.invalidate (C:\Users\valet\bootcamp\collab\letscoder-bootcamp-202010\staff\antonio-izquierdo\gameloop-api\node_modules\mongoose\lib\document.js:2622:32)
    at C:\Users\valet\bootcamp\collab\letscoder-bootcamp-202010\staff\antonio-izquierdo\gameloop-api\node_modules\mongoose\lib\document.js:2442:17
    at C:\Users\valet\bootcamp\collab\letscoder-bootcamp-202010\staff\antonio-izquierdo\gameloop-api\node_modules\mongoose\lib\schematype.js:1225:9
    at processTicksAndRejections (internal/process/task_queues.js:79:11)
info 2020-12-06T17:55:18.708Z - stopping server
info 2020-12-06T17:55:26.631Z - server running on port 4000
error 2020-12-06T18:02:54.262Z - ValidationError: Game validation failed: budget: -2323 negative numbers are not allowed
    at model.Document.invalidate (C:\Users\valet\bootcamp\collab\letscoder-bootcamp-202010\staff\antonio-izquierdo\gameloop-api\node_modules\mongoose\lib\document.js:2622:32)
    at C:\Users\valet\bootcamp\collab\letscoder-bootcamp-202010\staff\antonio-izquierdo\gameloop-api\node_modules\mongoose\lib\document.js:2442:17
    at C:\Users\valet\bootcamp\collab\letscoder-bootcamp-202010\staff\antonio-izquierdo\gameloop-api\node_modules\mongoose\lib\schematype.js:1225:9
    at processTicksAndRejections (internal/process/task_queues.js:79:11)
info 2020-12-06T18:05:00.236Z - stopping server
