info 2020-12-08T15:54:21.386Z - starting server
error 2020-12-08T15:54:21.627Z - Error: Cannot find module 'busboy'
Require stack:
- C:\Users\Nicolas\bootcamp\collab\letscoder-bootcamp-202010\staff\nicolas-postigo\huertea-api\routes\api\handlers\handle-save-image.js
- C:\Users\Nicolas\bootcamp\collab\letscoder-bootcamp-202010\staff\nicolas-postigo\huertea-api\routes\api\handlers\index.js
- C:\Users\Nicolas\bootcamp\collab\letscoder-bootcamp-202010\staff\nicolas-postigo\huertea-api\routes\api\index.js
- C:\Users\Nicolas\bootcamp\collab\letscoder-bootcamp-202010\staff\nicolas-postigo\huertea-api\routes\index.js
- C:\Users\Nicolas\bootcamp\collab\letscoder-bootcamp-202010\staff\nicolas-postigo\huertea-api\index.js
    at Function.Module._resolveFilename (internal/modules/cjs/loader.js:831:15)
    at Function.Module._load (internal/modules/cjs/loader.js:687:27)
    at Module.require (internal/modules/cjs/loader.js:903:19)
    at require (internal/modules/cjs/helpers.js:74:18)
    at Object.<anonymous> (C:\Users\Nicolas\bootcamp\collab\letscoder-bootcamp-202010\staff\nicolas-postigo\huertea-api\routes\api\handlers\handle-save-image.js:1:16)
    at Module._compile (internal/modules/cjs/loader.js:1015:30)
    at Object.Module._extensions..js (internal/modules/cjs/loader.js:1035:10)
    at Module.load (internal/modules/cjs/loader.js:879:32)
    at Function.Module._load (internal/modules/cjs/loader.js:724:14)
    at Module.require (internal/modules/cjs/loader.js:903:19)
    at require (internal/modules/cjs/helpers.js:74:18)
    at Object.<anonymous> (C:\Users\Nicolas\bootcamp\collab\letscoder-bootcamp-202010\staff\nicolas-postigo\huertea-api\routes\api\handlers\index.js:11:27)
    at Module._compile (internal/modules/cjs/loader.js:1015:30)
    at Object.Module._extensions..js (internal/modules/cjs/loader.js:1035:10)
    at Module.load (internal/modules/cjs/loader.js:879:32)
    at Function.Module._load (internal/modules/cjs/loader.js:724:14)
info 2020-12-08T15:54:21.646Z - stopping server
info 2020-12-08T15:56:18.848Z - starting server
info 2020-12-08T15:56:19.158Z - server running on port 4000
info 2020-12-08T16:02:46.099Z - stopping server
info 2020-12-08T16:02:51.791Z - starting server
error 2020-12-08T16:02:51.973Z - Error: Cannot find module 'busboy'
Require stack:
- C:\Users\Nicolas\bootcamp\collab\letscoder-bootcamp-202010\staff\nicolas-postigo\huertea-api\routes\api\handlers\handle-save-image.js
- C:\Users\Nicolas\bootcamp\collab\letscoder-bootcamp-202010\staff\nicolas-postigo\huertea-api\routes\api\handlers\index.js
- C:\Users\Nicolas\bootcamp\collab\letscoder-bootcamp-202010\staff\nicolas-postigo\huertea-api\routes\api\index.js
- C:\Users\Nicolas\bootcamp\collab\letscoder-bootcamp-202010\staff\nicolas-postigo\huertea-api\routes\index.js
- C:\Users\Nicolas\bootcamp\collab\letscoder-bootcamp-202010\staff\nicolas-postigo\huertea-api\index.js
    at Function.Module._resolveFilename (internal/modules/cjs/loader.js:831:15)
    at Function.Module._load (internal/modules/cjs/loader.js:687:27)
    at Module.require (internal/modules/cjs/loader.js:903:19)
    at require (internal/modules/cjs/helpers.js:74:18)
    at Object.<anonymous> (C:\Users\Nicolas\bootcamp\collab\letscoder-bootcamp-202010\staff\nicolas-postigo\huertea-api\routes\api\handlers\handle-save-image.js:1:16)
    at Module._compile (internal/modules/cjs/loader.js:1015:30)
    at Object.Module._extensions..js (internal/modules/cjs/loader.js:1035:10)
    at Module.load (internal/modules/cjs/loader.js:879:32)
    at Function.Module._load (internal/modules/cjs/loader.js:724:14)
    at Module.require (internal/modules/cjs/loader.js:903:19)
    at require (internal/modules/cjs/helpers.js:74:18)
    at Object.<anonymous> (C:\Users\Nicolas\bootcamp\collab\letscoder-bootcamp-202010\staff\nicolas-postigo\huertea-api\routes\api\handlers\index.js:11:27)
    at Module._compile (internal/modules/cjs/loader.js:1015:30)
    at Object.Module._extensions..js (internal/modules/cjs/loader.js:1035:10)
    at Module.load (internal/modules/cjs/loader.js:879:32)
    at Function.Module._load (internal/modules/cjs/loader.js:724:14)
info 2020-12-08T16:02:51.986Z - stopping server
info 2020-12-08T16:03:45.585Z - starting server
info 2020-12-08T16:03:45.948Z - server running on port 4000
info 2020-12-08T16:05:13.020Z - stopping server
info 2020-12-08T16:05:22.230Z - starting server
info 2020-12-08T16:05:22.537Z - server running on port 4000
info 2020-12-08T16:05:56.277Z - stopping server
info 2020-12-08T16:06:03.909Z - starting server
info 2020-12-08T16:06:04.207Z - server running on port 4000
info 2020-12-08T16:08:22.049Z - stopping server
info 2020-12-08T16:09:48.719Z - starting server
info 2020-12-08T16:09:49.010Z - server running on port 4000
error 2020-12-08T16:11:37.510Z - MongoError: E11000 duplicate key error collection: huertea-app.offers index: offername_1 dup key: { offername: "prueba1" }
    at Function.create (C:\Users\Nicolas\bootcamp\collab\letscoder-bootcamp-202010\staff\nicolas-postigo\huertea-api\node_modules\mongodb\lib\core\error.js:57:12)
    at toError (C:\Users\Nicolas\bootcamp\collab\letscoder-bootcamp-202010\staff\nicolas-postigo\huertea-api\node_modules\mongodb\lib\utils.js:123:22)
    at C:\Users\Nicolas\bootcamp\collab\letscoder-bootcamp-202010\staff\nicolas-postigo\huertea-api\node_modules\mongodb\lib\operations\common_functions.js:265:39
    at handler (C:\Users\Nicolas\bootcamp\collab\letscoder-bootcamp-202010\staff\nicolas-postigo\huertea-api\node_modules\mongodb\lib\core\sdam\topology.js:942:24)
    at C:\Users\Nicolas\bootcamp\collab\letscoder-bootcamp-202010\staff\nicolas-postigo\huertea-api\node_modules\mongodb\lib\cmap\connection_pool.js:350:13
    at handleOperationResult (C:\Users\Nicolas\bootcamp\collab\letscoder-bootcamp-202010\staff\nicolas-postigo\huertea-api\node_modules\mongodb\lib\core\sdam\server.js:558:5)
    at MessageStream.messageHandler (C:\Users\Nicolas\bootcamp\collab\letscoder-bootcamp-202010\staff\nicolas-postigo\huertea-api\node_modules\mongodb\lib\cmap\connection.js:277:5)
    at MessageStream.emit (events.js:314:20)
    at processIncomingData (C:\Users\Nicolas\bootcamp\collab\letscoder-bootcamp-202010\staff\nicolas-postigo\huertea-api\node_modules\mongodb\lib\cmap\message_stream.js:144:12)
    at MessageStream._write (C:\Users\Nicolas\bootcamp\collab\letscoder-bootcamp-202010\staff\nicolas-postigo\huertea-api\node_modules\mongodb\lib\cmap\message_stream.js:42:5)
    at doWrite (_stream_writable.js:403:12)
    at writeOrBuffer (_stream_writable.js:387:5)
    at MessageStream.Writable.write (_stream_writable.js:318:11)
    at Socket.ondata (_stream_readable.js:719:22)
    at Socket.emit (events.js:314:20)
    at addChunk (_stream_readable.js:298:12)
error 2020-12-08T16:29:36.401Z - MongoError: E11000 duplicate key error collection: huertea-app.offers index: offername_1 dup key: { offername: "potate" }
    at Function.create (C:\Users\Nicolas\bootcamp\collab\letscoder-bootcamp-202010\staff\nicolas-postigo\huertea-api\node_modules\mongodb\lib\core\error.js:57:12)
    at toError (C:\Users\Nicolas\bootcamp\collab\letscoder-bootcamp-202010\staff\nicolas-postigo\huertea-api\node_modules\mongodb\lib\utils.js:123:22)
    at C:\Users\Nicolas\bootcamp\collab\letscoder-bootcamp-202010\staff\nicolas-postigo\huertea-api\node_modules\mongodb\lib\operations\common_functions.js:265:39
    at handler (C:\Users\Nicolas\bootcamp\collab\letscoder-bootcamp-202010\staff\nicolas-postigo\huertea-api\node_modules\mongodb\lib\core\sdam\topology.js:942:24)
    at C:\Users\Nicolas\bootcamp\collab\letscoder-bootcamp-202010\staff\nicolas-postigo\huertea-api\node_modules\mongodb\lib\cmap\connection_pool.js:350:13
    at handleOperationResult (C:\Users\Nicolas\bootcamp\collab\letscoder-bootcamp-202010\staff\nicolas-postigo\huertea-api\node_modules\mongodb\lib\core\sdam\server.js:558:5)
    at MessageStream.messageHandler (C:\Users\Nicolas\bootcamp\collab\letscoder-bootcamp-202010\staff\nicolas-postigo\huertea-api\node_modules\mongodb\lib\cmap\connection.js:277:5)
    at MessageStream.emit (events.js:314:20)
    at processIncomingData (C:\Users\Nicolas\bootcamp\collab\letscoder-bootcamp-202010\staff\nicolas-postigo\huertea-api\node_modules\mongodb\lib\cmap\message_stream.js:144:12)
    at MessageStream._write (C:\Users\Nicolas\bootcamp\collab\letscoder-bootcamp-202010\staff\nicolas-postigo\huertea-api\node_modules\mongodb\lib\cmap\message_stream.js:42:5)
    at doWrite (_stream_writable.js:403:12)
    at writeOrBuffer (_stream_writable.js:387:5)
    at MessageStream.Writable.write (_stream_writable.js:318:11)
    at Socket.ondata (_stream_readable.js:719:22)
    at Socket.emit (events.js:314:20)
    at addChunk (_stream_readable.js:298:12)
info 2020-12-08T16:33:55.537Z - stopping server
info 2020-12-08T16:34:04.339Z - starting server
info 2020-12-08T16:34:04.618Z - server running on port 4000
info 2020-12-08T16:41:08.521Z - stopping server
info 2020-12-08T16:41:14.792Z - starting server
info 2020-12-08T16:41:15.040Z - server running on port 4000
info 2020-12-08T16:54:44.583Z - stopping server
info 2020-12-08T16:54:50.866Z - starting server
info 2020-12-08T16:54:51.086Z - server running on port 4000
info 2020-12-08T17:07:03.154Z - stopping server
info 2020-12-08T17:07:13.956Z - starting server
info 2020-12-08T17:07:14.539Z - server running on port 4000
info 2020-12-08T17:23:14.862Z - stopping server
info 2020-12-08T17:23:34.366Z - starting server
info 2020-12-08T17:23:34.914Z - server running on port 4000
info 2020-12-08T17:26:30.657Z - stopping server
info 2020-12-08T17:28:22.913Z - starting server
info 2020-12-08T17:28:23.182Z - server running on port 4000
error 2020-12-08T17:34:21.053Z - MongoError: E11000 duplicate key error collection: huertea-app.offers index: offername_1 dup key: { offername: "wefefe" }
    at Function.create (C:\Users\Nicolas\bootcamp\collab\letscoder-bootcamp-202010\staff\nicolas-postigo\huertea-api\node_modules\mongodb\lib\core\error.js:57:12)
    at toError (C:\Users\Nicolas\bootcamp\collab\letscoder-bootcamp-202010\staff\nicolas-postigo\huertea-api\node_modules\mongodb\lib\utils.js:123:22)
    at C:\Users\Nicolas\bootcamp\collab\letscoder-bootcamp-202010\staff\nicolas-postigo\huertea-api\node_modules\mongodb\lib\operations\common_functions.js:265:39
    at handler (C:\Users\Nicolas\bootcamp\collab\letscoder-bootcamp-202010\staff\nicolas-postigo\huertea-api\node_modules\mongodb\lib\core\sdam\topology.js:942:24)
    at C:\Users\Nicolas\bootcamp\collab\letscoder-bootcamp-202010\staff\nicolas-postigo\huertea-api\node_modules\mongodb\lib\cmap\connection_pool.js:350:13
    at handleOperationResult (C:\Users\Nicolas\bootcamp\collab\letscoder-bootcamp-202010\staff\nicolas-postigo\huertea-api\node_modules\mongodb\lib\core\sdam\server.js:558:5)
    at MessageStream.messageHandler (C:\Users\Nicolas\bootcamp\collab\letscoder-bootcamp-202010\staff\nicolas-postigo\huertea-api\node_modules\mongodb\lib\cmap\connection.js:277:5)
    at MessageStream.emit (events.js:314:20)
    at processIncomingData (C:\Users\Nicolas\bootcamp\collab\letscoder-bootcamp-202010\staff\nicolas-postigo\huertea-api\node_modules\mongodb\lib\cmap\message_stream.js:144:12)
    at MessageStream._write (C:\Users\Nicolas\bootcamp\collab\letscoder-bootcamp-202010\staff\nicolas-postigo\huertea-api\node_modules\mongodb\lib\cmap\message_stream.js:42:5)
    at doWrite (_stream_writable.js:403:12)
    at writeOrBuffer (_stream_writable.js:387:5)
    at MessageStream.Writable.write (_stream_writable.js:318:11)
    at Socket.ondata (_stream_readable.js:719:22)
    at Socket.emit (events.js:314:20)
    at addChunk (_stream_readable.js:298:12)
error 2020-12-08T18:08:04.637Z - Error: ENOENT: no such file or directory, open 'C:\Users\Nicolas\bootcamp\collab\letscoder-bootcamp-202010\staff\nicolas-postigo\huertea-api\data\offers\default.jpg'
info 2020-12-08T18:11:30.185Z - stopping server
info 2020-12-08T18:11:36.725Z - starting server
info 2020-12-08T18:11:37.088Z - server running on port 4000
info 2020-12-08T18:11:53.554Z - stopping server
info 2020-12-08T18:12:00.510Z - starting server
info 2020-12-08T18:12:00.736Z - server running on port 4000
error 2020-12-08T18:12:04.628Z - Error: ENOENT: no such file or directory, open 'C:\Users\Nicolas\bootcamp\collab\letscoder-bootcamp-202010\staff\nicolas-postigo\data\offers\default.jpg'
error 2020-12-08T18:12:05.492Z - Error: ENOENT: no such file or directory, open 'C:\Users\Nicolas\bootcamp\collab\letscoder-bootcamp-202010\staff\nicolas-postigo\data\offers\default.jpg'
info 2020-12-08T18:12:31.920Z - stopping server
info 2020-12-08T18:12:57.357Z - starting server
info 2020-12-08T18:12:57.572Z - server running on port 4000
error 2020-12-08T18:13:07.991Z - Error: ENOENT: no such file or directory, open 'C:\Users\Nicolas\bootcamp\collab\letscoder-bootcamp-202010\staff\data\offers\default.jpg'
error 2020-12-08T18:13:09.072Z - Error: ENOENT: no such file or directory, open 'C:\Users\Nicolas\bootcamp\collab\letscoder-bootcamp-202010\staff\data\offers\default.jpg'
error 2020-12-08T18:13:09.620Z - Error: ENOENT: no such file or directory, open 'C:\Users\Nicolas\bootcamp\collab\letscoder-bootcamp-202010\staff\data\offers\default.jpg'
error 2020-12-08T18:13:09.780Z - Error: ENOENT: no such file or directory, open 'C:\Users\Nicolas\bootcamp\collab\letscoder-bootcamp-202010\staff\data\offers\default.jpg'
info 2020-12-08T18:13:26.408Z - stopping server
info 2020-12-08T18:13:34.430Z - starting server
info 2020-12-08T18:13:34.706Z - server running on port 4000
error 2020-12-08T18:13:38.580Z - Error: ENOENT: no such file or directory, open 'C:\Users\Nicolas\bootcamp\collab\letscoder-bootcamp-202010\staff\nicolas-postigo\huertea-api\data\offers\default.jpg'
error 2020-12-08T18:13:39.606Z - Error: ENOENT: no such file or directory, open 'C:\Users\Nicolas\bootcamp\collab\letscoder-bootcamp-202010\staff\nicolas-postigo\huertea-api\data\offers\default.jpg'
error 2020-12-08T18:13:40.095Z - Error: ENOENT: no such file or directory, open 'C:\Users\Nicolas\bootcamp\collab\letscoder-bootcamp-202010\staff\nicolas-postigo\huertea-api\data\offers\default.jpg'
error 2020-12-08T18:13:40.270Z - Error: ENOENT: no such file or directory, open 'C:\Users\Nicolas\bootcamp\collab\letscoder-bootcamp-202010\staff\nicolas-postigo\huertea-api\data\offers\default.jpg'
error 2020-12-08T18:13:46.160Z - Error: ENOENT: no such file or directory, open 'C:\Users\Nicolas\bootcamp\collab\letscoder-bootcamp-202010\staff\nicolas-postigo\huertea-api\data\offers\default.jpg'
info 2020-12-08T18:13:48.541Z - stopping server
info 2020-12-08T18:13:53.772Z - starting server
info 2020-12-08T18:13:53.982Z - server running on port 4000
error 2020-12-08T18:14:06.787Z - Error: ENOENT: no such file or directory, open 'C:\Users\Nicolas\bootcamp\collab\letscoder-bootcamp-202010\staff\nicolas-postigo\huertea-api\logic\data\offers\default.jpg'
error 2020-12-08T18:14:07.441Z - Error: ENOENT: no such file or directory, open 'C:\Users\Nicolas\bootcamp\collab\letscoder-bootcamp-202010\staff\nicolas-postigo\huertea-api\logic\data\offers\default.jpg'
error 2020-12-08T18:14:07.619Z - Error: ENOENT: no such file or directory, open 'C:\Users\Nicolas\bootcamp\collab\letscoder-bootcamp-202010\staff\nicolas-postigo\huertea-api\logic\data\offers\default.jpg'
error 2020-12-08T18:14:10.406Z - Error: ENOENT: no such file or directory, open 'C:\Users\Nicolas\bootcamp\collab\letscoder-bootcamp-202010\staff\nicolas-postigo\huertea-api\logic\data\offers\default.jpg'
error 2020-12-08T18:14:13.698Z - Error: ENOENT: no such file or directory, open 'C:\Users\Nicolas\bootcamp\collab\letscoder-bootcamp-202010\staff\nicolas-postigo\huertea-api\logic\data\offers\default.jpg'
info 2020-12-08T18:15:25.382Z - stopping server
info 2020-12-08T18:15:31.705Z - starting server
info 2020-12-08T18:15:31.960Z - server running on port 4000
error 2020-12-08T18:15:32.152Z - Error: ENOENT: no such file or directory, open 'C:\Users\Nicolas\bootcamp\collab\letscoder-bootcamp-202010\staff\nicolas-postigo\huertea-api\logic\data\offers\default.jpg'
error 2020-12-08T18:15:32.876Z - Error: ENOENT: no such file or directory, open 'C:\Users\Nicolas\bootcamp\collab\letscoder-bootcamp-202010\staff\nicolas-postigo\huertea-api\logic\data\offers\default.jpg'
error 2020-12-08T18:15:33.046Z - Error: ENOENT: no such file or directory, open 'C:\Users\Nicolas\bootcamp\collab\letscoder-bootcamp-202010\staff\nicolas-postigo\huertea-api\logic\data\offers\default.jpg'
error 2020-12-08T18:15:33.505Z - Error: ENOENT: no such file or directory, open 'C:\Users\Nicolas\bootcamp\collab\letscoder-bootcamp-202010\staff\nicolas-postigo\huertea-api\logic\data\offers\default.jpg'
error 2020-12-08T18:15:33.695Z - Error: ENOENT: no such file or directory, open 'C:\Users\Nicolas\bootcamp\collab\letscoder-bootcamp-202010\staff\nicolas-postigo\huertea-api\logic\data\offers\default.jpg'
error 2020-12-08T18:15:38.338Z - Error: ENOENT: no such file or directory, open 'C:\Users\Nicolas\bootcamp\collab\letscoder-bootcamp-202010\staff\nicolas-postigo\huertea-api\logic\data\offers\default.jpg'
error 2020-12-08T18:17:36.515Z - Error: ENOENT: no such file or directory, open 'C:\Users\Nicolas\bootcamp\collab\letscoder-bootcamp-202010\staff\nicolas-postigo\huertea-api\logic\data\offers\default.jpg'
error 2020-12-08T18:17:37.278Z - Error: ENOENT: no such file or directory, open 'C:\Users\Nicolas\bootcamp\collab\letscoder-bootcamp-202010\staff\nicolas-postigo\huertea-api\logic\data\offers\default.jpg'
error 2020-12-08T18:17:45.004Z - Error: ENOENT: no such file or directory, open 'C:\Users\Nicolas\bootcamp\collab\letscoder-bootcamp-202010\staff\nicolas-postigo\huertea-api\logic\data\offers\default.jpg'
error 2020-12-08T18:26:16.378Z - Error: ENOENT: no such file or directory, open 'C:\Users\Nicolas\bootcamp\collab\letscoder-bootcamp-202010\staff\nicolas-postigo\huertea-api\logic\data\offers\default.jpg'
error 2020-12-08T18:26:17.166Z - Error: ENOENT: no such file or directory, open 'C:\Users\Nicolas\bootcamp\collab\letscoder-bootcamp-202010\staff\nicolas-postigo\huertea-api\logic\data\offers\default.jpg'
info 2020-12-08T18:26:55.861Z - starting server
info 2020-12-08T18:26:56.351Z - server running on port 4000
info 2020-12-08T18:39:20.472Z - stopping server
info 2020-12-08T18:39:27.720Z - starting server
info 2020-12-08T18:39:27.959Z - server running on port 4000
info 2020-12-08T18:46:10.288Z - stopping server
info 2020-12-08T18:46:22.353Z - starting server
info 2020-12-08T18:46:22.677Z - server running on port 4000
info 2020-12-08T19:07:59.860Z - stopping server
info 2020-12-08T19:08:15.707Z - starting server
info 2020-12-08T19:08:15.974Z - server running on port 4000
info 2020-12-08T19:13:15.067Z - stopping server
info 2020-12-08T19:13:21.048Z - starting server
info 2020-12-08T19:13:21.458Z - server running on port 4000
info 2020-12-08T19:16:31.469Z - stopping server
info 2020-12-08T19:16:42.966Z - starting server
info 2020-12-08T19:16:43.218Z - server running on port 4000
info 2020-12-08T19:33:37.123Z - starting server
info 2020-12-08T19:33:37.340Z - server running on port 4000
info 2020-12-08T19:40:19.448Z - stopping server
info 2020-12-08T19:40:32.050Z - starting server
info 2020-12-08T19:40:32.312Z - server running on port 4000
info 2020-12-08T19:43:20.217Z - stopping server
info 2020-12-08T19:43:31.624Z - starting server
info 2020-12-08T19:43:31.894Z - server running on port 4000
info 2020-12-09T07:55:35.749Z - starting server
info 2020-12-09T07:55:36.559Z - server running on port 4000
info 2020-12-09T09:26:45.093Z - stopping server
info 2020-12-09T09:26:56.577Z - starting server
info 2020-12-09T09:26:56.958Z - server running on port 4000
info 2020-12-09T09:28:25.110Z - stopping server
info 2020-12-09T09:29:18.514Z - starting server
info 2020-12-09T09:29:18.830Z - server running on port 4000
info 2020-12-09T09:51:30.306Z - stopping server
info 2020-12-09T09:51:38.687Z - starting server
info 2020-12-09T09:51:38.938Z - server running on port 4000
info 2020-12-09T10:34:28.406Z - starting server
info 2020-12-09T10:34:28.779Z - server running on port 4000
info 2020-12-09T10:35:26.956Z - stopping server
info 2020-12-09T10:35:40.142Z - starting server
info 2020-12-09T10:35:40.414Z - server running on port 4000
error 2020-12-09T10:47:03.789Z - ValidationError: Offer validation failed: price: Cast to Number failed for value "{}" at path "price"
    at model.Document.invalidate (C:\Users\Nicolas\bootcamp\collab\letscoder-bootcamp-202010\staff\nicolas-postigo\huertea-api\node_modules\mongoose\lib\document.js:2622:32)
    at model.$set (C:\Users\Nicolas\bootcamp\collab\letscoder-bootcamp-202010\staff\nicolas-postigo\huertea-api\node_modules\mongoose\lib\document.js:1286:12)
    at model.$set (C:\Users\Nicolas\bootcamp\collab\letscoder-bootcamp-202010\staff\nicolas-postigo\huertea-api\node_modules\mongoose\lib\document.js:1010:16)
    at model.Document (C:\Users\Nicolas\bootcamp\collab\letscoder-bootcamp-202010\staff\nicolas-postigo\huertea-api\node_modules\mongoose\lib\document.js:150:12)
    at model.Model (C:\Users\Nicolas\bootcamp\collab\letscoder-bootcamp-202010\staff\nicolas-postigo\huertea-api\node_modules\mongoose\lib\model.js:106:12)
    at new model (C:\Users\Nicolas\bootcamp\collab\letscoder-bootcamp-202010\staff\nicolas-postigo\huertea-api\node_modules\mongoose\lib\model.js:4689:15)
    at C:\Users\Nicolas\bootcamp\collab\letscoder-bootcamp-202010\staff\nicolas-postigo\huertea-api\node_modules\mongoose\lib\model.js:3055:22
    at C:\Users\Nicolas\bootcamp\collab\letscoder-bootcamp-202010\staff\nicolas-postigo\huertea-api\node_modules\mongoose\lib\model.js:3091:7
    at Array.forEach (<anonymous>)
    at C:\Users\Nicolas\bootcamp\collab\letscoder-bootcamp-202010\staff\nicolas-postigo\huertea-api\node_modules\mongoose\lib\model.js:3090:15
    at C:\Users\Nicolas\bootcamp\collab\letscoder-bootcamp-202010\staff\nicolas-postigo\huertea-api\node_modules\mongoose\lib\helpers\promiseOrCallback.js:31:5
    at new Promise (<anonymous>)
    at promiseOrCallback (C:\Users\Nicolas\bootcamp\collab\letscoder-bootcamp-202010\staff\nicolas-postigo\huertea-api\node_modules\mongoose\lib\helpers\promiseOrCallback.js:30:10)
    at Mongoose._promiseOrCallback (C:\Users\Nicolas\bootcamp\collab\letscoder-bootcamp-202010\staff\nicolas-postigo\huertea-api\node_modules\mongoose\lib\index.js:1129:10)
    at Function.create (C:\Users\Nicolas\bootcamp\collab\letscoder-bootcamp-202010\staff\nicolas-postigo\huertea-api\node_modules\mongoose\lib\model.js:3025:23)
    at C:\Users\Nicolas\bootcamp\collab\letscoder-bootcamp-202010\staff\nicolas-postigo\huertea-api\logic\create-offer.js:38:34
error 2020-12-09T10:50:19.922Z - ValidationError: Offer validation failed: price: Cast to Number failed for value "{}" at path "price"
    at model.Document.invalidate (C:\Users\Nicolas\bootcamp\collab\letscoder-bootcamp-202010\staff\nicolas-postigo\huertea-api\node_modules\mongoose\lib\document.js:2622:32)
    at model.$set (C:\Users\Nicolas\bootcamp\collab\letscoder-bootcamp-202010\staff\nicolas-postigo\huertea-api\node_modules\mongoose\lib\document.js:1286:12)
    at model.$set (C:\Users\Nicolas\bootcamp\collab\letscoder-bootcamp-202010\staff\nicolas-postigo\huertea-api\node_modules\mongoose\lib\document.js:1010:16)
    at model.Document (C:\Users\Nicolas\bootcamp\collab\letscoder-bootcamp-202010\staff\nicolas-postigo\huertea-api\node_modules\mongoose\lib\document.js:150:12)
    at model.Model (C:\Users\Nicolas\bootcamp\collab\letscoder-bootcamp-202010\staff\nicolas-postigo\huertea-api\node_modules\mongoose\lib\model.js:106:12)
    at new model (C:\Users\Nicolas\bootcamp\collab\letscoder-bootcamp-202010\staff\nicolas-postigo\huertea-api\node_modules\mongoose\lib\model.js:4689:15)
    at C:\Users\Nicolas\bootcamp\collab\letscoder-bootcamp-202010\staff\nicolas-postigo\huertea-api\node_modules\mongoose\lib\model.js:3055:22
    at C:\Users\Nicolas\bootcamp\collab\letscoder-bootcamp-202010\staff\nicolas-postigo\huertea-api\node_modules\mongoose\lib\model.js:3091:7
    at Array.forEach (<anonymous>)
    at C:\Users\Nicolas\bootcamp\collab\letscoder-bootcamp-202010\staff\nicolas-postigo\huertea-api\node_modules\mongoose\lib\model.js:3090:15
    at C:\Users\Nicolas\bootcamp\collab\letscoder-bootcamp-202010\staff\nicolas-postigo\huertea-api\node_modules\mongoose\lib\helpers\promiseOrCallback.js:31:5
    at new Promise (<anonymous>)
    at promiseOrCallback (C:\Users\Nicolas\bootcamp\collab\letscoder-bootcamp-202010\staff\nicolas-postigo\huertea-api\node_modules\mongoose\lib\helpers\promiseOrCallback.js:30:10)
    at Mongoose._promiseOrCallback (C:\Users\Nicolas\bootcamp\collab\letscoder-bootcamp-202010\staff\nicolas-postigo\huertea-api\node_modules\mongoose\lib\index.js:1129:10)
    at Function.create (C:\Users\Nicolas\bootcamp\collab\letscoder-bootcamp-202010\staff\nicolas-postigo\huertea-api\node_modules\mongoose\lib\model.js:3025:23)
    at C:\Users\Nicolas\bootcamp\collab\letscoder-bootcamp-202010\staff\nicolas-postigo\huertea-api\logic\create-offer.js:38:34
info 2020-12-09T10:50:45.204Z - stopping server
info 2020-12-09T10:51:03.232Z - starting server
info 2020-12-09T10:51:03.612Z - server running on port 4000
error 2020-12-09T10:54:13.028Z - ValidationError: Offer validation failed: price: Cast to Number failed for value "{}" at path "price"
    at model.Document.invalidate (C:\Users\Nicolas\bootcamp\collab\letscoder-bootcamp-202010\staff\nicolas-postigo\huertea-api\node_modules\mongoose\lib\document.js:2622:32)
    at model.$set (C:\Users\Nicolas\bootcamp\collab\letscoder-bootcamp-202010\staff\nicolas-postigo\huertea-api\node_modules\mongoose\lib\document.js:1286:12)
    at model.$set (C:\Users\Nicolas\bootcamp\collab\letscoder-bootcamp-202010\staff\nicolas-postigo\huertea-api\node_modules\mongoose\lib\document.js:1010:16)
    at model.Document (C:\Users\Nicolas\bootcamp\collab\letscoder-bootcamp-202010\staff\nicolas-postigo\huertea-api\node_modules\mongoose\lib\document.js:150:12)
    at model.Model (C:\Users\Nicolas\bootcamp\collab\letscoder-bootcamp-202010\staff\nicolas-postigo\huertea-api\node_modules\mongoose\lib\model.js:106:12)
    at new model (C:\Users\Nicolas\bootcamp\collab\letscoder-bootcamp-202010\staff\nicolas-postigo\huertea-api\node_modules\mongoose\lib\model.js:4689:15)
    at C:\Users\Nicolas\bootcamp\collab\letscoder-bootcamp-202010\staff\nicolas-postigo\huertea-api\node_modules\mongoose\lib\model.js:3055:22
    at C:\Users\Nicolas\bootcamp\collab\letscoder-bootcamp-202010\staff\nicolas-postigo\huertea-api\node_modules\mongoose\lib\model.js:3091:7
    at Array.forEach (<anonymous>)
    at C:\Users\Nicolas\bootcamp\collab\letscoder-bootcamp-202010\staff\nicolas-postigo\huertea-api\node_modules\mongoose\lib\model.js:3090:15
    at C:\Users\Nicolas\bootcamp\collab\letscoder-bootcamp-202010\staff\nicolas-postigo\huertea-api\node_modules\mongoose\lib\helpers\promiseOrCallback.js:31:5
    at new Promise (<anonymous>)
    at promiseOrCallback (C:\Users\Nicolas\bootcamp\collab\letscoder-bootcamp-202010\staff\nicolas-postigo\huertea-api\node_modules\mongoose\lib\helpers\promiseOrCallback.js:30:10)
    at Mongoose._promiseOrCallback (C:\Users\Nicolas\bootcamp\collab\letscoder-bootcamp-202010\staff\nicolas-postigo\huertea-api\node_modules\mongoose\lib\index.js:1129:10)
    at Function.create (C:\Users\Nicolas\bootcamp\collab\letscoder-bootcamp-202010\staff\nicolas-postigo\huertea-api\node_modules\mongoose\lib\model.js:3025:23)
    at C:\Users\Nicolas\bootcamp\collab\letscoder-bootcamp-202010\staff\nicolas-postigo\huertea-api\logic\create-offer.js:38:34
error 2020-12-09T10:56:51.741Z - MongoError: E11000 duplicate key error collection: huertea-app.offers index: offername_1 dup key: { offername: "fwwfsf" }
    at Function.create (C:\Users\Nicolas\bootcamp\collab\letscoder-bootcamp-202010\staff\nicolas-postigo\huertea-api\node_modules\mongodb\lib\core\error.js:57:12)
    at toError (C:\Users\Nicolas\bootcamp\collab\letscoder-bootcamp-202010\staff\nicolas-postigo\huertea-api\node_modules\mongodb\lib\utils.js:123:22)
    at C:\Users\Nicolas\bootcamp\collab\letscoder-bootcamp-202010\staff\nicolas-postigo\huertea-api\node_modules\mongodb\lib\operations\common_functions.js:265:39
    at handler (C:\Users\Nicolas\bootcamp\collab\letscoder-bootcamp-202010\staff\nicolas-postigo\huertea-api\node_modules\mongodb\lib\core\sdam\topology.js:942:24)
    at C:\Users\Nicolas\bootcamp\collab\letscoder-bootcamp-202010\staff\nicolas-postigo\huertea-api\node_modules\mongodb\lib\cmap\connection_pool.js:350:13
    at handleOperationResult (C:\Users\Nicolas\bootcamp\collab\letscoder-bootcamp-202010\staff\nicolas-postigo\huertea-api\node_modules\mongodb\lib\core\sdam\server.js:558:5)
    at MessageStream.messageHandler (C:\Users\Nicolas\bootcamp\collab\letscoder-bootcamp-202010\staff\nicolas-postigo\huertea-api\node_modules\mongodb\lib\cmap\connection.js:277:5)
    at MessageStream.emit (events.js:314:20)
    at processIncomingData (C:\Users\Nicolas\bootcamp\collab\letscoder-bootcamp-202010\staff\nicolas-postigo\huertea-api\node_modules\mongodb\lib\cmap\message_stream.js:144:12)
    at MessageStream._write (C:\Users\Nicolas\bootcamp\collab\letscoder-bootcamp-202010\staff\nicolas-postigo\huertea-api\node_modules\mongodb\lib\cmap\message_stream.js:42:5)
    at doWrite (_stream_writable.js:403:12)
    at writeOrBuffer (_stream_writable.js:387:5)
    at MessageStream.Writable.write (_stream_writable.js:318:11)
    at Socket.ondata (_stream_readable.js:719:22)
    at Socket.emit (events.js:314:20)
    at addChunk (_stream_readable.js:298:12)
error 2020-12-09T10:57:36.478Z - MongoError: E11000 duplicate key error collection: huertea-app.offers index: offername_1 dup key: { offername: "potatess" }
    at Function.create (C:\Users\Nicolas\bootcamp\collab\letscoder-bootcamp-202010\staff\nicolas-postigo\huertea-api\node_modules\mongodb\lib\core\error.js:57:12)
    at toError (C:\Users\Nicolas\bootcamp\collab\letscoder-bootcamp-202010\staff\nicolas-postigo\huertea-api\node_modules\mongodb\lib\utils.js:123:22)
    at C:\Users\Nicolas\bootcamp\collab\letscoder-bootcamp-202010\staff\nicolas-postigo\huertea-api\node_modules\mongodb\lib\operations\common_functions.js:265:39
    at handler (C:\Users\Nicolas\bootcamp\collab\letscoder-bootcamp-202010\staff\nicolas-postigo\huertea-api\node_modules\mongodb\lib\core\sdam\topology.js:942:24)
    at C:\Users\Nicolas\bootcamp\collab\letscoder-bootcamp-202010\staff\nicolas-postigo\huertea-api\node_modules\mongodb\lib\cmap\connection_pool.js:350:13
    at handleOperationResult (C:\Users\Nicolas\bootcamp\collab\letscoder-bootcamp-202010\staff\nicolas-postigo\huertea-api\node_modules\mongodb\lib\core\sdam\server.js:558:5)
    at MessageStream.messageHandler (C:\Users\Nicolas\bootcamp\collab\letscoder-bootcamp-202010\staff\nicolas-postigo\huertea-api\node_modules\mongodb\lib\cmap\connection.js:277:5)
    at MessageStream.emit (events.js:314:20)
    at processIncomingData (C:\Users\Nicolas\bootcamp\collab\letscoder-bootcamp-202010\staff\nicolas-postigo\huertea-api\node_modules\mongodb\lib\cmap\message_stream.js:144:12)
    at MessageStream._write (C:\Users\Nicolas\bootcamp\collab\letscoder-bootcamp-202010\staff\nicolas-postigo\huertea-api\node_modules\mongodb\lib\cmap\message_stream.js:42:5)
    at doWrite (_stream_writable.js:403:12)
    at writeOrBuffer (_stream_writable.js:387:5)
    at MessageStream.Writable.write (_stream_writable.js:318:11)
    at Socket.ondata (_stream_readable.js:719:22)
    at Socket.emit (events.js:314:20)
    at addChunk (_stream_readable.js:298:12)
error 2020-12-09T10:59:16.835Z - MongoError: E11000 duplicate key error collection: huertea-app.offers index: offername_1 dup key: { offername: "2 kilos de potato" }
    at Function.create (C:\Users\Nicolas\bootcamp\collab\letscoder-bootcamp-202010\staff\nicolas-postigo\huertea-api\node_modules\mongodb\lib\core\error.js:57:12)
    at toError (C:\Users\Nicolas\bootcamp\collab\letscoder-bootcamp-202010\staff\nicolas-postigo\huertea-api\node_modules\mongodb\lib\utils.js:123:22)
    at C:\Users\Nicolas\bootcamp\collab\letscoder-bootcamp-202010\staff\nicolas-postigo\huertea-api\node_modules\mongodb\lib\operations\common_functions.js:265:39
    at handler (C:\Users\Nicolas\bootcamp\collab\letscoder-bootcamp-202010\staff\nicolas-postigo\huertea-api\node_modules\mongodb\lib\core\sdam\topology.js:942:24)
    at C:\Users\Nicolas\bootcamp\collab\letscoder-bootcamp-202010\staff\nicolas-postigo\huertea-api\node_modules\mongodb\lib\cmap\connection_pool.js:350:13
    at handleOperationResult (C:\Users\Nicolas\bootcamp\collab\letscoder-bootcamp-202010\staff\nicolas-postigo\huertea-api\node_modules\mongodb\lib\core\sdam\server.js:558:5)
    at MessageStream.messageHandler (C:\Users\Nicolas\bootcamp\collab\letscoder-bootcamp-202010\staff\nicolas-postigo\huertea-api\node_modules\mongodb\lib\cmap\connection.js:277:5)
    at MessageStream.emit (events.js:314:20)
    at processIncomingData (C:\Users\Nicolas\bootcamp\collab\letscoder-bootcamp-202010\staff\nicolas-postigo\huertea-api\node_modules\mongodb\lib\cmap\message_stream.js:144:12)
    at MessageStream._write (C:\Users\Nicolas\bootcamp\collab\letscoder-bootcamp-202010\staff\nicolas-postigo\huertea-api\node_modules\mongodb\lib\cmap\message_stream.js:42:5)
    at doWrite (_stream_writable.js:403:12)
    at writeOrBuffer (_stream_writable.js:387:5)
    at MessageStream.Writable.write (_stream_writable.js:318:11)
    at Socket.ondata (_stream_readable.js:719:22)
    at Socket.emit (events.js:314:20)
    at addChunk (_stream_readable.js:298:12)
error 2020-12-09T11:00:11.179Z - MongoError: E11000 duplicate key error collection: huertea-app.offers index: offername_1 dup key: { offername: "patasss" }
    at Function.create (C:\Users\Nicolas\bootcamp\collab\letscoder-bootcamp-202010\staff\nicolas-postigo\huertea-api\node_modules\mongodb\lib\core\error.js:57:12)
    at toError (C:\Users\Nicolas\bootcamp\collab\letscoder-bootcamp-202010\staff\nicolas-postigo\huertea-api\node_modules\mongodb\lib\utils.js:123:22)
    at C:\Users\Nicolas\bootcamp\collab\letscoder-bootcamp-202010\staff\nicolas-postigo\huertea-api\node_modules\mongodb\lib\operations\common_functions.js:265:39
    at handler (C:\Users\Nicolas\bootcamp\collab\letscoder-bootcamp-202010\staff\nicolas-postigo\huertea-api\node_modules\mongodb\lib\core\sdam\topology.js:942:24)
    at C:\Users\Nicolas\bootcamp\collab\letscoder-bootcamp-202010\staff\nicolas-postigo\huertea-api\node_modules\mongodb\lib\cmap\connection_pool.js:350:13
    at handleOperationResult (C:\Users\Nicolas\bootcamp\collab\letscoder-bootcamp-202010\staff\nicolas-postigo\huertea-api\node_modules\mongodb\lib\core\sdam\server.js:558:5)
    at MessageStream.messageHandler (C:\Users\Nicolas\bootcamp\collab\letscoder-bootcamp-202010\staff\nicolas-postigo\huertea-api\node_modules\mongodb\lib\cmap\connection.js:277:5)
    at MessageStream.emit (events.js:314:20)
    at processIncomingData (C:\Users\Nicolas\bootcamp\collab\letscoder-bootcamp-202010\staff\nicolas-postigo\huertea-api\node_modules\mongodb\lib\cmap\message_stream.js:144:12)
    at MessageStream._write (C:\Users\Nicolas\bootcamp\collab\letscoder-bootcamp-202010\staff\nicolas-postigo\huertea-api\node_modules\mongodb\lib\cmap\message_stream.js:42:5)
    at doWrite (_stream_writable.js:403:12)
    at writeOrBuffer (_stream_writable.js:387:5)
    at MessageStream.Writable.write (_stream_writable.js:318:11)
    at Socket.ondata (_stream_readable.js:719:22)
    at Socket.emit (events.js:314:20)
    at addChunk (_stream_readable.js:298:12)
error 2020-12-09T11:09:38.631Z - MongoError: E11000 duplicate key error collection: huertea-app.offers index: offername_1 dup key: { offername: "poteadfrr" }
    at Function.create (C:\Users\Nicolas\bootcamp\collab\letscoder-bootcamp-202010\staff\nicolas-postigo\huertea-api\node_modules\mongodb\lib\core\error.js:57:12)
    at toError (C:\Users\Nicolas\bootcamp\collab\letscoder-bootcamp-202010\staff\nicolas-postigo\huertea-api\node_modules\mongodb\lib\utils.js:123:22)
    at C:\Users\Nicolas\bootcamp\collab\letscoder-bootcamp-202010\staff\nicolas-postigo\huertea-api\node_modules\mongodb\lib\operations\common_functions.js:265:39
    at handler (C:\Users\Nicolas\bootcamp\collab\letscoder-bootcamp-202010\staff\nicolas-postigo\huertea-api\node_modules\mongodb\lib\core\sdam\topology.js:942:24)
    at C:\Users\Nicolas\bootcamp\collab\letscoder-bootcamp-202010\staff\nicolas-postigo\huertea-api\node_modules\mongodb\lib\cmap\connection_pool.js:350:13
    at handleOperationResult (C:\Users\Nicolas\bootcamp\collab\letscoder-bootcamp-202010\staff\nicolas-postigo\huertea-api\node_modules\mongodb\lib\core\sdam\server.js:558:5)
    at MessageStream.messageHandler (C:\Users\Nicolas\bootcamp\collab\letscoder-bootcamp-202010\staff\nicolas-postigo\huertea-api\node_modules\mongodb\lib\cmap\connection.js:277:5)
    at MessageStream.emit (events.js:314:20)
    at processIncomingData (C:\Users\Nicolas\bootcamp\collab\letscoder-bootcamp-202010\staff\nicolas-postigo\huertea-api\node_modules\mongodb\lib\cmap\message_stream.js:144:12)
    at MessageStream._write (C:\Users\Nicolas\bootcamp\collab\letscoder-bootcamp-202010\staff\nicolas-postigo\huertea-api\node_modules\mongodb\lib\cmap\message_stream.js:42:5)
    at doWrite (_stream_writable.js:403:12)
    at writeOrBuffer (_stream_writable.js:387:5)
    at MessageStream.Writable.write (_stream_writable.js:318:11)
    at Socket.ondata (_stream_readable.js:719:22)
    at Socket.emit (events.js:314:20)
    at addChunk (_stream_readable.js:298:12)
info 2020-12-09T11:19:16.841Z - stopping server
info 2020-12-09T11:19:30.203Z - starting server
info 2020-12-09T11:19:30.498Z - server running on port 4000
error 2020-12-09T11:25:39.805Z - MongoError: E11000 duplicate key error collection: huertea-app.offers index: offername_1 dup key: { offername: "oijfmeowj" }
    at Function.create (C:\Users\Nicolas\bootcamp\collab\letscoder-bootcamp-202010\staff\nicolas-postigo\huertea-api\node_modules\mongodb\lib\core\error.js:57:12)
    at toError (C:\Users\Nicolas\bootcamp\collab\letscoder-bootcamp-202010\staff\nicolas-postigo\huertea-api\node_modules\mongodb\lib\utils.js:123:22)
    at C:\Users\Nicolas\bootcamp\collab\letscoder-bootcamp-202010\staff\nicolas-postigo\huertea-api\node_modules\mongodb\lib\operations\common_functions.js:265:39
    at handler (C:\Users\Nicolas\bootcamp\collab\letscoder-bootcamp-202010\staff\nicolas-postigo\huertea-api\node_modules\mongodb\lib\core\sdam\topology.js:942:24)
    at C:\Users\Nicolas\bootcamp\collab\letscoder-bootcamp-202010\staff\nicolas-postigo\huertea-api\node_modules\mongodb\lib\cmap\connection_pool.js:350:13
    at handleOperationResult (C:\Users\Nicolas\bootcamp\collab\letscoder-bootcamp-202010\staff\nicolas-postigo\huertea-api\node_modules\mongodb\lib\core\sdam\server.js:558:5)
    at MessageStream.messageHandler (C:\Users\Nicolas\bootcamp\collab\letscoder-bootcamp-202010\staff\nicolas-postigo\huertea-api\node_modules\mongodb\lib\cmap\connection.js:277:5)
    at MessageStream.emit (events.js:314:20)
    at processIncomingData (C:\Users\Nicolas\bootcamp\collab\letscoder-bootcamp-202010\staff\nicolas-postigo\huertea-api\node_modules\mongodb\lib\cmap\message_stream.js:144:12)
    at MessageStream._write (C:\Users\Nicolas\bootcamp\collab\letscoder-bootcamp-202010\staff\nicolas-postigo\huertea-api\node_modules\mongodb\lib\cmap\message_stream.js:42:5)
    at doWrite (_stream_writable.js:403:12)
    at writeOrBuffer (_stream_writable.js:387:5)
    at MessageStream.Writable.write (_stream_writable.js:318:11)
    at Socket.ondata (_stream_readable.js:719:22)
    at Socket.emit (events.js:314:20)
    at addChunk (_stream_readable.js:298:12)
error 2020-12-09T11:25:49.435Z - MongoError: E11000 duplicate key error collection: huertea-app.offers index: offername_1 dup key: { offername: "oijfmeowj" }
    at Function.create (C:\Users\Nicolas\bootcamp\collab\letscoder-bootcamp-202010\staff\nicolas-postigo\huertea-api\node_modules\mongodb\lib\core\error.js:57:12)
    at toError (C:\Users\Nicolas\bootcamp\collab\letscoder-bootcamp-202010\staff\nicolas-postigo\huertea-api\node_modules\mongodb\lib\utils.js:123:22)
    at C:\Users\Nicolas\bootcamp\collab\letscoder-bootcamp-202010\staff\nicolas-postigo\huertea-api\node_modules\mongodb\lib\operations\common_functions.js:265:39
    at handler (C:\Users\Nicolas\bootcamp\collab\letscoder-bootcamp-202010\staff\nicolas-postigo\huertea-api\node_modules\mongodb\lib\core\sdam\topology.js:942:24)
    at C:\Users\Nicolas\bootcamp\collab\letscoder-bootcamp-202010\staff\nicolas-postigo\huertea-api\node_modules\mongodb\lib\cmap\connection_pool.js:350:13
    at handleOperationResult (C:\Users\Nicolas\bootcamp\collab\letscoder-bootcamp-202010\staff\nicolas-postigo\huertea-api\node_modules\mongodb\lib\core\sdam\server.js:558:5)
    at MessageStream.messageHandler (C:\Users\Nicolas\bootcamp\collab\letscoder-bootcamp-202010\staff\nicolas-postigo\huertea-api\node_modules\mongodb\lib\cmap\connection.js:277:5)
    at MessageStream.emit (events.js:314:20)
    at processIncomingData (C:\Users\Nicolas\bootcamp\collab\letscoder-bootcamp-202010\staff\nicolas-postigo\huertea-api\node_modules\mongodb\lib\cmap\message_stream.js:144:12)
    at MessageStream._write (C:\Users\Nicolas\bootcamp\collab\letscoder-bootcamp-202010\staff\nicolas-postigo\huertea-api\node_modules\mongodb\lib\cmap\message_stream.js:42:5)
    at doWrite (_stream_writable.js:403:12)
    at writeOrBuffer (_stream_writable.js:387:5)
    at MessageStream.Writable.write (_stream_writable.js:318:11)
    at Socket.ondata (_stream_readable.js:719:22)
    at Socket.emit (events.js:314:20)
    at addChunk (_stream_readable.js:298:12)
error 2020-12-09T11:25:59.561Z - MongoError: E11000 duplicate key error collection: huertea-app.offers index: offername_1 dup key: { offername: "oijfmeowj" }
    at Function.create (C:\Users\Nicolas\bootcamp\collab\letscoder-bootcamp-202010\staff\nicolas-postigo\huertea-api\node_modules\mongodb\lib\core\error.js:57:12)
    at toError (C:\Users\Nicolas\bootcamp\collab\letscoder-bootcamp-202010\staff\nicolas-postigo\huertea-api\node_modules\mongodb\lib\utils.js:123:22)
    at C:\Users\Nicolas\bootcamp\collab\letscoder-bootcamp-202010\staff\nicolas-postigo\huertea-api\node_modules\mongodb\lib\operations\common_functions.js:265:39
    at handler (C:\Users\Nicolas\bootcamp\collab\letscoder-bootcamp-202010\staff\nicolas-postigo\huertea-api\node_modules\mongodb\lib\core\sdam\topology.js:942:24)
    at C:\Users\Nicolas\bootcamp\collab\letscoder-bootcamp-202010\staff\nicolas-postigo\huertea-api\node_modules\mongodb\lib\cmap\connection_pool.js:350:13
    at handleOperationResult (C:\Users\Nicolas\bootcamp\collab\letscoder-bootcamp-202010\staff\nicolas-postigo\huertea-api\node_modules\mongodb\lib\core\sdam\server.js:558:5)
    at MessageStream.messageHandler (C:\Users\Nicolas\bootcamp\collab\letscoder-bootcamp-202010\staff\nicolas-postigo\huertea-api\node_modules\mongodb\lib\cmap\connection.js:277:5)
    at MessageStream.emit (events.js:314:20)
    at processIncomingData (C:\Users\Nicolas\bootcamp\collab\letscoder-bootcamp-202010\staff\nicolas-postigo\huertea-api\node_modules\mongodb\lib\cmap\message_stream.js:144:12)
    at MessageStream._write (C:\Users\Nicolas\bootcamp\collab\letscoder-bootcamp-202010\staff\nicolas-postigo\huertea-api\node_modules\mongodb\lib\cmap\message_stream.js:42:5)
    at doWrite (_stream_writable.js:403:12)
    at writeOrBuffer (_stream_writable.js:387:5)
    at MessageStream.Writable.write (_stream_writable.js:318:11)
    at Socket.ondata (_stream_readable.js:719:22)
    at Socket.emit (events.js:314:20)
    at addChunk (_stream_readable.js:298:12)
info 2020-12-09T12:20:47.023Z - starting server
info 2020-12-09T12:20:47.514Z - server running on port 4000
info 2020-12-09T12:25:26.081Z - stopping server
info 2020-12-09T12:25:34.458Z - starting server
info 2020-12-09T12:25:34.714Z - server running on port 4000
error 2020-12-09T12:26:25.388Z - MongoError: E11000 duplicate key error collection: huertea-app.offers index: offername_1 dup key: { offername: "referf" }
    at Function.create (C:\Users\Nicolas\bootcamp\collab\letscoder-bootcamp-202010\staff\nicolas-postigo\huertea-api\node_modules\mongodb\lib\core\error.js:57:12)
    at toError (C:\Users\Nicolas\bootcamp\collab\letscoder-bootcamp-202010\staff\nicolas-postigo\huertea-api\node_modules\mongodb\lib\utils.js:123:22)
    at C:\Users\Nicolas\bootcamp\collab\letscoder-bootcamp-202010\staff\nicolas-postigo\huertea-api\node_modules\mongodb\lib\operations\common_functions.js:265:39
    at handler (C:\Users\Nicolas\bootcamp\collab\letscoder-bootcamp-202010\staff\nicolas-postigo\huertea-api\node_modules\mongodb\lib\core\sdam\topology.js:942:24)
    at C:\Users\Nicolas\bootcamp\collab\letscoder-bootcamp-202010\staff\nicolas-postigo\huertea-api\node_modules\mongodb\lib\cmap\connection_pool.js:350:13
    at handleOperationResult (C:\Users\Nicolas\bootcamp\collab\letscoder-bootcamp-202010\staff\nicolas-postigo\huertea-api\node_modules\mongodb\lib\core\sdam\server.js:558:5)
    at MessageStream.messageHandler (C:\Users\Nicolas\bootcamp\collab\letscoder-bootcamp-202010\staff\nicolas-postigo\huertea-api\node_modules\mongodb\lib\cmap\connection.js:277:5)
    at MessageStream.emit (events.js:314:20)
    at processIncomingData (C:\Users\Nicolas\bootcamp\collab\letscoder-bootcamp-202010\staff\nicolas-postigo\huertea-api\node_modules\mongodb\lib\cmap\message_stream.js:144:12)
    at MessageStream._write (C:\Users\Nicolas\bootcamp\collab\letscoder-bootcamp-202010\staff\nicolas-postigo\huertea-api\node_modules\mongodb\lib\cmap\message_stream.js:42:5)
    at doWrite (_stream_writable.js:403:12)
    at writeOrBuffer (_stream_writable.js:387:5)
    at MessageStream.Writable.write (_stream_writable.js:318:11)
    at Socket.ondata (_stream_readable.js:719:22)
    at Socket.emit (events.js:314:20)
    at addChunk (_stream_readable.js:298:12)
info 2020-12-09T12:45:53.849Z - stopping server
info 2020-12-09T12:52:29.188Z - starting server
info 2020-12-09T12:52:29.561Z - server running on port 4000
error 2020-12-09T12:56:04.227Z - MongoError: E11000 duplicate key error collection: huertea-app.offers index: offername_1 dup key: { offername: "chouchou" }
    at Function.create (C:\Users\Nicolas\bootcamp\collab\letscoder-bootcamp-202010\staff\nicolas-postigo\huertea-api\node_modules\mongodb\lib\core\error.js:57:12)
    at toError (C:\Users\Nicolas\bootcamp\collab\letscoder-bootcamp-202010\staff\nicolas-postigo\huertea-api\node_modules\mongodb\lib\utils.js:123:22)
    at C:\Users\Nicolas\bootcamp\collab\letscoder-bootcamp-202010\staff\nicolas-postigo\huertea-api\node_modules\mongodb\lib\operations\common_functions.js:265:39
    at handler (C:\Users\Nicolas\bootcamp\collab\letscoder-bootcamp-202010\staff\nicolas-postigo\huertea-api\node_modules\mongodb\lib\core\sdam\topology.js:942:24)
    at C:\Users\Nicolas\bootcamp\collab\letscoder-bootcamp-202010\staff\nicolas-postigo\huertea-api\node_modules\mongodb\lib\cmap\connection_pool.js:350:13
    at handleOperationResult (C:\Users\Nicolas\bootcamp\collab\letscoder-bootcamp-202010\staff\nicolas-postigo\huertea-api\node_modules\mongodb\lib\core\sdam\server.js:558:5)
    at MessageStream.messageHandler (C:\Users\Nicolas\bootcamp\collab\letscoder-bootcamp-202010\staff\nicolas-postigo\huertea-api\node_modules\mongodb\lib\cmap\connection.js:277:5)
    at MessageStream.emit (events.js:314:20)
    at processIncomingData (C:\Users\Nicolas\bootcamp\collab\letscoder-bootcamp-202010\staff\nicolas-postigo\huertea-api\node_modules\mongodb\lib\cmap\message_stream.js:144:12)
    at MessageStream._write (C:\Users\Nicolas\bootcamp\collab\letscoder-bootcamp-202010\staff\nicolas-postigo\huertea-api\node_modules\mongodb\lib\cmap\message_stream.js:42:5)
    at doWrite (_stream_writable.js:403:12)
    at writeOrBuffer (_stream_writable.js:387:5)
    at MessageStream.Writable.write (_stream_writable.js:318:11)
    at Socket.ondata (_stream_readable.js:719:22)
    at Socket.emit (events.js:314:20)
    at addChunk (_stream_readable.js:298:12)
info 2020-12-09T14:42:03.477Z - stopping server
info 2020-12-09T14:42:17.430Z - starting server
info 2020-12-09T14:42:17.940Z - server running on port 4000
info 2020-12-09T15:01:50.784Z - stopping server
info 2020-12-09T15:02:00.716Z - starting server
info 2020-12-09T15:02:00.986Z - server running on port 4000
error 2020-12-09T16:57:47.900Z - MongoError: E11000 duplicate key error collection: huertea-app.offers index: offername_1 dup key: { offername: "jndfijj" }
    at Function.create (C:\Users\Nicolas\bootcamp\collab\letscoder-bootcamp-202010\staff\nicolas-postigo\huertea-api\node_modules\mongodb\lib\core\error.js:57:12)
    at toError (C:\Users\Nicolas\bootcamp\collab\letscoder-bootcamp-202010\staff\nicolas-postigo\huertea-api\node_modules\mongodb\lib\utils.js:123:22)
    at C:\Users\Nicolas\bootcamp\collab\letscoder-bootcamp-202010\staff\nicolas-postigo\huertea-api\node_modules\mongodb\lib\operations\common_functions.js:265:39
    at handler (C:\Users\Nicolas\bootcamp\collab\letscoder-bootcamp-202010\staff\nicolas-postigo\huertea-api\node_modules\mongodb\lib\core\sdam\topology.js:942:24)
    at C:\Users\Nicolas\bootcamp\collab\letscoder-bootcamp-202010\staff\nicolas-postigo\huertea-api\node_modules\mongodb\lib\cmap\connection_pool.js:350:13
    at handleOperationResult (C:\Users\Nicolas\bootcamp\collab\letscoder-bootcamp-202010\staff\nicolas-postigo\huertea-api\node_modules\mongodb\lib\core\sdam\server.js:558:5)
    at MessageStream.messageHandler (C:\Users\Nicolas\bootcamp\collab\letscoder-bootcamp-202010\staff\nicolas-postigo\huertea-api\node_modules\mongodb\lib\cmap\connection.js:277:5)
    at MessageStream.emit (events.js:314:20)
    at processIncomingData (C:\Users\Nicolas\bootcamp\collab\letscoder-bootcamp-202010\staff\nicolas-postigo\huertea-api\node_modules\mongodb\lib\cmap\message_stream.js:144:12)
    at MessageStream._write (C:\Users\Nicolas\bootcamp\collab\letscoder-bootcamp-202010\staff\nicolas-postigo\huertea-api\node_modules\mongodb\lib\cmap\message_stream.js:42:5)
    at doWrite (_stream_writable.js:403:12)
    at writeOrBuffer (_stream_writable.js:387:5)
    at MessageStream.Writable.write (_stream_writable.js:318:11)
    at Socket.ondata (_stream_readable.js:719:22)
    at Socket.emit (events.js:314:20)
    at addChunk (_stream_readable.js:298:12)
info 2020-12-09T19:15:30.881Z - stopping server
info 2020-12-09T19:15:46.370Z - starting server
info 2020-12-09T19:15:46.936Z - server running on port 4000
info 2020-12-09T20:00:26.360Z - starting server
info 2020-12-09T20:00:27.022Z - server running on port 4000
error 2020-12-09T20:01:31.550Z - MongoError: E11000 duplicate key error collection: huertea-app.offers index: offername_1 dup key: { offername: "2 kilos de tomates" }
    at Function.create (C:\Users\Nicolas\bootcamp\collab\letscoder-bootcamp-202010\staff\nicolas-postigo\huertea-api\node_modules\mongodb\lib\core\error.js:57:12)
    at toError (C:\Users\Nicolas\bootcamp\collab\letscoder-bootcamp-202010\staff\nicolas-postigo\huertea-api\node_modules\mongodb\lib\utils.js:123:22)
    at C:\Users\Nicolas\bootcamp\collab\letscoder-bootcamp-202010\staff\nicolas-postigo\huertea-api\node_modules\mongodb\lib\operations\common_functions.js:265:39
    at handler (C:\Users\Nicolas\bootcamp\collab\letscoder-bootcamp-202010\staff\nicolas-postigo\huertea-api\node_modules\mongodb\lib\core\sdam\topology.js:942:24)
    at C:\Users\Nicolas\bootcamp\collab\letscoder-bootcamp-202010\staff\nicolas-postigo\huertea-api\node_modules\mongodb\lib\cmap\connection_pool.js:350:13
    at handleOperationResult (C:\Users\Nicolas\bootcamp\collab\letscoder-bootcamp-202010\staff\nicolas-postigo\huertea-api\node_modules\mongodb\lib\core\sdam\server.js:558:5)
    at MessageStream.messageHandler (C:\Users\Nicolas\bootcamp\collab\letscoder-bootcamp-202010\staff\nicolas-postigo\huertea-api\node_modules\mongodb\lib\cmap\connection.js:277:5)
    at MessageStream.emit (events.js:314:20)
    at processIncomingData (C:\Users\Nicolas\bootcamp\collab\letscoder-bootcamp-202010\staff\nicolas-postigo\huertea-api\node_modules\mongodb\lib\cmap\message_stream.js:144:12)
    at MessageStream._write (C:\Users\Nicolas\bootcamp\collab\letscoder-bootcamp-202010\staff\nicolas-postigo\huertea-api\node_modules\mongodb\lib\cmap\message_stream.js:42:5)
    at doWrite (_stream_writable.js:403:12)
    at writeOrBuffer (_stream_writable.js:387:5)
    at MessageStream.Writable.write (_stream_writable.js:318:11)
    at Socket.ondata (_stream_readable.js:719:22)
    at Socket.emit (events.js:314:20)
    at addChunk (_stream_readable.js:298:12)
info 2020-12-10T09:25:24.623Z - starting server
info 2020-12-10T09:25:25.059Z - server running on port 4000
info 2020-12-10T09:37:26.200Z - starting server
info 2020-12-10T09:37:26.541Z - server running on port 4000
info 2020-12-10T09:38:06.592Z - stopping server
info 2020-12-10T09:38:17.799Z - starting server
info 2020-12-10T09:38:18.072Z - server running on port 4000
info 2020-12-10T09:45:07.124Z - stopping server
info 2020-12-10T09:45:21.906Z - starting server
info 2020-12-10T09:45:22.202Z - server running on port 4000
error 2020-12-10T10:38:14.315Z - AuthError: wrong credentials
    at C:\Users\Nicolas\bootcamp\collab\letscoder-bootcamp-202010\staff\nicolas-postigo\huertea-api\logic\authenticate-user.js:18:39
info 2020-12-10T10:40:46.921Z - stopping server
info 2020-12-10T10:46:31.451Z - starting server
info 2020-12-10T10:46:31.843Z - server running on port 4000
info 2020-12-10T10:49:21.543Z - starting server
info 2020-12-10T10:49:22.175Z - server running on port 4000
info 2020-12-10T11:19:09.917Z - stopping server
info 2020-12-10T11:19:17.262Z - starting server
info 2020-12-10T11:19:17.566Z - server running on port 4000
info 2020-12-10T11:54:36.298Z - stopping server
info 2020-12-10T11:54:43.521Z - starting server
info 2020-12-10T11:54:44.108Z - server running on port 4000
info 2020-12-10T12:47:49.141Z - stopping server
info 2020-12-10T12:48:03.994Z - starting server
info 2020-12-10T12:48:04.360Z - server running on port 4000
info 2020-12-10T14:33:55.242Z - starting server
info 2020-12-10T14:33:55.673Z - server running on port 4000
info 2020-12-10T14:54:45.615Z - stopping server
info 2020-12-10T14:54:57.933Z - starting server
info 2020-12-10T14:54:58.297Z - server running on port 4000
info 2020-12-10T14:57:42.146Z - stopping server
info 2020-12-10T14:57:53.569Z - starting server
info 2020-12-10T14:57:53.862Z - server running on port 4000
info 2020-12-10T15:11:20.594Z - stopping server
info 2020-12-10T15:11:33.992Z - starting server
info 2020-12-10T15:11:34.251Z - server running on port 4000
info 2020-12-11T09:01:41.327Z - stopping server
info 2020-12-11T09:01:52.052Z - starting server
info 2020-12-11T09:01:52.848Z - server running on port 4000
info 2020-12-11T09:13:39.248Z - stopping server
info 2020-12-11T09:14:01.080Z - starting server
info 2020-12-11T09:14:01.342Z - server running on port 4000
info 2020-12-11T09:26:04.384Z - stopping server
info 2020-12-11T09:26:28.207Z - starting server
info 2020-12-11T09:26:29.505Z - server running on port 4000
info 2020-12-11T09:27:08.468Z - stopping server
info 2020-12-11T09:27:51.671Z - starting server
info 2020-12-11T09:27:52.204Z - server running on port 4000
info 2020-12-11T09:30:34.675Z - starting server
info 2020-12-11T09:30:35.000Z - server running on port 4000
info 2020-12-11T09:47:50.251Z - stopping server
info 2020-12-11T09:57:54.970Z - starting server
info 2020-12-11T09:57:55.470Z - server running on port 4000
error 2020-12-11T09:58:14.760Z - NotFoundError: offer with id 5fc68d6789f23b16f416e24f not found
    at C:\Users\Nicolas\bootcamp\collab\letscoder-bootcamp-202010\staff\nicolas-postigo\huertea-api\logic\delete-offer.js:27:47
    at processTicksAndRejections (internal/process/task_queues.js:97:5)
error 2020-12-11T10:47:16.977Z - NotFoundError: offer with id 5fd1ea12886cde1f04f61e20 not found
    at C:\Users\Nicolas\bootcamp\collab\letscoder-bootcamp-202010\staff\nicolas-postigo\huertea-api\logic\delete-offer.js:27:47
    at runMicrotasks (<anonymous>)
    at processTicksAndRejections (internal/process/task_queues.js:97:5)
info 2020-12-11T11:06:34.989Z - stopping server
info 2020-12-11T11:06:44.212Z - starting server
info 2020-12-11T11:06:44.750Z - server running on port 4000
error 2020-12-11T11:07:22.697Z - NotFoundError: offer with id 5fc7630bc8e0b520b46d68a8 not found
    at C:\Users\Nicolas\bootcamp\collab\letscoder-bootcamp-202010\staff\nicolas-postigo\huertea-api\logic\delete-offer.js:27:47
    at processTicksAndRejections (internal/process/task_queues.js:97:5)
info 2020-12-11T15:14:09.650Z - starting server
info 2020-12-11T15:14:11.889Z - server running on port 4000
info 2020-12-12T08:33:38.558Z - starting server
info 2020-12-12T08:33:39.164Z - server running on port 4000
info 2020-12-12T08:43:39.393Z - stopping server
info 2020-12-12T08:43:51.483Z - starting server
info 2020-12-12T08:43:51.812Z - server running on port 4000
info 2020-12-12T08:46:32.761Z - stopping server
info 2020-12-12T08:46:46.069Z - starting server
info 2020-12-12T08:46:46.441Z - server running on port 4000
info 2020-12-12T08:57:01.835Z - stopping server
info 2020-12-12T08:57:17.337Z - starting server
info 2020-12-12T08:57:17.813Z - server running on port 4000
info 2020-12-12T09:19:38.475Z - stopping server
info 2020-12-12T09:19:47.212Z - starting server
info 2020-12-12T09:19:47.963Z - server running on port 4000
info 2020-12-12T15:54:36.899Z - stopping server
info 2020-12-12T15:54:57.128Z - starting server
info 2020-12-12T15:54:57.826Z - server running on port 4000
info 2020-12-12T16:13:42.631Z - stopping server
info 2020-12-12T16:13:54.683Z - starting server
info 2020-12-12T16:13:54.932Z - server running on port 4000
error 2020-12-12T16:14:48.612Z - AuthError: wrong credentials
    at C:\Users\Nicolas\bootcamp\collab\letscoder-bootcamp-202010\staff\nicolas-postigo\huertea-api\logic\authenticate-user.js:12:30
    at processTicksAndRejections (internal/process/task_queues.js:97:5)
info 2020-12-12T16:26:58.053Z - starting server
info 2020-12-12T16:26:58.276Z - server running on port 4000
error 2020-12-12T16:41:02.754Z - AuthError: wrong credentials
    at C:\Users\Nicolas\bootcamp\collab\letscoder-bootcamp-202010\staff\nicolas-postigo\huertea-api\logic\authenticate-user.js:12:30
    at runMicrotasks (<anonymous>)
    at processTicksAndRejections (internal/process/task_queues.js:97:5)
error 2020-12-12T17:13:37.035Z - MongoError: E11000 duplicate key error collection: huertea-app.offers index: offername_1 dup key: { offername: "armando" }
    at Function.create (C:\Users\Nicolas\bootcamp\collab\letscoder-bootcamp-202010\staff\nicolas-postigo\huertea-api\node_modules\mongodb\lib\core\error.js:57:12)
    at toError (C:\Users\Nicolas\bootcamp\collab\letscoder-bootcamp-202010\staff\nicolas-postigo\huertea-api\node_modules\mongodb\lib\utils.js:123:22)
    at C:\Users\Nicolas\bootcamp\collab\letscoder-bootcamp-202010\staff\nicolas-postigo\huertea-api\node_modules\mongodb\lib\operations\common_functions.js:265:39
    at handler (C:\Users\Nicolas\bootcamp\collab\letscoder-bootcamp-202010\staff\nicolas-postigo\huertea-api\node_modules\mongodb\lib\core\sdam\topology.js:942:24)
    at C:\Users\Nicolas\bootcamp\collab\letscoder-bootcamp-202010\staff\nicolas-postigo\huertea-api\node_modules\mongodb\lib\cmap\connection_pool.js:350:13
    at handleOperationResult (C:\Users\Nicolas\bootcamp\collab\letscoder-bootcamp-202010\staff\nicolas-postigo\huertea-api\node_modules\mongodb\lib\core\sdam\server.js:558:5)
    at MessageStream.messageHandler (C:\Users\Nicolas\bootcamp\collab\letscoder-bootcamp-202010\staff\nicolas-postigo\huertea-api\node_modules\mongodb\lib\cmap\connection.js:277:5)
    at MessageStream.emit (events.js:314:20)
    at processIncomingData (C:\Users\Nicolas\bootcamp\collab\letscoder-bootcamp-202010\staff\nicolas-postigo\huertea-api\node_modules\mongodb\lib\cmap\message_stream.js:144:12)
    at MessageStream._write (C:\Users\Nicolas\bootcamp\collab\letscoder-bootcamp-202010\staff\nicolas-postigo\huertea-api\node_modules\mongodb\lib\cmap\message_stream.js:42:5)
    at doWrite (_stream_writable.js:403:12)
    at writeOrBuffer (_stream_writable.js:387:5)
    at MessageStream.Writable.write (_stream_writable.js:318:11)
    at Socket.ondata (_stream_readable.js:719:22)
    at Socket.emit (events.js:314:20)
    at addChunk (_stream_readable.js:298:12)
info 2020-12-12T17:21:06.153Z - stopping server
info 2020-12-12T17:21:13.640Z - starting server
info 2020-12-12T17:21:14.131Z - server running on port 4000
info 2020-12-12T17:25:16.387Z - starting server
info 2020-12-12T17:25:16.635Z - server running on port 4000
info 2020-12-12T17:25:21.657Z - stopping server
info 2020-12-12T17:25:49.900Z - starting server
info 2020-12-12T17:25:50.181Z - server running on port 4000
info 2020-12-12T17:29:53.489Z - stopping server
info 2020-12-12T17:30:16.232Z - starting server
info 2020-12-12T17:30:16.887Z - server running on port 4000
info 2020-12-12T17:32:42.915Z - stopping server
info 2020-12-12T17:36:24.186Z - starting server
info 2020-12-12T17:36:24.389Z - server running on port 4000
error 2020-12-12T18:20:36.035Z - AuthError: wrong credentials
    at C:\Users\Nicolas\bootcamp\collab\letscoder-bootcamp-202010\staff\nicolas-postigo\huertea-api\logic\authenticate-user.js:18:39
error 2020-12-12T18:21:01.633Z - ValidationError: Offer validation failed: price: Cast to Number failed for value "5,25" at path "price"
    at model.Document.invalidate (C:\Users\Nicolas\bootcamp\collab\letscoder-bootcamp-202010\staff\nicolas-postigo\huertea-api\node_modules\mongoose\lib\document.js:2622:32)
    at model.$set (C:\Users\Nicolas\bootcamp\collab\letscoder-bootcamp-202010\staff\nicolas-postigo\huertea-api\node_modules\mongoose\lib\document.js:1286:12)
    at model.$set (C:\Users\Nicolas\bootcamp\collab\letscoder-bootcamp-202010\staff\nicolas-postigo\huertea-api\node_modules\mongoose\lib\document.js:1010:16)
    at model.Document (C:\Users\Nicolas\bootcamp\collab\letscoder-bootcamp-202010\staff\nicolas-postigo\huertea-api\node_modules\mongoose\lib\document.js:150:12)
    at model.Model (C:\Users\Nicolas\bootcamp\collab\letscoder-bootcamp-202010\staff\nicolas-postigo\huertea-api\node_modules\mongoose\lib\model.js:106:12)
    at new model (C:\Users\Nicolas\bootcamp\collab\letscoder-bootcamp-202010\staff\nicolas-postigo\huertea-api\node_modules\mongoose\lib\model.js:4689:15)
    at C:\Users\Nicolas\bootcamp\collab\letscoder-bootcamp-202010\staff\nicolas-postigo\huertea-api\node_modules\mongoose\lib\model.js:3055:22
    at C:\Users\Nicolas\bootcamp\collab\letscoder-bootcamp-202010\staff\nicolas-postigo\huertea-api\node_modules\mongoose\lib\model.js:3091:7
    at Array.forEach (<anonymous>)
    at C:\Users\Nicolas\bootcamp\collab\letscoder-bootcamp-202010\staff\nicolas-postigo\huertea-api\node_modules\mongoose\lib\model.js:3090:15
    at C:\Users\Nicolas\bootcamp\collab\letscoder-bootcamp-202010\staff\nicolas-postigo\huertea-api\node_modules\mongoose\lib\helpers\promiseOrCallback.js:31:5
    at new Promise (<anonymous>)
    at promiseOrCallback (C:\Users\Nicolas\bootcamp\collab\letscoder-bootcamp-202010\staff\nicolas-postigo\huertea-api\node_modules\mongoose\lib\helpers\promiseOrCallback.js:30:10)
    at Mongoose._promiseOrCallback (C:\Users\Nicolas\bootcamp\collab\letscoder-bootcamp-202010\staff\nicolas-postigo\huertea-api\node_modules\mongoose\lib\index.js:1129:10)
    at Function.create (C:\Users\Nicolas\bootcamp\collab\letscoder-bootcamp-202010\staff\nicolas-postigo\huertea-api\node_modules\mongoose\lib\model.js:3025:23)
    at C:\Users\Nicolas\bootcamp\collab\letscoder-bootcamp-202010\staff\nicolas-postigo\huertea-api\logic\create-offer.js:38:34
info 2020-12-13T08:41:16.686Z - stopping server
info 2020-12-13T08:41:37.943Z - starting server
info 2020-12-13T08:41:38.794Z - server running on port 4000
error 2020-12-13T09:02:59.991Z - ConflictError: user with e-mail nicolas@mail.com already registered
    at C:\Users\Nicolas\bootcamp\collab\letscoder-bootcamp-202010\staff\nicolas-postigo\huertea-api\logic\register-user.js:17:33
    at processTicksAndRejections (internal/process/task_queues.js:97:5)
error 2020-12-13T09:03:08.260Z - AuthError: wrong credentials
    at C:\Users\Nicolas\bootcamp\collab\letscoder-bootcamp-202010\staff\nicolas-postigo\huertea-api\logic\authenticate-user.js:18:39
error 2020-12-13T09:03:27.255Z - AuthError: wrong credentials
    at C:\Users\Nicolas\bootcamp\collab\letscoder-bootcamp-202010\staff\nicolas-postigo\huertea-api\logic\authenticate-user.js:12:30
    at processTicksAndRejections (internal/process/task_queues.js:97:5)
info 2020-12-13T10:18:20.098Z - stopping server
info 2020-12-13T10:18:33.664Z - starting server
info 2020-12-13T10:18:34.147Z - server running on port 4000
error 2020-12-13T10:26:15.210Z - AuthError: wrong credentials
    at C:\Users\Nicolas\bootcamp\collab\letscoder-bootcamp-202010\staff\nicolas-postigo\huertea-api\logic\authenticate-user.js:18:39
error 2020-12-13T11:01:34.444Z - NotFoundError: offer with id 5fd509a2f044ad0fccacea84 not found
    at C:\Users\Nicolas\bootcamp\collab\letscoder-bootcamp-202010\staff\nicolas-postigo\huertea-api\logic\delete-offer.js:27:47
    at runMicrotasks (<anonymous>)
    at processTicksAndRejections (internal/process/task_queues.js:97:5)
info 2020-12-13T15:22:45.028Z - stopping server
info 2020-12-14T10:10:09.725Z - starting server
error 2020-12-14T10:10:09.954Z - Error: Cannot find module '../models'
Require stack:
- C:\Users\Nicolas\bootcamp\collab\letscoder-bootcamp-202010\staff\nicolas-postigo\huertea-project\huertea-api\logic\create-offer.js
- C:\Users\Nicolas\bootcamp\collab\letscoder-bootcamp-202010\staff\nicolas-postigo\huertea-project\huertea-api\logic\index.js
- C:\Users\Nicolas\bootcamp\collab\letscoder-bootcamp-202010\staff\nicolas-postigo\huertea-project\huertea-api\routes\api\handlers\handle-register-user.js
- C:\Users\Nicolas\bootcamp\collab\letscoder-bootcamp-202010\staff\nicolas-postigo\huertea-project\huertea-api\routes\api\handlers\index.js
- C:\Users\Nicolas\bootcamp\collab\letscoder-bootcamp-202010\staff\nicolas-postigo\huertea-project\huertea-api\routes\api\index.js
- C:\Users\Nicolas\bootcamp\collab\letscoder-bootcamp-202010\staff\nicolas-postigo\huertea-project\huertea-api\routes\index.js
- C:\Users\Nicolas\bootcamp\collab\letscoder-bootcamp-202010\staff\nicolas-postigo\huertea-project\huertea-api\index.js
    at Function.Module._resolveFilename (internal/modules/cjs/loader.js:831:15)
    at Function.Module._load (internal/modules/cjs/loader.js:687:27)
    at Module.require (internal/modules/cjs/loader.js:903:19)
    at require (internal/modules/cjs/helpers.js:74:18)
    at Object.<anonymous> (C:\Users\Nicolas\bootcamp\collab\letscoder-bootcamp-202010\staff\nicolas-postigo\huertea-project\huertea-api\logic\create-offer.js:3:19)
    at Module._compile (internal/modules/cjs/loader.js:1015:30)
    at Object.Module._extensions..js (internal/modules/cjs/loader.js:1035:10)
    at Module.load (internal/modules/cjs/loader.js:879:32)
    at Function.Module._load (internal/modules/cjs/loader.js:724:14)
    at Module.require (internal/modules/cjs/loader.js:903:19)
    at require (internal/modules/cjs/helpers.js:74:18)
    at Object.<anonymous> (C:\Users\Nicolas\bootcamp\collab\letscoder-bootcamp-202010\staff\nicolas-postigo\huertea-project\huertea-api\logic\index.js:5:18)
    at Module._compile (internal/modules/cjs/loader.js:1015:30)
    at Object.Module._extensions..js (internal/modules/cjs/loader.js:1035:10)
    at Module.load (internal/modules/cjs/loader.js:879:32)
    at Function.Module._load (internal/modules/cjs/loader.js:724:14)
info 2020-12-14T10:10:09.985Z - stopping server
info 2020-12-14T10:10:29.255Z - starting server
error 2020-12-14T10:10:29.655Z - Error: Cannot find module '../models'
Require stack:
- C:\Users\Nicolas\bootcamp\collab\letscoder-bootcamp-202010\staff\nicolas-postigo\huertea-project\huertea-api\logic\create-offer.js
- C:\Users\Nicolas\bootcamp\collab\letscoder-bootcamp-202010\staff\nicolas-postigo\huertea-project\huertea-api\logic\index.js
- C:\Users\Nicolas\bootcamp\collab\letscoder-bootcamp-202010\staff\nicolas-postigo\huertea-project\huertea-api\routes\api\handlers\handle-register-user.js
- C:\Users\Nicolas\bootcamp\collab\letscoder-bootcamp-202010\staff\nicolas-postigo\huertea-project\huertea-api\routes\api\handlers\index.js
- C:\Users\Nicolas\bootcamp\collab\letscoder-bootcamp-202010\staff\nicolas-postigo\huertea-project\huertea-api\routes\api\index.js
- C:\Users\Nicolas\bootcamp\collab\letscoder-bootcamp-202010\staff\nicolas-postigo\huertea-project\huertea-api\routes\index.js
- C:\Users\Nicolas\bootcamp\collab\letscoder-bootcamp-202010\staff\nicolas-postigo\huertea-project\huertea-api\index.js
    at Function.Module._resolveFilename (internal/modules/cjs/loader.js:831:15)
    at Function.Module._load (internal/modules/cjs/loader.js:687:27)
    at Module.require (internal/modules/cjs/loader.js:903:19)
    at require (internal/modules/cjs/helpers.js:74:18)
    at Object.<anonymous> (C:\Users\Nicolas\bootcamp\collab\letscoder-bootcamp-202010\staff\nicolas-postigo\huertea-project\huertea-api\logic\create-offer.js:3:19)
    at Module._compile (internal/modules/cjs/loader.js:1015:30)
    at Object.Module._extensions..js (internal/modules/cjs/loader.js:1035:10)
    at Module.load (internal/modules/cjs/loader.js:879:32)
    at Function.Module._load (internal/modules/cjs/loader.js:724:14)
    at Module.require (internal/modules/cjs/loader.js:903:19)
    at require (internal/modules/cjs/helpers.js:74:18)
    at Object.<anonymous> (C:\Users\Nicolas\bootcamp\collab\letscoder-bootcamp-202010\staff\nicolas-postigo\huertea-project\huertea-api\logic\index.js:5:18)
    at Module._compile (internal/modules/cjs/loader.js:1015:30)
    at Object.Module._extensions..js (internal/modules/cjs/loader.js:1035:10)
    at Module.load (internal/modules/cjs/loader.js:879:32)
    at Function.Module._load (internal/modules/cjs/loader.js:724:14)
info 2020-12-14T10:10:29.668Z - stopping server
info 2020-12-14T10:11:55.227Z - starting server
error 2020-12-14T10:11:55.960Z - Error: Cannot find module '../models'
Require stack:
- C:\Users\Nicolas\bootcamp\collab\letscoder-bootcamp-202010\staff\nicolas-postigo\huertea-project\huertea-api\logic\retrieve-all-offers.js
- C:\Users\Nicolas\bootcamp\collab\letscoder-bootcamp-202010\staff\nicolas-postigo\huertea-project\huertea-api\logic\index.js
- C:\Users\Nicolas\bootcamp\collab\letscoder-bootcamp-202010\staff\nicolas-postigo\huertea-project\huertea-api\routes\api\handlers\handle-register-user.js
- C:\Users\Nicolas\bootcamp\collab\letscoder-bootcamp-202010\staff\nicolas-postigo\huertea-project\huertea-api\routes\api\handlers\index.js
- C:\Users\Nicolas\bootcamp\collab\letscoder-bootcamp-202010\staff\nicolas-postigo\huertea-project\huertea-api\routes\api\index.js
- C:\Users\Nicolas\bootcamp\collab\letscoder-bootcamp-202010\staff\nicolas-postigo\huertea-project\huertea-api\routes\index.js
- C:\Users\Nicolas\bootcamp\collab\letscoder-bootcamp-202010\staff\nicolas-postigo\huertea-project\huertea-api\index.js
    at Function.Module._resolveFilename (internal/modules/cjs/loader.js:831:15)
    at Function.Module._load (internal/modules/cjs/loader.js:687:27)
    at Module.require (internal/modules/cjs/loader.js:903:19)
    at require (internal/modules/cjs/helpers.js:74:18)
    at Object.<anonymous> (C:\Users\Nicolas\bootcamp\collab\letscoder-bootcamp-202010\staff\nicolas-postigo\huertea-project\huertea-api\logic\retrieve-all-offers.js:3:19)
    at Module._compile (internal/modules/cjs/loader.js:1015:30)
    at Object.Module._extensions..js (internal/modules/cjs/loader.js:1035:10)
    at Module.load (internal/modules/cjs/loader.js:879:32)
    at Function.Module._load (internal/modules/cjs/loader.js:724:14)
    at Module.require (internal/modules/cjs/loader.js:903:19)
    at require (internal/modules/cjs/helpers.js:74:18)
    at Object.<anonymous> (C:\Users\Nicolas\bootcamp\collab\letscoder-bootcamp-202010\staff\nicolas-postigo\huertea-project\huertea-api\logic\index.js:6:20)
    at Module._compile (internal/modules/cjs/loader.js:1015:30)
    at Object.Module._extensions..js (internal/modules/cjs/loader.js:1035:10)
    at Module.load (internal/modules/cjs/loader.js:879:32)
    at Function.Module._load (internal/modules/cjs/loader.js:724:14)
info 2020-12-14T10:11:55.988Z - stopping server
info 2020-12-14T10:12:52.615Z - starting server
error 2020-12-14T10:12:54.809Z - Error: Cannot find module '../models'
Require stack:
- C:\Users\Nicolas\bootcamp\collab\letscoder-bootcamp-202010\staff\nicolas-postigo\huertea-project\huertea-api\logic\find-offer.js
- C:\Users\Nicolas\bootcamp\collab\letscoder-bootcamp-202010\staff\nicolas-postigo\huertea-project\huertea-api\logic\index.js
- C:\Users\Nicolas\bootcamp\collab\letscoder-bootcamp-202010\staff\nicolas-postigo\huertea-project\huertea-api\routes\api\handlers\handle-register-user.js
- C:\Users\Nicolas\bootcamp\collab\letscoder-bootcamp-202010\staff\nicolas-postigo\huertea-project\huertea-api\routes\api\handlers\index.js
- C:\Users\Nicolas\bootcamp\collab\letscoder-bootcamp-202010\staff\nicolas-postigo\huertea-project\huertea-api\routes\api\index.js
- C:\Users\Nicolas\bootcamp\collab\letscoder-bootcamp-202010\staff\nicolas-postigo\huertea-project\huertea-api\routes\index.js
- C:\Users\Nicolas\bootcamp\collab\letscoder-bootcamp-202010\staff\nicolas-postigo\huertea-project\huertea-api\index.js
    at Function.Module._resolveFilename (internal/modules/cjs/loader.js:831:15)
    at Function.Module._load (internal/modules/cjs/loader.js:687:27)
    at Module.require (internal/modules/cjs/loader.js:903:19)
    at require (internal/modules/cjs/helpers.js:74:18)
    at Object.<anonymous> (C:\Users\Nicolas\bootcamp\collab\letscoder-bootcamp-202010\staff\nicolas-postigo\huertea-project\huertea-api\logic\find-offer.js:1:19)
    at Module._compile (internal/modules/cjs/loader.js:1015:30)
    at Object.Module._extensions..js (internal/modules/cjs/loader.js:1035:10)
    at Module.load (internal/modules/cjs/loader.js:879:32)
    at Function.Module._load (internal/modules/cjs/loader.js:724:14)
    at Module.require (internal/modules/cjs/loader.js:903:19)
    at require (internal/modules/cjs/helpers.js:74:18)
    at Object.<anonymous> (C:\Users\Nicolas\bootcamp\collab\letscoder-bootcamp-202010\staff\nicolas-postigo\huertea-project\huertea-api\logic\index.js:7:16)
    at Module._compile (internal/modules/cjs/loader.js:1015:30)
    at Object.Module._extensions..js (internal/modules/cjs/loader.js:1035:10)
    at Module.load (internal/modules/cjs/loader.js:879:32)
    at Function.Module._load (internal/modules/cjs/loader.js:724:14)
info 2020-12-14T10:12:54.834Z - stopping server
info 2020-12-14T10:13:26.664Z - starting server
error 2020-12-14T10:13:28.745Z - Error: Cannot find module '../models'
Require stack:
- C:\Users\Nicolas\bootcamp\collab\letscoder-bootcamp-202010\staff\nicolas-postigo\huertea-project\huertea-api\logic\delete-offer.js
- C:\Users\Nicolas\bootcamp\collab\letscoder-bootcamp-202010\staff\nicolas-postigo\huertea-project\huertea-api\logic\index.js
- C:\Users\Nicolas\bootcamp\collab\letscoder-bootcamp-202010\staff\nicolas-postigo\huertea-project\huertea-api\routes\api\handlers\handle-register-user.js
- C:\Users\Nicolas\bootcamp\collab\letscoder-bootcamp-202010\staff\nicolas-postigo\huertea-project\huertea-api\routes\api\handlers\index.js
- C:\Users\Nicolas\bootcamp\collab\letscoder-bootcamp-202010\staff\nicolas-postigo\huertea-project\huertea-api\routes\api\index.js
- C:\Users\Nicolas\bootcamp\collab\letscoder-bootcamp-202010\staff\nicolas-postigo\huertea-project\huertea-api\routes\index.js
- C:\Users\Nicolas\bootcamp\collab\letscoder-bootcamp-202010\staff\nicolas-postigo\huertea-project\huertea-api\index.js
    at Function.Module._resolveFilename (internal/modules/cjs/loader.js:831:15)
    at Function.Module._load (internal/modules/cjs/loader.js:687:27)
    at Module.require (internal/modules/cjs/loader.js:903:19)
    at require (internal/modules/cjs/helpers.js:74:18)
    at Object.<anonymous> (C:\Users\Nicolas\bootcamp\collab\letscoder-bootcamp-202010\staff\nicolas-postigo\huertea-project\huertea-api\logic\delete-offer.js:3:19)
    at Module._compile (internal/modules/cjs/loader.js:1015:30)
    at Object.Module._extensions..js (internal/modules/cjs/loader.js:1035:10)
    at Module.load (internal/modules/cjs/loader.js:879:32)
    at Function.Module._load (internal/modules/cjs/loader.js:724:14)
    at Module.require (internal/modules/cjs/loader.js:903:19)
    at require (internal/modules/cjs/helpers.js:74:18)
    at Object.<anonymous> (C:\Users\Nicolas\bootcamp\collab\letscoder-bootcamp-202010\staff\nicolas-postigo\huertea-project\huertea-api\logic\index.js:10:18)
    at Module._compile (internal/modules/cjs/loader.js:1015:30)
    at Object.Module._extensions..js (internal/modules/cjs/loader.js:1035:10)
    at Module.load (internal/modules/cjs/loader.js:879:32)
    at Function.Module._load (internal/modules/cjs/loader.js:724:14)
info 2020-12-14T10:13:28.755Z - stopping server
info 2020-12-14T10:13:53.587Z - starting server
error 2020-12-14T10:13:55.347Z - Error: Cannot find module '../models'
Require stack:
- C:\Users\Nicolas\bootcamp\collab\letscoder-bootcamp-202010\staff\nicolas-postigo\huertea-project\huertea-api\logic\retrieve-offer-by-owner.js
- C:\Users\Nicolas\bootcamp\collab\letscoder-bootcamp-202010\staff\nicolas-postigo\huertea-project\huertea-api\logic\index.js
- C:\Users\Nicolas\bootcamp\collab\letscoder-bootcamp-202010\staff\nicolas-postigo\huertea-project\huertea-api\routes\api\handlers\handle-register-user.js
- C:\Users\Nicolas\bootcamp\collab\letscoder-bootcamp-202010\staff\nicolas-postigo\huertea-project\huertea-api\routes\api\handlers\index.js
- C:\Users\Nicolas\bootcamp\collab\letscoder-bootcamp-202010\staff\nicolas-postigo\huertea-project\huertea-api\routes\api\index.js
- C:\Users\Nicolas\bootcamp\collab\letscoder-bootcamp-202010\staff\nicolas-postigo\huertea-project\huertea-api\routes\index.js
- C:\Users\Nicolas\bootcamp\collab\letscoder-bootcamp-202010\staff\nicolas-postigo\huertea-project\huertea-api\index.js
    at Function.Module._resolveFilename (internal/modules/cjs/loader.js:831:15)
    at Function.Module._load (internal/modules/cjs/loader.js:687:27)
    at Module.require (internal/modules/cjs/loader.js:903:19)
    at require (internal/modules/cjs/helpers.js:74:18)
    at Object.<anonymous> (C:\Users\Nicolas\bootcamp\collab\letscoder-bootcamp-202010\staff\nicolas-postigo\huertea-project\huertea-api\logic\retrieve-offer-by-owner.js:3:19)
    at Module._compile (internal/modules/cjs/loader.js:1015:30)
    at Object.Module._extensions..js (internal/modules/cjs/loader.js:1035:10)
    at Module.load (internal/modules/cjs/loader.js:879:32)
    at Function.Module._load (internal/modules/cjs/loader.js:724:14)
    at Module.require (internal/modules/cjs/loader.js:903:19)
    at require (internal/modules/cjs/helpers.js:74:18)
    at Object.<anonymous> (C:\Users\Nicolas\bootcamp\collab\letscoder-bootcamp-202010\staff\nicolas-postigo\huertea-project\huertea-api\logic\index.js:11:25)
    at Module._compile (internal/modules/cjs/loader.js:1015:30)
    at Object.Module._extensions..js (internal/modules/cjs/loader.js:1035:10)
    at Module.load (internal/modules/cjs/loader.js:879:32)
    at Function.Module._load (internal/modules/cjs/loader.js:724:14)
info 2020-12-14T10:13:55.358Z - stopping server
info 2020-12-14T10:14:23.180Z - starting server
info 2020-12-14T10:14:25.831Z - server running on port 4000
info 2020-12-14T10:15:01.866Z - stopping server
info 2020-12-14T10:15:49.356Z - starting server
info 2020-12-14T10:15:51.627Z - server running on port 4000
error 2020-12-14T10:18:56.434Z - ConflictError: user with e-mail ines@mail.com already registered
    at C:\Users\Nicolas\bootcamp\collab\letscoder-bootcamp-202010\staff\nicolas-postigo\huertea-project\huertea-api\logic\register-user.js:17:33
    at processTicksAndRejections (internal/process/task_queues.js:97:5)
info 2020-12-14T10:23:29.863Z - stopping server
info 2020-12-14T18:26:43.084Z - starting server
info 2020-12-14T18:26:45.198Z - server running on port 4000
info 2020-12-14T18:27:05.722Z - starting server
error 2020-12-14T18:33:35.851Z - AuthError: wrong credentials
    at C:\Users\Nicolas\bootcamp\collab\letscoder-bootcamp-202010\staff\nicolas-postigo\huertea-project\huertea-api\logic\authenticate-user.js:18:39
error 2020-12-14T18:33:56.480Z - AuthError: wrong credentials
    at C:\Users\Nicolas\bootcamp\collab\letscoder-bootcamp-202010\staff\nicolas-postigo\huertea-project\huertea-api\logic\authenticate-user.js:12:30
    at processTicksAndRejections (internal/process/task_queues.js:97:5)
error 2020-12-14T18:33:59.960Z - AuthError: wrong credentials
    at C:\Users\Nicolas\bootcamp\collab\letscoder-bootcamp-202010\staff\nicolas-postigo\huertea-project\huertea-api\logic\authenticate-user.js:12:30
    at processTicksAndRejections (internal/process/task_queues.js:97:5)
error 2020-12-14T18:34:08.797Z - AuthError: wrong credentials
    at C:\Users\Nicolas\bootcamp\collab\letscoder-bootcamp-202010\staff\nicolas-postigo\huertea-project\huertea-api\logic\authenticate-user.js:12:30
    at processTicksAndRejections (internal/process/task_queues.js:97:5)
error 2020-12-14T18:34:19.051Z - AuthError: wrong credentials
    at C:\Users\Nicolas\bootcamp\collab\letscoder-bootcamp-202010\staff\nicolas-postigo\huertea-project\huertea-api\logic\authenticate-user.js:12:30
    at processTicksAndRejections (internal/process/task_queues.js:97:5)
info 2020-12-14T18:42:27.964Z - stopping server
info 2020-12-14T18:42:36.136Z - starting server
info 2020-12-14T18:42:38.228Z - server running on port 4000
info 2020-12-14T18:43:19.205Z - stopping server
info 2020-12-14T18:43:26.136Z - starting server
info 2020-12-14T18:43:27.146Z - server running on port 4000
error 2020-12-14T18:45:15.123Z - AuthError: wrong credentials
    at C:\Users\Nicolas\bootcamp\collab\letscoder-bootcamp-202010\staff\nicolas-postigo\huertea-project\huertea-api\logic\authenticate-user.js:12:30
    at processTicksAndRejections (internal/process/task_queues.js:97:5)
error 2020-12-14T18:45:19.858Z - AuthError: wrong credentials
    at C:\Users\Nicolas\bootcamp\collab\letscoder-bootcamp-202010\staff\nicolas-postigo\huertea-project\huertea-api\logic\authenticate-user.js:12:30
    at processTicksAndRejections (internal/process/task_queues.js:97:5)
info 2020-12-14T18:54:51.563Z - stopping server
info 2020-12-15T10:15:56.030Z - starting server
info 2020-12-15T10:15:57.948Z - server running on port 4000
error 2020-12-15T10:17:25.864Z - AuthError: wrong credentials
    at C:\Users\Nicolas\bootcamp\collab\letscoder-bootcamp-202010\staff\nicolas-postigo\huertea-project\huertea-api\logic\authenticate-user.js:12:30
    at processTicksAndRejections (internal/process/task_queues.js:97:5)
error 2020-12-15T10:17:33.865Z - AuthError: wrong credentials
    at C:\Users\Nicolas\bootcamp\collab\letscoder-bootcamp-202010\staff\nicolas-postigo\huertea-project\huertea-api\logic\authenticate-user.js:12:30
    at processTicksAndRejections (internal/process/task_queues.js:97:5)
error 2020-12-15T10:17:39.441Z - AuthError: wrong credentials
    at C:\Users\Nicolas\bootcamp\collab\letscoder-bootcamp-202010\staff\nicolas-postigo\huertea-project\huertea-api\logic\authenticate-user.js:12:30
    at processTicksAndRejections (internal/process/task_queues.js:97:5)
error 2020-12-15T10:17:44.224Z - AuthError: wrong credentials
    at C:\Users\Nicolas\bootcamp\collab\letscoder-bootcamp-202010\staff\nicolas-postigo\huertea-project\huertea-api\logic\authenticate-user.js:12:30
    at processTicksAndRejections (internal/process/task_queues.js:97:5)
error 2020-12-15T10:17:51.652Z - AuthError: wrong credentials
    at C:\Users\Nicolas\bootcamp\collab\letscoder-bootcamp-202010\staff\nicolas-postigo\huertea-project\huertea-api\logic\authenticate-user.js:12:30
    at processTicksAndRejections (internal/process/task_queues.js:97:5)
error 2020-12-15T10:18:51.421Z - AuthError: wrong credentials
    at C:\Users\Nicolas\bootcamp\collab\letscoder-bootcamp-202010\staff\nicolas-postigo\huertea-project\huertea-api\logic\authenticate-user.js:12:30
    at processTicksAndRejections (internal/process/task_queues.js:97:5)
error 2020-12-15T10:19:23.314Z - AuthError: wrong credentials
    at C:\Users\Nicolas\bootcamp\collab\letscoder-bootcamp-202010\staff\nicolas-postigo\huertea-project\huertea-api\logic\authenticate-user.js:12:30
    at processTicksAndRejections (internal/process/task_queues.js:97:5)
info 2020-12-15T10:19:52.152Z - stopping server
info 2020-12-15T10:19:58.879Z - starting server
info 2020-12-15T10:19:59.705Z - server running on port 4000
info 2020-12-15T10:20:12.019Z - stopping server
info 2020-12-15T10:25:55.606Z - starting server
info 2020-12-15T10:25:56.794Z - server running on port 4000
error 2020-12-15T10:26:27.122Z - AuthError: wrong credentials
    at C:\Users\Nicolas\bootcamp\collab\letscoder-bootcamp-202010\staff\nicolas-postigo\huertea-project\huertea-api\logic\authenticate-user.js:12:30
    at processTicksAndRejections (internal/process/task_queues.js:97:5)
error 2020-12-15T10:35:23.369Z - AuthError: wrong credentials
    at C:\Users\Nicolas\bootcamp\collab\letscoder-bootcamp-202010\staff\nicolas-postigo\huertea-project\huertea-api\logic\authenticate-user.js:12:30
    at processTicksAndRejections (internal/process/task_queues.js:97:5)
info 2020-12-15T10:49:37.082Z - stopping server
info 2020-12-15T10:49:50.808Z - starting server
info 2020-12-15T10:49:52.142Z - server running on port 4000
error 2020-12-15T11:04:31.253Z - ValidationError: Offer validation failed: Emailcontact: Path `Emailcontact` is required., Phonecontact: Path `Phonecontact` is required., Offeraddress: Path `Offeraddress` is required.
    at model.Document.invalidate (C:\Users\Nicolas\bootcamp\collab\letscoder-bootcamp-202010\staff\nicolas-postigo\huertea-project\huertea-data\node_modules\mongoose\lib\document.js:2688:32)
    at C:\Users\Nicolas\bootcamp\collab\letscoder-bootcamp-202010\staff\nicolas-postigo\huertea-project\huertea-data\node_modules\mongoose\lib\document.js:2508:17
    at C:\Users\Nicolas\bootcamp\collab\letscoder-bootcamp-202010\staff\nicolas-postigo\huertea-project\huertea-data\node_modules\mongoose\lib\schematype.js:1260:9
    at processTicksAndRejections (internal/process/task_queues.js:79:11)
info 2020-12-15T11:05:40.826Z - stopping server
info 2020-12-15T11:05:47.878Z - starting server
info 2020-12-15T11:05:49.072Z - server running on port 4000
error 2020-12-15T11:06:17.916Z - ValidationError: Offer validation failed: Emailcontact: Path `Emailcontact` is required., Phonecontact: Path `Phonecontact` is required., Offeraddress: Path `Offeraddress` is required.
    at model.Document.invalidate (C:\Users\Nicolas\bootcamp\collab\letscoder-bootcamp-202010\staff\nicolas-postigo\huertea-project\huertea-data\node_modules\mongoose\lib\document.js:2688:32)
    at C:\Users\Nicolas\bootcamp\collab\letscoder-bootcamp-202010\staff\nicolas-postigo\huertea-project\huertea-data\node_modules\mongoose\lib\document.js:2508:17
    at C:\Users\Nicolas\bootcamp\collab\letscoder-bootcamp-202010\staff\nicolas-postigo\huertea-project\huertea-data\node_modules\mongoose\lib\schematype.js:1260:9
    at processTicksAndRejections (internal/process/task_queues.js:79:11)
error 2020-12-15T11:06:59.207Z - ValidationError: Offer validation failed: Emailcontact: Path `Emailcontact` is required., Phonecontact: Path `Phonecontact` is required., Offeraddress: Path `Offeraddress` is required.
    at model.Document.invalidate (C:\Users\Nicolas\bootcamp\collab\letscoder-bootcamp-202010\staff\nicolas-postigo\huertea-project\huertea-data\node_modules\mongoose\lib\document.js:2688:32)
    at C:\Users\Nicolas\bootcamp\collab\letscoder-bootcamp-202010\staff\nicolas-postigo\huertea-project\huertea-data\node_modules\mongoose\lib\document.js:2508:17
    at C:\Users\Nicolas\bootcamp\collab\letscoder-bootcamp-202010\staff\nicolas-postigo\huertea-project\huertea-data\node_modules\mongoose\lib\schematype.js:1260:9
    at processTicksAndRejections (internal/process/task_queues.js:79:11)
info 2020-12-15T11:07:03.833Z - stopping server
info 2020-12-15T11:07:57.850Z - starting server
info 2020-12-15T11:07:59.732Z - server running on port 4000
info 2020-12-15T11:19:00.282Z - stopping server
info 2020-12-15T11:19:52.552Z - starting server
info 2020-12-15T11:19:54.590Z - server running on port 4000
info 2020-12-15T14:59:30.737Z - stopping server
info 2020-12-15T14:59:52.158Z - starting server
info 2020-12-15T14:59:53.726Z - server running on port 4000
info 2020-12-15T15:00:06.496Z - stopping server
info 2020-12-15T16:12:58.330Z - starting server
info 2020-12-15T16:12:59.384Z - server running on port 4000
error 2020-12-15T16:13:03.785Z - AuthError: wrong credentials
    at C:\Users\Nicolas\bootcamp\collab\letscoder-bootcamp-202010\staff\nicolas-postigo\huertea-project\huertea-api\logic\authenticate-user.js:12:30
    at processTicksAndRejections (internal/process/task_queues.js:97:5)
error 2020-12-15T16:13:08.505Z - AuthError: wrong credentials
    at C:\Users\Nicolas\bootcamp\collab\letscoder-bootcamp-202010\staff\nicolas-postigo\huertea-project\huertea-api\logic\authenticate-user.js:12:30
    at processTicksAndRejections (internal/process/task_queues.js:97:5)
error 2020-12-15T16:14:55.468Z - AuthError: wrong credentials
    at C:\Users\Nicolas\bootcamp\collab\letscoder-bootcamp-202010\staff\nicolas-postigo\huertea-project\huertea-api\logic\authenticate-user.js:12:30
    at processTicksAndRejections (internal/process/task_queues.js:97:5)
info 2020-12-15T16:25:24.580Z - stopping server
info 2020-12-15T16:46:14.597Z - starting server
info 2020-12-15T16:46:15.413Z - server running on port 4000
error 2020-12-15T16:46:18.118Z - ConflictError: user with e-mail diego@mail.com already registered
    at C:\Users\Nicolas\bootcamp\collab\letscoder-bootcamp-202010\staff\nicolas-postigo\huertea-project\huertea-api\logic\register-user.js:17:33
    at processTicksAndRejections (internal/process/task_queues.js:97:5)
error 2020-12-15T16:46:26.019Z - ConflictError: user with e-mail diego@mail.com already registered
    at C:\Users\Nicolas\bootcamp\collab\letscoder-bootcamp-202010\staff\nicolas-postigo\huertea-project\huertea-api\logic\register-user.js:17:33
    at processTicksAndRejections (internal/process/task_queues.js:97:5)
info 2020-12-15T16:49:01.461Z - stopping server
info 2020-12-15T16:54:38.327Z - starting server
info 2020-12-15T16:54:39.151Z - server running on port 4000
info 2020-12-15T16:55:54.098Z - stopping server
info 2020-12-15T16:57:57.332Z - starting server
info 2020-12-15T16:57:58.734Z - server running on port 4000
info 2020-12-15T16:59:04.308Z - stopping server
info 2020-12-15T17:11:41.825Z - starting server
info 2020-12-15T17:11:44.690Z - server running on port 4000
error 2020-12-15T17:20:09.658Z - AuthError: wrong credentials
    at C:\Users\Nicolas\bootcamp\collab\letscoder-bootcamp-202010\staff\nicolas-postigo\huertea-project\huertea-api\logic\authenticate-user.js:12:30
    at processTicksAndRejections (internal/process/task_queues.js:97:5)
error 2020-12-15T17:26:06.373Z - AuthError: wrong credentials
    at C:\Users\Nicolas\bootcamp\collab\letscoder-bootcamp-202010\staff\nicolas-postigo\huertea-project\huertea-api\logic\authenticate-user.js:12:30
    at runMicrotasks (<anonymous>)
    at processTicksAndRejections (internal/process/task_queues.js:97:5)
info 2020-12-15T17:26:46.988Z - stopping server
info 2020-12-15T17:31:33.650Z - starting server
info 2020-12-15T17:31:35.163Z - server running on port 4000
error 2020-12-15T17:33:42.022Z - AuthError: wrong credentials
    at C:\Users\Nicolas\bootcamp\collab\letscoder-bootcamp-202010\staff\nicolas-postigo\huertea-project\huertea-api\logic\authenticate-user.js:12:30
    at processTicksAndRejections (internal/process/task_queues.js:97:5)
info 2020-12-15T17:36:08.565Z - stopping server
info 2020-12-15T17:36:15.342Z - starting server
info 2020-12-15T17:36:16.324Z - server running on port 4000
error 2020-12-15T17:36:32.878Z - AuthError: wrong credentials
    at C:\Users\Nicolas\bootcamp\collab\letscoder-bootcamp-202010\staff\nicolas-postigo\huertea-project\huertea-api\logic\authenticate-user.js:12:30
    at processTicksAndRejections (internal/process/task_queues.js:97:5)
info 2020-12-15T17:37:30.124Z - stopping server
info 2020-12-15T17:37:38.102Z - starting server
info 2020-12-15T17:37:39.538Z - server running on port 4000
error 2020-12-15T17:38:01.064Z - AuthError: wrong credentials
    at C:\Users\Nicolas\bootcamp\collab\letscoder-bootcamp-202010\staff\nicolas-postigo\huertea-project\huertea-api\logic\authenticate-user.js:12:30
    at processTicksAndRejections (internal/process/task_queues.js:97:5)
error 2020-12-15T17:38:28.716Z - AuthError: wrong credentials
    at C:\Users\Nicolas\bootcamp\collab\letscoder-bootcamp-202010\staff\nicolas-postigo\huertea-project\huertea-api\logic\authenticate-user.js:12:30
    at processTicksAndRejections (internal/process/task_queues.js:97:5)
