info 2020-12-01T10:47:00.943Z - starting server
info 2020-12-01T10:47:01.185Z - server running on port 4000
info 2020-12-01T11:27:21.586Z - stopping server
info 2020-12-01T11:38:48.341Z - starting server
error 2020-12-01T11:38:48.386Z - C:\Users\pi-la\Documents\bootcamp\collab\letscoder-bootcamp-202010\staff\pilar-latorre\adogtapp-project\adogtapp-app\src\logic\index.js:1
import registerUser from './register-user'
^^^^^^

SyntaxError: Cannot use import statement outside a module
    at wrapSafe (internal/modules/cjs/loader.js:979:16)
    at Module._compile (internal/modules/cjs/loader.js:1027:27)
    at Object.Module._extensions..js (internal/modules/cjs/loader.js:1092:10)
    at Module.load (internal/modules/cjs/loader.js:928:32)
    at Function.Module._load (internal/modules/cjs/loader.js:769:14)
    at Module.require (internal/modules/cjs/loader.js:952:19)
    at require (internal/modules/cjs/helpers.js:88:18)
    at Object.<anonymous> (C:\Users\pi-la\Documents\bootcamp\collab\letscoder-bootcamp-202010\staff\pilar-latorre\adogtapp-project\adogtapp-api\logic\index.js:1:30)
    at Module._compile (internal/modules/cjs/loader.js:1063:30)
    at Object.Module._extensions..js (internal/modules/cjs/loader.js:1092:10)
    at Module.load (internal/modules/cjs/loader.js:928:32)
    at Function.Module._load (internal/modules/cjs/loader.js:769:14)
    at Module.require (internal/modules/cjs/loader.js:952:19)
    at require (internal/modules/cjs/helpers.js:88:18)
    at Object.<anonymous> (C:\Users\pi-la\Documents\bootcamp\collab\letscoder-bootcamp-202010\staff\pilar-latorre\adogtapp-project\adogtapp-api\routes\api\handlers\handle-register-user.js:1:26)
    at Module._compile (internal/modules/cjs/loader.js:1063:30)
info 2020-12-01T11:38:48.390Z - stopping server
info 2020-12-01T11:41:23.407Z - starting server
error 2020-12-01T11:41:23.449Z - C:\Users\pi-la\Documents\bootcamp\collab\letscoder-bootcamp-202010\staff\pilar-latorre\adogtapp-project\adogtapp-app\src\logic\index.js:1
import registerUser from './register-user'
^^^^^^

SyntaxError: Cannot use import statement outside a module
    at wrapSafe (internal/modules/cjs/loader.js:979:16)
    at Module._compile (internal/modules/cjs/loader.js:1027:27)
    at Object.Module._extensions..js (internal/modules/cjs/loader.js:1092:10)
    at Module.load (internal/modules/cjs/loader.js:928:32)
    at Function.Module._load (internal/modules/cjs/loader.js:769:14)
    at Module.require (internal/modules/cjs/loader.js:952:19)
    at require (internal/modules/cjs/helpers.js:88:18)
    at Object.<anonymous> (C:\Users\pi-la\Documents\bootcamp\collab\letscoder-bootcamp-202010\staff\pilar-latorre\adogtapp-project\adogtapp-api\logic\index.js:1:30)
    at Module._compile (internal/modules/cjs/loader.js:1063:30)
    at Object.Module._extensions..js (internal/modules/cjs/loader.js:1092:10)
    at Module.load (internal/modules/cjs/loader.js:928:32)
    at Function.Module._load (internal/modules/cjs/loader.js:769:14)
    at Module.require (internal/modules/cjs/loader.js:952:19)
    at require (internal/modules/cjs/helpers.js:88:18)
    at Object.<anonymous> (C:\Users\pi-la\Documents\bootcamp\collab\letscoder-bootcamp-202010\staff\pilar-latorre\adogtapp-project\adogtapp-api\routes\api\handlers\handle-register-user.js:1:26)
    at Module._compile (internal/modules/cjs/loader.js:1063:30)
info 2020-12-01T11:41:23.450Z - stopping server
info 2020-12-01T11:47:48.630Z - starting server
error 2020-12-01T11:47:48.674Z - C:\Users\pi-la\Documents\bootcamp\collab\letscoder-bootcamp-202010\staff\pilar-latorre\adogtapp-project\adogtapp-app\src\logic\index.js:1
import registerUser from './register-user'
^^^^^^

SyntaxError: Cannot use import statement outside a module
    at wrapSafe (internal/modules/cjs/loader.js:979:16)
    at Module._compile (internal/modules/cjs/loader.js:1027:27)
    at Object.Module._extensions..js (internal/modules/cjs/loader.js:1092:10)
    at Module.load (internal/modules/cjs/loader.js:928:32)
    at Function.Module._load (internal/modules/cjs/loader.js:769:14)
    at Module.require (internal/modules/cjs/loader.js:952:19)
    at require (internal/modules/cjs/helpers.js:88:18)
    at Object.<anonymous> (C:\Users\pi-la\Documents\bootcamp\collab\letscoder-bootcamp-202010\staff\pilar-latorre\adogtapp-project\adogtapp-api\logic\index.js:1:30)
    at Module._compile (internal/modules/cjs/loader.js:1063:30)
    at Object.Module._extensions..js (internal/modules/cjs/loader.js:1092:10)
    at Module.load (internal/modules/cjs/loader.js:928:32)
    at Function.Module._load (internal/modules/cjs/loader.js:769:14)
    at Module.require (internal/modules/cjs/loader.js:952:19)
    at require (internal/modules/cjs/helpers.js:88:18)
    at Object.<anonymous> (C:\Users\pi-la\Documents\bootcamp\collab\letscoder-bootcamp-202010\staff\pilar-latorre\adogtapp-project\adogtapp-api\routes\api\handlers\handle-register-user.js:1:26)
    at Module._compile (internal/modules/cjs/loader.js:1063:30)
info 2020-12-01T11:47:48.676Z - stopping server
info 2020-12-01T11:55:01.661Z - starting server
error 2020-12-01T11:55:01.704Z - C:\Users\pi-la\Documents\bootcamp\collab\letscoder-bootcamp-202010\staff\pilar-latorre\adogtapp-project\adogtapp-app\src\logic\index.js:1
import registerUser from './register-user'
^^^^^^

SyntaxError: Cannot use import statement outside a module
    at wrapSafe (internal/modules/cjs/loader.js:979:16)
    at Module._compile (internal/modules/cjs/loader.js:1027:27)
    at Object.Module._extensions..js (internal/modules/cjs/loader.js:1092:10)
    at Module.load (internal/modules/cjs/loader.js:928:32)
    at Function.Module._load (internal/modules/cjs/loader.js:769:14)
    at Module.require (internal/modules/cjs/loader.js:952:19)
    at require (internal/modules/cjs/helpers.js:88:18)
    at Object.<anonymous> (C:\Users\pi-la\Documents\bootcamp\collab\letscoder-bootcamp-202010\staff\pilar-latorre\adogtapp-project\adogtapp-api\logic\index.js:1:30)
    at Module._compile (internal/modules/cjs/loader.js:1063:30)
    at Object.Module._extensions..js (internal/modules/cjs/loader.js:1092:10)
    at Module.load (internal/modules/cjs/loader.js:928:32)
    at Function.Module._load (internal/modules/cjs/loader.js:769:14)
    at Module.require (internal/modules/cjs/loader.js:952:19)
    at require (internal/modules/cjs/helpers.js:88:18)
    at Object.<anonymous> (C:\Users\pi-la\Documents\bootcamp\collab\letscoder-bootcamp-202010\staff\pilar-latorre\adogtapp-project\adogtapp-api\routes\api\handlers\handle-register-user.js:1:26)
    at Module._compile (internal/modules/cjs/loader.js:1063:30)
info 2020-12-01T11:55:01.705Z - stopping server
info 2020-12-01T11:57:24.509Z - starting server
error 2020-12-01T11:57:24.552Z - C:\Users\pi-la\Documents\bootcamp\collab\letscoder-bootcamp-202010\staff\pilar-latorre\adogtapp-project\adogtapp-app\src\logic\index.js:1
import registerUser from './register-user'
^^^^^^

SyntaxError: Cannot use import statement outside a module
    at wrapSafe (internal/modules/cjs/loader.js:979:16)
    at Module._compile (internal/modules/cjs/loader.js:1027:27)
    at Object.Module._extensions..js (internal/modules/cjs/loader.js:1092:10)
    at Module.load (internal/modules/cjs/loader.js:928:32)
    at Function.Module._load (internal/modules/cjs/loader.js:769:14)
    at Module.require (internal/modules/cjs/loader.js:952:19)
    at require (internal/modules/cjs/helpers.js:88:18)
    at Object.<anonymous> (C:\Users\pi-la\Documents\bootcamp\collab\letscoder-bootcamp-202010\staff\pilar-latorre\adogtapp-project\adogtapp-api\logic\index.js:1:30)
    at Module._compile (internal/modules/cjs/loader.js:1063:30)
    at Object.Module._extensions..js (internal/modules/cjs/loader.js:1092:10)
    at Module.load (internal/modules/cjs/loader.js:928:32)
    at Function.Module._load (internal/modules/cjs/loader.js:769:14)
    at Module.require (internal/modules/cjs/loader.js:952:19)
    at require (internal/modules/cjs/helpers.js:88:18)
    at Object.<anonymous> (C:\Users\pi-la\Documents\bootcamp\collab\letscoder-bootcamp-202010\staff\pilar-latorre\adogtapp-project\adogtapp-api\routes\api\handlers\handle-register-user.js:1:26)
    at Module._compile (internal/modules/cjs/loader.js:1063:30)
info 2020-12-01T11:57:24.553Z - stopping server
info 2020-12-01T12:04:29.049Z - starting server
error 2020-12-01T12:04:29.092Z - C:\Users\pi-la\Documents\bootcamp\collab\letscoder-bootcamp-202010\staff\pilar-latorre\adogtapp-project\adogtapp-app\src\logic\index.js:1
import registerUser from './register-user'
^^^^^^

SyntaxError: Cannot use import statement outside a module
    at wrapSafe (internal/modules/cjs/loader.js:979:16)
    at Module._compile (internal/modules/cjs/loader.js:1027:27)
    at Object.Module._extensions..js (internal/modules/cjs/loader.js:1092:10)
    at Module.load (internal/modules/cjs/loader.js:928:32)
    at Function.Module._load (internal/modules/cjs/loader.js:769:14)
    at Module.require (internal/modules/cjs/loader.js:952:19)
    at require (internal/modules/cjs/helpers.js:88:18)
    at Object.<anonymous> (C:\Users\pi-la\Documents\bootcamp\collab\letscoder-bootcamp-202010\staff\pilar-latorre\adogtapp-project\adogtapp-api\logic\index.js:1:30)
    at Module._compile (internal/modules/cjs/loader.js:1063:30)
    at Object.Module._extensions..js (internal/modules/cjs/loader.js:1092:10)
    at Module.load (internal/modules/cjs/loader.js:928:32)
    at Function.Module._load (internal/modules/cjs/loader.js:769:14)
    at Module.require (internal/modules/cjs/loader.js:952:19)
    at require (internal/modules/cjs/helpers.js:88:18)
    at Object.<anonymous> (C:\Users\pi-la\Documents\bootcamp\collab\letscoder-bootcamp-202010\staff\pilar-latorre\adogtapp-project\adogtapp-api\routes\api\handlers\handle-register-user.js:1:26)
    at Module._compile (internal/modules/cjs/loader.js:1063:30)
info 2020-12-01T12:04:29.095Z - stopping server
info 2020-12-01T12:07:47.567Z - starting server
error 2020-12-01T12:07:47.608Z - C:\Users\pi-la\Documents\bootcamp\collab\letscoder-bootcamp-202010\staff\pilar-latorre\adogtapp-project\adogtapp-app\src\logic\index.js:1
import registerUser from './register-user'
^^^^^^

SyntaxError: Cannot use import statement outside a module
    at wrapSafe (internal/modules/cjs/loader.js:979:16)
    at Module._compile (internal/modules/cjs/loader.js:1027:27)
    at Object.Module._extensions..js (internal/modules/cjs/loader.js:1092:10)
    at Module.load (internal/modules/cjs/loader.js:928:32)
    at Function.Module._load (internal/modules/cjs/loader.js:769:14)
    at Module.require (internal/modules/cjs/loader.js:952:19)
    at require (internal/modules/cjs/helpers.js:88:18)
    at Object.<anonymous> (C:\Users\pi-la\Documents\bootcamp\collab\letscoder-bootcamp-202010\staff\pilar-latorre\adogtapp-project\adogtapp-api\logic\index.js:1:30)
    at Module._compile (internal/modules/cjs/loader.js:1063:30)
    at Object.Module._extensions..js (internal/modules/cjs/loader.js:1092:10)
    at Module.load (internal/modules/cjs/loader.js:928:32)
    at Function.Module._load (internal/modules/cjs/loader.js:769:14)
    at Module.require (internal/modules/cjs/loader.js:952:19)
    at require (internal/modules/cjs/helpers.js:88:18)
    at Object.<anonymous> (C:\Users\pi-la\Documents\bootcamp\collab\letscoder-bootcamp-202010\staff\pilar-latorre\adogtapp-project\adogtapp-api\routes\api\handlers\handle-register-user.js:1:26)
    at Module._compile (internal/modules/cjs/loader.js:1063:30)
info 2020-12-01T12:07:47.609Z - stopping server
info 2020-12-01T12:09:47.634Z - starting server
error 2020-12-01T12:09:47.676Z - C:\Users\pi-la\Documents\bootcamp\collab\letscoder-bootcamp-202010\staff\pilar-latorre\adogtapp-project\adogtapp-app\src\logic\index.js:1
import registerUser from './register-user'
^^^^^^

SyntaxError: Cannot use import statement outside a module
    at wrapSafe (internal/modules/cjs/loader.js:979:16)
    at Module._compile (internal/modules/cjs/loader.js:1027:27)
    at Object.Module._extensions..js (internal/modules/cjs/loader.js:1092:10)
    at Module.load (internal/modules/cjs/loader.js:928:32)
    at Function.Module._load (internal/modules/cjs/loader.js:769:14)
    at Module.require (internal/modules/cjs/loader.js:952:19)
    at require (internal/modules/cjs/helpers.js:88:18)
    at Object.<anonymous> (C:\Users\pi-la\Documents\bootcamp\collab\letscoder-bootcamp-202010\staff\pilar-latorre\adogtapp-project\adogtapp-api\logic\index.js:1:30)
    at Module._compile (internal/modules/cjs/loader.js:1063:30)
    at Object.Module._extensions..js (internal/modules/cjs/loader.js:1092:10)
    at Module.load (internal/modules/cjs/loader.js:928:32)
    at Function.Module._load (internal/modules/cjs/loader.js:769:14)
    at Module.require (internal/modules/cjs/loader.js:952:19)
    at require (internal/modules/cjs/helpers.js:88:18)
    at Object.<anonymous> (C:\Users\pi-la\Documents\bootcamp\collab\letscoder-bootcamp-202010\staff\pilar-latorre\adogtapp-project\adogtapp-api\routes\api\handlers\handle-register-user.js:1:26)
    at Module._compile (internal/modules/cjs/loader.js:1063:30)
info 2020-12-01T12:09:47.677Z - stopping server
info 2020-12-01T12:15:11.073Z - starting server
error 2020-12-01T12:15:11.114Z - C:\Users\pi-la\Documents\bootcamp\collab\letscoder-bootcamp-202010\staff\pilar-latorre\adogtapp-project\adogtapp-app\src\logic\index.js:1
import registerUser from './register-user'
^^^^^^

SyntaxError: Cannot use import statement outside a module
    at wrapSafe (internal/modules/cjs/loader.js:979:16)
    at Module._compile (internal/modules/cjs/loader.js:1027:27)
    at Object.Module._extensions..js (internal/modules/cjs/loader.js:1092:10)
    at Module.load (internal/modules/cjs/loader.js:928:32)
    at Function.Module._load (internal/modules/cjs/loader.js:769:14)
    at Module.require (internal/modules/cjs/loader.js:952:19)
    at require (internal/modules/cjs/helpers.js:88:18)
    at Object.<anonymous> (C:\Users\pi-la\Documents\bootcamp\collab\letscoder-bootcamp-202010\staff\pilar-latorre\adogtapp-project\adogtapp-api\logic\index.js:1:30)
    at Module._compile (internal/modules/cjs/loader.js:1063:30)
    at Object.Module._extensions..js (internal/modules/cjs/loader.js:1092:10)
    at Module.load (internal/modules/cjs/loader.js:928:32)
    at Function.Module._load (internal/modules/cjs/loader.js:769:14)
    at Module.require (internal/modules/cjs/loader.js:952:19)
    at require (internal/modules/cjs/helpers.js:88:18)
    at Object.<anonymous> (C:\Users\pi-la\Documents\bootcamp\collab\letscoder-bootcamp-202010\staff\pilar-latorre\adogtapp-project\adogtapp-api\routes\api\handlers\handle-register-user.js:1:26)
    at Module._compile (internal/modules/cjs/loader.js:1063:30)
info 2020-12-01T12:15:11.115Z - stopping server
info 2020-12-01T12:17:24.244Z - starting server
error 2020-12-01T12:17:24.282Z - C:\Users\pi-la\Documents\bootcamp\collab\letscoder-bootcamp-202010\staff\pilar-latorre\adogtapp-project\adogtapp-app\src\logic\index.js:1
import registerUser from './register-user'
^^^^^^

SyntaxError: Cannot use import statement outside a module
    at wrapSafe (internal/modules/cjs/loader.js:979:16)
    at Module._compile (internal/modules/cjs/loader.js:1027:27)
    at Object.Module._extensions..js (internal/modules/cjs/loader.js:1092:10)
    at Module.load (internal/modules/cjs/loader.js:928:32)
    at Function.Module._load (internal/modules/cjs/loader.js:769:14)
    at Module.require (internal/modules/cjs/loader.js:952:19)
    at require (internal/modules/cjs/helpers.js:88:18)
    at Object.<anonymous> (C:\Users\pi-la\Documents\bootcamp\collab\letscoder-bootcamp-202010\staff\pilar-latorre\adogtapp-project\adogtapp-api\logic\index.js:1:30)
    at Module._compile (internal/modules/cjs/loader.js:1063:30)
    at Object.Module._extensions..js (internal/modules/cjs/loader.js:1092:10)
    at Module.load (internal/modules/cjs/loader.js:928:32)
    at Function.Module._load (internal/modules/cjs/loader.js:769:14)
    at Module.require (internal/modules/cjs/loader.js:952:19)
    at require (internal/modules/cjs/helpers.js:88:18)
    at Object.<anonymous> (C:\Users\pi-la\Documents\bootcamp\collab\letscoder-bootcamp-202010\staff\pilar-latorre\adogtapp-project\adogtapp-api\routes\api\handlers\handle-register-user.js:1:26)
    at Module._compile (internal/modules/cjs/loader.js:1063:30)
info 2020-12-01T12:17:24.284Z - stopping server
info 2020-12-01T12:21:39.526Z - starting server
info 2020-12-01T12:23:38.294Z - starting server
info 2020-12-01T12:23:38.398Z - server running on port 4000
error 2020-12-01T13:15:37.346Z - TypeError: 976586267 is not a phone
    at validatePhone (C:\Users\pi-la\Documents\bootcamp\collab\letscoder-bootcamp-202010\staff\pilar-latorre\adogtapp-project\adogtapp-api\logic\helpers\validations.js:34:46)
    at module.exports (C:\Users\pi-la\Documents\bootcamp\collab\letscoder-bootcamp-202010\staff\pilar-latorre\adogtapp-project\adogtapp-api\logic\register-user.js:13:5)
    at module.exports (C:\Users\pi-la\Documents\bootcamp\collab\letscoder-bootcamp-202010\staff\pilar-latorre\adogtapp-project\adogtapp-api\routes\api\handlers\handle-register-user.js:7:9)
    at C:\Users\pi-la\Documents\bootcamp\collab\letscoder-bootcamp-202010\staff\pilar-latorre\adogtapp-project\adogtapp-api\routes\api\helpers\with-error-handling.js:6:9
    at Layer.handle [as handle_request] (C:\Users\pi-la\Documents\bootcamp\collab\letscoder-bootcamp-202010\staff\pilar-latorre\adogtapp-project\adogtapp-api\node_modules\express\lib\router\layer.js:95:5)
    at next (C:\Users\pi-la\Documents\bootcamp\collab\letscoder-bootcamp-202010\staff\pilar-latorre\adogtapp-project\adogtapp-api\node_modules\express\lib\router\route.js:137:13)
    at IncomingMessage.<anonymous> (C:\Users\pi-la\Documents\bootcamp\collab\letscoder-bootcamp-202010\staff\pilar-latorre\adogtapp-project\adogtapp-api\middlewares\json-body-parser.js:21:13)
    at IncomingMessage.emit (events.js:327:22)
    at endReadableNT (_stream_readable.js:1327:12)
    at processTicksAndRejections (internal/process/task_queues.js:80:21)
error 2020-12-01T13:17:31.613Z - TypeError: 976586267 is not a phone
    at validatePhone (C:\Users\pi-la\Documents\bootcamp\collab\letscoder-bootcamp-202010\staff\pilar-latorre\adogtapp-project\adogtapp-api\logic\helpers\validations.js:34:46)
    at module.exports (C:\Users\pi-la\Documents\bootcamp\collab\letscoder-bootcamp-202010\staff\pilar-latorre\adogtapp-project\adogtapp-api\logic\register-user.js:13:5)
    at module.exports (C:\Users\pi-la\Documents\bootcamp\collab\letscoder-bootcamp-202010\staff\pilar-latorre\adogtapp-project\adogtapp-api\routes\api\handlers\handle-register-user.js:7:9)
    at C:\Users\pi-la\Documents\bootcamp\collab\letscoder-bootcamp-202010\staff\pilar-latorre\adogtapp-project\adogtapp-api\routes\api\helpers\with-error-handling.js:6:9
    at Layer.handle [as handle_request] (C:\Users\pi-la\Documents\bootcamp\collab\letscoder-bootcamp-202010\staff\pilar-latorre\adogtapp-project\adogtapp-api\node_modules\express\lib\router\layer.js:95:5)
    at next (C:\Users\pi-la\Documents\bootcamp\collab\letscoder-bootcamp-202010\staff\pilar-latorre\adogtapp-project\adogtapp-api\node_modules\express\lib\router\route.js:137:13)
    at IncomingMessage.<anonymous> (C:\Users\pi-la\Documents\bootcamp\collab\letscoder-bootcamp-202010\staff\pilar-latorre\adogtapp-project\adogtapp-api\middlewares\json-body-parser.js:21:13)
    at IncomingMessage.emit (events.js:327:22)
    at endReadableNT (_stream_readable.js:1327:12)
    at processTicksAndRejections (internal/process/task_queues.js:80:21)
error 2020-12-01T13:19:58.403Z - TypeError: 976586267 is not a phone
    at validatePhone (C:\Users\pi-la\Documents\bootcamp\collab\letscoder-bootcamp-202010\staff\pilar-latorre\adogtapp-project\adogtapp-api\logic\helpers\validations.js:34:46)
    at module.exports (C:\Users\pi-la\Documents\bootcamp\collab\letscoder-bootcamp-202010\staff\pilar-latorre\adogtapp-project\adogtapp-api\logic\register-user.js:13:5)
    at module.exports (C:\Users\pi-la\Documents\bootcamp\collab\letscoder-bootcamp-202010\staff\pilar-latorre\adogtapp-project\adogtapp-api\routes\api\handlers\handle-register-user.js:7:9)
    at C:\Users\pi-la\Documents\bootcamp\collab\letscoder-bootcamp-202010\staff\pilar-latorre\adogtapp-project\adogtapp-api\routes\api\helpers\with-error-handling.js:6:9
    at Layer.handle [as handle_request] (C:\Users\pi-la\Documents\bootcamp\collab\letscoder-bootcamp-202010\staff\pilar-latorre\adogtapp-project\adogtapp-api\node_modules\express\lib\router\layer.js:95:5)
    at next (C:\Users\pi-la\Documents\bootcamp\collab\letscoder-bootcamp-202010\staff\pilar-latorre\adogtapp-project\adogtapp-api\node_modules\express\lib\router\route.js:137:13)
    at IncomingMessage.<anonymous> (C:\Users\pi-la\Documents\bootcamp\collab\letscoder-bootcamp-202010\staff\pilar-latorre\adogtapp-project\adogtapp-api\middlewares\json-body-parser.js:21:13)
    at IncomingMessage.emit (events.js:327:22)
    at endReadableNT (_stream_readable.js:1327:12)
    at processTicksAndRejections (internal/process/task_queues.js:80:21)
error 2020-12-01T13:20:02.276Z - TypeError: 976586267 is not a phone
    at validatePhone (C:\Users\pi-la\Documents\bootcamp\collab\letscoder-bootcamp-202010\staff\pilar-latorre\adogtapp-project\adogtapp-api\logic\helpers\validations.js:34:46)
    at module.exports (C:\Users\pi-la\Documents\bootcamp\collab\letscoder-bootcamp-202010\staff\pilar-latorre\adogtapp-project\adogtapp-api\logic\register-user.js:13:5)
    at module.exports (C:\Users\pi-la\Documents\bootcamp\collab\letscoder-bootcamp-202010\staff\pilar-latorre\adogtapp-project\adogtapp-api\routes\api\handlers\handle-register-user.js:7:9)
    at C:\Users\pi-la\Documents\bootcamp\collab\letscoder-bootcamp-202010\staff\pilar-latorre\adogtapp-project\adogtapp-api\routes\api\helpers\with-error-handling.js:6:9
    at Layer.handle [as handle_request] (C:\Users\pi-la\Documents\bootcamp\collab\letscoder-bootcamp-202010\staff\pilar-latorre\adogtapp-project\adogtapp-api\node_modules\express\lib\router\layer.js:95:5)
    at next (C:\Users\pi-la\Documents\bootcamp\collab\letscoder-bootcamp-202010\staff\pilar-latorre\adogtapp-project\adogtapp-api\node_modules\express\lib\router\route.js:137:13)
    at IncomingMessage.<anonymous> (C:\Users\pi-la\Documents\bootcamp\collab\letscoder-bootcamp-202010\staff\pilar-latorre\adogtapp-project\adogtapp-api\middlewares\json-body-parser.js:21:13)
    at IncomingMessage.emit (events.js:327:22)
    at endReadableNT (_stream_readable.js:1327:12)
    at processTicksAndRejections (internal/process/task_queues.js:80:21)
info 2020-12-01T13:20:11.626Z - stopping server
info 2020-12-01T13:20:14.784Z - starting server
info 2020-12-01T13:20:14.950Z - server running on port 4000
info 2020-12-01T14:26:28.981Z - stopping server
info 2020-12-01T14:26:33.017Z - starting server
info 2020-12-01T14:26:33.157Z - server running on port 4000
