info 2020-12-02T14:16:38.969Z - starting server
error 2020-12-02T14:16:39.056Z - /Users/CRIS/bootcamp/collab/letscoder-bootcamp-202010/staff/cristian-manzano/LiveSessions-project/LiveSessions-api/logic/index.js:1
import registerUser from './register-user'
^^^^^^

SyntaxError: Cannot use import statement outside a module
    at wrapSafe (internal/modules/cjs/loader.js:931:16)
    at Module._compile (internal/modules/cjs/loader.js:979:27)
    at Object.Module._extensions..js (internal/modules/cjs/loader.js:1035:10)
    at Module.load (internal/modules/cjs/loader.js:879:32)
    at Function.Module._load (internal/modules/cjs/loader.js:724:14)
    at Module.require (internal/modules/cjs/loader.js:903:19)
    at require (internal/modules/cjs/helpers.js:74:18)
    at Object.<anonymous> (/Users/CRIS/bootcamp/collab/letscoder-bootcamp-202010/staff/cristian-manzano/LiveSessions-project/LiveSessions-api/routes/api/handlers/handle-register-user.js:1:26)
    at Module._compile (internal/modules/cjs/loader.js:1015:30)
    at Object.Module._extensions..js (internal/modules/cjs/loader.js:1035:10)
    at Module.load (internal/modules/cjs/loader.js:879:32)
    at Function.Module._load (internal/modules/cjs/loader.js:724:14)
    at Module.require (internal/modules/cjs/loader.js:903:19)
    at require (internal/modules/cjs/helpers.js:74:18)
    at Object.<anonymous> (/Users/CRIS/bootcamp/collab/letscoder-bootcamp-202010/staff/cristian-manzano/LiveSessions-project/LiveSessions-api/routes/api/handlers/index.js:3:25)
    at Module._compile (internal/modules/cjs/loader.js:1015:30)
info 2020-12-02T14:16:39.057Z - stopping server
info 2020-12-02T14:16:42.297Z - starting server
error 2020-12-02T14:16:42.475Z - /Users/CRIS/bootcamp/collab/letscoder-bootcamp-202010/staff/cristian-manzano/LiveSessions-project/LiveSessions-api/logic/index.js:1
import registerUser from './register-user'
^^^^^^

SyntaxError: Cannot use import statement outside a module
    at wrapSafe (internal/modules/cjs/loader.js:931:16)
    at Module._compile (internal/modules/cjs/loader.js:979:27)
    at Object.Module._extensions..js (internal/modules/cjs/loader.js:1035:10)
    at Module.load (internal/modules/cjs/loader.js:879:32)
    at Function.Module._load (internal/modules/cjs/loader.js:724:14)
    at Module.require (internal/modules/cjs/loader.js:903:19)
    at require (internal/modules/cjs/helpers.js:74:18)
    at Object.<anonymous> (/Users/CRIS/bootcamp/collab/letscoder-bootcamp-202010/staff/cristian-manzano/LiveSessions-project/LiveSessions-api/routes/api/handlers/handle-register-user.js:1:26)
    at Module._compile (internal/modules/cjs/loader.js:1015:30)
    at Object.Module._extensions..js (internal/modules/cjs/loader.js:1035:10)
    at Module.load (internal/modules/cjs/loader.js:879:32)
    at Function.Module._load (internal/modules/cjs/loader.js:724:14)
    at Module.require (internal/modules/cjs/loader.js:903:19)
    at require (internal/modules/cjs/helpers.js:74:18)
    at Object.<anonymous> (/Users/CRIS/bootcamp/collab/letscoder-bootcamp-202010/staff/cristian-manzano/LiveSessions-project/LiveSessions-api/routes/api/handlers/index.js:3:25)
    at Module._compile (internal/modules/cjs/loader.js:1015:30)
info 2020-12-02T14:16:42.476Z - stopping server
info 2020-12-02T14:17:32.687Z - starting server
error 2020-12-02T14:17:32.767Z - /Users/CRIS/bootcamp/collab/letscoder-bootcamp-202010/staff/cristian-manzano/LiveSessions-project/LiveSessions-api/logic/index.js:1
import registerUser from './register-user'
^^^^^^

SyntaxError: Cannot use import statement outside a module
    at wrapSafe (internal/modules/cjs/loader.js:931:16)
    at Module._compile (internal/modules/cjs/loader.js:979:27)
    at Object.Module._extensions..js (internal/modules/cjs/loader.js:1035:10)
    at Module.load (internal/modules/cjs/loader.js:879:32)
    at Function.Module._load (internal/modules/cjs/loader.js:724:14)
    at Module.require (internal/modules/cjs/loader.js:903:19)
    at require (internal/modules/cjs/helpers.js:74:18)
    at Object.<anonymous> (/Users/CRIS/bootcamp/collab/letscoder-bootcamp-202010/staff/cristian-manzano/LiveSessions-project/LiveSessions-api/routes/api/handlers/handle-register-user.js:1:26)
    at Module._compile (internal/modules/cjs/loader.js:1015:30)
    at Object.Module._extensions..js (internal/modules/cjs/loader.js:1035:10)
    at Module.load (internal/modules/cjs/loader.js:879:32)
    at Function.Module._load (internal/modules/cjs/loader.js:724:14)
    at Module.require (internal/modules/cjs/loader.js:903:19)
    at require (internal/modules/cjs/helpers.js:74:18)
    at Object.<anonymous> (/Users/CRIS/bootcamp/collab/letscoder-bootcamp-202010/staff/cristian-manzano/LiveSessions-project/LiveSessions-api/routes/api/handlers/index.js:3:25)
    at Module._compile (internal/modules/cjs/loader.js:1015:30)
info 2020-12-02T14:17:32.768Z - stopping server
info 2020-12-02T14:21:09.440Z - starting server
error 2020-12-02T14:21:09.513Z - /Users/CRIS/bootcamp/collab/letscoder-bootcamp-202010/staff/cristian-manzano/LiveSessions-project/LiveSessions-api/logic/index.js:1
import registerUser from './register-user'
^^^^^^

SyntaxError: Cannot use import statement outside a module
    at wrapSafe (internal/modules/cjs/loader.js:931:16)
    at Module._compile (internal/modules/cjs/loader.js:979:27)
    at Object.Module._extensions..js (internal/modules/cjs/loader.js:1035:10)
    at Module.load (internal/modules/cjs/loader.js:879:32)
    at Function.Module._load (internal/modules/cjs/loader.js:724:14)
    at Module.require (internal/modules/cjs/loader.js:903:19)
    at require (internal/modules/cjs/helpers.js:74:18)
    at Object.<anonymous> (/Users/CRIS/bootcamp/collab/letscoder-bootcamp-202010/staff/cristian-manzano/LiveSessions-project/LiveSessions-api/routes/api/handlers/handle-register-user.js:1:26)
    at Module._compile (internal/modules/cjs/loader.js:1015:30)
    at Object.Module._extensions..js (internal/modules/cjs/loader.js:1035:10)
    at Module.load (internal/modules/cjs/loader.js:879:32)
    at Function.Module._load (internal/modules/cjs/loader.js:724:14)
    at Module.require (internal/modules/cjs/loader.js:903:19)
    at require (internal/modules/cjs/helpers.js:74:18)
    at Object.<anonymous> (/Users/CRIS/bootcamp/collab/letscoder-bootcamp-202010/staff/cristian-manzano/LiveSessions-project/LiveSessions-api/routes/api/handlers/index.js:3:25)
    at Module._compile (internal/modules/cjs/loader.js:1015:30)
info 2020-12-02T14:21:09.515Z - stopping server
info 2020-12-02T14:22:35.132Z - starting server
error 2020-12-02T14:22:35.211Z - Error: Cannot find module './context'
Require stack:
- /Users/CRIS/bootcamp/collab/letscoder-bootcamp-202010/staff/cristian-manzano/LiveSessions-project/LiveSessions-api/logic/index.js
- /Users/CRIS/bootcamp/collab/letscoder-bootcamp-202010/staff/cristian-manzano/LiveSessions-project/LiveSessions-api/routes/api/handlers/handle-register-user.js
- /Users/CRIS/bootcamp/collab/letscoder-bootcamp-202010/staff/cristian-manzano/LiveSessions-project/LiveSessions-api/routes/api/handlers/index.js
- /Users/CRIS/bootcamp/collab/letscoder-bootcamp-202010/staff/cristian-manzano/LiveSessions-project/LiveSessions-api/routes/api/index.js
- /Users/CRIS/bootcamp/collab/letscoder-bootcamp-202010/staff/cristian-manzano/LiveSessions-project/LiveSessions-api/routes/index.js
- /Users/CRIS/bootcamp/collab/letscoder-bootcamp-202010/staff/cristian-manzano/LiveSessions-project/LiveSessions-api/index.js
    at Function.Module._resolveFilename (internal/modules/cjs/loader.js:831:15)
    at Function.Module._load (internal/modules/cjs/loader.js:687:27)
    at Module.require (internal/modules/cjs/loader.js:903:19)
    at require (internal/modules/cjs/helpers.js:74:18)
    at Object.<anonymous> (/Users/CRIS/bootcamp/collab/letscoder-bootcamp-202010/staff/cristian-manzano/LiveSessions-project/LiveSessions-api/logic/index.js:2:14)
    at Module._compile (internal/modules/cjs/loader.js:1015:30)
    at Object.Module._extensions..js (internal/modules/cjs/loader.js:1035:10)
    at Module.load (internal/modules/cjs/loader.js:879:32)
    at Function.Module._load (internal/modules/cjs/loader.js:724:14)
    at Module.require (internal/modules/cjs/loader.js:903:19)
    at require (internal/modules/cjs/helpers.js:74:18)
    at Object.<anonymous> (/Users/CRIS/bootcamp/collab/letscoder-bootcamp-202010/staff/cristian-manzano/LiveSessions-project/LiveSessions-api/routes/api/handlers/handle-register-user.js:1:26)
    at Module._compile (internal/modules/cjs/loader.js:1015:30)
    at Object.Module._extensions..js (internal/modules/cjs/loader.js:1035:10)
    at Module.load (internal/modules/cjs/loader.js:879:32)
    at Function.Module._load (internal/modules/cjs/loader.js:724:14)
info 2020-12-02T14:22:35.214Z - stopping server
info 2020-12-02T14:23:55.317Z - starting server
info 2020-12-02T14:23:55.674Z - server running on port 4000
info 2020-12-02T14:31:01.576Z - stopping server
info 2020-12-02T14:31:58.177Z - starting server
info 2020-12-02T14:32:00.096Z - server running on port 4000
info 2020-12-02T14:41:16.052Z - starting server
info 2020-12-02T14:41:16.465Z - server running on port 4000
info 2020-12-02T14:57:33.735Z - stopping server
info 2020-12-02T14:57:48.754Z - starting server
info 2020-12-02T14:57:49.546Z - server running on port 4000
info 2020-12-02T15:15:12.833Z - starting server
info 2020-12-02T15:15:13.680Z - server running on port 4000
info 2020-12-02T15:24:56.774Z - stopping server
info 2020-12-02T15:24:59.615Z - starting server
info 2020-12-02T15:24:59.925Z - server running on port 4000
info 2020-12-02T15:56:25.578Z - stopping server
info 2020-12-02T15:56:29.233Z - starting server
info 2020-12-02T15:56:29.581Z - server running on port 4000
info 2020-12-02T16:27:42.267Z - stopping server
info 2020-12-02T16:28:09.849Z - starting server
info 2020-12-02T16:28:11.465Z - server running on port 4000
info 2020-12-02T16:43:03.865Z - starting server
info 2020-12-02T16:43:06.739Z - server running on port 4000
error 2020-12-02T16:46:24.351Z - Error: artistName is empty or blank
    at validateArtistName (/Users/CRIS/bootcamp/collab/letscoder-bootcamp-202010/staff/cristian-manzano/LiveSessions-project/LiveSessions-api/logic/helpers/validations.js:35:46)
    at module.exports (/Users/CRIS/bootcamp/collab/letscoder-bootcamp-202010/staff/cristian-manzano/LiveSessions-project/LiveSessions-api/logic/register-user.js:11:5)
    at module.exports (/Users/CRIS/bootcamp/collab/letscoder-bootcamp-202010/staff/cristian-manzano/LiveSessions-project/LiveSessions-api/routes/api/handlers/handle-register-user.js:7:9)
    at /Users/CRIS/bootcamp/collab/letscoder-bootcamp-202010/staff/cristian-manzano/LiveSessions-project/LiveSessions-api/routes/api/helpers/with-error-handling.js:6:9
    at Layer.handle [as handle_request] (/Users/CRIS/bootcamp/collab/letscoder-bootcamp-202010/staff/cristian-manzano/LiveSessions-project/LiveSessions-api/node_modules/express/lib/router/layer.js:95:5)
    at next (/Users/CRIS/bootcamp/collab/letscoder-bootcamp-202010/staff/cristian-manzano/LiveSessions-project/LiveSessions-api/node_modules/express/lib/router/route.js:137:13)
    at IncomingMessage.<anonymous> (/Users/CRIS/bootcamp/collab/letscoder-bootcamp-202010/staff/cristian-manzano/LiveSessions-project/LiveSessions-api/middlewares/json-body-parser.js:21:13)
    at IncomingMessage.emit (events.js:314:20)
    at endReadableNT (_stream_readable.js:1223:12)
    at processTicksAndRejections (internal/process/task_queues.js:84:21)
error 2020-12-02T16:46:31.115Z - ReferenceError: callback is not defined
    at module.exports (/Users/CRIS/bootcamp/collab/letscoder-bootcamp-202010/staff/cristian-manzano/LiveSessions-project/LiveSessions-api/logic/register-user.js:15:22)
    at module.exports (/Users/CRIS/bootcamp/collab/letscoder-bootcamp-202010/staff/cristian-manzano/LiveSessions-project/LiveSessions-api/routes/api/handlers/handle-register-user.js:7:9)
    at /Users/CRIS/bootcamp/collab/letscoder-bootcamp-202010/staff/cristian-manzano/LiveSessions-project/LiveSessions-api/routes/api/helpers/with-error-handling.js:6:9
    at Layer.handle [as handle_request] (/Users/CRIS/bootcamp/collab/letscoder-bootcamp-202010/staff/cristian-manzano/LiveSessions-project/LiveSessions-api/node_modules/express/lib/router/layer.js:95:5)
    at next (/Users/CRIS/bootcamp/collab/letscoder-bootcamp-202010/staff/cristian-manzano/LiveSessions-project/LiveSessions-api/node_modules/express/lib/router/route.js:137:13)
    at IncomingMessage.<anonymous> (/Users/CRIS/bootcamp/collab/letscoder-bootcamp-202010/staff/cristian-manzano/LiveSessions-project/LiveSessions-api/middlewares/json-body-parser.js:21:13)
    at IncomingMessage.emit (events.js:314:20)
    at endReadableNT (_stream_readable.js:1223:12)
    at processTicksAndRejections (internal/process/task_queues.js:84:21)
error 2020-12-02T16:46:56.769Z - ReferenceError: callback is not defined
    at module.exports (/Users/CRIS/bootcamp/collab/letscoder-bootcamp-202010/staff/cristian-manzano/LiveSessions-project/LiveSessions-api/logic/register-user.js:15:22)
    at module.exports (/Users/CRIS/bootcamp/collab/letscoder-bootcamp-202010/staff/cristian-manzano/LiveSessions-project/LiveSessions-api/routes/api/handlers/handle-register-user.js:7:9)
    at /Users/CRIS/bootcamp/collab/letscoder-bootcamp-202010/staff/cristian-manzano/LiveSessions-project/LiveSessions-api/routes/api/helpers/with-error-handling.js:6:9
    at Layer.handle [as handle_request] (/Users/CRIS/bootcamp/collab/letscoder-bootcamp-202010/staff/cristian-manzano/LiveSessions-project/LiveSessions-api/node_modules/express/lib/router/layer.js:95:5)
    at next (/Users/CRIS/bootcamp/collab/letscoder-bootcamp-202010/staff/cristian-manzano/LiveSessions-project/LiveSessions-api/node_modules/express/lib/router/route.js:137:13)
    at IncomingMessage.<anonymous> (/Users/CRIS/bootcamp/collab/letscoder-bootcamp-202010/staff/cristian-manzano/LiveSessions-project/LiveSessions-api/middlewares/json-body-parser.js:21:13)
    at IncomingMessage.emit (events.js:314:20)
    at endReadableNT (_stream_readable.js:1223:12)
    at processTicksAndRejections (internal/process/task_queues.js:84:21)
info 2020-12-02T16:47:05.613Z - stopping server
info 2020-12-02T16:47:11.268Z - starting server
info 2020-12-02T16:47:12.836Z - server running on port 4000
error 2020-12-02T16:47:17.119Z - ValidationError: User validation failed: password: Path `password` (`123123`) is shorter than the minimum allowed length (8).
    at model.Document.invalidate (/Users/CRIS/bootcamp/collab/letscoder-bootcamp-202010/staff/cristian-manzano/LiveSessions-project/LiveSessions-api/node_modules/mongoose/lib/document.js:2688:32)
    at /Users/CRIS/bootcamp/collab/letscoder-bootcamp-202010/staff/cristian-manzano/LiveSessions-project/LiveSessions-api/node_modules/mongoose/lib/document.js:2508:17
    at /Users/CRIS/bootcamp/collab/letscoder-bootcamp-202010/staff/cristian-manzano/LiveSessions-project/LiveSessions-api/node_modules/mongoose/lib/schematype.js:1260:9
    at processTicksAndRejections (internal/process/task_queues.js:79:11)
info 2020-12-02T16:58:54.852Z - stopping server
info 2020-12-02T16:59:30.679Z - starting server
info 2020-12-02T16:59:31.855Z - server running on port 4000
info 2020-12-02T20:23:28.601Z - starting server
info 2020-12-02T20:23:29.154Z - server running on port 4000
error 2020-12-03T12:59:35.419Z - TypeError: authenticateUser is not a function
    at module.exports (/Users/CRIS/bootcamp/collab/letscoder-bootcamp-202010/staff/cristian-manzano/LiveSessions-project/LiveSessions-api/routes/api/handlers/handle-authenticate-user.js:10:9)
    at /Users/CRIS/bootcamp/collab/letscoder-bootcamp-202010/staff/cristian-manzano/LiveSessions-project/LiveSessions-api/routes/api/helpers/with-error-handling.js:6:9
    at Layer.handle [as handle_request] (/Users/CRIS/bootcamp/collab/letscoder-bootcamp-202010/staff/cristian-manzano/LiveSessions-project/LiveSessions-api/node_modules/express/lib/router/layer.js:95:5)
    at next (/Users/CRIS/bootcamp/collab/letscoder-bootcamp-202010/staff/cristian-manzano/LiveSessions-project/LiveSessions-api/node_modules/express/lib/router/route.js:137:13)
    at IncomingMessage.<anonymous> (/Users/CRIS/bootcamp/collab/letscoder-bootcamp-202010/staff/cristian-manzano/LiveSessions-project/LiveSessions-api/middlewares/json-body-parser.js:21:13)
    at IncomingMessage.emit (events.js:314:20)
    at endReadableNT (_stream_readable.js:1223:12)
    at processTicksAndRejections (internal/process/task_queues.js:84:21)
error 2020-12-03T13:00:07.506Z - TypeError: authenticateUser is not a function
    at module.exports (/Users/CRIS/bootcamp/collab/letscoder-bootcamp-202010/staff/cristian-manzano/LiveSessions-project/LiveSessions-api/routes/api/handlers/handle-authenticate-user.js:10:9)
    at /Users/CRIS/bootcamp/collab/letscoder-bootcamp-202010/staff/cristian-manzano/LiveSessions-project/LiveSessions-api/routes/api/helpers/with-error-handling.js:6:9
    at Layer.handle [as handle_request] (/Users/CRIS/bootcamp/collab/letscoder-bootcamp-202010/staff/cristian-manzano/LiveSessions-project/LiveSessions-api/node_modules/express/lib/router/layer.js:95:5)
    at next (/Users/CRIS/bootcamp/collab/letscoder-bootcamp-202010/staff/cristian-manzano/LiveSessions-project/LiveSessions-api/node_modules/express/lib/router/route.js:137:13)
    at IncomingMessage.<anonymous> (/Users/CRIS/bootcamp/collab/letscoder-bootcamp-202010/staff/cristian-manzano/LiveSessions-project/LiveSessions-api/middlewares/json-body-parser.js:21:13)
    at IncomingMessage.emit (events.js:314:20)
    at endReadableNT (_stream_readable.js:1223:12)
    at processTicksAndRejections (internal/process/task_queues.js:84:21)
error 2020-12-03T13:00:23.889Z - TypeError: authenticateUser is not a function
    at module.exports (/Users/CRIS/bootcamp/collab/letscoder-bootcamp-202010/staff/cristian-manzano/LiveSessions-project/LiveSessions-api/routes/api/handlers/handle-authenticate-user.js:10:9)
    at /Users/CRIS/bootcamp/collab/letscoder-bootcamp-202010/staff/cristian-manzano/LiveSessions-project/LiveSessions-api/routes/api/helpers/with-error-handling.js:6:9
    at Layer.handle [as handle_request] (/Users/CRIS/bootcamp/collab/letscoder-bootcamp-202010/staff/cristian-manzano/LiveSessions-project/LiveSessions-api/node_modules/express/lib/router/layer.js:95:5)
    at next (/Users/CRIS/bootcamp/collab/letscoder-bootcamp-202010/staff/cristian-manzano/LiveSessions-project/LiveSessions-api/node_modules/express/lib/router/route.js:137:13)
    at IncomingMessage.<anonymous> (/Users/CRIS/bootcamp/collab/letscoder-bootcamp-202010/staff/cristian-manzano/LiveSessions-project/LiveSessions-api/middlewares/json-body-parser.js:21:13)
    at IncomingMessage.emit (events.js:314:20)
    at endReadableNT (_stream_readable.js:1223:12)
    at processTicksAndRejections (internal/process/task_queues.js:84:21)
error 2020-12-03T13:01:29.862Z - TypeError: authenticateUser is not a function
    at module.exports (/Users/CRIS/bootcamp/collab/letscoder-bootcamp-202010/staff/cristian-manzano/LiveSessions-project/LiveSessions-api/routes/api/handlers/handle-authenticate-user.js:10:9)
    at /Users/CRIS/bootcamp/collab/letscoder-bootcamp-202010/staff/cristian-manzano/LiveSessions-project/LiveSessions-api/routes/api/helpers/with-error-handling.js:6:9
    at Layer.handle [as handle_request] (/Users/CRIS/bootcamp/collab/letscoder-bootcamp-202010/staff/cristian-manzano/LiveSessions-project/LiveSessions-api/node_modules/express/lib/router/layer.js:95:5)
    at next (/Users/CRIS/bootcamp/collab/letscoder-bootcamp-202010/staff/cristian-manzano/LiveSessions-project/LiveSessions-api/node_modules/express/lib/router/route.js:137:13)
    at IncomingMessage.<anonymous> (/Users/CRIS/bootcamp/collab/letscoder-bootcamp-202010/staff/cristian-manzano/LiveSessions-project/LiveSessions-api/middlewares/json-body-parser.js:21:13)
    at IncomingMessage.emit (events.js:314:20)
    at endReadableNT (_stream_readable.js:1223:12)
    at processTicksAndRejections (internal/process/task_queues.js:84:21)
error 2020-12-03T13:01:56.668Z - TypeError: authenticateUser is not a function
    at module.exports (/Users/CRIS/bootcamp/collab/letscoder-bootcamp-202010/staff/cristian-manzano/LiveSessions-project/LiveSessions-api/routes/api/handlers/handle-authenticate-user.js:10:9)
    at /Users/CRIS/bootcamp/collab/letscoder-bootcamp-202010/staff/cristian-manzano/LiveSessions-project/LiveSessions-api/routes/api/helpers/with-error-handling.js:6:9
    at Layer.handle [as handle_request] (/Users/CRIS/bootcamp/collab/letscoder-bootcamp-202010/staff/cristian-manzano/LiveSessions-project/LiveSessions-api/node_modules/express/lib/router/layer.js:95:5)
    at next (/Users/CRIS/bootcamp/collab/letscoder-bootcamp-202010/staff/cristian-manzano/LiveSessions-project/LiveSessions-api/node_modules/express/lib/router/route.js:137:13)
    at IncomingMessage.<anonymous> (/Users/CRIS/bootcamp/collab/letscoder-bootcamp-202010/staff/cristian-manzano/LiveSessions-project/LiveSessions-api/middlewares/json-body-parser.js:21:13)
    at IncomingMessage.emit (events.js:314:20)
    at endReadableNT (_stream_readable.js:1223:12)
    at processTicksAndRejections (internal/process/task_queues.js:84:21)
error 2020-12-03T13:02:09.770Z - TypeError: authenticateUser is not a function
    at module.exports (/Users/CRIS/bootcamp/collab/letscoder-bootcamp-202010/staff/cristian-manzano/LiveSessions-project/LiveSessions-api/routes/api/handlers/handle-authenticate-user.js:10:9)
    at /Users/CRIS/bootcamp/collab/letscoder-bootcamp-202010/staff/cristian-manzano/LiveSessions-project/LiveSessions-api/routes/api/helpers/with-error-handling.js:6:9
    at Layer.handle [as handle_request] (/Users/CRIS/bootcamp/collab/letscoder-bootcamp-202010/staff/cristian-manzano/LiveSessions-project/LiveSessions-api/node_modules/express/lib/router/layer.js:95:5)
    at next (/Users/CRIS/bootcamp/collab/letscoder-bootcamp-202010/staff/cristian-manzano/LiveSessions-project/LiveSessions-api/node_modules/express/lib/router/route.js:137:13)
    at IncomingMessage.<anonymous> (/Users/CRIS/bootcamp/collab/letscoder-bootcamp-202010/staff/cristian-manzano/LiveSessions-project/LiveSessions-api/middlewares/json-body-parser.js:21:13)
    at IncomingMessage.emit (events.js:314:20)
    at endReadableNT (_stream_readable.js:1223:12)
    at processTicksAndRejections (internal/process/task_queues.js:84:21)
error 2020-12-03T13:02:28.448Z - TypeError: authenticateUser is not a function
    at module.exports (/Users/CRIS/bootcamp/collab/letscoder-bootcamp-202010/staff/cristian-manzano/LiveSessions-project/LiveSessions-api/routes/api/handlers/handle-authenticate-user.js:10:9)
    at /Users/CRIS/bootcamp/collab/letscoder-bootcamp-202010/staff/cristian-manzano/LiveSessions-project/LiveSessions-api/routes/api/helpers/with-error-handling.js:6:9
    at Layer.handle [as handle_request] (/Users/CRIS/bootcamp/collab/letscoder-bootcamp-202010/staff/cristian-manzano/LiveSessions-project/LiveSessions-api/node_modules/express/lib/router/layer.js:95:5)
    at next (/Users/CRIS/bootcamp/collab/letscoder-bootcamp-202010/staff/cristian-manzano/LiveSessions-project/LiveSessions-api/node_modules/express/lib/router/route.js:137:13)
    at IncomingMessage.<anonymous> (/Users/CRIS/bootcamp/collab/letscoder-bootcamp-202010/staff/cristian-manzano/LiveSessions-project/LiveSessions-api/middlewares/json-body-parser.js:21:13)
    at IncomingMessage.emit (events.js:314:20)
    at endReadableNT (_stream_readable.js:1223:12)
    at processTicksAndRejections (internal/process/task_queues.js:84:21)
error 2020-12-03T13:03:25.571Z - TypeError: authenticateUser is not a function
    at module.exports (/Users/CRIS/bootcamp/collab/letscoder-bootcamp-202010/staff/cristian-manzano/LiveSessions-project/LiveSessions-api/routes/api/handlers/handle-authenticate-user.js:10:9)
    at /Users/CRIS/bootcamp/collab/letscoder-bootcamp-202010/staff/cristian-manzano/LiveSessions-project/LiveSessions-api/routes/api/helpers/with-error-handling.js:6:9
    at Layer.handle [as handle_request] (/Users/CRIS/bootcamp/collab/letscoder-bootcamp-202010/staff/cristian-manzano/LiveSessions-project/LiveSessions-api/node_modules/express/lib/router/layer.js:95:5)
    at next (/Users/CRIS/bootcamp/collab/letscoder-bootcamp-202010/staff/cristian-manzano/LiveSessions-project/LiveSessions-api/node_modules/express/lib/router/route.js:137:13)
    at IncomingMessage.<anonymous> (/Users/CRIS/bootcamp/collab/letscoder-bootcamp-202010/staff/cristian-manzano/LiveSessions-project/LiveSessions-api/middlewares/json-body-parser.js:21:13)
    at IncomingMessage.emit (events.js:314:20)
    at endReadableNT (_stream_readable.js:1223:12)
    at processTicksAndRejections (internal/process/task_queues.js:84:21)
error 2020-12-03T13:05:14.740Z - TypeError: authenticateUser is not a function
    at module.exports (/Users/CRIS/bootcamp/collab/letscoder-bootcamp-202010/staff/cristian-manzano/LiveSessions-project/LiveSessions-api/routes/api/handlers/handle-authenticate-user.js:10:9)
    at /Users/CRIS/bootcamp/collab/letscoder-bootcamp-202010/staff/cristian-manzano/LiveSessions-project/LiveSessions-api/routes/api/helpers/with-error-handling.js:6:9
    at Layer.handle [as handle_request] (/Users/CRIS/bootcamp/collab/letscoder-bootcamp-202010/staff/cristian-manzano/LiveSessions-project/LiveSessions-api/node_modules/express/lib/router/layer.js:95:5)
    at next (/Users/CRIS/bootcamp/collab/letscoder-bootcamp-202010/staff/cristian-manzano/LiveSessions-project/LiveSessions-api/node_modules/express/lib/router/route.js:137:13)
    at IncomingMessage.<anonymous> (/Users/CRIS/bootcamp/collab/letscoder-bootcamp-202010/staff/cristian-manzano/LiveSessions-project/LiveSessions-api/middlewares/json-body-parser.js:21:13)
    at IncomingMessage.emit (events.js:314:20)
    at endReadableNT (_stream_readable.js:1223:12)
    at processTicksAndRejections (internal/process/task_queues.js:84:21)
error 2020-12-03T13:28:24.592Z - TypeError: authenticateUser is not a function
    at module.exports (/Users/CRIS/bootcamp/collab/letscoder-bootcamp-202010/staff/cristian-manzano/LiveSessions-project/LiveSessions-api/routes/api/handlers/handle-authenticate-user.js:10:9)
    at /Users/CRIS/bootcamp/collab/letscoder-bootcamp-202010/staff/cristian-manzano/LiveSessions-project/LiveSessions-api/routes/api/helpers/with-error-handling.js:6:9
    at Layer.handle [as handle_request] (/Users/CRIS/bootcamp/collab/letscoder-bootcamp-202010/staff/cristian-manzano/LiveSessions-project/LiveSessions-api/node_modules/express/lib/router/layer.js:95:5)
    at next (/Users/CRIS/bootcamp/collab/letscoder-bootcamp-202010/staff/cristian-manzano/LiveSessions-project/LiveSessions-api/node_modules/express/lib/router/route.js:137:13)
    at IncomingMessage.<anonymous> (/Users/CRIS/bootcamp/collab/letscoder-bootcamp-202010/staff/cristian-manzano/LiveSessions-project/LiveSessions-api/middlewares/json-body-parser.js:21:13)
    at IncomingMessage.emit (events.js:314:20)
    at endReadableNT (_stream_readable.js:1223:12)
    at processTicksAndRejections (internal/process/task_queues.js:84:21)
error 2020-12-03T13:28:46.504Z - TypeError: authenticateUser is not a function
    at module.exports (/Users/CRIS/bootcamp/collab/letscoder-bootcamp-202010/staff/cristian-manzano/LiveSessions-project/LiveSessions-api/routes/api/handlers/handle-authenticate-user.js:10:9)
    at /Users/CRIS/bootcamp/collab/letscoder-bootcamp-202010/staff/cristian-manzano/LiveSessions-project/LiveSessions-api/routes/api/helpers/with-error-handling.js:6:9
    at Layer.handle [as handle_request] (/Users/CRIS/bootcamp/collab/letscoder-bootcamp-202010/staff/cristian-manzano/LiveSessions-project/LiveSessions-api/node_modules/express/lib/router/layer.js:95:5)
    at next (/Users/CRIS/bootcamp/collab/letscoder-bootcamp-202010/staff/cristian-manzano/LiveSessions-project/LiveSessions-api/node_modules/express/lib/router/route.js:137:13)
    at IncomingMessage.<anonymous> (/Users/CRIS/bootcamp/collab/letscoder-bootcamp-202010/staff/cristian-manzano/LiveSessions-project/LiveSessions-api/middlewares/json-body-parser.js:21:13)
    at IncomingMessage.emit (events.js:314:20)
    at endReadableNT (_stream_readable.js:1223:12)
    at processTicksAndRejections (internal/process/task_queues.js:84:21)
error 2020-12-03T13:35:29.613Z - TypeError: authenticateUser is not a function
    at module.exports (/Users/CRIS/bootcamp/collab/letscoder-bootcamp-202010/staff/cristian-manzano/LiveSessions-project/LiveSessions-api/routes/api/handlers/handle-authenticate-user.js:10:9)
    at /Users/CRIS/bootcamp/collab/letscoder-bootcamp-202010/staff/cristian-manzano/LiveSessions-project/LiveSessions-api/routes/api/helpers/with-error-handling.js:6:9
    at Layer.handle [as handle_request] (/Users/CRIS/bootcamp/collab/letscoder-bootcamp-202010/staff/cristian-manzano/LiveSessions-project/LiveSessions-api/node_modules/express/lib/router/layer.js:95:5)
    at next (/Users/CRIS/bootcamp/collab/letscoder-bootcamp-202010/staff/cristian-manzano/LiveSessions-project/LiveSessions-api/node_modules/express/lib/router/route.js:137:13)
    at IncomingMessage.<anonymous> (/Users/CRIS/bootcamp/collab/letscoder-bootcamp-202010/staff/cristian-manzano/LiveSessions-project/LiveSessions-api/middlewares/json-body-parser.js:21:13)
    at IncomingMessage.emit (events.js:314:20)
    at endReadableNT (_stream_readable.js:1223:12)
    at processTicksAndRejections (internal/process/task_queues.js:84:21)
error 2020-12-03T14:40:46.014Z - TypeError: authenticateUser is not a function
    at module.exports (/Users/CRIS/bootcamp/collab/letscoder-bootcamp-202010/staff/cristian-manzano/LiveSessions-project/LiveSessions-api/routes/api/handlers/handle-authenticate-user.js:10:9)
    at /Users/CRIS/bootcamp/collab/letscoder-bootcamp-202010/staff/cristian-manzano/LiveSessions-project/LiveSessions-api/routes/api/helpers/with-error-handling.js:6:9
    at Layer.handle [as handle_request] (/Users/CRIS/bootcamp/collab/letscoder-bootcamp-202010/staff/cristian-manzano/LiveSessions-project/LiveSessions-api/node_modules/express/lib/router/layer.js:95:5)
    at next (/Users/CRIS/bootcamp/collab/letscoder-bootcamp-202010/staff/cristian-manzano/LiveSessions-project/LiveSessions-api/node_modules/express/lib/router/route.js:137:13)
    at IncomingMessage.<anonymous> (/Users/CRIS/bootcamp/collab/letscoder-bootcamp-202010/staff/cristian-manzano/LiveSessions-project/LiveSessions-api/middlewares/json-body-parser.js:21:13)
    at IncomingMessage.emit (events.js:314:20)
    at endReadableNT (_stream_readable.js:1223:12)
    at processTicksAndRejections (internal/process/task_queues.js:84:21)
error 2020-12-03T14:56:22.969Z - TypeError: authenticateUser is not a function
    at module.exports (/Users/CRIS/bootcamp/collab/letscoder-bootcamp-202010/staff/cristian-manzano/LiveSessions-project/LiveSessions-api/routes/api/handlers/handle-authenticate-user.js:10:9)
    at /Users/CRIS/bootcamp/collab/letscoder-bootcamp-202010/staff/cristian-manzano/LiveSessions-project/LiveSessions-api/routes/api/helpers/with-error-handling.js:6:9
    at Layer.handle [as handle_request] (/Users/CRIS/bootcamp/collab/letscoder-bootcamp-202010/staff/cristian-manzano/LiveSessions-project/LiveSessions-api/node_modules/express/lib/router/layer.js:95:5)
    at next (/Users/CRIS/bootcamp/collab/letscoder-bootcamp-202010/staff/cristian-manzano/LiveSessions-project/LiveSessions-api/node_modules/express/lib/router/route.js:137:13)
    at IncomingMessage.<anonymous> (/Users/CRIS/bootcamp/collab/letscoder-bootcamp-202010/staff/cristian-manzano/LiveSessions-project/LiveSessions-api/middlewares/json-body-parser.js:21:13)
    at IncomingMessage.emit (events.js:314:20)
    at endReadableNT (_stream_readable.js:1223:12)
    at processTicksAndRejections (internal/process/task_queues.js:84:21)
error 2020-12-03T14:56:30.057Z - TypeError: authenticateUser is not a function
    at module.exports (/Users/CRIS/bootcamp/collab/letscoder-bootcamp-202010/staff/cristian-manzano/LiveSessions-project/LiveSessions-api/routes/api/handlers/handle-authenticate-user.js:10:9)
    at /Users/CRIS/bootcamp/collab/letscoder-bootcamp-202010/staff/cristian-manzano/LiveSessions-project/LiveSessions-api/routes/api/helpers/with-error-handling.js:6:9
    at Layer.handle [as handle_request] (/Users/CRIS/bootcamp/collab/letscoder-bootcamp-202010/staff/cristian-manzano/LiveSessions-project/LiveSessions-api/node_modules/express/lib/router/layer.js:95:5)
    at next (/Users/CRIS/bootcamp/collab/letscoder-bootcamp-202010/staff/cristian-manzano/LiveSessions-project/LiveSessions-api/node_modules/express/lib/router/route.js:137:13)
    at IncomingMessage.<anonymous> (/Users/CRIS/bootcamp/collab/letscoder-bootcamp-202010/staff/cristian-manzano/LiveSessions-project/LiveSessions-api/middlewares/json-body-parser.js:21:13)
    at IncomingMessage.emit (events.js:314:20)
    at endReadableNT (_stream_readable.js:1223:12)
    at processTicksAndRejections (internal/process/task_queues.js:84:21)
error 2020-12-03T14:56:43.377Z - TypeError: authenticateUser is not a function
    at module.exports (/Users/CRIS/bootcamp/collab/letscoder-bootcamp-202010/staff/cristian-manzano/LiveSessions-project/LiveSessions-api/routes/api/handlers/handle-authenticate-user.js:10:9)
    at /Users/CRIS/bootcamp/collab/letscoder-bootcamp-202010/staff/cristian-manzano/LiveSessions-project/LiveSessions-api/routes/api/helpers/with-error-handling.js:6:9
    at Layer.handle [as handle_request] (/Users/CRIS/bootcamp/collab/letscoder-bootcamp-202010/staff/cristian-manzano/LiveSessions-project/LiveSessions-api/node_modules/express/lib/router/layer.js:95:5)
    at next (/Users/CRIS/bootcamp/collab/letscoder-bootcamp-202010/staff/cristian-manzano/LiveSessions-project/LiveSessions-api/node_modules/express/lib/router/route.js:137:13)
    at IncomingMessage.<anonymous> (/Users/CRIS/bootcamp/collab/letscoder-bootcamp-202010/staff/cristian-manzano/LiveSessions-project/LiveSessions-api/middlewares/json-body-parser.js:21:13)
    at IncomingMessage.emit (events.js:314:20)
    at endReadableNT (_stream_readable.js:1223:12)
    at processTicksAndRejections (internal/process/task_queues.js:84:21)
error 2020-12-03T15:15:48.553Z - TypeError: authenticateUser is not a function
    at module.exports (/Users/CRIS/bootcamp/collab/letscoder-bootcamp-202010/staff/cristian-manzano/LiveSessions-project/LiveSessions-api/routes/api/handlers/handle-authenticate-user.js:10:9)
    at /Users/CRIS/bootcamp/collab/letscoder-bootcamp-202010/staff/cristian-manzano/LiveSessions-project/LiveSessions-api/routes/api/helpers/with-error-handling.js:6:9
    at Layer.handle [as handle_request] (/Users/CRIS/bootcamp/collab/letscoder-bootcamp-202010/staff/cristian-manzano/LiveSessions-project/LiveSessions-api/node_modules/express/lib/router/layer.js:95:5)
    at next (/Users/CRIS/bootcamp/collab/letscoder-bootcamp-202010/staff/cristian-manzano/LiveSessions-project/LiveSessions-api/node_modules/express/lib/router/route.js:137:13)
    at IncomingMessage.<anonymous> (/Users/CRIS/bootcamp/collab/letscoder-bootcamp-202010/staff/cristian-manzano/LiveSessions-project/LiveSessions-api/middlewares/json-body-parser.js:21:13)
    at IncomingMessage.emit (events.js:314:20)
    at endReadableNT (_stream_readable.js:1223:12)
    at processTicksAndRejections (internal/process/task_queues.js:84:21)
error 2020-12-03T15:34:08.893Z - TypeError: authenticateUser is not a function
    at module.exports (/Users/CRIS/bootcamp/collab/letscoder-bootcamp-202010/staff/cristian-manzano/LiveSessions-project/LiveSessions-api/routes/api/handlers/handle-authenticate-user.js:10:9)
    at /Users/CRIS/bootcamp/collab/letscoder-bootcamp-202010/staff/cristian-manzano/LiveSessions-project/LiveSessions-api/routes/api/helpers/with-error-handling.js:6:9
    at Layer.handle [as handle_request] (/Users/CRIS/bootcamp/collab/letscoder-bootcamp-202010/staff/cristian-manzano/LiveSessions-project/LiveSessions-api/node_modules/express/lib/router/layer.js:95:5)
    at next (/Users/CRIS/bootcamp/collab/letscoder-bootcamp-202010/staff/cristian-manzano/LiveSessions-project/LiveSessions-api/node_modules/express/lib/router/route.js:137:13)
    at IncomingMessage.<anonymous> (/Users/CRIS/bootcamp/collab/letscoder-bootcamp-202010/staff/cristian-manzano/LiveSessions-project/LiveSessions-api/middlewares/json-body-parser.js:21:13)
    at IncomingMessage.emit (events.js:314:20)
    at endReadableNT (_stream_readable.js:1223:12)
    at processTicksAndRejections (internal/process/task_queues.js:84:21)
error 2020-12-03T15:39:06.103Z - TypeError: authenticateUser is not a function
    at module.exports (/Users/CRIS/bootcamp/collab/letscoder-bootcamp-202010/staff/cristian-manzano/LiveSessions-project/LiveSessions-api/routes/api/handlers/handle-authenticate-user.js:10:9)
    at /Users/CRIS/bootcamp/collab/letscoder-bootcamp-202010/staff/cristian-manzano/LiveSessions-project/LiveSessions-api/routes/api/helpers/with-error-handling.js:6:9
    at Layer.handle [as handle_request] (/Users/CRIS/bootcamp/collab/letscoder-bootcamp-202010/staff/cristian-manzano/LiveSessions-project/LiveSessions-api/node_modules/express/lib/router/layer.js:95:5)
    at next (/Users/CRIS/bootcamp/collab/letscoder-bootcamp-202010/staff/cristian-manzano/LiveSessions-project/LiveSessions-api/node_modules/express/lib/router/route.js:137:13)
    at IncomingMessage.<anonymous> (/Users/CRIS/bootcamp/collab/letscoder-bootcamp-202010/staff/cristian-manzano/LiveSessions-project/LiveSessions-api/middlewares/json-body-parser.js:21:13)
    at IncomingMessage.emit (events.js:314:20)
    at endReadableNT (_stream_readable.js:1223:12)
    at processTicksAndRejections (internal/process/task_queues.js:84:21)
info 2020-12-03T15:40:19.350Z - stopping server
info 2020-12-03T15:40:28.596Z - starting server
info 2020-12-03T15:40:29.485Z - server running on port 4000
error 2020-12-03T15:43:20.526Z - TypeError: authenticateUser is not a function
    at module.exports (/Users/CRIS/bootcamp/collab/letscoder-bootcamp-202010/staff/cristian-manzano/LiveSessions-project/LiveSessions-api/routes/api/handlers/handle-authenticate-user.js:10:9)
    at /Users/CRIS/bootcamp/collab/letscoder-bootcamp-202010/staff/cristian-manzano/LiveSessions-project/LiveSessions-api/routes/api/helpers/with-error-handling.js:6:9
    at Layer.handle [as handle_request] (/Users/CRIS/bootcamp/collab/letscoder-bootcamp-202010/staff/cristian-manzano/LiveSessions-project/LiveSessions-api/node_modules/express/lib/router/layer.js:95:5)
    at next (/Users/CRIS/bootcamp/collab/letscoder-bootcamp-202010/staff/cristian-manzano/LiveSessions-project/LiveSessions-api/node_modules/express/lib/router/route.js:137:13)
    at IncomingMessage.<anonymous> (/Users/CRIS/bootcamp/collab/letscoder-bootcamp-202010/staff/cristian-manzano/LiveSessions-project/LiveSessions-api/middlewares/json-body-parser.js:21:13)
    at IncomingMessage.emit (events.js:314:20)
    at endReadableNT (_stream_readable.js:1223:12)
    at processTicksAndRejections (internal/process/task_queues.js:84:21)
info 2020-12-03T15:48:00.691Z - stopping server
info 2020-12-03T15:48:05.978Z - starting server
info 2020-12-03T15:48:06.555Z - server running on port 4000
error 2020-12-03T15:51:54.860Z - TypeError: authenticateUser is not a function
    at module.exports (/Users/CRIS/bootcamp/collab/letscoder-bootcamp-202010/staff/cristian-manzano/LiveSessions-project/LiveSessions-api/routes/api/handlers/handle-authenticate-user.js:10:9)
    at /Users/CRIS/bootcamp/collab/letscoder-bootcamp-202010/staff/cristian-manzano/LiveSessions-project/LiveSessions-api/routes/api/helpers/with-error-handling.js:6:9
    at Layer.handle [as handle_request] (/Users/CRIS/bootcamp/collab/letscoder-bootcamp-202010/staff/cristian-manzano/LiveSessions-project/LiveSessions-api/node_modules/express/lib/router/layer.js:95:5)
    at next (/Users/CRIS/bootcamp/collab/letscoder-bootcamp-202010/staff/cristian-manzano/LiveSessions-project/LiveSessions-api/node_modules/express/lib/router/route.js:137:13)
    at IncomingMessage.<anonymous> (/Users/CRIS/bootcamp/collab/letscoder-bootcamp-202010/staff/cristian-manzano/LiveSessions-project/LiveSessions-api/middlewares/json-body-parser.js:21:13)
    at IncomingMessage.emit (events.js:314:20)
    at endReadableNT (_stream_readable.js:1223:12)
    at processTicksAndRejections (internal/process/task_queues.js:84:21)
info 2020-12-03T15:55:49.798Z - stopping server
info 2020-12-03T15:55:56.249Z - starting server
info 2020-12-03T15:55:57.543Z - server running on port 4000
error 2020-12-03T15:57:20.727Z - ReferenceError: users is not defined
    at module.exports (/Users/CRIS/bootcamp/collab/letscoder-bootcamp-202010/staff/cristian-manzano/LiveSessions-project/LiveSessions-api/logic/authenticate-user.js:10:5)
    at module.exports (/Users/CRIS/bootcamp/collab/letscoder-bootcamp-202010/staff/cristian-manzano/LiveSessions-project/LiveSessions-api/routes/api/handlers/handle-authenticate-user.js:10:9)
    at /Users/CRIS/bootcamp/collab/letscoder-bootcamp-202010/staff/cristian-manzano/LiveSessions-project/LiveSessions-api/routes/api/helpers/with-error-handling.js:6:9
    at Layer.handle [as handle_request] (/Users/CRIS/bootcamp/collab/letscoder-bootcamp-202010/staff/cristian-manzano/LiveSessions-project/LiveSessions-api/node_modules/express/lib/router/layer.js:95:5)
    at next (/Users/CRIS/bootcamp/collab/letscoder-bootcamp-202010/staff/cristian-manzano/LiveSessions-project/LiveSessions-api/node_modules/express/lib/router/route.js:137:13)
    at IncomingMessage.<anonymous> (/Users/CRIS/bootcamp/collab/letscoder-bootcamp-202010/staff/cristian-manzano/LiveSessions-project/LiveSessions-api/middlewares/json-body-parser.js:21:13)
    at IncomingMessage.emit (events.js:314:20)
    at endReadableNT (_stream_readable.js:1223:12)
    at processTicksAndRejections (internal/process/task_queues.js:84:21)
info 2020-12-03T15:58:44.829Z - stopping server
info 2020-12-03T15:58:53.115Z - starting server
info 2020-12-03T15:58:53.712Z - server running on port 4000
error 2020-12-03T15:59:11.850Z - ReferenceError: User is not defined
    at module.exports (/Users/CRIS/bootcamp/collab/letscoder-bootcamp-202010/staff/cristian-manzano/LiveSessions-project/LiveSessions-api/logic/authenticate-user.js:10:5)
    at module.exports (/Users/CRIS/bootcamp/collab/letscoder-bootcamp-202010/staff/cristian-manzano/LiveSessions-project/LiveSessions-api/routes/api/handlers/handle-authenticate-user.js:10:9)
    at /Users/CRIS/bootcamp/collab/letscoder-bootcamp-202010/staff/cristian-manzano/LiveSessions-project/LiveSessions-api/routes/api/helpers/with-error-handling.js:6:9
    at Layer.handle [as handle_request] (/Users/CRIS/bootcamp/collab/letscoder-bootcamp-202010/staff/cristian-manzano/LiveSessions-project/LiveSessions-api/node_modules/express/lib/router/layer.js:95:5)
    at next (/Users/CRIS/bootcamp/collab/letscoder-bootcamp-202010/staff/cristian-manzano/LiveSessions-project/LiveSessions-api/node_modules/express/lib/router/route.js:137:13)
    at IncomingMessage.<anonymous> (/Users/CRIS/bootcamp/collab/letscoder-bootcamp-202010/staff/cristian-manzano/LiveSessions-project/LiveSessions-api/middlewares/json-body-parser.js:21:13)
    at IncomingMessage.emit (events.js:314:20)
    at endReadableNT (_stream_readable.js:1223:12)
    at processTicksAndRejections (internal/process/task_queues.js:84:21)
info 2020-12-03T16:02:07.462Z - stopping server
info 2020-12-03T16:02:16.426Z - starting server
error 2020-12-03T16:02:16.951Z - Error: Cannot find module '../../models'
Require stack:
- /Users/CRIS/bootcamp/collab/letscoder-bootcamp-202010/staff/cristian-manzano/LiveSessions-project/LiveSessions-api/logic/authenticate-user.js
- /Users/CRIS/bootcamp/collab/letscoder-bootcamp-202010/staff/cristian-manzano/LiveSessions-project/LiveSessions-api/logic/index.js
- /Users/CRIS/bootcamp/collab/letscoder-bootcamp-202010/staff/cristian-manzano/LiveSessions-project/LiveSessions-api/routes/api/handlers/handle-register-user.js
- /Users/CRIS/bootcamp/collab/letscoder-bootcamp-202010/staff/cristian-manzano/LiveSessions-project/LiveSessions-api/routes/api/handlers/index.js
- /Users/CRIS/bootcamp/collab/letscoder-bootcamp-202010/staff/cristian-manzano/LiveSessions-project/LiveSessions-api/routes/api/index.js
- /Users/CRIS/bootcamp/collab/letscoder-bootcamp-202010/staff/cristian-manzano/LiveSessions-project/LiveSessions-api/routes/index.js
- /Users/CRIS/bootcamp/collab/letscoder-bootcamp-202010/staff/cristian-manzano/LiveSessions-project/LiveSessions-api/index.js
    at Function.Module._resolveFilename (internal/modules/cjs/loader.js:831:15)
    at Function.Module._load (internal/modules/cjs/loader.js:687:27)
    at Module.require (internal/modules/cjs/loader.js:903:19)
    at require (internal/modules/cjs/helpers.js:74:18)
    at Object.<anonymous> (/Users/CRIS/bootcamp/collab/letscoder-bootcamp-202010/staff/cristian-manzano/LiveSessions-project/LiveSessions-api/logic/authenticate-user.js:3:18)
    at Module._compile (internal/modules/cjs/loader.js:1015:30)
    at Object.Module._extensions..js (internal/modules/cjs/loader.js:1035:10)
    at Module.load (internal/modules/cjs/loader.js:879:32)
    at Function.Module._load (internal/modules/cjs/loader.js:724:14)
    at Module.require (internal/modules/cjs/loader.js:903:19)
    at require (internal/modules/cjs/helpers.js:74:18)
    at Object.<anonymous> (/Users/CRIS/bootcamp/collab/letscoder-bootcamp-202010/staff/cristian-manzano/LiveSessions-project/LiveSessions-api/logic/index.js:3:23)
    at Module._compile (internal/modules/cjs/loader.js:1015:30)
    at Object.Module._extensions..js (internal/modules/cjs/loader.js:1035:10)
    at Module.load (internal/modules/cjs/loader.js:879:32)
    at Function.Module._load (internal/modules/cjs/loader.js:724:14)
info 2020-12-03T16:02:17.002Z - stopping server
info 2020-12-03T16:02:21.738Z - starting server
error 2020-12-03T16:02:22.284Z - Error: Cannot find module '../../models'
Require stack:
- /Users/CRIS/bootcamp/collab/letscoder-bootcamp-202010/staff/cristian-manzano/LiveSessions-project/LiveSessions-api/logic/authenticate-user.js
- /Users/CRIS/bootcamp/collab/letscoder-bootcamp-202010/staff/cristian-manzano/LiveSessions-project/LiveSessions-api/logic/index.js
- /Users/CRIS/bootcamp/collab/letscoder-bootcamp-202010/staff/cristian-manzano/LiveSessions-project/LiveSessions-api/routes/api/handlers/handle-register-user.js
- /Users/CRIS/bootcamp/collab/letscoder-bootcamp-202010/staff/cristian-manzano/LiveSessions-project/LiveSessions-api/routes/api/handlers/index.js
- /Users/CRIS/bootcamp/collab/letscoder-bootcamp-202010/staff/cristian-manzano/LiveSessions-project/LiveSessions-api/routes/api/index.js
- /Users/CRIS/bootcamp/collab/letscoder-bootcamp-202010/staff/cristian-manzano/LiveSessions-project/LiveSessions-api/routes/index.js
- /Users/CRIS/bootcamp/collab/letscoder-bootcamp-202010/staff/cristian-manzano/LiveSessions-project/LiveSessions-api/index.js
    at Function.Module._resolveFilename (internal/modules/cjs/loader.js:831:15)
    at Function.Module._load (internal/modules/cjs/loader.js:687:27)
    at Module.require (internal/modules/cjs/loader.js:903:19)
    at require (internal/modules/cjs/helpers.js:74:18)
    at Object.<anonymous> (/Users/CRIS/bootcamp/collab/letscoder-bootcamp-202010/staff/cristian-manzano/LiveSessions-project/LiveSessions-api/logic/authenticate-user.js:3:18)
    at Module._compile (internal/modules/cjs/loader.js:1015:30)
    at Object.Module._extensions..js (internal/modules/cjs/loader.js:1035:10)
    at Module.load (internal/modules/cjs/loader.js:879:32)
    at Function.Module._load (internal/modules/cjs/loader.js:724:14)
    at Module.require (internal/modules/cjs/loader.js:903:19)
    at require (internal/modules/cjs/helpers.js:74:18)
    at Object.<anonymous> (/Users/CRIS/bootcamp/collab/letscoder-bootcamp-202010/staff/cristian-manzano/LiveSessions-project/LiveSessions-api/logic/index.js:3:23)
    at Module._compile (internal/modules/cjs/loader.js:1015:30)
    at Object.Module._extensions..js (internal/modules/cjs/loader.js:1035:10)
    at Module.load (internal/modules/cjs/loader.js:879:32)
    at Function.Module._load (internal/modules/cjs/loader.js:724:14)
info 2020-12-03T16:02:22.342Z - stopping server
info 2020-12-03T16:02:28.312Z - starting server
error 2020-12-03T16:02:28.464Z - Error: Cannot find module '../../models'
Require stack:
- /Users/CRIS/bootcamp/collab/letscoder-bootcamp-202010/staff/cristian-manzano/LiveSessions-project/LiveSessions-api/logic/authenticate-user.js
- /Users/CRIS/bootcamp/collab/letscoder-bootcamp-202010/staff/cristian-manzano/LiveSessions-project/LiveSessions-api/logic/index.js
- /Users/CRIS/bootcamp/collab/letscoder-bootcamp-202010/staff/cristian-manzano/LiveSessions-project/LiveSessions-api/routes/api/handlers/handle-register-user.js
- /Users/CRIS/bootcamp/collab/letscoder-bootcamp-202010/staff/cristian-manzano/LiveSessions-project/LiveSessions-api/routes/api/handlers/index.js
- /Users/CRIS/bootcamp/collab/letscoder-bootcamp-202010/staff/cristian-manzano/LiveSessions-project/LiveSessions-api/routes/api/index.js
- /Users/CRIS/bootcamp/collab/letscoder-bootcamp-202010/staff/cristian-manzano/LiveSessions-project/LiveSessions-api/routes/index.js
- /Users/CRIS/bootcamp/collab/letscoder-bootcamp-202010/staff/cristian-manzano/LiveSessions-project/LiveSessions-api/index.js
    at Function.Module._resolveFilename (internal/modules/cjs/loader.js:831:15)
    at Function.Module._load (internal/modules/cjs/loader.js:687:27)
    at Module.require (internal/modules/cjs/loader.js:903:19)
    at require (internal/modules/cjs/helpers.js:74:18)
    at Object.<anonymous> (/Users/CRIS/bootcamp/collab/letscoder-bootcamp-202010/staff/cristian-manzano/LiveSessions-project/LiveSessions-api/logic/authenticate-user.js:3:18)
    at Module._compile (internal/modules/cjs/loader.js:1015:30)
    at Object.Module._extensions..js (internal/modules/cjs/loader.js:1035:10)
    at Module.load (internal/modules/cjs/loader.js:879:32)
    at Function.Module._load (internal/modules/cjs/loader.js:724:14)
    at Module.require (internal/modules/cjs/loader.js:903:19)
    at require (internal/modules/cjs/helpers.js:74:18)
    at Object.<anonymous> (/Users/CRIS/bootcamp/collab/letscoder-bootcamp-202010/staff/cristian-manzano/LiveSessions-project/LiveSessions-api/logic/index.js:3:23)
    at Module._compile (internal/modules/cjs/loader.js:1015:30)
    at Object.Module._extensions..js (internal/modules/cjs/loader.js:1035:10)
    at Module.load (internal/modules/cjs/loader.js:879:32)
    at Function.Module._load (internal/modules/cjs/loader.js:724:14)
info 2020-12-03T16:02:28.501Z - stopping server
info 2020-12-03T16:02:41.153Z - starting server
error 2020-12-03T16:02:41.235Z - Error: Cannot find module '../../models'
Require stack:
- /Users/CRIS/bootcamp/collab/letscoder-bootcamp-202010/staff/cristian-manzano/LiveSessions-project/LiveSessions-api/logic/authenticate-user.js
- /Users/CRIS/bootcamp/collab/letscoder-bootcamp-202010/staff/cristian-manzano/LiveSessions-project/LiveSessions-api/logic/index.js
- /Users/CRIS/bootcamp/collab/letscoder-bootcamp-202010/staff/cristian-manzano/LiveSessions-project/LiveSessions-api/routes/api/handlers/handle-register-user.js
- /Users/CRIS/bootcamp/collab/letscoder-bootcamp-202010/staff/cristian-manzano/LiveSessions-project/LiveSessions-api/routes/api/handlers/index.js
- /Users/CRIS/bootcamp/collab/letscoder-bootcamp-202010/staff/cristian-manzano/LiveSessions-project/LiveSessions-api/routes/api/index.js
- /Users/CRIS/bootcamp/collab/letscoder-bootcamp-202010/staff/cristian-manzano/LiveSessions-project/LiveSessions-api/routes/index.js
- /Users/CRIS/bootcamp/collab/letscoder-bootcamp-202010/staff/cristian-manzano/LiveSessions-project/LiveSessions-api/index.js
    at Function.Module._resolveFilename (internal/modules/cjs/loader.js:831:15)
    at Function.Module._load (internal/modules/cjs/loader.js:687:27)
    at Module.require (internal/modules/cjs/loader.js:903:19)
    at require (internal/modules/cjs/helpers.js:74:18)
    at Object.<anonymous> (/Users/CRIS/bootcamp/collab/letscoder-bootcamp-202010/staff/cristian-manzano/LiveSessions-project/LiveSessions-api/logic/authenticate-user.js:3:18)
    at Module._compile (internal/modules/cjs/loader.js:1015:30)
    at Object.Module._extensions..js (internal/modules/cjs/loader.js:1035:10)
    at Module.load (internal/modules/cjs/loader.js:879:32)
    at Function.Module._load (internal/modules/cjs/loader.js:724:14)
    at Module.require (internal/modules/cjs/loader.js:903:19)
    at require (internal/modules/cjs/helpers.js:74:18)
    at Object.<anonymous> (/Users/CRIS/bootcamp/collab/letscoder-bootcamp-202010/staff/cristian-manzano/LiveSessions-project/LiveSessions-api/logic/index.js:3:23)
    at Module._compile (internal/modules/cjs/loader.js:1015:30)
    at Object.Module._extensions..js (internal/modules/cjs/loader.js:1035:10)
    at Module.load (internal/modules/cjs/loader.js:879:32)
    at Function.Module._load (internal/modules/cjs/loader.js:724:14)
info 2020-12-03T16:02:41.257Z - stopping server
info 2020-12-03T16:03:31.830Z - starting server
info 2020-12-03T16:03:32.407Z - server running on port 4000
info 2020-12-03T16:04:01.707Z - stopping server
info 2020-12-03T16:04:13.621Z - starting server
info 2020-12-03T16:04:14.858Z - server running on port 4000
error 2020-12-03T16:05:24.946Z - ReferenceError: user is not defined
    at module.exports (/Users/CRIS/bootcamp/collab/letscoder-bootcamp-202010/staff/cristian-manzano/LiveSessions-project/LiveSessions-api/logic/authenticate-user.js:10:5)
    at module.exports (/Users/CRIS/bootcamp/collab/letscoder-bootcamp-202010/staff/cristian-manzano/LiveSessions-project/LiveSessions-api/routes/api/handlers/handle-authenticate-user.js:10:9)
    at /Users/CRIS/bootcamp/collab/letscoder-bootcamp-202010/staff/cristian-manzano/LiveSessions-project/LiveSessions-api/routes/api/helpers/with-error-handling.js:6:9
    at Layer.handle [as handle_request] (/Users/CRIS/bootcamp/collab/letscoder-bootcamp-202010/staff/cristian-manzano/LiveSessions-project/LiveSessions-api/node_modules/express/lib/router/layer.js:95:5)
    at next (/Users/CRIS/bootcamp/collab/letscoder-bootcamp-202010/staff/cristian-manzano/LiveSessions-project/LiveSessions-api/node_modules/express/lib/router/route.js:137:13)
    at IncomingMessage.<anonymous> (/Users/CRIS/bootcamp/collab/letscoder-bootcamp-202010/staff/cristian-manzano/LiveSessions-project/LiveSessions-api/middlewares/json-body-parser.js:21:13)
    at IncomingMessage.emit (events.js:314:20)
    at endReadableNT (_stream_readable.js:1223:12)
    at processTicksAndRejections (internal/process/task_queues.js:84:21)
info 2020-12-03T16:05:42.915Z - stopping server
info 2020-12-03T16:05:52.094Z - starting server
info 2020-12-03T16:05:52.660Z - server running on port 4000
error 2020-12-03T16:06:10.361Z - AuthError: wrong credentials
    at /Users/CRIS/bootcamp/collab/letscoder-bootcamp-202010/staff/cristian-manzano/LiveSessions-project/LiveSessions-api/logic/authenticate-user.js:12:30
    at processTicksAndRejections (internal/process/task_queues.js:97:5)
error 2020-12-03T16:07:02.942Z - AuthError: wrong credentials
    at /Users/CRIS/bootcamp/collab/letscoder-bootcamp-202010/staff/cristian-manzano/LiveSessions-project/LiveSessions-api/logic/authenticate-user.js:12:30
    at processTicksAndRejections (internal/process/task_queues.js:97:5)
error 2020-12-03T16:09:07.881Z - AuthError: wrong credentials
    at /Users/CRIS/bootcamp/collab/letscoder-bootcamp-202010/staff/cristian-manzano/LiveSessions-project/LiveSessions-api/logic/authenticate-user.js:12:30
    at processTicksAndRejections (internal/process/task_queues.js:97:5)
info 2020-12-03T16:16:35.954Z - stopping server
info 2020-12-03T16:16:41.009Z - starting server
info 2020-12-03T16:16:41.692Z - server running on port 4000
info 2020-12-03T16:19:43.688Z - stopping server
info 2020-12-03T16:20:16.122Z - starting server
info 2020-12-03T16:20:16.741Z - server running on port 4000
info 2020-12-03T17:44:02.847Z - stopping server
info 2020-12-03T17:44:11.349Z - starting server
info 2020-12-03T17:44:12.035Z - server running on port 4000
info 2020-12-03T17:45:53.246Z - stopping server
info 2020-12-03T17:45:59.333Z - starting server
info 2020-12-03T17:46:00.075Z - server running on port 4000
error 2020-12-05T10:57:16.810Z - TypeError: undefined is not a artistName
    at validateArtistName (/Users/CRIS/bootcamp/collab/letscoder-bootcamp-202010/staff/cristian-manzano/LiveSessions-project/LiveSessions-api/logic/helpers/validations.js:33:51)
    at module.exports (/Users/CRIS/bootcamp/collab/letscoder-bootcamp-202010/staff/cristian-manzano/LiveSessions-project/LiveSessions-api/logic/register-user.js:9:5)
    at module.exports (/Users/CRIS/bootcamp/collab/letscoder-bootcamp-202010/staff/cristian-manzano/LiveSessions-project/LiveSessions-api/routes/api/handlers/handle-register-user.js:8:9)
    at /Users/CRIS/bootcamp/collab/letscoder-bootcamp-202010/staff/cristian-manzano/LiveSessions-project/LiveSessions-api/routes/api/helpers/with-error-handling.js:6:9
    at Layer.handle [as handle_request] (/Users/CRIS/bootcamp/collab/letscoder-bootcamp-202010/staff/cristian-manzano/LiveSessions-project/LiveSessions-api/node_modules/express/lib/router/layer.js:95:5)
    at next (/Users/CRIS/bootcamp/collab/letscoder-bootcamp-202010/staff/cristian-manzano/LiveSessions-project/LiveSessions-api/node_modules/express/lib/router/route.js:137:13)
    at IncomingMessage.<anonymous> (/Users/CRIS/bootcamp/collab/letscoder-bootcamp-202010/staff/cristian-manzano/LiveSessions-project/LiveSessions-api/middlewares/json-body-parser.js:21:13)
    at IncomingMessage.emit (events.js:314:20)
    at endReadableNT (_stream_readable.js:1223:12)
    at processTicksAndRejections (internal/process/task_queues.js:84:21)
error 2020-12-05T10:59:24.760Z - TypeError: undefined is not a artistName
    at validateArtistName (/Users/CRIS/bootcamp/collab/letscoder-bootcamp-202010/staff/cristian-manzano/LiveSessions-project/LiveSessions-api/logic/helpers/validations.js:33:51)
    at module.exports (/Users/CRIS/bootcamp/collab/letscoder-bootcamp-202010/staff/cristian-manzano/LiveSessions-project/LiveSessions-api/logic/register-user.js:9:5)
    at module.exports (/Users/CRIS/bootcamp/collab/letscoder-bootcamp-202010/staff/cristian-manzano/LiveSessions-project/LiveSessions-api/routes/api/handlers/handle-register-user.js:8:9)
    at /Users/CRIS/bootcamp/collab/letscoder-bootcamp-202010/staff/cristian-manzano/LiveSessions-project/LiveSessions-api/routes/api/helpers/with-error-handling.js:6:9
    at Layer.handle [as handle_request] (/Users/CRIS/bootcamp/collab/letscoder-bootcamp-202010/staff/cristian-manzano/LiveSessions-project/LiveSessions-api/node_modules/express/lib/router/layer.js:95:5)
    at next (/Users/CRIS/bootcamp/collab/letscoder-bootcamp-202010/staff/cristian-manzano/LiveSessions-project/LiveSessions-api/node_modules/express/lib/router/route.js:137:13)
    at IncomingMessage.<anonymous> (/Users/CRIS/bootcamp/collab/letscoder-bootcamp-202010/staff/cristian-manzano/LiveSessions-project/LiveSessions-api/middlewares/json-body-parser.js:21:13)
    at IncomingMessage.emit (events.js:314:20)
    at endReadableNT (_stream_readable.js:1223:12)
    at processTicksAndRejections (internal/process/task_queues.js:84:21)
info 2020-12-05T11:03:21.495Z - stopping server
info 2020-12-05T11:03:31.207Z - starting server
error 2020-12-05T11:03:31.339Z - /Users/CRIS/bootcamp/collab/letscoder-bootcamp-202010/staff/cristian-manzano/LiveSessions-project/LiveSessions-api/models/schemas/user.js:34
        enum: ['ARTIST', 'PROMOTER']
        ^^^^

SyntaxError: Unexpected reserved word
    at wrapSafe (internal/modules/cjs/loader.js:931:16)
    at Module._compile (internal/modules/cjs/loader.js:979:27)
    at Object.Module._extensions..js (internal/modules/cjs/loader.js:1035:10)
    at Module.load (internal/modules/cjs/loader.js:879:32)
    at Function.Module._load (internal/modules/cjs/loader.js:724:14)
    at Module.require (internal/modules/cjs/loader.js:903:19)
    at require (internal/modules/cjs/helpers.js:74:18)
    at Object.<anonymous> (/Users/CRIS/bootcamp/collab/letscoder-bootcamp-202010/staff/cristian-manzano/LiveSessions-project/LiveSessions-api/models/schemas/index.js:2:11)
    at Module._compile (internal/modules/cjs/loader.js:1015:30)
    at Object.Module._extensions..js (internal/modules/cjs/loader.js:1035:10)
    at Module.load (internal/modules/cjs/loader.js:879:32)
    at Function.Module._load (internal/modules/cjs/loader.js:724:14)
    at Module.require (internal/modules/cjs/loader.js:903:19)
    at require (internal/modules/cjs/helpers.js:74:18)
    at Object.<anonymous> (/Users/CRIS/bootcamp/collab/letscoder-bootcamp-202010/staff/cristian-manzano/LiveSessions-project/LiveSessions-api/models/index.js:2:18)
    at Module._compile (internal/modules/cjs/loader.js:1015:30)
info 2020-12-05T11:03:31.340Z - stopping server
info 2020-12-05T11:04:04.720Z - starting server
error 2020-12-05T11:04:04.852Z - /Users/CRIS/bootcamp/collab/letscoder-bootcamp-202010/staff/cristian-manzano/LiveSessions-project/LiveSessions-api/models/schemas/user.js:34
        enum: ['ARTIST', 'PROMOTER']
        ^^^^

SyntaxError: Unexpected reserved word
    at wrapSafe (internal/modules/cjs/loader.js:931:16)
    at Module._compile (internal/modules/cjs/loader.js:979:27)
    at Object.Module._extensions..js (internal/modules/cjs/loader.js:1035:10)
    at Module.load (internal/modules/cjs/loader.js:879:32)
    at Function.Module._load (internal/modules/cjs/loader.js:724:14)
    at Module.require (internal/modules/cjs/loader.js:903:19)
    at require (internal/modules/cjs/helpers.js:74:18)
    at Object.<anonymous> (/Users/CRIS/bootcamp/collab/letscoder-bootcamp-202010/staff/cristian-manzano/LiveSessions-project/LiveSessions-api/models/schemas/index.js:2:11)
    at Module._compile (internal/modules/cjs/loader.js:1015:30)
    at Object.Module._extensions..js (internal/modules/cjs/loader.js:1035:10)
    at Module.load (internal/modules/cjs/loader.js:879:32)
    at Function.Module._load (internal/modules/cjs/loader.js:724:14)
    at Module.require (internal/modules/cjs/loader.js:903:19)
    at require (internal/modules/cjs/helpers.js:74:18)
    at Object.<anonymous> (/Users/CRIS/bootcamp/collab/letscoder-bootcamp-202010/staff/cristian-manzano/LiveSessions-project/LiveSessions-api/models/index.js:2:18)
    at Module._compile (internal/modules/cjs/loader.js:1015:30)
info 2020-12-05T11:04:04.853Z - stopping server
info 2020-12-05T11:04:22.887Z - starting server
error 2020-12-05T11:04:23.051Z - /Users/CRIS/bootcamp/collab/letscoder-bootcamp-202010/staff/cristian-manzano/LiveSessions-project/LiveSessions-api/models/schemas/user.js:34
        enum: ['ARTIST', 'PROMOTER']
        ^^^^

SyntaxError: Unexpected reserved word
    at wrapSafe (internal/modules/cjs/loader.js:931:16)
    at Module._compile (internal/modules/cjs/loader.js:979:27)
    at Object.Module._extensions..js (internal/modules/cjs/loader.js:1035:10)
    at Module.load (internal/modules/cjs/loader.js:879:32)
    at Function.Module._load (internal/modules/cjs/loader.js:724:14)
    at Module.require (internal/modules/cjs/loader.js:903:19)
    at require (internal/modules/cjs/helpers.js:74:18)
    at Object.<anonymous> (/Users/CRIS/bootcamp/collab/letscoder-bootcamp-202010/staff/cristian-manzano/LiveSessions-project/LiveSessions-api/models/schemas/index.js:2:11)
    at Module._compile (internal/modules/cjs/loader.js:1015:30)
    at Object.Module._extensions..js (internal/modules/cjs/loader.js:1035:10)
    at Module.load (internal/modules/cjs/loader.js:879:32)
    at Function.Module._load (internal/modules/cjs/loader.js:724:14)
    at Module.require (internal/modules/cjs/loader.js:903:19)
    at require (internal/modules/cjs/helpers.js:74:18)
    at Object.<anonymous> (/Users/CRIS/bootcamp/collab/letscoder-bootcamp-202010/staff/cristian-manzano/LiveSessions-project/LiveSessions-api/models/index.js:2:18)
    at Module._compile (internal/modules/cjs/loader.js:1015:30)
info 2020-12-05T11:04:23.053Z - stopping server
info 2020-12-05T11:04:32.296Z - starting server
error 2020-12-05T11:04:32.337Z - /Users/CRIS/bootcamp/collab/letscoder-bootcamp-202010/staff/cristian-manzano/LiveSessions-project/LiveSessions-api/models/schemas/user.js:34
        enum: ['ARTIST', 'PROMOTER']
        ^^^^

SyntaxError: Unexpected reserved word
    at wrapSafe (internal/modules/cjs/loader.js:931:16)
    at Module._compile (internal/modules/cjs/loader.js:979:27)
    at Object.Module._extensions..js (internal/modules/cjs/loader.js:1035:10)
    at Module.load (internal/modules/cjs/loader.js:879:32)
    at Function.Module._load (internal/modules/cjs/loader.js:724:14)
    at Module.require (internal/modules/cjs/loader.js:903:19)
    at require (internal/modules/cjs/helpers.js:74:18)
    at Object.<anonymous> (/Users/CRIS/bootcamp/collab/letscoder-bootcamp-202010/staff/cristian-manzano/LiveSessions-project/LiveSessions-api/models/schemas/index.js:2:11)
    at Module._compile (internal/modules/cjs/loader.js:1015:30)
    at Object.Module._extensions..js (internal/modules/cjs/loader.js:1035:10)
    at Module.load (internal/modules/cjs/loader.js:879:32)
    at Function.Module._load (internal/modules/cjs/loader.js:724:14)
    at Module.require (internal/modules/cjs/loader.js:903:19)
    at require (internal/modules/cjs/helpers.js:74:18)
    at Object.<anonymous> (/Users/CRIS/bootcamp/collab/letscoder-bootcamp-202010/staff/cristian-manzano/LiveSessions-project/LiveSessions-api/models/index.js:2:18)
    at Module._compile (internal/modules/cjs/loader.js:1015:30)
info 2020-12-05T11:04:32.339Z - stopping server
info 2020-12-05T11:04:34.557Z - starting server
error 2020-12-05T11:04:34.605Z - /Users/CRIS/bootcamp/collab/letscoder-bootcamp-202010/staff/cristian-manzano/LiveSessions-project/LiveSessions-api/models/schemas/user.js:34
        enum: ['ARTIST', 'PROMOTER']
        ^^^^

SyntaxError: Unexpected reserved word
    at wrapSafe (internal/modules/cjs/loader.js:931:16)
    at Module._compile (internal/modules/cjs/loader.js:979:27)
    at Object.Module._extensions..js (internal/modules/cjs/loader.js:1035:10)
    at Module.load (internal/modules/cjs/loader.js:879:32)
    at Function.Module._load (internal/modules/cjs/loader.js:724:14)
    at Module.require (internal/modules/cjs/loader.js:903:19)
    at require (internal/modules/cjs/helpers.js:74:18)
    at Object.<anonymous> (/Users/CRIS/bootcamp/collab/letscoder-bootcamp-202010/staff/cristian-manzano/LiveSessions-project/LiveSessions-api/models/schemas/index.js:2:11)
    at Module._compile (internal/modules/cjs/loader.js:1015:30)
    at Object.Module._extensions..js (internal/modules/cjs/loader.js:1035:10)
    at Module.load (internal/modules/cjs/loader.js:879:32)
    at Function.Module._load (internal/modules/cjs/loader.js:724:14)
    at Module.require (internal/modules/cjs/loader.js:903:19)
    at require (internal/modules/cjs/helpers.js:74:18)
    at Object.<anonymous> (/Users/CRIS/bootcamp/collab/letscoder-bootcamp-202010/staff/cristian-manzano/LiveSessions-project/LiveSessions-api/models/index.js:2:18)
    at Module._compile (internal/modules/cjs/loader.js:1015:30)
info 2020-12-05T11:04:34.606Z - stopping server
info 2020-12-05T11:06:28.075Z - starting server
error 2020-12-05T11:06:28.121Z - /Users/CRIS/bootcamp/collab/letscoder-bootcamp-202010/staff/cristian-manzano/LiveSessions-project/LiveSessions-api/models/schemas/user.js:34
        enum: ['ARTIST', 'PROMOTER']
        ^^^^

SyntaxError: Unexpected reserved word
    at wrapSafe (internal/modules/cjs/loader.js:931:16)
    at Module._compile (internal/modules/cjs/loader.js:979:27)
    at Object.Module._extensions..js (internal/modules/cjs/loader.js:1035:10)
    at Module.load (internal/modules/cjs/loader.js:879:32)
    at Function.Module._load (internal/modules/cjs/loader.js:724:14)
    at Module.require (internal/modules/cjs/loader.js:903:19)
    at require (internal/modules/cjs/helpers.js:74:18)
    at Object.<anonymous> (/Users/CRIS/bootcamp/collab/letscoder-bootcamp-202010/staff/cristian-manzano/LiveSessions-project/LiveSessions-api/models/schemas/index.js:2:11)
    at Module._compile (internal/modules/cjs/loader.js:1015:30)
    at Object.Module._extensions..js (internal/modules/cjs/loader.js:1035:10)
    at Module.load (internal/modules/cjs/loader.js:879:32)
    at Function.Module._load (internal/modules/cjs/loader.js:724:14)
    at Module.require (internal/modules/cjs/loader.js:903:19)
    at require (internal/modules/cjs/helpers.js:74:18)
    at Object.<anonymous> (/Users/CRIS/bootcamp/collab/letscoder-bootcamp-202010/staff/cristian-manzano/LiveSessions-project/LiveSessions-api/models/index.js:2:18)
    at Module._compile (internal/modules/cjs/loader.js:1015:30)
info 2020-12-05T11:06:28.122Z - stopping server
info 2020-12-05T11:22:04.961Z - starting server
error 2020-12-05T11:22:34.994Z - MongooseServerSelectionError: connect ECONNREFUSED 127.0.0.1:27017
    at NativeConnection.Connection.openUri (/Users/CRIS/bootcamp/collab/letscoder-bootcamp-202010/staff/cristian-manzano/LiveSessions-project/LiveSessions-api/node_modules/mongoose/lib/connection.js:832:32)
    at /Users/CRIS/bootcamp/collab/letscoder-bootcamp-202010/staff/cristian-manzano/LiveSessions-project/LiveSessions-api/node_modules/mongoose/lib/index.js:345:10
    at /Users/CRIS/bootcamp/collab/letscoder-bootcamp-202010/staff/cristian-manzano/LiveSessions-project/LiveSessions-api/node_modules/mongoose/lib/helpers/promiseOrCallback.js:31:5
    at new Promise (<anonymous>)
    at promiseOrCallback (/Users/CRIS/bootcamp/collab/letscoder-bootcamp-202010/staff/cristian-manzano/LiveSessions-project/LiveSessions-api/node_modules/mongoose/lib/helpers/promiseOrCallback.js:30:10)
    at Mongoose._promiseOrCallback (/Users/CRIS/bootcamp/collab/letscoder-bootcamp-202010/staff/cristian-manzano/LiveSessions-project/LiveSessions-api/node_modules/mongoose/lib/index.js:1135:10)
    at Mongoose.connect (/Users/CRIS/bootcamp/collab/letscoder-bootcamp-202010/staff/cristian-manzano/LiveSessions-project/LiveSessions-api/node_modules/mongoose/lib/index.js:344:20)
    at Object.<anonymous> (/Users/CRIS/bootcamp/collab/letscoder-bootcamp-202010/staff/cristian-manzano/LiveSessions-project/LiveSessions-api/index.js:12:10)
    at Module._compile (internal/modules/cjs/loader.js:1015:30)
    at Object.Module._extensions..js (internal/modules/cjs/loader.js:1035:10)
    at Module.load (internal/modules/cjs/loader.js:879:32)
    at Function.Module._load (internal/modules/cjs/loader.js:724:14)
    at Function.executeUserEntryPoint [as runMain] (internal/modules/run_main.js:60:12)
    at internal/main/run_main_module.js:17:47
info 2020-12-05T11:22:35.018Z - stopping server
info 2020-12-05T11:31:04.010Z - starting server
error 2020-12-05T11:31:04.091Z - /Users/CRIS/bootcamp/collab/letscoder-bootcamp-202010/staff/cristian-manzano/LiveSessions-project/LiveSessions-api/models/schemas/user.js:34
        enum: ['ARTIST', 'PROMOTER']
        ^^^^

SyntaxError: Unexpected reserved word
    at wrapSafe (internal/modules/cjs/loader.js:931:16)
    at Module._compile (internal/modules/cjs/loader.js:979:27)
    at Object.Module._extensions..js (internal/modules/cjs/loader.js:1035:10)
    at Module.load (internal/modules/cjs/loader.js:879:32)
    at Function.Module._load (internal/modules/cjs/loader.js:724:14)
    at Module.require (internal/modules/cjs/loader.js:903:19)
    at require (internal/modules/cjs/helpers.js:74:18)
    at Object.<anonymous> (/Users/CRIS/bootcamp/collab/letscoder-bootcamp-202010/staff/cristian-manzano/LiveSessions-project/LiveSessions-api/models/schemas/index.js:2:11)
    at Module._compile (internal/modules/cjs/loader.js:1015:30)
    at Object.Module._extensions..js (internal/modules/cjs/loader.js:1035:10)
    at Module.load (internal/modules/cjs/loader.js:879:32)
    at Function.Module._load (internal/modules/cjs/loader.js:724:14)
    at Module.require (internal/modules/cjs/loader.js:903:19)
    at require (internal/modules/cjs/helpers.js:74:18)
    at Object.<anonymous> (/Users/CRIS/bootcamp/collab/letscoder-bootcamp-202010/staff/cristian-manzano/LiveSessions-project/LiveSessions-api/models/index.js:2:18)
    at Module._compile (internal/modules/cjs/loader.js:1015:30)
info 2020-12-05T11:31:04.092Z - stopping server
info 2020-12-05T11:31:31.215Z - starting server
error 2020-12-05T11:31:31.259Z - /Users/CRIS/bootcamp/collab/letscoder-bootcamp-202010/staff/cristian-manzano/LiveSessions-project/LiveSessions-api/models/schemas/user.js:34
        enum: ['ARTIST', 'PROMOTER']
        ^^^^

SyntaxError: Unexpected reserved word
    at wrapSafe (internal/modules/cjs/loader.js:931:16)
    at Module._compile (internal/modules/cjs/loader.js:979:27)
    at Object.Module._extensions..js (internal/modules/cjs/loader.js:1035:10)
    at Module.load (internal/modules/cjs/loader.js:879:32)
    at Function.Module._load (internal/modules/cjs/loader.js:724:14)
    at Module.require (internal/modules/cjs/loader.js:903:19)
    at require (internal/modules/cjs/helpers.js:74:18)
    at Object.<anonymous> (/Users/CRIS/bootcamp/collab/letscoder-bootcamp-202010/staff/cristian-manzano/LiveSessions-project/LiveSessions-api/models/schemas/index.js:2:11)
    at Module._compile (internal/modules/cjs/loader.js:1015:30)
    at Object.Module._extensions..js (internal/modules/cjs/loader.js:1035:10)
    at Module.load (internal/modules/cjs/loader.js:879:32)
    at Function.Module._load (internal/modules/cjs/loader.js:724:14)
    at Module.require (internal/modules/cjs/loader.js:903:19)
    at require (internal/modules/cjs/helpers.js:74:18)
    at Object.<anonymous> (/Users/CRIS/bootcamp/collab/letscoder-bootcamp-202010/staff/cristian-manzano/LiveSessions-project/LiveSessions-api/models/index.js:2:18)
    at Module._compile (internal/modules/cjs/loader.js:1015:30)
info 2020-12-05T11:31:31.307Z - stopping server
info 2020-12-05T11:31:57.790Z - starting server
error 2020-12-05T11:31:57.837Z - /Users/CRIS/bootcamp/collab/letscoder-bootcamp-202010/staff/cristian-manzano/LiveSessions-project/LiveSessions-api/models/schemas/user.js:34
        enum: ['ARTIST', 'PROMOTER']
        ^^^^

SyntaxError: Unexpected reserved word
    at wrapSafe (internal/modules/cjs/loader.js:931:16)
    at Module._compile (internal/modules/cjs/loader.js:979:27)
    at Object.Module._extensions..js (internal/modules/cjs/loader.js:1035:10)
    at Module.load (internal/modules/cjs/loader.js:879:32)
    at Function.Module._load (internal/modules/cjs/loader.js:724:14)
    at Module.require (internal/modules/cjs/loader.js:903:19)
    at require (internal/modules/cjs/helpers.js:74:18)
    at Object.<anonymous> (/Users/CRIS/bootcamp/collab/letscoder-bootcamp-202010/staff/cristian-manzano/LiveSessions-project/LiveSessions-api/models/schemas/index.js:2:11)
    at Module._compile (internal/modules/cjs/loader.js:1015:30)
    at Object.Module._extensions..js (internal/modules/cjs/loader.js:1035:10)
    at Module.load (internal/modules/cjs/loader.js:879:32)
    at Function.Module._load (internal/modules/cjs/loader.js:724:14)
    at Module.require (internal/modules/cjs/loader.js:903:19)
    at require (internal/modules/cjs/helpers.js:74:18)
    at Object.<anonymous> (/Users/CRIS/bootcamp/collab/letscoder-bootcamp-202010/staff/cristian-manzano/LiveSessions-project/LiveSessions-api/models/index.js:2:18)
    at Module._compile (internal/modules/cjs/loader.js:1015:30)
info 2020-12-05T11:31:57.838Z - stopping server
info 2020-12-05T11:32:52.574Z - starting server
info 2020-12-05T11:32:53.923Z - server running on port 4000
error 2020-12-05T11:33:05.644Z - ReferenceError: validatefullname is not defined
    at module.exports (/Users/CRIS/bootcamp/collab/letscoder-bootcamp-202010/staff/cristian-manzano/LiveSessions-project/LiveSessions-api/logic/register-user.js:9:5)
    at module.exports (/Users/CRIS/bootcamp/collab/letscoder-bootcamp-202010/staff/cristian-manzano/LiveSessions-project/LiveSessions-api/routes/api/handlers/handle-register-user.js:8:9)
    at /Users/CRIS/bootcamp/collab/letscoder-bootcamp-202010/staff/cristian-manzano/LiveSessions-project/LiveSessions-api/routes/api/helpers/with-error-handling.js:6:9
    at Layer.handle [as handle_request] (/Users/CRIS/bootcamp/collab/letscoder-bootcamp-202010/staff/cristian-manzano/LiveSessions-project/LiveSessions-api/node_modules/express/lib/router/layer.js:95:5)
    at next (/Users/CRIS/bootcamp/collab/letscoder-bootcamp-202010/staff/cristian-manzano/LiveSessions-project/LiveSessions-api/node_modules/express/lib/router/route.js:137:13)
    at IncomingMessage.<anonymous> (/Users/CRIS/bootcamp/collab/letscoder-bootcamp-202010/staff/cristian-manzano/LiveSessions-project/LiveSessions-api/middlewares/json-body-parser.js:21:13)
    at IncomingMessage.emit (events.js:314:20)
    at endReadableNT (_stream_readable.js:1223:12)
    at processTicksAndRejections (internal/process/task_queues.js:84:21)
error 2020-12-05T11:33:22.932Z - ReferenceError: validatefullname is not defined
    at module.exports (/Users/CRIS/bootcamp/collab/letscoder-bootcamp-202010/staff/cristian-manzano/LiveSessions-project/LiveSessions-api/logic/register-user.js:9:5)
    at module.exports (/Users/CRIS/bootcamp/collab/letscoder-bootcamp-202010/staff/cristian-manzano/LiveSessions-project/LiveSessions-api/routes/api/handlers/handle-register-user.js:8:9)
    at /Users/CRIS/bootcamp/collab/letscoder-bootcamp-202010/staff/cristian-manzano/LiveSessions-project/LiveSessions-api/routes/api/helpers/with-error-handling.js:6:9
    at Layer.handle [as handle_request] (/Users/CRIS/bootcamp/collab/letscoder-bootcamp-202010/staff/cristian-manzano/LiveSessions-project/LiveSessions-api/node_modules/express/lib/router/layer.js:95:5)
    at next (/Users/CRIS/bootcamp/collab/letscoder-bootcamp-202010/staff/cristian-manzano/LiveSessions-project/LiveSessions-api/node_modules/express/lib/router/route.js:137:13)
    at IncomingMessage.<anonymous> (/Users/CRIS/bootcamp/collab/letscoder-bootcamp-202010/staff/cristian-manzano/LiveSessions-project/LiveSessions-api/middlewares/json-body-parser.js:21:13)
    at IncomingMessage.emit (events.js:314:20)
    at endReadableNT (_stream_readable.js:1223:12)
    at processTicksAndRejections (internal/process/task_queues.js:84:21)
error 2020-12-05T11:33:54.959Z - ReferenceError: validatefullname is not defined
    at module.exports (/Users/CRIS/bootcamp/collab/letscoder-bootcamp-202010/staff/cristian-manzano/LiveSessions-project/LiveSessions-api/logic/register-user.js:9:5)
    at module.exports (/Users/CRIS/bootcamp/collab/letscoder-bootcamp-202010/staff/cristian-manzano/LiveSessions-project/LiveSessions-api/routes/api/handlers/handle-register-user.js:8:9)
    at /Users/CRIS/bootcamp/collab/letscoder-bootcamp-202010/staff/cristian-manzano/LiveSessions-project/LiveSessions-api/routes/api/helpers/with-error-handling.js:6:9
    at Layer.handle [as handle_request] (/Users/CRIS/bootcamp/collab/letscoder-bootcamp-202010/staff/cristian-manzano/LiveSessions-project/LiveSessions-api/node_modules/express/lib/router/layer.js:95:5)
    at next (/Users/CRIS/bootcamp/collab/letscoder-bootcamp-202010/staff/cristian-manzano/LiveSessions-project/LiveSessions-api/node_modules/express/lib/router/route.js:137:13)
    at IncomingMessage.<anonymous> (/Users/CRIS/bootcamp/collab/letscoder-bootcamp-202010/staff/cristian-manzano/LiveSessions-project/LiveSessions-api/middlewares/json-body-parser.js:21:13)
    at IncomingMessage.emit (events.js:314:20)
    at endReadableNT (_stream_readable.js:1223:12)
    at processTicksAndRejections (internal/process/task_queues.js:84:21)
error 2020-12-05T11:34:51.892Z - ReferenceError: validatefullname is not defined
    at module.exports (/Users/CRIS/bootcamp/collab/letscoder-bootcamp-202010/staff/cristian-manzano/LiveSessions-project/LiveSessions-api/logic/register-user.js:9:5)
    at module.exports (/Users/CRIS/bootcamp/collab/letscoder-bootcamp-202010/staff/cristian-manzano/LiveSessions-project/LiveSessions-api/routes/api/handlers/handle-register-user.js:8:9)
    at /Users/CRIS/bootcamp/collab/letscoder-bootcamp-202010/staff/cristian-manzano/LiveSessions-project/LiveSessions-api/routes/api/helpers/with-error-handling.js:6:9
    at Layer.handle [as handle_request] (/Users/CRIS/bootcamp/collab/letscoder-bootcamp-202010/staff/cristian-manzano/LiveSessions-project/LiveSessions-api/node_modules/express/lib/router/layer.js:95:5)
    at next (/Users/CRIS/bootcamp/collab/letscoder-bootcamp-202010/staff/cristian-manzano/LiveSessions-project/LiveSessions-api/node_modules/express/lib/router/route.js:137:13)
    at IncomingMessage.<anonymous> (/Users/CRIS/bootcamp/collab/letscoder-bootcamp-202010/staff/cristian-manzano/LiveSessions-project/LiveSessions-api/middlewares/json-body-parser.js:21:13)
    at IncomingMessage.emit (events.js:314:20)
    at endReadableNT (_stream_readable.js:1223:12)
    at processTicksAndRejections (internal/process/task_queues.js:84:21)
info 2020-12-05T11:35:57.655Z - stopping server
info 2020-12-05T11:35:59.793Z - starting server
info 2020-12-05T11:35:59.899Z - server running on port 4000
info 2020-12-05T11:36:08.439Z - stopping server
info 2020-12-05T11:36:11.112Z - starting server
info 2020-12-05T11:36:11.197Z - server running on port 4000
error 2020-12-05T11:37:24.637Z - TypeError: undefined is not an e-mail
    at validateEmail (/Users/CRIS/bootcamp/collab/letscoder-bootcamp-202010/staff/cristian-manzano/LiveSessions-project/LiveSessions-api/logic/helpers/validations.js:3:46)
    at module.exports (/Users/CRIS/bootcamp/collab/letscoder-bootcamp-202010/staff/cristian-manzano/LiveSessions-project/LiveSessions-api/logic/register-user.js:8:5)
    at module.exports (/Users/CRIS/bootcamp/collab/letscoder-bootcamp-202010/staff/cristian-manzano/LiveSessions-project/LiveSessions-api/routes/api/handlers/handle-register-user.js:8:9)
    at /Users/CRIS/bootcamp/collab/letscoder-bootcamp-202010/staff/cristian-manzano/LiveSessions-project/LiveSessions-api/routes/api/helpers/with-error-handling.js:6:9
    at Layer.handle [as handle_request] (/Users/CRIS/bootcamp/collab/letscoder-bootcamp-202010/staff/cristian-manzano/LiveSessions-project/LiveSessions-api/node_modules/express/lib/router/layer.js:95:5)
    at next (/Users/CRIS/bootcamp/collab/letscoder-bootcamp-202010/staff/cristian-manzano/LiveSessions-project/LiveSessions-api/node_modules/express/lib/router/route.js:137:13)
    at IncomingMessage.<anonymous> (/Users/CRIS/bootcamp/collab/letscoder-bootcamp-202010/staff/cristian-manzano/LiveSessions-project/LiveSessions-api/middlewares/json-body-parser.js:21:13)
    at IncomingMessage.emit (events.js:314:20)
    at endReadableNT (_stream_readable.js:1223:12)
    at processTicksAndRejections (internal/process/task_queues.js:84:21)
error 2020-12-05T11:38:39.073Z - TypeError: undefined is not an e-mail
    at validateEmail (/Users/CRIS/bootcamp/collab/letscoder-bootcamp-202010/staff/cristian-manzano/LiveSessions-project/LiveSessions-api/logic/helpers/validations.js:3:46)
    at module.exports (/Users/CRIS/bootcamp/collab/letscoder-bootcamp-202010/staff/cristian-manzano/LiveSessions-project/LiveSessions-api/logic/register-user.js:8:5)
    at module.exports (/Users/CRIS/bootcamp/collab/letscoder-bootcamp-202010/staff/cristian-manzano/LiveSessions-project/LiveSessions-api/routes/api/handlers/handle-register-user.js:8:9)
    at /Users/CRIS/bootcamp/collab/letscoder-bootcamp-202010/staff/cristian-manzano/LiveSessions-project/LiveSessions-api/routes/api/helpers/with-error-handling.js:6:9
    at Layer.handle [as handle_request] (/Users/CRIS/bootcamp/collab/letscoder-bootcamp-202010/staff/cristian-manzano/LiveSessions-project/LiveSessions-api/node_modules/express/lib/router/layer.js:95:5)
    at next (/Users/CRIS/bootcamp/collab/letscoder-bootcamp-202010/staff/cristian-manzano/LiveSessions-project/LiveSessions-api/node_modules/express/lib/router/route.js:137:13)
    at IncomingMessage.<anonymous> (/Users/CRIS/bootcamp/collab/letscoder-bootcamp-202010/staff/cristian-manzano/LiveSessions-project/LiveSessions-api/middlewares/json-body-parser.js:21:13)
    at IncomingMessage.emit (events.js:314:20)
    at endReadableNT (_stream_readable.js:1223:12)
    at processTicksAndRejections (internal/process/task_queues.js:84:21)
error 2020-12-05T11:40:17.143Z - TypeError: undefined is not an e-mail
    at validateEmail (/Users/CRIS/bootcamp/collab/letscoder-bootcamp-202010/staff/cristian-manzano/LiveSessions-project/LiveSessions-api/logic/helpers/validations.js:3:46)
    at module.exports (/Users/CRIS/bootcamp/collab/letscoder-bootcamp-202010/staff/cristian-manzano/LiveSessions-project/LiveSessions-api/logic/register-user.js:8:5)
    at module.exports (/Users/CRIS/bootcamp/collab/letscoder-bootcamp-202010/staff/cristian-manzano/LiveSessions-project/LiveSessions-api/routes/api/handlers/handle-register-user.js:8:9)
    at /Users/CRIS/bootcamp/collab/letscoder-bootcamp-202010/staff/cristian-manzano/LiveSessions-project/LiveSessions-api/routes/api/helpers/with-error-handling.js:6:9
    at Layer.handle [as handle_request] (/Users/CRIS/bootcamp/collab/letscoder-bootcamp-202010/staff/cristian-manzano/LiveSessions-project/LiveSessions-api/node_modules/express/lib/router/layer.js:95:5)
    at next (/Users/CRIS/bootcamp/collab/letscoder-bootcamp-202010/staff/cristian-manzano/LiveSessions-project/LiveSessions-api/node_modules/express/lib/router/route.js:137:13)
    at IncomingMessage.<anonymous> (/Users/CRIS/bootcamp/collab/letscoder-bootcamp-202010/staff/cristian-manzano/LiveSessions-project/LiveSessions-api/middlewares/json-body-parser.js:21:13)
    at IncomingMessage.emit (events.js:314:20)
    at endReadableNT (_stream_readable.js:1223:12)
    at processTicksAndRejections (internal/process/task_queues.js:84:21)
error 2020-12-05T17:38:44.291Z - TypeError: undefined is not an e-mail
    at validateEmail (/Users/CRIS/bootcamp/collab/letscoder-bootcamp-202010/staff/cristian-manzano/LiveSessions-project/LiveSessions-api/logic/helpers/validations.js:3:46)
    at module.exports (/Users/CRIS/bootcamp/collab/letscoder-bootcamp-202010/staff/cristian-manzano/LiveSessions-project/LiveSessions-api/logic/register-user.js:8:5)
    at module.exports (/Users/CRIS/bootcamp/collab/letscoder-bootcamp-202010/staff/cristian-manzano/LiveSessions-project/LiveSessions-api/routes/api/handlers/handle-register-user.js:8:9)
    at /Users/CRIS/bootcamp/collab/letscoder-bootcamp-202010/staff/cristian-manzano/LiveSessions-project/LiveSessions-api/routes/api/helpers/with-error-handling.js:6:9
    at Layer.handle [as handle_request] (/Users/CRIS/bootcamp/collab/letscoder-bootcamp-202010/staff/cristian-manzano/LiveSessions-project/LiveSessions-api/node_modules/express/lib/router/layer.js:95:5)
    at next (/Users/CRIS/bootcamp/collab/letscoder-bootcamp-202010/staff/cristian-manzano/LiveSessions-project/LiveSessions-api/node_modules/express/lib/router/route.js:137:13)
    at IncomingMessage.<anonymous> (/Users/CRIS/bootcamp/collab/letscoder-bootcamp-202010/staff/cristian-manzano/LiveSessions-project/LiveSessions-api/middlewares/json-body-parser.js:21:13)
    at IncomingMessage.emit (events.js:314:20)
    at endReadableNT (_stream_readable.js:1223:12)
    at processTicksAndRejections (internal/process/task_queues.js:84:21)
error 2020-12-05T17:55:54.479Z - TypeError: undefined is not an e-mail
    at validateEmail (/Users/CRIS/bootcamp/collab/letscoder-bootcamp-202010/staff/cristian-manzano/LiveSessions-project/LiveSessions-api/logic/helpers/validations.js:3:46)
    at module.exports (/Users/CRIS/bootcamp/collab/letscoder-bootcamp-202010/staff/cristian-manzano/LiveSessions-project/LiveSessions-api/logic/register-user.js:8:5)
    at module.exports (/Users/CRIS/bootcamp/collab/letscoder-bootcamp-202010/staff/cristian-manzano/LiveSessions-project/LiveSessions-api/routes/api/handlers/handle-register-user.js:8:9)
    at /Users/CRIS/bootcamp/collab/letscoder-bootcamp-202010/staff/cristian-manzano/LiveSessions-project/LiveSessions-api/routes/api/helpers/with-error-handling.js:6:9
    at Layer.handle [as handle_request] (/Users/CRIS/bootcamp/collab/letscoder-bootcamp-202010/staff/cristian-manzano/LiveSessions-project/LiveSessions-api/node_modules/express/lib/router/layer.js:95:5)
    at next (/Users/CRIS/bootcamp/collab/letscoder-bootcamp-202010/staff/cristian-manzano/LiveSessions-project/LiveSessions-api/node_modules/express/lib/router/route.js:137:13)
    at IncomingMessage.<anonymous> (/Users/CRIS/bootcamp/collab/letscoder-bootcamp-202010/staff/cristian-manzano/LiveSessions-project/LiveSessions-api/middlewares/json-body-parser.js:21:13)
    at IncomingMessage.emit (events.js:314:20)
    at endReadableNT (_stream_readable.js:1223:12)
    at processTicksAndRejections (internal/process/task_queues.js:84:21)
info 2020-12-05T18:20:35.418Z - stopping server
info 2020-12-05T18:20:41.259Z - starting server
info 2020-12-05T18:20:41.532Z - server running on port 4000
error 2020-12-05T18:24:06.471Z - ConflictError: user with e-mail mr.cristian95@gmail.com already registered
    at /Users/CRIS/bootcamp/collab/letscoder-bootcamp-202010/staff/cristian-manzano/LiveSessions-project/LiveSessions-api/logic/register-user.js:16:33
    at processTicksAndRejections (internal/process/task_queues.js:97:5)
info 2020-12-05T18:43:23.701Z - stopping server
info 2020-12-05T18:43:27.950Z - starting server
info 2020-12-05T18:43:28.182Z - server running on port 4000
info 2020-12-05T18:59:30.431Z - stopping server
info 2020-12-05T18:59:34.645Z - starting server
info 2020-12-05T18:59:34.875Z - server running on port 4000
info 2020-12-05T19:11:48.127Z - stopping server
info 2020-12-05T19:11:52.988Z - starting server
info 2020-12-05T19:11:53.281Z - server running on port 4000
info 2020-12-05T19:13:10.725Z - stopping server
info 2020-12-05T19:13:15.260Z - starting server
info 2020-12-05T19:13:15.586Z - server running on port 4000
info 2020-12-05T19:13:38.254Z - stopping server
info 2020-12-05T19:13:47.970Z - starting server
info 2020-12-05T19:13:48.278Z - server running on port 4000
error 2020-12-05T19:14:21.922Z - TypeError: undefined is not a password
    at validatePassword (/Users/CRIS/bootcamp/collab/letscoder-bootcamp-202010/staff/cristian-manzano/LiveSessions-project/LiveSessions-api/logic/helpers/validations.js:11:49)
    at module.exports (/Users/CRIS/bootcamp/collab/letscoder-bootcamp-202010/staff/cristian-manzano/LiveSessions-project/LiveSessions-api/logic/register-user.js:10:5)
    at module.exports (/Users/CRIS/bootcamp/collab/letscoder-bootcamp-202010/staff/cristian-manzano/LiveSessions-project/LiveSessions-api/routes/api/handlers/handle-register-user.js:8:9)
    at /Users/CRIS/bootcamp/collab/letscoder-bootcamp-202010/staff/cristian-manzano/LiveSessions-project/LiveSessions-api/routes/api/helpers/with-error-handling.js:6:9
    at Layer.handle [as handle_request] (/Users/CRIS/bootcamp/collab/letscoder-bootcamp-202010/staff/cristian-manzano/LiveSessions-project/LiveSessions-api/node_modules/express/lib/router/layer.js:95:5)
    at next (/Users/CRIS/bootcamp/collab/letscoder-bootcamp-202010/staff/cristian-manzano/LiveSessions-project/LiveSessions-api/node_modules/express/lib/router/route.js:137:13)
    at IncomingMessage.<anonymous> (/Users/CRIS/bootcamp/collab/letscoder-bootcamp-202010/staff/cristian-manzano/LiveSessions-project/LiveSessions-api/middlewares/json-body-parser.js:21:13)
    at IncomingMessage.emit (events.js:314:20)
    at endReadableNT (_stream_readable.js:1223:12)
    at processTicksAndRejections (internal/process/task_queues.js:84:21)
info 2020-12-05T19:15:44.135Z - stopping server
info 2020-12-05T19:15:48.766Z - starting server
info 2020-12-05T19:15:49.063Z - server running on port 4000
error 2020-12-05T19:19:57.902Z - TypeError: undefined is not a password
    at validatePassword (/Users/CRIS/bootcamp/collab/letscoder-bootcamp-202010/staff/cristian-manzano/LiveSessions-project/LiveSessions-api/logic/helpers/validations.js:11:49)
    at module.exports (/Users/CRIS/bootcamp/collab/letscoder-bootcamp-202010/staff/cristian-manzano/LiveSessions-project/LiveSessions-api/logic/register-user.js:10:5)
    at module.exports (/Users/CRIS/bootcamp/collab/letscoder-bootcamp-202010/staff/cristian-manzano/LiveSessions-project/LiveSessions-api/routes/api/handlers/handle-register-user.js:8:9)
    at /Users/CRIS/bootcamp/collab/letscoder-bootcamp-202010/staff/cristian-manzano/LiveSessions-project/LiveSessions-api/routes/api/helpers/with-error-handling.js:6:9
    at Layer.handle [as handle_request] (/Users/CRIS/bootcamp/collab/letscoder-bootcamp-202010/staff/cristian-manzano/LiveSessions-project/LiveSessions-api/node_modules/express/lib/router/layer.js:95:5)
    at next (/Users/CRIS/bootcamp/collab/letscoder-bootcamp-202010/staff/cristian-manzano/LiveSessions-project/LiveSessions-api/node_modules/express/lib/router/route.js:137:13)
    at IncomingMessage.<anonymous> (/Users/CRIS/bootcamp/collab/letscoder-bootcamp-202010/staff/cristian-manzano/LiveSessions-project/LiveSessions-api/middlewares/json-body-parser.js:21:13)
    at IncomingMessage.emit (events.js:314:20)
    at endReadableNT (_stream_readable.js:1223:12)
    at processTicksAndRejections (internal/process/task_queues.js:84:21)
error 2020-12-05T20:11:06.052Z - TypeError: undefined is not a password
    at validatePassword (/Users/CRIS/bootcamp/collab/letscoder-bootcamp-202010/staff/cristian-manzano/LiveSessions-project/LiveSessions-api/logic/helpers/validations.js:11:49)
    at module.exports (/Users/CRIS/bootcamp/collab/letscoder-bootcamp-202010/staff/cristian-manzano/LiveSessions-project/LiveSessions-api/logic/register-user.js:10:5)
    at module.exports (/Users/CRIS/bootcamp/collab/letscoder-bootcamp-202010/staff/cristian-manzano/LiveSessions-project/LiveSessions-api/routes/api/handlers/handle-register-user.js:8:9)
    at /Users/CRIS/bootcamp/collab/letscoder-bootcamp-202010/staff/cristian-manzano/LiveSessions-project/LiveSessions-api/routes/api/helpers/with-error-handling.js:6:9
    at Layer.handle [as handle_request] (/Users/CRIS/bootcamp/collab/letscoder-bootcamp-202010/staff/cristian-manzano/LiveSessions-project/LiveSessions-api/node_modules/express/lib/router/layer.js:95:5)
    at next (/Users/CRIS/bootcamp/collab/letscoder-bootcamp-202010/staff/cristian-manzano/LiveSessions-project/LiveSessions-api/node_modules/express/lib/router/route.js:137:13)
    at IncomingMessage.<anonymous> (/Users/CRIS/bootcamp/collab/letscoder-bootcamp-202010/staff/cristian-manzano/LiveSessions-project/LiveSessions-api/middlewares/json-body-parser.js:21:13)
    at IncomingMessage.emit (events.js:314:20)
    at endReadableNT (_stream_readable.js:1223:12)
    at processTicksAndRejections (internal/process/task_queues.js:84:21)
info 2020-12-05T20:13:07.992Z - stopping server
info 2020-12-05T20:13:31.754Z - starting server
info 2020-12-05T20:13:32.135Z - server running on port 4000
error 2020-12-05T20:15:47.496Z - TypeError: undefined is not a password
    at validatePassword (/Users/CRIS/bootcamp/collab/letscoder-bootcamp-202010/staff/cristian-manzano/LiveSessions-project/LiveSessions-api/logic/helpers/validations.js:11:49)
    at module.exports (/Users/CRIS/bootcamp/collab/letscoder-bootcamp-202010/staff/cristian-manzano/LiveSessions-project/LiveSessions-api/logic/register-user.js:10:5)
    at module.exports (/Users/CRIS/bootcamp/collab/letscoder-bootcamp-202010/staff/cristian-manzano/LiveSessions-project/LiveSessions-api/routes/api/handlers/handle-register-user.js:8:9)
    at /Users/CRIS/bootcamp/collab/letscoder-bootcamp-202010/staff/cristian-manzano/LiveSessions-project/LiveSessions-api/routes/api/helpers/with-error-handling.js:6:9
    at Layer.handle [as handle_request] (/Users/CRIS/bootcamp/collab/letscoder-bootcamp-202010/staff/cristian-manzano/LiveSessions-project/LiveSessions-api/node_modules/express/lib/router/layer.js:95:5)
    at next (/Users/CRIS/bootcamp/collab/letscoder-bootcamp-202010/staff/cristian-manzano/LiveSessions-project/LiveSessions-api/node_modules/express/lib/router/route.js:137:13)
    at IncomingMessage.<anonymous> (/Users/CRIS/bootcamp/collab/letscoder-bootcamp-202010/staff/cristian-manzano/LiveSessions-project/LiveSessions-api/middlewares/json-body-parser.js:21:13)
    at IncomingMessage.emit (events.js:314:20)
    at endReadableNT (_stream_readable.js:1223:12)
    at processTicksAndRejections (internal/process/task_queues.js:84:21)
info 2020-12-05T20:17:15.232Z - starting server
info 2020-12-05T20:17:15.532Z - server running on port 4000
info 2020-12-05T20:20:06.266Z - starting server
info 2020-12-05T20:20:06.670Z - server running on port 4000
info 2020-12-05T20:23:44.039Z - starting server
info 2020-12-05T20:23:44.443Z - server running on port 4000
