info 2020-11-17T16:19:13.188Z - server running on port 3000
info 2020-11-17T16:19:23.643Z - stopping server
info 2020-11-17T16:21:52.952Z - server running on port 3000
error 2020-11-17T16:22:22.069Z - Error: Failed to lookup view "login" in views directory "/Users/manuelbarzi/.../letscoder/letscoder-bootcamp-202010/collab/letscoder-bootcamp-202010/staff/manuel-barzi/web-server/views"
info 2020-11-17T16:31:56.568Z - server running on port 3000
info 2020-11-17T16:32:51.784Z - server running on port 3000
info 2020-11-17T16:32:55.107Z - stopping server
info 2020-11-17T16:40:45.941Z - server running on port 3000
info 2020-11-17T16:49:00.267Z - stopping server
info 2020-11-17T16:49:00.268Z - stopping server
info 2020-11-17T16:49:11.080Z - server running on port 3000
error 2020-11-17T16:49:24.446Z - could not accept cookies :(
error 2020-11-17T16:50:33.684Z - could not accept cookies :(
info 2020-11-17T17:11:52.252Z - stopping server

info 2020-11-17T17:13:02.777Z - server running on port 3000
info 2020-11-17T17:14:34.355Z - stopping server
info 2020-11-17T17:14:34.355Z - stopping server
info 2020-11-18T13:00:35.228Z - server running on port 4000
info 2020-11-18T13:01:12.536Z - stopping server
info 2020-11-18T13:01:12.537Z - stopping server
info 2020-11-18T13:01:15.670Z - server running on port 4000
info 2020-11-18T13:03:18.380Z - stopping server
info 2020-11-18T13:03:18.381Z - stopping server
info 2020-11-18T13:15:25.409Z - server running on port 4000
info 2020-11-18T13:18:09.224Z - server running on port 4000
error 2020-11-18T13:18:23.101Z - Error: fullname is empty or blank
error 2020-11-18T13:18:36.202Z - Error: e-mail serpiente@mail.com already registered
info 2020-11-18T13:19:03.308Z - stopping server
info 2020-11-18T13:19:04.401Z - server running on port 4000
error 2020-11-18T13:19:06.886Z - Error: e-mail serpiente@mail.com already registered
info 2020-11-18T13:19:42.673Z - stopping server
info 2020-11-18T13:19:42.673Z - stopping server
info 2020-11-18T13:20:26.360Z - server running on port 4000
info 2020-11-18T13:43:31.863Z - stopping server
info 2020-11-18T13:43:31.864Z - stopping server
info 2020-11-18T13:45:50.034Z - server running on port 4000
info 2020-11-18T13:49:15.244Z - stopping server
info 2020-11-18T13:49:15.244Z - stopping server
info 2020-11-18T13:49:34.615Z - server running on port 4000
info 2020-11-18T13:53:43.043Z - server running on port 4000
info 2020-11-18T13:55:43.167Z - server running on port 4000
info 2020-11-18T13:56:35.766Z - server running on port 4000
info 2020-11-18T13:58:25.580Z - server running on port 4000
info 2020-11-18T13:59:49.053Z - server running on port 4000
info 2020-11-18T14:00:17.901Z - server running on port 4000
error 2020-11-18T14:00:43.219Z - Error: e-mail manuelbarzi@gmail.com already registered
info 2020-11-19T09:17:53.895Z - server running on port 4000
info 2020-11-19T09:19:32.785Z - stopping server
info 2020-11-19T09:19:32.785Z - stopping server
info 2020-11-19T12:11:40.935Z - server running on port 4000
info 2020-11-19T13:38:13.634Z - stopping server
info 2020-11-19T13:38:13.635Z - stopping server
info 2020-11-20T11:18:17.735Z - server running on port 4000
info 2020-11-20T11:34:36.925Z - stopping server
info 2020-11-20T11:34:36.925Z - stopping server
info 2020-11-20T11:34:37.997Z - server running on port 4000
info 2020-11-20T11:37:54.962Z - stopping server
info 2020-11-20T11:37:54.963Z - stopping server
info 2020-11-20T11:38:13.659Z - server running on port 4000
info 2020-11-20T11:39:57.744Z - server running on port 4000
info 2020-11-20T11:41:14.809Z - stopping server
info 2020-11-20T11:42:46.034Z - server running on port 4000
info 2020-11-20T12:15:36.725Z - stopping server
info 2020-11-20T12:15:36.725Z - stopping server
info 2020-11-20T12:17:10.832Z - server running on port 4000
info 2020-11-20T12:21:54.732Z - stopping server
info 2020-11-20T12:21:54.733Z - stopping server
info 2020-11-20T12:22:36.877Z - server running on port 4000
info 2020-11-20T12:23:51.012Z - stopping server
info 2020-11-20T12:23:51.013Z - stopping server
info 2020-11-20T12:23:51.946Z - server running on port 4000
info 2020-11-20T12:33:15.595Z - stopping server
info 2020-11-20T12:33:15.595Z - stopping server
error 2020-11-20T16:08:46.941Z - MongoNetworkError: failed to connect to server [localhost:27018] on first connect [Error: connect ECONNREFUSED 127.0.0.1:27018
    at TCPConnectWrap.afterConnect [as oncomplete] (node:net:1128:16) {
  name: 'MongoNetworkError'
}]
info 2020-11-20T16:08:46.956Z - server running on port 4000
error 2020-11-20T16:08:52.563Z - MongoNetworkError: failed to connect to server [localhost:27018] on first connect [Error: connect ECONNREFUSED 127.0.0.1:27018
    at TCPConnectWrap.afterConnect [as oncomplete] (node:net:1128:16) {
  name: 'MongoNetworkError'
}]
info 2020-11-20T16:08:52.579Z - server running on port 4000
error 2020-11-20T16:10:21.686Z - MongoNetworkError: failed to connect to server [localhost:27018] on first connect [Error: connect ECONNREFUSED 127.0.0.1:27018
    at TCPConnectWrap.afterConnect [as oncomplete] (node:net:1128:16) {
  name: 'MongoNetworkError'
}]
info 2020-11-20T16:10:21.702Z - server running on port 4000
info 2020-11-20T16:11:17.334Z - starting server
error 2020-11-20T16:11:17.349Z - MongoNetworkError: failed to connect to server [localhost:27018] on first connect [Error: connect ECONNREFUSED 127.0.0.1:27018
    at TCPConnectWrap.afterConnect [as oncomplete] (node:net:1128:16) {
  name: 'MongoNetworkError'
}]
info 2020-11-20T16:11:17.365Z - server running on port 4000
info 2020-11-20T16:12:25.636Z - starting server
error 2020-11-20T16:12:25.651Z - MongoNetworkError: failed to connect to server [localhost:27018] on first connect [Error: connect ECONNREFUSED 127.0.0.1:27018
    at TCPConnectWrap.afterConnect [as oncomplete] (node:net:1128:16) {
  name: 'MongoNetworkError'
}]
info 2020-11-20T16:12:25.668Z - server running on port 4000
info 2020-11-20T16:12:25.669Z - stopping server
info 2020-11-20T16:14:04.336Z - starting server
error 2020-11-20T16:14:04.352Z - MongoNetworkError: failed to connect to server [localhost:27018] on first connect [Error: connect ECONNREFUSED 127.0.0.1:27018
    at TCPConnectWrap.afterConnect [as oncomplete] (node:net:1128:16) {
  name: 'MongoNetworkError'
}]
info 2020-11-20T16:14:04.367Z - server running on port 4000
info 2020-11-20T16:14:04.368Z - stopping server
info 2020-11-20T16:14:19.660Z - starting server
info 2020-11-20T16:14:19.697Z - server running on port 4000
info 2020-11-20T16:14:47.020Z - stopping server
info 2020-11-20T16:14:47.020Z - stopping server
info 2020-11-20T16:14:55.514Z - starting server
info 2020-11-20T16:15:05.302Z - starting server
info 2020-11-20T16:15:05.343Z - server running on port 4000
info 2020-11-20T16:15:07.900Z - stopping server
info 2020-11-20T16:15:07.901Z - stopping server
info 2020-11-20T16:15:16.881Z - starting server
info 2020-11-20T16:15:39.495Z - starting server
info 2020-11-20T16:16:13.972Z - starting server
info 2020-11-20T16:16:36.180Z - starting server
error 2020-11-20T16:17:06.194Z - MongoServerSelectionError: connect ECONNREFUSED 127.0.0.1:27017
info 2020-11-20T16:17:06.212Z - server running on port 4000
info 2020-11-20T16:17:06.213Z - stopping server
info 2020-11-20T16:17:19.770Z - starting server
error 2020-11-20T16:17:49.786Z - MongoServerSelectionError: connect ECONNREFUSED 127.0.0.1:27017
info 2020-11-20T16:17:49.804Z - server running on port 4000
info 2020-11-20T16:17:49.805Z - stopping server
info 2020-11-20T16:18:14.954Z - starting server
info 2020-11-20T16:18:35.505Z - starting server
error 2020-11-20T16:19:05.520Z - MongoServerSelectionError: connect ECONNREFUSED 127.0.0.1:27017
info 2020-11-20T16:19:05.521Z - stopping server
info 2020-11-20T16:19:27.671Z - starting server
info 2020-11-20T16:19:29.151Z - stopping server
info 2020-11-20T16:52:46.660Z - starting server
info 2020-11-20T16:52:46.699Z - server running on port 4000
info 2020-11-20T16:55:26.355Z - stopping server
info 2020-11-25T15:49:09.033Z - starting server
info 2020-11-25T15:49:09.074Z - server running on port 4000
error 2020-11-25T15:49:59.661Z - TypeError: undefined is not a callback
error 2020-11-25T15:50:21.735Z - TypeError: undefined is not a callback
info 2020-11-25T15:53:07.933Z - stopping server
info 2020-11-25T15:53:07.934Z - stopping server
info 2020-11-25T15:53:09.305Z - starting server
info 2020-11-25T15:53:09.366Z - server running on port 4000
error 2020-11-25T15:53:31.037Z - TypeError: Cannot read property 'then' of undefined
error 2020-11-25T15:55:10.594Z - TypeError: Cannot read property 'then' of undefined
info 2020-11-25T15:56:16.972Z - stopping server
info 2020-11-25T15:56:16.973Z - stopping server
info 2020-11-25T15:56:18.167Z - starting server
info 2020-11-25T15:56:18.206Z - server running on port 4000
info 2020-11-25T16:01:55.783Z - stopping server
info 2020-11-25T16:01:55.783Z - stopping server
info 2020-11-25T16:26:22.795Z - starting server
info 2020-11-25T16:26:22.862Z - server running on port 4000
error 2020-11-25T16:26:35.188Z - JsonWebTokenError: jwt malformed
error 2020-11-25T16:26:52.945Z - Error: id length is not 24
info 2020-11-25T16:29:35.932Z - stopping server
info 2020-11-25T16:29:35.932Z - stopping server
info 2020-11-25T16:29:38.975Z - starting server
info 2020-11-25T16:29:39.049Z - server running on port 4000
info 2020-11-25T16:30:59.553Z - stopping server
info 2020-11-25T16:30:59.553Z - stopping server
info 2020-11-25T16:31:01.344Z - starting server
info 2020-11-25T16:31:01.407Z - server running on port 4000
info 2020-11-25T16:40:23.852Z - stopping server
info 2020-11-25T16:40:23.852Z - stopping server
info 2020-11-26T11:48:22.709Z - starting server
info 2020-11-26T11:48:50.923Z - starting server
info 2020-11-26T11:48:50.986Z - server running on port 4000
info 2020-11-26T11:50:55.673Z - starting server
info 2020-11-26T11:50:55.724Z - server running on port 4000
error 2020-11-26T11:50:58.179Z - Error: wrong credentials
error 2020-11-26T11:52:00.757Z - Error: wrong credentials
info 2020-11-26T11:52:37.946Z - stopping server
info 2020-11-26T11:52:37.946Z - stopping server
info 2020-11-26T11:52:39.031Z - starting server
info 2020-11-26T11:52:39.080Z - server running on port 4000
error 2020-11-26T11:52:41.487Z - Error: wrong credentials
info 2020-11-26T11:56:08.504Z - stopping server
info 2020-11-26T11:56:09.733Z - starting server
info 2020-11-26T11:56:09.783Z - server running on port 4000
error 2020-11-26T11:56:12.504Z - AuthError: wrong credentials
info 2020-11-26T12:01:40.339Z - stopping server
info 2020-11-26T12:01:40.340Z - stopping server
info 2020-11-26T12:01:43.569Z - starting server
info 2020-11-26T12:01:43.621Z - server running on port 4000
error 2020-11-26T12:01:46.678Z - Error: wrong credentials
    at /Users/manuelbarzi/.../letscoder/letscoder-bootcamp-202010/collab/letscoder-bootcamp-202010/staff/manuel-barzi/notes-api/logic/authenticate-user.js:19:30
    at processTicksAndRejections (node:internal/process/task_queues:93:5)
info 2020-11-26T12:04:02.341Z - stopping server
info 2020-11-26T12:04:02.341Z - stopping server
info 2020-11-26T12:04:03.345Z - starting server
info 2020-11-26T12:04:03.395Z - server running on port 4000
error 2020-11-26T12:04:08.576Z - Error: wrong credentials
    at /Users/manuelbarzi/.../letscoder/letscoder-bootcamp-202010/collab/letscoder-bootcamp-202010/staff/manuel-barzi/notes-api/logic/authenticate-user.js:19:30
    at processTicksAndRejections (node:internal/process/task_queues:93:5)
info 2020-11-26T12:07:06.482Z - stopping server
info 2020-11-26T12:07:06.482Z - stopping server
info 2020-11-26T12:07:07.576Z - starting server
info 2020-11-26T12:07:07.629Z - server running on port 4000
error 2020-11-26T12:07:13.181Z - Error: wrong credentials
    at /Users/manuelbarzi/.../letscoder/letscoder-bootcamp-202010/collab/letscoder-bootcamp-202010/staff/manuel-barzi/notes-api/logic/authenticate-user.js:19:30
    at processTicksAndRejections (node:internal/process/task_queues:93:5)
info 2020-11-26T12:07:45.578Z - stopping server
info 2020-11-26T12:07:46.694Z - starting server
info 2020-11-26T12:07:46.745Z - server running on port 4000
error 2020-11-26T12:07:50.897Z - AuthError: wrong credentials
    at /Users/manuelbarzi/.../letscoder/letscoder-bootcamp-202010/collab/letscoder-bootcamp-202010/staff/manuel-barzi/notes-api/logic/authenticate-user.js:19:30
    at processTicksAndRejections (node:internal/process/task_queues:93:5)
info 2020-11-26T12:09:20.259Z - stopping server
info 2020-11-26T12:09:20.260Z - stopping server
info 2020-11-26T16:39:21.493Z - starting server
error 2020-11-26T16:39:21.529Z - Error: Cannot find module './context'
Require stack:
- /Users/manuelbarzi/.../letscoder/letscoder-bootcamp-202010/collab/letscoder-bootcamp-202010/staff/manuel-barzi/notes-api/logic/index.js
- /Users/manuelbarzi/.../letscoder/letscoder-bootcamp-202010/collab/letscoder-bootcamp-202010/staff/manuel-barzi/notes-api/routes/api/handlers/handle-register-user.js
- /Users/manuelbarzi/.../letscoder/letscoder-bootcamp-202010/collab/letscoder-bootcamp-202010/staff/manuel-barzi/notes-api/routes/api/handlers/index.js
- /Users/manuelbarzi/.../letscoder/letscoder-bootcamp-202010/collab/letscoder-bootcamp-202010/staff/manuel-barzi/notes-api/routes/api/index.js
- /Users/manuelbarzi/.../letscoder/letscoder-bootcamp-202010/collab/letscoder-bootcamp-202010/staff/manuel-barzi/notes-api/routes/index.js
- /Users/manuelbarzi/.../letscoder/letscoder-bootcamp-202010/collab/letscoder-bootcamp-202010/staff/manuel-barzi/notes-api/index.js
    at Function.Module._resolveFilename (node:internal/modules/cjs/loader:900:15)
    at Function.Module._load (node:internal/modules/cjs/loader:745:27)
    at Module.require (node:internal/modules/cjs/loader:972:19)
    at require (node:internal/modules/cjs/helpers:88:18)
    at Object.<anonymous> (/Users/manuelbarzi/.../letscoder/letscoder-bootcamp-202010/collab/letscoder-bootcamp-202010/staff/manuel-barzi/notes-api/logic/index.js:2:14)
    at Module._compile (node:internal/modules/cjs/loader:1083:30)
    at Object.Module._extensions..js (node:internal/modules/cjs/loader:1112:10)
    at Module.load (node:internal/modules/cjs/loader:948:32)
    at Function.Module._load (node:internal/modules/cjs/loader:789:14)
    at Module.require (node:internal/modules/cjs/loader:972:19)
    at require (node:internal/modules/cjs/helpers:88:18)
    at Object.<anonymous> (/Users/manuelbarzi/.../letscoder/letscoder-bootcamp-202010/collab/letscoder-bootcamp-202010/staff/manuel-barzi/notes-api/routes/api/handlers/handle-register-user.js:1:26)
    at Module._compile (node:internal/modules/cjs/loader:1083:30)
    at Object.Module._extensions..js (node:internal/modules/cjs/loader:1112:10)
    at Module.load (node:internal/modules/cjs/loader:948:32)
    at Function.Module._load (node:internal/modules/cjs/loader:789:14)
info 2020-11-26T16:39:21.530Z - stopping server
info 2020-11-26T16:40:54.631Z - starting server
info 2020-11-26T16:40:54.717Z - server running on port 4000
error 2020-11-26T16:44:13.771Z - TypeError: Cannot read property 'db' of undefined
    at Object.<anonymous> (/Users/manuelbarzi/.../letscoder/letscoder-bootcamp-202010/collab/letscoder-bootcamp-202010/staff/manuel-barzi/notes-api/logic/authenticate-user.js:13:27)
    at module.exports (/Users/manuelbarzi/.../letscoder/letscoder-bootcamp-202010/collab/letscoder-bootcamp-202010/staff/manuel-barzi/notes-api/routes/api/handlers/handle-authenticate-user.js:10:9)
    at /Users/manuelbarzi/.../letscoder/letscoder-bootcamp-202010/collab/letscoder-bootcamp-202010/staff/manuel-barzi/notes-api/routes/api/helpers/with-error-handling.js:6:9
    at Layer.handle [as handle_request] (/Users/manuelbarzi/.../letscoder/letscoder-bootcamp-202010/collab/letscoder-bootcamp-202010/staff/manuel-barzi/notes-api/node_modules/express/lib/router/layer.js:95:5)
    at next (/Users/manuelbarzi/.../letscoder/letscoder-bootcamp-202010/collab/letscoder-bootcamp-202010/staff/manuel-barzi/notes-api/node_modules/express/lib/router/route.js:137:13)
    at IncomingMessage.<anonymous> (/Users/manuelbarzi/.../letscoder/letscoder-bootcamp-202010/collab/letscoder-bootcamp-202010/staff/manuel-barzi/notes-api/middlewares/json-body-parser.js:21:13)
    at IncomingMessage.emit (node:events:339:22)
    at endReadableNT (node:internal/streams/readable:1289:12)
    at processTicksAndRejections (node:internal/process/task_queues:80:21)
info 2020-11-26T16:44:59.215Z - stopping server
info 2020-11-26T21:40:03.252Z - starting server
info 2020-11-26T21:40:03.509Z - server running on port 4000
info 2020-11-27T12:55:50.519Z - stopping server
info 2020-11-27T12:55:56.372Z - starting server
info 2020-11-27T12:55:56.781Z - server running on port 4000
error 2020-11-27T12:56:38.265Z - TypeError: [object Object] is not a id
    at validateId (/Users/CRIS/bootcamp/collab/letscoder-bootcamp-202010/staff/cristian-manzano/notes-api/logic/helpers/validations.js:29:43)
    at module.exports (/Users/CRIS/bootcamp/collab/letscoder-bootcamp-202010/staff/cristian-manzano/notes-api/logic/retrieve-user.js:7:5)
    at module.exports (/Users/CRIS/bootcamp/collab/letscoder-bootcamp-202010/staff/cristian-manzano/notes-api/routes/api/handlers/handle-retrieve-user.js:15:9)
    at /Users/CRIS/bootcamp/collab/letscoder-bootcamp-202010/staff/cristian-manzano/notes-api/routes/api/helpers/with-error-handling.js:6:9
    at Layer.handle [as handle_request] (/Users/CRIS/bootcamp/collab/letscoder-bootcamp-202010/staff/cristian-manzano/notes-api/node_modules/express/lib/router/layer.js:95:5)
    at next (/Users/CRIS/bootcamp/collab/letscoder-bootcamp-202010/staff/cristian-manzano/notes-api/node_modules/express/lib/router/route.js:137:13)
    at Route.dispatch (/Users/CRIS/bootcamp/collab/letscoder-bootcamp-202010/staff/cristian-manzano/notes-api/node_modules/express/lib/router/route.js:112:3)
    at Layer.handle [as handle_request] (/Users/CRIS/bootcamp/collab/letscoder-bootcamp-202010/staff/cristian-manzano/notes-api/node_modules/express/lib/router/layer.js:95:5)
    at /Users/CRIS/bootcamp/collab/letscoder-bootcamp-202010/staff/cristian-manzano/notes-api/node_modules/express/lib/router/index.js:281:22
    at Function.process_params (/Users/CRIS/bootcamp/collab/letscoder-bootcamp-202010/staff/cristian-manzano/notes-api/node_modules/express/lib/router/index.js:335:12)
    at next (/Users/CRIS/bootcamp/collab/letscoder-bootcamp-202010/staff/cristian-manzano/notes-api/node_modules/express/lib/router/index.js:275:10)
    at Function.handle (/Users/CRIS/bootcamp/collab/letscoder-bootcamp-202010/staff/cristian-manzano/notes-api/node_modules/express/lib/router/index.js:174:3)
    at router (/Users/CRIS/bootcamp/collab/letscoder-bootcamp-202010/staff/cristian-manzano/notes-api/node_modules/express/lib/router/index.js:47:12)
    at Layer.handle [as handle_request] (/Users/CRIS/bootcamp/collab/letscoder-bootcamp-202010/staff/cristian-manzano/notes-api/node_modules/express/lib/router/layer.js:95:5)
    at trim_prefix (/Users/CRIS/bootcamp/collab/letscoder-bootcamp-202010/staff/cristian-manzano/notes-api/node_modules/express/lib/router/index.js:317:13)
    at /Users/CRIS/bootcamp/collab/letscoder-bootcamp-202010/staff/cristian-manzano/notes-api/node_modules/express/lib/router/index.js:284:7
error 2020-11-27T12:58:01.201Z - TypeError: [object Object] is not a id
    at validateId (/Users/CRIS/bootcamp/collab/letscoder-bootcamp-202010/staff/cristian-manzano/notes-api/logic/helpers/validations.js:29:43)
    at module.exports (/Users/CRIS/bootcamp/collab/letscoder-bootcamp-202010/staff/cristian-manzano/notes-api/logic/retrieve-user.js:7:5)
    at module.exports (/Users/CRIS/bootcamp/collab/letscoder-bootcamp-202010/staff/cristian-manzano/notes-api/routes/api/handlers/handle-retrieve-user.js:15:9)
    at /Users/CRIS/bootcamp/collab/letscoder-bootcamp-202010/staff/cristian-manzano/notes-api/routes/api/helpers/with-error-handling.js:6:9
    at Layer.handle [as handle_request] (/Users/CRIS/bootcamp/collab/letscoder-bootcamp-202010/staff/cristian-manzano/notes-api/node_modules/express/lib/router/layer.js:95:5)
    at next (/Users/CRIS/bootcamp/collab/letscoder-bootcamp-202010/staff/cristian-manzano/notes-api/node_modules/express/lib/router/route.js:137:13)
    at Route.dispatch (/Users/CRIS/bootcamp/collab/letscoder-bootcamp-202010/staff/cristian-manzano/notes-api/node_modules/express/lib/router/route.js:112:3)
    at Layer.handle [as handle_request] (/Users/CRIS/bootcamp/collab/letscoder-bootcamp-202010/staff/cristian-manzano/notes-api/node_modules/express/lib/router/layer.js:95:5)
    at /Users/CRIS/bootcamp/collab/letscoder-bootcamp-202010/staff/cristian-manzano/notes-api/node_modules/express/lib/router/index.js:281:22
    at Function.process_params (/Users/CRIS/bootcamp/collab/letscoder-bootcamp-202010/staff/cristian-manzano/notes-api/node_modules/express/lib/router/index.js:335:12)
    at next (/Users/CRIS/bootcamp/collab/letscoder-bootcamp-202010/staff/cristian-manzano/notes-api/node_modules/express/lib/router/index.js:275:10)
    at Function.handle (/Users/CRIS/bootcamp/collab/letscoder-bootcamp-202010/staff/cristian-manzano/notes-api/node_modules/express/lib/router/index.js:174:3)
    at router (/Users/CRIS/bootcamp/collab/letscoder-bootcamp-202010/staff/cristian-manzano/notes-api/node_modules/express/lib/router/index.js:47:12)
    at Layer.handle [as handle_request] (/Users/CRIS/bootcamp/collab/letscoder-bootcamp-202010/staff/cristian-manzano/notes-api/node_modules/express/lib/router/layer.js:95:5)
    at trim_prefix (/Users/CRIS/bootcamp/collab/letscoder-bootcamp-202010/staff/cristian-manzano/notes-api/node_modules/express/lib/router/index.js:317:13)
    at /Users/CRIS/bootcamp/collab/letscoder-bootcamp-202010/staff/cristian-manzano/notes-api/node_modules/express/lib/router/index.js:284:7
error 2020-11-27T13:05:46.441Z - TypeError: [object Object] is not a id
    at validateId (/Users/CRIS/bootcamp/collab/letscoder-bootcamp-202010/staff/cristian-manzano/notes-api/logic/helpers/validations.js:29:43)
    at module.exports (/Users/CRIS/bootcamp/collab/letscoder-bootcamp-202010/staff/cristian-manzano/notes-api/logic/retrieve-user.js:7:5)
    at module.exports (/Users/CRIS/bootcamp/collab/letscoder-bootcamp-202010/staff/cristian-manzano/notes-api/routes/api/handlers/handle-retrieve-user.js:15:9)
    at /Users/CRIS/bootcamp/collab/letscoder-bootcamp-202010/staff/cristian-manzano/notes-api/routes/api/helpers/with-error-handling.js:6:9
    at Layer.handle [as handle_request] (/Users/CRIS/bootcamp/collab/letscoder-bootcamp-202010/staff/cristian-manzano/notes-api/node_modules/express/lib/router/layer.js:95:5)
    at next (/Users/CRIS/bootcamp/collab/letscoder-bootcamp-202010/staff/cristian-manzano/notes-api/node_modules/express/lib/router/route.js:137:13)
    at Route.dispatch (/Users/CRIS/bootcamp/collab/letscoder-bootcamp-202010/staff/cristian-manzano/notes-api/node_modules/express/lib/router/route.js:112:3)
    at Layer.handle [as handle_request] (/Users/CRIS/bootcamp/collab/letscoder-bootcamp-202010/staff/cristian-manzano/notes-api/node_modules/express/lib/router/layer.js:95:5)
    at /Users/CRIS/bootcamp/collab/letscoder-bootcamp-202010/staff/cristian-manzano/notes-api/node_modules/express/lib/router/index.js:281:22
    at Function.process_params (/Users/CRIS/bootcamp/collab/letscoder-bootcamp-202010/staff/cristian-manzano/notes-api/node_modules/express/lib/router/index.js:335:12)
    at next (/Users/CRIS/bootcamp/collab/letscoder-bootcamp-202010/staff/cristian-manzano/notes-api/node_modules/express/lib/router/index.js:275:10)
    at Function.handle (/Users/CRIS/bootcamp/collab/letscoder-bootcamp-202010/staff/cristian-manzano/notes-api/node_modules/express/lib/router/index.js:174:3)
    at router (/Users/CRIS/bootcamp/collab/letscoder-bootcamp-202010/staff/cristian-manzano/notes-api/node_modules/express/lib/router/index.js:47:12)
    at Layer.handle [as handle_request] (/Users/CRIS/bootcamp/collab/letscoder-bootcamp-202010/staff/cristian-manzano/notes-api/node_modules/express/lib/router/layer.js:95:5)
    at trim_prefix (/Users/CRIS/bootcamp/collab/letscoder-bootcamp-202010/staff/cristian-manzano/notes-api/node_modules/express/lib/router/index.js:317:13)
    at /Users/CRIS/bootcamp/collab/letscoder-bootcamp-202010/staff/cristian-manzano/notes-api/node_modules/express/lib/router/index.js:284:7
error 2020-11-27T13:06:38.167Z - TypeError: [object Object] is not a id
    at validateId (/Users/CRIS/bootcamp/collab/letscoder-bootcamp-202010/staff/cristian-manzano/notes-api/logic/helpers/validations.js:29:43)
    at module.exports (/Users/CRIS/bootcamp/collab/letscoder-bootcamp-202010/staff/cristian-manzano/notes-api/logic/retrieve-user.js:7:5)
    at module.exports (/Users/CRIS/bootcamp/collab/letscoder-bootcamp-202010/staff/cristian-manzano/notes-api/routes/api/handlers/handle-retrieve-user.js:15:9)
    at /Users/CRIS/bootcamp/collab/letscoder-bootcamp-202010/staff/cristian-manzano/notes-api/routes/api/helpers/with-error-handling.js:6:9
    at Layer.handle [as handle_request] (/Users/CRIS/bootcamp/collab/letscoder-bootcamp-202010/staff/cristian-manzano/notes-api/node_modules/express/lib/router/layer.js:95:5)
    at next (/Users/CRIS/bootcamp/collab/letscoder-bootcamp-202010/staff/cristian-manzano/notes-api/node_modules/express/lib/router/route.js:137:13)
    at Route.dispatch (/Users/CRIS/bootcamp/collab/letscoder-bootcamp-202010/staff/cristian-manzano/notes-api/node_modules/express/lib/router/route.js:112:3)
    at Layer.handle [as handle_request] (/Users/CRIS/bootcamp/collab/letscoder-bootcamp-202010/staff/cristian-manzano/notes-api/node_modules/express/lib/router/layer.js:95:5)
    at /Users/CRIS/bootcamp/collab/letscoder-bootcamp-202010/staff/cristian-manzano/notes-api/node_modules/express/lib/router/index.js:281:22
    at Function.process_params (/Users/CRIS/bootcamp/collab/letscoder-bootcamp-202010/staff/cristian-manzano/notes-api/node_modules/express/lib/router/index.js:335:12)
    at next (/Users/CRIS/bootcamp/collab/letscoder-bootcamp-202010/staff/cristian-manzano/notes-api/node_modules/express/lib/router/index.js:275:10)
    at Function.handle (/Users/CRIS/bootcamp/collab/letscoder-bootcamp-202010/staff/cristian-manzano/notes-api/node_modules/express/lib/router/index.js:174:3)
    at router (/Users/CRIS/bootcamp/collab/letscoder-bootcamp-202010/staff/cristian-manzano/notes-api/node_modules/express/lib/router/index.js:47:12)
    at Layer.handle [as handle_request] (/Users/CRIS/bootcamp/collab/letscoder-bootcamp-202010/staff/cristian-manzano/notes-api/node_modules/express/lib/router/layer.js:95:5)
    at trim_prefix (/Users/CRIS/bootcamp/collab/letscoder-bootcamp-202010/staff/cristian-manzano/notes-api/node_modules/express/lib/router/index.js:317:13)
    at /Users/CRIS/bootcamp/collab/letscoder-bootcamp-202010/staff/cristian-manzano/notes-api/node_modules/express/lib/router/index.js:284:7
info 2020-11-27T14:04:44.962Z - stopping server
info 2020-11-27T14:04:53.267Z - starting server
info 2020-11-27T14:04:53.571Z - server running on port 4000
error 2020-11-27T14:05:11.638Z - TypeError: [object Object] is not a id
    at validateId (/Users/CRIS/bootcamp/collab/letscoder-bootcamp-202010/staff/cristian-manzano/notes-api/logic/helpers/validations.js:29:43)
    at module.exports (/Users/CRIS/bootcamp/collab/letscoder-bootcamp-202010/staff/cristian-manzano/notes-api/logic/retrieve-user.js:7:5)
    at module.exports (/Users/CRIS/bootcamp/collab/letscoder-bootcamp-202010/staff/cristian-manzano/notes-api/routes/api/handlers/handle-retrieve-user.js:15:9)
    at /Users/CRIS/bootcamp/collab/letscoder-bootcamp-202010/staff/cristian-manzano/notes-api/routes/api/helpers/with-error-handling.js:6:9
    at Layer.handle [as handle_request] (/Users/CRIS/bootcamp/collab/letscoder-bootcamp-202010/staff/cristian-manzano/notes-api/node_modules/express/lib/router/layer.js:95:5)
    at next (/Users/CRIS/bootcamp/collab/letscoder-bootcamp-202010/staff/cristian-manzano/notes-api/node_modules/express/lib/router/route.js:137:13)
    at Route.dispatch (/Users/CRIS/bootcamp/collab/letscoder-bootcamp-202010/staff/cristian-manzano/notes-api/node_modules/express/lib/router/route.js:112:3)
    at Layer.handle [as handle_request] (/Users/CRIS/bootcamp/collab/letscoder-bootcamp-202010/staff/cristian-manzano/notes-api/node_modules/express/lib/router/layer.js:95:5)
    at /Users/CRIS/bootcamp/collab/letscoder-bootcamp-202010/staff/cristian-manzano/notes-api/node_modules/express/lib/router/index.js:281:22
    at Function.process_params (/Users/CRIS/bootcamp/collab/letscoder-bootcamp-202010/staff/cristian-manzano/notes-api/node_modules/express/lib/router/index.js:335:12)
    at next (/Users/CRIS/bootcamp/collab/letscoder-bootcamp-202010/staff/cristian-manzano/notes-api/node_modules/express/lib/router/index.js:275:10)
    at Function.handle (/Users/CRIS/bootcamp/collab/letscoder-bootcamp-202010/staff/cristian-manzano/notes-api/node_modules/express/lib/router/index.js:174:3)
    at router (/Users/CRIS/bootcamp/collab/letscoder-bootcamp-202010/staff/cristian-manzano/notes-api/node_modules/express/lib/router/index.js:47:12)
    at Layer.handle [as handle_request] (/Users/CRIS/bootcamp/collab/letscoder-bootcamp-202010/staff/cristian-manzano/notes-api/node_modules/express/lib/router/layer.js:95:5)
    at trim_prefix (/Users/CRIS/bootcamp/collab/letscoder-bootcamp-202010/staff/cristian-manzano/notes-api/node_modules/express/lib/router/index.js:317:13)
    at /Users/CRIS/bootcamp/collab/letscoder-bootcamp-202010/staff/cristian-manzano/notes-api/node_modules/express/lib/router/index.js:284:7
info 2020-11-27T14:05:35.024Z - stopping server
info 2020-11-27T14:05:36.946Z - starting server
info 2020-11-27T14:05:37.089Z - server running on port 4000
error 2020-11-27T14:05:50.544Z - TypeError: [object Object] is not a id
    at validateId (/Users/CRIS/bootcamp/collab/letscoder-bootcamp-202010/staff/cristian-manzano/notes-api/logic/helpers/validations.js:29:43)
    at module.exports (/Users/CRIS/bootcamp/collab/letscoder-bootcamp-202010/staff/cristian-manzano/notes-api/logic/retrieve-user.js:7:5)
    at module.exports (/Users/CRIS/bootcamp/collab/letscoder-bootcamp-202010/staff/cristian-manzano/notes-api/routes/api/handlers/handle-retrieve-user.js:15:9)
    at /Users/CRIS/bootcamp/collab/letscoder-bootcamp-202010/staff/cristian-manzano/notes-api/routes/api/helpers/with-error-handling.js:6:9
    at Layer.handle [as handle_request] (/Users/CRIS/bootcamp/collab/letscoder-bootcamp-202010/staff/cristian-manzano/notes-api/node_modules/express/lib/router/layer.js:95:5)
    at next (/Users/CRIS/bootcamp/collab/letscoder-bootcamp-202010/staff/cristian-manzano/notes-api/node_modules/express/lib/router/route.js:137:13)
    at Route.dispatch (/Users/CRIS/bootcamp/collab/letscoder-bootcamp-202010/staff/cristian-manzano/notes-api/node_modules/express/lib/router/route.js:112:3)
    at Layer.handle [as handle_request] (/Users/CRIS/bootcamp/collab/letscoder-bootcamp-202010/staff/cristian-manzano/notes-api/node_modules/express/lib/router/layer.js:95:5)
    at /Users/CRIS/bootcamp/collab/letscoder-bootcamp-202010/staff/cristian-manzano/notes-api/node_modules/express/lib/router/index.js:281:22
    at Function.process_params (/Users/CRIS/bootcamp/collab/letscoder-bootcamp-202010/staff/cristian-manzano/notes-api/node_modules/express/lib/router/index.js:335:12)
    at next (/Users/CRIS/bootcamp/collab/letscoder-bootcamp-202010/staff/cristian-manzano/notes-api/node_modules/express/lib/router/index.js:275:10)
    at Function.handle (/Users/CRIS/bootcamp/collab/letscoder-bootcamp-202010/staff/cristian-manzano/notes-api/node_modules/express/lib/router/index.js:174:3)
    at router (/Users/CRIS/bootcamp/collab/letscoder-bootcamp-202010/staff/cristian-manzano/notes-api/node_modules/express/lib/router/index.js:47:12)
    at Layer.handle [as handle_request] (/Users/CRIS/bootcamp/collab/letscoder-bootcamp-202010/staff/cristian-manzano/notes-api/node_modules/express/lib/router/layer.js:95:5)
    at trim_prefix (/Users/CRIS/bootcamp/collab/letscoder-bootcamp-202010/staff/cristian-manzano/notes-api/node_modules/express/lib/router/index.js:317:13)
    at /Users/CRIS/bootcamp/collab/letscoder-bootcamp-202010/staff/cristian-manzano/notes-api/node_modules/express/lib/router/index.js:284:7
error 2020-11-27T14:06:18.571Z - TypeError: [object Object] is not a id
    at validateId (/Users/CRIS/bootcamp/collab/letscoder-bootcamp-202010/staff/cristian-manzano/notes-api/logic/helpers/validations.js:29:43)
    at module.exports (/Users/CRIS/bootcamp/collab/letscoder-bootcamp-202010/staff/cristian-manzano/notes-api/logic/retrieve-user.js:7:5)
    at module.exports (/Users/CRIS/bootcamp/collab/letscoder-bootcamp-202010/staff/cristian-manzano/notes-api/routes/api/handlers/handle-retrieve-user.js:15:9)
    at /Users/CRIS/bootcamp/collab/letscoder-bootcamp-202010/staff/cristian-manzano/notes-api/routes/api/helpers/with-error-handling.js:6:9
    at Layer.handle [as handle_request] (/Users/CRIS/bootcamp/collab/letscoder-bootcamp-202010/staff/cristian-manzano/notes-api/node_modules/express/lib/router/layer.js:95:5)
    at next (/Users/CRIS/bootcamp/collab/letscoder-bootcamp-202010/staff/cristian-manzano/notes-api/node_modules/express/lib/router/route.js:137:13)
    at Route.dispatch (/Users/CRIS/bootcamp/collab/letscoder-bootcamp-202010/staff/cristian-manzano/notes-api/node_modules/express/lib/router/route.js:112:3)
    at Layer.handle [as handle_request] (/Users/CRIS/bootcamp/collab/letscoder-bootcamp-202010/staff/cristian-manzano/notes-api/node_modules/express/lib/router/layer.js:95:5)
    at /Users/CRIS/bootcamp/collab/letscoder-bootcamp-202010/staff/cristian-manzano/notes-api/node_modules/express/lib/router/index.js:281:22
    at Function.process_params (/Users/CRIS/bootcamp/collab/letscoder-bootcamp-202010/staff/cristian-manzano/notes-api/node_modules/express/lib/router/index.js:335:12)
    at next (/Users/CRIS/bootcamp/collab/letscoder-bootcamp-202010/staff/cristian-manzano/notes-api/node_modules/express/lib/router/index.js:275:10)
    at Function.handle (/Users/CRIS/bootcamp/collab/letscoder-bootcamp-202010/staff/cristian-manzano/notes-api/node_modules/express/lib/router/index.js:174:3)
    at router (/Users/CRIS/bootcamp/collab/letscoder-bootcamp-202010/staff/cristian-manzano/notes-api/node_modules/express/lib/router/index.js:47:12)
    at Layer.handle [as handle_request] (/Users/CRIS/bootcamp/collab/letscoder-bootcamp-202010/staff/cristian-manzano/notes-api/node_modules/express/lib/router/layer.js:95:5)
    at trim_prefix (/Users/CRIS/bootcamp/collab/letscoder-bootcamp-202010/staff/cristian-manzano/notes-api/node_modules/express/lib/router/index.js:317:13)
    at /Users/CRIS/bootcamp/collab/letscoder-bootcamp-202010/staff/cristian-manzano/notes-api/node_modules/express/lib/router/index.js:284:7
error 2020-11-27T14:06:41.914Z - TypeError: [object Object] is not a id
    at validateId (/Users/CRIS/bootcamp/collab/letscoder-bootcamp-202010/staff/cristian-manzano/notes-api/logic/helpers/validations.js:29:43)
    at module.exports (/Users/CRIS/bootcamp/collab/letscoder-bootcamp-202010/staff/cristian-manzano/notes-api/logic/retrieve-user.js:7:5)
    at module.exports (/Users/CRIS/bootcamp/collab/letscoder-bootcamp-202010/staff/cristian-manzano/notes-api/routes/api/handlers/handle-retrieve-user.js:15:9)
    at /Users/CRIS/bootcamp/collab/letscoder-bootcamp-202010/staff/cristian-manzano/notes-api/routes/api/helpers/with-error-handling.js:6:9
    at Layer.handle [as handle_request] (/Users/CRIS/bootcamp/collab/letscoder-bootcamp-202010/staff/cristian-manzano/notes-api/node_modules/express/lib/router/layer.js:95:5)
    at next (/Users/CRIS/bootcamp/collab/letscoder-bootcamp-202010/staff/cristian-manzano/notes-api/node_modules/express/lib/router/route.js:137:13)
    at Route.dispatch (/Users/CRIS/bootcamp/collab/letscoder-bootcamp-202010/staff/cristian-manzano/notes-api/node_modules/express/lib/router/route.js:112:3)
    at Layer.handle [as handle_request] (/Users/CRIS/bootcamp/collab/letscoder-bootcamp-202010/staff/cristian-manzano/notes-api/node_modules/express/lib/router/layer.js:95:5)
    at /Users/CRIS/bootcamp/collab/letscoder-bootcamp-202010/staff/cristian-manzano/notes-api/node_modules/express/lib/router/index.js:281:22
    at Function.process_params (/Users/CRIS/bootcamp/collab/letscoder-bootcamp-202010/staff/cristian-manzano/notes-api/node_modules/express/lib/router/index.js:335:12)
    at next (/Users/CRIS/bootcamp/collab/letscoder-bootcamp-202010/staff/cristian-manzano/notes-api/node_modules/express/lib/router/index.js:275:10)
    at Function.handle (/Users/CRIS/bootcamp/collab/letscoder-bootcamp-202010/staff/cristian-manzano/notes-api/node_modules/express/lib/router/index.js:174:3)
    at router (/Users/CRIS/bootcamp/collab/letscoder-bootcamp-202010/staff/cristian-manzano/notes-api/node_modules/express/lib/router/index.js:47:12)
    at Layer.handle [as handle_request] (/Users/CRIS/bootcamp/collab/letscoder-bootcamp-202010/staff/cristian-manzano/notes-api/node_modules/express/lib/router/layer.js:95:5)
    at trim_prefix (/Users/CRIS/bootcamp/collab/letscoder-bootcamp-202010/staff/cristian-manzano/notes-api/node_modules/express/lib/router/index.js:317:13)
    at /Users/CRIS/bootcamp/collab/letscoder-bootcamp-202010/staff/cristian-manzano/notes-api/node_modules/express/lib/router/index.js:284:7
info 2020-11-27T14:10:22.102Z - stopping server
info 2020-11-27T14:10:27.113Z - starting server
info 2020-11-27T14:10:27.227Z - server running on port 4000
error 2020-11-27T14:10:52.386Z - TypeError: [object Object] is not a id
    at validateId (/Users/CRIS/bootcamp/collab/letscoder-bootcamp-202010/staff/cristian-manzano/notes-api/logic/helpers/validations.js:29:43)
    at module.exports (/Users/CRIS/bootcamp/collab/letscoder-bootcamp-202010/staff/cristian-manzano/notes-api/logic/retrieve-user.js:7:5)
    at module.exports (/Users/CRIS/bootcamp/collab/letscoder-bootcamp-202010/staff/cristian-manzano/notes-api/routes/api/handlers/handle-retrieve-user.js:15:9)
    at /Users/CRIS/bootcamp/collab/letscoder-bootcamp-202010/staff/cristian-manzano/notes-api/routes/api/helpers/with-error-handling.js:6:9
    at Layer.handle [as handle_request] (/Users/CRIS/bootcamp/collab/letscoder-bootcamp-202010/staff/cristian-manzano/notes-api/node_modules/express/lib/router/layer.js:95:5)
    at next (/Users/CRIS/bootcamp/collab/letscoder-bootcamp-202010/staff/cristian-manzano/notes-api/node_modules/express/lib/router/route.js:137:13)
    at Route.dispatch (/Users/CRIS/bootcamp/collab/letscoder-bootcamp-202010/staff/cristian-manzano/notes-api/node_modules/express/lib/router/route.js:112:3)
    at Layer.handle [as handle_request] (/Users/CRIS/bootcamp/collab/letscoder-bootcamp-202010/staff/cristian-manzano/notes-api/node_modules/express/lib/router/layer.js:95:5)
    at /Users/CRIS/bootcamp/collab/letscoder-bootcamp-202010/staff/cristian-manzano/notes-api/node_modules/express/lib/router/index.js:281:22
    at Function.process_params (/Users/CRIS/bootcamp/collab/letscoder-bootcamp-202010/staff/cristian-manzano/notes-api/node_modules/express/lib/router/index.js:335:12)
    at next (/Users/CRIS/bootcamp/collab/letscoder-bootcamp-202010/staff/cristian-manzano/notes-api/node_modules/express/lib/router/index.js:275:10)
    at Function.handle (/Users/CRIS/bootcamp/collab/letscoder-bootcamp-202010/staff/cristian-manzano/notes-api/node_modules/express/lib/router/index.js:174:3)
    at router (/Users/CRIS/bootcamp/collab/letscoder-bootcamp-202010/staff/cristian-manzano/notes-api/node_modules/express/lib/router/index.js:47:12)
    at Layer.handle [as handle_request] (/Users/CRIS/bootcamp/collab/letscoder-bootcamp-202010/staff/cristian-manzano/notes-api/node_modules/express/lib/router/layer.js:95:5)
    at trim_prefix (/Users/CRIS/bootcamp/collab/letscoder-bootcamp-202010/staff/cristian-manzano/notes-api/node_modules/express/lib/router/index.js:317:13)
    at /Users/CRIS/bootcamp/collab/letscoder-bootcamp-202010/staff/cristian-manzano/notes-api/node_modules/express/lib/router/index.js:284:7
error 2020-11-27T14:11:44.149Z - TypeError: [object Object] is not a id
    at validateId (/Users/CRIS/bootcamp/collab/letscoder-bootcamp-202010/staff/cristian-manzano/notes-api/logic/helpers/validations.js:29:43)
    at module.exports (/Users/CRIS/bootcamp/collab/letscoder-bootcamp-202010/staff/cristian-manzano/notes-api/logic/retrieve-user.js:7:5)
    at module.exports (/Users/CRIS/bootcamp/collab/letscoder-bootcamp-202010/staff/cristian-manzano/notes-api/routes/api/handlers/handle-retrieve-user.js:15:9)
    at /Users/CRIS/bootcamp/collab/letscoder-bootcamp-202010/staff/cristian-manzano/notes-api/routes/api/helpers/with-error-handling.js:6:9
    at Layer.handle [as handle_request] (/Users/CRIS/bootcamp/collab/letscoder-bootcamp-202010/staff/cristian-manzano/notes-api/node_modules/express/lib/router/layer.js:95:5)
    at next (/Users/CRIS/bootcamp/collab/letscoder-bootcamp-202010/staff/cristian-manzano/notes-api/node_modules/express/lib/router/route.js:137:13)
    at Route.dispatch (/Users/CRIS/bootcamp/collab/letscoder-bootcamp-202010/staff/cristian-manzano/notes-api/node_modules/express/lib/router/route.js:112:3)
    at Layer.handle [as handle_request] (/Users/CRIS/bootcamp/collab/letscoder-bootcamp-202010/staff/cristian-manzano/notes-api/node_modules/express/lib/router/layer.js:95:5)
    at /Users/CRIS/bootcamp/collab/letscoder-bootcamp-202010/staff/cristian-manzano/notes-api/node_modules/express/lib/router/index.js:281:22
    at Function.process_params (/Users/CRIS/bootcamp/collab/letscoder-bootcamp-202010/staff/cristian-manzano/notes-api/node_modules/express/lib/router/index.js:335:12)
    at next (/Users/CRIS/bootcamp/collab/letscoder-bootcamp-202010/staff/cristian-manzano/notes-api/node_modules/express/lib/router/index.js:275:10)
    at Function.handle (/Users/CRIS/bootcamp/collab/letscoder-bootcamp-202010/staff/cristian-manzano/notes-api/node_modules/express/lib/router/index.js:174:3)
    at router (/Users/CRIS/bootcamp/collab/letscoder-bootcamp-202010/staff/cristian-manzano/notes-api/node_modules/express/lib/router/index.js:47:12)
    at Layer.handle [as handle_request] (/Users/CRIS/bootcamp/collab/letscoder-bootcamp-202010/staff/cristian-manzano/notes-api/node_modules/express/lib/router/layer.js:95:5)
    at trim_prefix (/Users/CRIS/bootcamp/collab/letscoder-bootcamp-202010/staff/cristian-manzano/notes-api/node_modules/express/lib/router/index.js:317:13)
    at /Users/CRIS/bootcamp/collab/letscoder-bootcamp-202010/staff/cristian-manzano/notes-api/node_modules/express/lib/router/index.js:284:7
info 2020-11-27T14:13:51.548Z - stopping server
info 2020-11-27T14:13:53.581Z - starting server
info 2020-11-27T14:13:53.689Z - server running on port 4000
error 2020-11-27T14:14:06.193Z - TypeError: [object Object] is not a id
    at validateId (/Users/CRIS/bootcamp/collab/letscoder-bootcamp-202010/staff/cristian-manzano/notes-api/logic/helpers/validations.js:29:43)
    at module.exports (/Users/CRIS/bootcamp/collab/letscoder-bootcamp-202010/staff/cristian-manzano/notes-api/logic/retrieve-user.js:7:5)
    at module.exports (/Users/CRIS/bootcamp/collab/letscoder-bootcamp-202010/staff/cristian-manzano/notes-api/routes/api/handlers/handle-retrieve-user.js:15:9)
    at /Users/CRIS/bootcamp/collab/letscoder-bootcamp-202010/staff/cristian-manzano/notes-api/routes/api/helpers/with-error-handling.js:6:9
    at Layer.handle [as handle_request] (/Users/CRIS/bootcamp/collab/letscoder-bootcamp-202010/staff/cristian-manzano/notes-api/node_modules/express/lib/router/layer.js:95:5)
    at next (/Users/CRIS/bootcamp/collab/letscoder-bootcamp-202010/staff/cristian-manzano/notes-api/node_modules/express/lib/router/route.js:137:13)
    at Route.dispatch (/Users/CRIS/bootcamp/collab/letscoder-bootcamp-202010/staff/cristian-manzano/notes-api/node_modules/express/lib/router/route.js:112:3)
    at Layer.handle [as handle_request] (/Users/CRIS/bootcamp/collab/letscoder-bootcamp-202010/staff/cristian-manzano/notes-api/node_modules/express/lib/router/layer.js:95:5)
    at /Users/CRIS/bootcamp/collab/letscoder-bootcamp-202010/staff/cristian-manzano/notes-api/node_modules/express/lib/router/index.js:281:22
    at Function.process_params (/Users/CRIS/bootcamp/collab/letscoder-bootcamp-202010/staff/cristian-manzano/notes-api/node_modules/express/lib/router/index.js:335:12)
    at next (/Users/CRIS/bootcamp/collab/letscoder-bootcamp-202010/staff/cristian-manzano/notes-api/node_modules/express/lib/router/index.js:275:10)
    at Function.handle (/Users/CRIS/bootcamp/collab/letscoder-bootcamp-202010/staff/cristian-manzano/notes-api/node_modules/express/lib/router/index.js:174:3)
    at router (/Users/CRIS/bootcamp/collab/letscoder-bootcamp-202010/staff/cristian-manzano/notes-api/node_modules/express/lib/router/index.js:47:12)
    at Layer.handle [as handle_request] (/Users/CRIS/bootcamp/collab/letscoder-bootcamp-202010/staff/cristian-manzano/notes-api/node_modules/express/lib/router/layer.js:95:5)
    at trim_prefix (/Users/CRIS/bootcamp/collab/letscoder-bootcamp-202010/staff/cristian-manzano/notes-api/node_modules/express/lib/router/index.js:317:13)
    at /Users/CRIS/bootcamp/collab/letscoder-bootcamp-202010/staff/cristian-manzano/notes-api/node_modules/express/lib/router/index.js:284:7
error 2020-11-27T14:15:49.157Z - TypeError: [object Object] is not a id
    at validateId (/Users/CRIS/bootcamp/collab/letscoder-bootcamp-202010/staff/cristian-manzano/notes-api/logic/helpers/validations.js:29:43)
    at module.exports (/Users/CRIS/bootcamp/collab/letscoder-bootcamp-202010/staff/cristian-manzano/notes-api/logic/retrieve-user.js:7:5)
    at module.exports (/Users/CRIS/bootcamp/collab/letscoder-bootcamp-202010/staff/cristian-manzano/notes-api/routes/api/handlers/handle-retrieve-user.js:15:9)
    at /Users/CRIS/bootcamp/collab/letscoder-bootcamp-202010/staff/cristian-manzano/notes-api/routes/api/helpers/with-error-handling.js:6:9
    at Layer.handle [as handle_request] (/Users/CRIS/bootcamp/collab/letscoder-bootcamp-202010/staff/cristian-manzano/notes-api/node_modules/express/lib/router/layer.js:95:5)
    at next (/Users/CRIS/bootcamp/collab/letscoder-bootcamp-202010/staff/cristian-manzano/notes-api/node_modules/express/lib/router/route.js:137:13)
    at Route.dispatch (/Users/CRIS/bootcamp/collab/letscoder-bootcamp-202010/staff/cristian-manzano/notes-api/node_modules/express/lib/router/route.js:112:3)
    at Layer.handle [as handle_request] (/Users/CRIS/bootcamp/collab/letscoder-bootcamp-202010/staff/cristian-manzano/notes-api/node_modules/express/lib/router/layer.js:95:5)
    at /Users/CRIS/bootcamp/collab/letscoder-bootcamp-202010/staff/cristian-manzano/notes-api/node_modules/express/lib/router/index.js:281:22
    at Function.process_params (/Users/CRIS/bootcamp/collab/letscoder-bootcamp-202010/staff/cristian-manzano/notes-api/node_modules/express/lib/router/index.js:335:12)
    at next (/Users/CRIS/bootcamp/collab/letscoder-bootcamp-202010/staff/cristian-manzano/notes-api/node_modules/express/lib/router/index.js:275:10)
    at Function.handle (/Users/CRIS/bootcamp/collab/letscoder-bootcamp-202010/staff/cristian-manzano/notes-api/node_modules/express/lib/router/index.js:174:3)
    at router (/Users/CRIS/bootcamp/collab/letscoder-bootcamp-202010/staff/cristian-manzano/notes-api/node_modules/express/lib/router/index.js:47:12)
    at Layer.handle [as handle_request] (/Users/CRIS/bootcamp/collab/letscoder-bootcamp-202010/staff/cristian-manzano/notes-api/node_modules/express/lib/router/layer.js:95:5)
    at trim_prefix (/Users/CRIS/bootcamp/collab/letscoder-bootcamp-202010/staff/cristian-manzano/notes-api/node_modules/express/lib/router/index.js:317:13)
    at /Users/CRIS/bootcamp/collab/letscoder-bootcamp-202010/staff/cristian-manzano/notes-api/node_modules/express/lib/router/index.js:284:7
error 2020-11-27T14:17:09.317Z - TypeError: [object Object] is not a id
    at validateId (/Users/CRIS/bootcamp/collab/letscoder-bootcamp-202010/staff/cristian-manzano/notes-api/logic/helpers/validations.js:29:43)
    at module.exports (/Users/CRIS/bootcamp/collab/letscoder-bootcamp-202010/staff/cristian-manzano/notes-api/logic/retrieve-user.js:7:5)
    at module.exports (/Users/CRIS/bootcamp/collab/letscoder-bootcamp-202010/staff/cristian-manzano/notes-api/routes/api/handlers/handle-retrieve-user.js:15:9)
    at /Users/CRIS/bootcamp/collab/letscoder-bootcamp-202010/staff/cristian-manzano/notes-api/routes/api/helpers/with-error-handling.js:6:9
    at Layer.handle [as handle_request] (/Users/CRIS/bootcamp/collab/letscoder-bootcamp-202010/staff/cristian-manzano/notes-api/node_modules/express/lib/router/layer.js:95:5)
    at next (/Users/CRIS/bootcamp/collab/letscoder-bootcamp-202010/staff/cristian-manzano/notes-api/node_modules/express/lib/router/route.js:137:13)
    at Route.dispatch (/Users/CRIS/bootcamp/collab/letscoder-bootcamp-202010/staff/cristian-manzano/notes-api/node_modules/express/lib/router/route.js:112:3)
    at Layer.handle [as handle_request] (/Users/CRIS/bootcamp/collab/letscoder-bootcamp-202010/staff/cristian-manzano/notes-api/node_modules/express/lib/router/layer.js:95:5)
    at /Users/CRIS/bootcamp/collab/letscoder-bootcamp-202010/staff/cristian-manzano/notes-api/node_modules/express/lib/router/index.js:281:22
    at Function.process_params (/Users/CRIS/bootcamp/collab/letscoder-bootcamp-202010/staff/cristian-manzano/notes-api/node_modules/express/lib/router/index.js:335:12)
    at next (/Users/CRIS/bootcamp/collab/letscoder-bootcamp-202010/staff/cristian-manzano/notes-api/node_modules/express/lib/router/index.js:275:10)
    at Function.handle (/Users/CRIS/bootcamp/collab/letscoder-bootcamp-202010/staff/cristian-manzano/notes-api/node_modules/express/lib/router/index.js:174:3)
    at router (/Users/CRIS/bootcamp/collab/letscoder-bootcamp-202010/staff/cristian-manzano/notes-api/node_modules/express/lib/router/index.js:47:12)
    at Layer.handle [as handle_request] (/Users/CRIS/bootcamp/collab/letscoder-bootcamp-202010/staff/cristian-manzano/notes-api/node_modules/express/lib/router/layer.js:95:5)
    at trim_prefix (/Users/CRIS/bootcamp/collab/letscoder-bootcamp-202010/staff/cristian-manzano/notes-api/node_modules/express/lib/router/index.js:317:13)
    at /Users/CRIS/bootcamp/collab/letscoder-bootcamp-202010/staff/cristian-manzano/notes-api/node_modules/express/lib/router/index.js:284:7
info 2020-11-27T14:17:46.615Z - stopping server
info 2020-11-27T14:17:48.720Z - starting server
info 2020-11-27T14:17:48.914Z - server running on port 4000
error 2020-11-27T14:17:59.086Z - TypeError: [object Object] is not a id
    at validateId (/Users/CRIS/bootcamp/collab/letscoder-bootcamp-202010/staff/cristian-manzano/notes-api/logic/helpers/validations.js:29:43)
    at module.exports (/Users/CRIS/bootcamp/collab/letscoder-bootcamp-202010/staff/cristian-manzano/notes-api/logic/retrieve-user.js:7:5)
    at module.exports (/Users/CRIS/bootcamp/collab/letscoder-bootcamp-202010/staff/cristian-manzano/notes-api/routes/api/handlers/handle-retrieve-user.js:15:9)
    at /Users/CRIS/bootcamp/collab/letscoder-bootcamp-202010/staff/cristian-manzano/notes-api/routes/api/helpers/with-error-handling.js:6:9
    at Layer.handle [as handle_request] (/Users/CRIS/bootcamp/collab/letscoder-bootcamp-202010/staff/cristian-manzano/notes-api/node_modules/express/lib/router/layer.js:95:5)
    at next (/Users/CRIS/bootcamp/collab/letscoder-bootcamp-202010/staff/cristian-manzano/notes-api/node_modules/express/lib/router/route.js:137:13)
    at Route.dispatch (/Users/CRIS/bootcamp/collab/letscoder-bootcamp-202010/staff/cristian-manzano/notes-api/node_modules/express/lib/router/route.js:112:3)
    at Layer.handle [as handle_request] (/Users/CRIS/bootcamp/collab/letscoder-bootcamp-202010/staff/cristian-manzano/notes-api/node_modules/express/lib/router/layer.js:95:5)
    at /Users/CRIS/bootcamp/collab/letscoder-bootcamp-202010/staff/cristian-manzano/notes-api/node_modules/express/lib/router/index.js:281:22
    at Function.process_params (/Users/CRIS/bootcamp/collab/letscoder-bootcamp-202010/staff/cristian-manzano/notes-api/node_modules/express/lib/router/index.js:335:12)
    at next (/Users/CRIS/bootcamp/collab/letscoder-bootcamp-202010/staff/cristian-manzano/notes-api/node_modules/express/lib/router/index.js:275:10)
    at Function.handle (/Users/CRIS/bootcamp/collab/letscoder-bootcamp-202010/staff/cristian-manzano/notes-api/node_modules/express/lib/router/index.js:174:3)
    at router (/Users/CRIS/bootcamp/collab/letscoder-bootcamp-202010/staff/cristian-manzano/notes-api/node_modules/express/lib/router/index.js:47:12)
    at Layer.handle [as handle_request] (/Users/CRIS/bootcamp/collab/letscoder-bootcamp-202010/staff/cristian-manzano/notes-api/node_modules/express/lib/router/layer.js:95:5)
    at trim_prefix (/Users/CRIS/bootcamp/collab/letscoder-bootcamp-202010/staff/cristian-manzano/notes-api/node_modules/express/lib/router/index.js:317:13)
    at /Users/CRIS/bootcamp/collab/letscoder-bootcamp-202010/staff/cristian-manzano/notes-api/node_modules/express/lib/router/index.js:284:7
info 2020-11-27T14:18:41.425Z - stopping server
info 2020-11-27T14:18:44.701Z - starting server
info 2020-11-27T14:18:44.860Z - server running on port 4000
error 2020-11-27T14:18:56.280Z - TypeError: [object Object] is not a id
    at validateId (/Users/CRIS/bootcamp/collab/letscoder-bootcamp-202010/staff/cristian-manzano/notes-api/logic/helpers/validations.js:29:43)
    at module.exports (/Users/CRIS/bootcamp/collab/letscoder-bootcamp-202010/staff/cristian-manzano/notes-api/logic/retrieve-user.js:7:5)
    at module.exports (/Users/CRIS/bootcamp/collab/letscoder-bootcamp-202010/staff/cristian-manzano/notes-api/routes/api/handlers/handle-retrieve-user.js:15:9)
    at /Users/CRIS/bootcamp/collab/letscoder-bootcamp-202010/staff/cristian-manzano/notes-api/routes/api/helpers/with-error-handling.js:6:9
    at Layer.handle [as handle_request] (/Users/CRIS/bootcamp/collab/letscoder-bootcamp-202010/staff/cristian-manzano/notes-api/node_modules/express/lib/router/layer.js:95:5)
    at next (/Users/CRIS/bootcamp/collab/letscoder-bootcamp-202010/staff/cristian-manzano/notes-api/node_modules/express/lib/router/route.js:137:13)
    at Route.dispatch (/Users/CRIS/bootcamp/collab/letscoder-bootcamp-202010/staff/cristian-manzano/notes-api/node_modules/express/lib/router/route.js:112:3)
    at Layer.handle [as handle_request] (/Users/CRIS/bootcamp/collab/letscoder-bootcamp-202010/staff/cristian-manzano/notes-api/node_modules/express/lib/router/layer.js:95:5)
    at /Users/CRIS/bootcamp/collab/letscoder-bootcamp-202010/staff/cristian-manzano/notes-api/node_modules/express/lib/router/index.js:281:22
    at Function.process_params (/Users/CRIS/bootcamp/collab/letscoder-bootcamp-202010/staff/cristian-manzano/notes-api/node_modules/express/lib/router/index.js:335:12)
    at next (/Users/CRIS/bootcamp/collab/letscoder-bootcamp-202010/staff/cristian-manzano/notes-api/node_modules/express/lib/router/index.js:275:10)
    at Function.handle (/Users/CRIS/bootcamp/collab/letscoder-bootcamp-202010/staff/cristian-manzano/notes-api/node_modules/express/lib/router/index.js:174:3)
    at router (/Users/CRIS/bootcamp/collab/letscoder-bootcamp-202010/staff/cristian-manzano/notes-api/node_modules/express/lib/router/index.js:47:12)
    at Layer.handle [as handle_request] (/Users/CRIS/bootcamp/collab/letscoder-bootcamp-202010/staff/cristian-manzano/notes-api/node_modules/express/lib/router/layer.js:95:5)
    at trim_prefix (/Users/CRIS/bootcamp/collab/letscoder-bootcamp-202010/staff/cristian-manzano/notes-api/node_modules/express/lib/router/index.js:317:13)
    at /Users/CRIS/bootcamp/collab/letscoder-bootcamp-202010/staff/cristian-manzano/notes-api/node_modules/express/lib/router/index.js:284:7
info 2020-11-27T14:19:59.844Z - stopping server
info 2020-11-27T14:20:04.090Z - starting server
info 2020-11-27T14:20:04.865Z - server running on port 4000
error 2020-11-27T14:20:30.639Z - TypeError: [object Object] is not a id
    at validateId (/Users/CRIS/bootcamp/collab/letscoder-bootcamp-202010/staff/cristian-manzano/notes-api/logic/helpers/validations.js:29:43)
    at module.exports (/Users/CRIS/bootcamp/collab/letscoder-bootcamp-202010/staff/cristian-manzano/notes-api/logic/retrieve-user.js:7:5)
    at module.exports (/Users/CRIS/bootcamp/collab/letscoder-bootcamp-202010/staff/cristian-manzano/notes-api/routes/api/handlers/handle-retrieve-user.js:15:9)
    at /Users/CRIS/bootcamp/collab/letscoder-bootcamp-202010/staff/cristian-manzano/notes-api/routes/api/helpers/with-error-handling.js:6:9
    at Layer.handle [as handle_request] (/Users/CRIS/bootcamp/collab/letscoder-bootcamp-202010/staff/cristian-manzano/notes-api/node_modules/express/lib/router/layer.js:95:5)
    at next (/Users/CRIS/bootcamp/collab/letscoder-bootcamp-202010/staff/cristian-manzano/notes-api/node_modules/express/lib/router/route.js:137:13)
    at Route.dispatch (/Users/CRIS/bootcamp/collab/letscoder-bootcamp-202010/staff/cristian-manzano/notes-api/node_modules/express/lib/router/route.js:112:3)
    at Layer.handle [as handle_request] (/Users/CRIS/bootcamp/collab/letscoder-bootcamp-202010/staff/cristian-manzano/notes-api/node_modules/express/lib/router/layer.js:95:5)
    at /Users/CRIS/bootcamp/collab/letscoder-bootcamp-202010/staff/cristian-manzano/notes-api/node_modules/express/lib/router/index.js:281:22
    at Function.process_params (/Users/CRIS/bootcamp/collab/letscoder-bootcamp-202010/staff/cristian-manzano/notes-api/node_modules/express/lib/router/index.js:335:12)
    at next (/Users/CRIS/bootcamp/collab/letscoder-bootcamp-202010/staff/cristian-manzano/notes-api/node_modules/express/lib/router/index.js:275:10)
    at Function.handle (/Users/CRIS/bootcamp/collab/letscoder-bootcamp-202010/staff/cristian-manzano/notes-api/node_modules/express/lib/router/index.js:174:3)
    at router (/Users/CRIS/bootcamp/collab/letscoder-bootcamp-202010/staff/cristian-manzano/notes-api/node_modules/express/lib/router/index.js:47:12)
    at Layer.handle [as handle_request] (/Users/CRIS/bootcamp/collab/letscoder-bootcamp-202010/staff/cristian-manzano/notes-api/node_modules/express/lib/router/layer.js:95:5)
    at trim_prefix (/Users/CRIS/bootcamp/collab/letscoder-bootcamp-202010/staff/cristian-manzano/notes-api/node_modules/express/lib/router/index.js:317:13)
    at /Users/CRIS/bootcamp/collab/letscoder-bootcamp-202010/staff/cristian-manzano/notes-api/node_modules/express/lib/router/index.js:284:7
error 2020-11-27T14:21:02.341Z - TypeError: [object Object] is not a id
    at validateId (/Users/CRIS/bootcamp/collab/letscoder-bootcamp-202010/staff/cristian-manzano/notes-api/logic/helpers/validations.js:29:43)
    at module.exports (/Users/CRIS/bootcamp/collab/letscoder-bootcamp-202010/staff/cristian-manzano/notes-api/logic/retrieve-user.js:7:5)
    at module.exports (/Users/CRIS/bootcamp/collab/letscoder-bootcamp-202010/staff/cristian-manzano/notes-api/routes/api/handlers/handle-retrieve-user.js:15:9)
    at /Users/CRIS/bootcamp/collab/letscoder-bootcamp-202010/staff/cristian-manzano/notes-api/routes/api/helpers/with-error-handling.js:6:9
    at Layer.handle [as handle_request] (/Users/CRIS/bootcamp/collab/letscoder-bootcamp-202010/staff/cristian-manzano/notes-api/node_modules/express/lib/router/layer.js:95:5)
    at next (/Users/CRIS/bootcamp/collab/letscoder-bootcamp-202010/staff/cristian-manzano/notes-api/node_modules/express/lib/router/route.js:137:13)
    at Route.dispatch (/Users/CRIS/bootcamp/collab/letscoder-bootcamp-202010/staff/cristian-manzano/notes-api/node_modules/express/lib/router/route.js:112:3)
    at Layer.handle [as handle_request] (/Users/CRIS/bootcamp/collab/letscoder-bootcamp-202010/staff/cristian-manzano/notes-api/node_modules/express/lib/router/layer.js:95:5)
    at /Users/CRIS/bootcamp/collab/letscoder-bootcamp-202010/staff/cristian-manzano/notes-api/node_modules/express/lib/router/index.js:281:22
    at Function.process_params (/Users/CRIS/bootcamp/collab/letscoder-bootcamp-202010/staff/cristian-manzano/notes-api/node_modules/express/lib/router/index.js:335:12)
    at next (/Users/CRIS/bootcamp/collab/letscoder-bootcamp-202010/staff/cristian-manzano/notes-api/node_modules/express/lib/router/index.js:275:10)
    at Function.handle (/Users/CRIS/bootcamp/collab/letscoder-bootcamp-202010/staff/cristian-manzano/notes-api/node_modules/express/lib/router/index.js:174:3)
    at router (/Users/CRIS/bootcamp/collab/letscoder-bootcamp-202010/staff/cristian-manzano/notes-api/node_modules/express/lib/router/index.js:47:12)
    at Layer.handle [as handle_request] (/Users/CRIS/bootcamp/collab/letscoder-bootcamp-202010/staff/cristian-manzano/notes-api/node_modules/express/lib/router/layer.js:95:5)
    at trim_prefix (/Users/CRIS/bootcamp/collab/letscoder-bootcamp-202010/staff/cristian-manzano/notes-api/node_modules/express/lib/router/index.js:317:13)
    at /Users/CRIS/bootcamp/collab/letscoder-bootcamp-202010/staff/cristian-manzano/notes-api/node_modules/express/lib/router/index.js:284:7
info 2020-11-27T14:21:53.458Z - stopping server
info 2020-11-27T14:22:23.277Z - starting server
info 2020-11-27T14:22:32.967Z - server running on port 4000
error 2020-11-27T14:22:43.494Z - TypeError: [object Object] is not a id
    at validateId (/Users/CRIS/bootcamp/collab/letscoder-bootcamp-202010/staff/cristian-manzano/notes-api/logic/helpers/validations.js:29:43)
    at module.exports (/Users/CRIS/bootcamp/collab/letscoder-bootcamp-202010/staff/cristian-manzano/notes-api/logic/retrieve-user.js:7:5)
    at module.exports (/Users/CRIS/bootcamp/collab/letscoder-bootcamp-202010/staff/cristian-manzano/notes-api/routes/api/handlers/handle-retrieve-user.js:15:9)
    at /Users/CRIS/bootcamp/collab/letscoder-bootcamp-202010/staff/cristian-manzano/notes-api/routes/api/helpers/with-error-handling.js:6:9
    at Layer.handle [as handle_request] (/Users/CRIS/bootcamp/collab/letscoder-bootcamp-202010/staff/cristian-manzano/notes-api/node_modules/express/lib/router/layer.js:95:5)
    at next (/Users/CRIS/bootcamp/collab/letscoder-bootcamp-202010/staff/cristian-manzano/notes-api/node_modules/express/lib/router/route.js:137:13)
    at Route.dispatch (/Users/CRIS/bootcamp/collab/letscoder-bootcamp-202010/staff/cristian-manzano/notes-api/node_modules/express/lib/router/route.js:112:3)
    at Layer.handle [as handle_request] (/Users/CRIS/bootcamp/collab/letscoder-bootcamp-202010/staff/cristian-manzano/notes-api/node_modules/express/lib/router/layer.js:95:5)
    at /Users/CRIS/bootcamp/collab/letscoder-bootcamp-202010/staff/cristian-manzano/notes-api/node_modules/express/lib/router/index.js:281:22
    at Function.process_params (/Users/CRIS/bootcamp/collab/letscoder-bootcamp-202010/staff/cristian-manzano/notes-api/node_modules/express/lib/router/index.js:335:12)
    at next (/Users/CRIS/bootcamp/collab/letscoder-bootcamp-202010/staff/cristian-manzano/notes-api/node_modules/express/lib/router/index.js:275:10)
    at Function.handle (/Users/CRIS/bootcamp/collab/letscoder-bootcamp-202010/staff/cristian-manzano/notes-api/node_modules/express/lib/router/index.js:174:3)
    at router (/Users/CRIS/bootcamp/collab/letscoder-bootcamp-202010/staff/cristian-manzano/notes-api/node_modules/express/lib/router/index.js:47:12)
    at Layer.handle [as handle_request] (/Users/CRIS/bootcamp/collab/letscoder-bootcamp-202010/staff/cristian-manzano/notes-api/node_modules/express/lib/router/layer.js:95:5)
    at trim_prefix (/Users/CRIS/bootcamp/collab/letscoder-bootcamp-202010/staff/cristian-manzano/notes-api/node_modules/express/lib/router/index.js:317:13)
    at /Users/CRIS/bootcamp/collab/letscoder-bootcamp-202010/staff/cristian-manzano/notes-api/node_modules/express/lib/router/index.js:284:7
info 2020-11-27T14:23:31.140Z - starting server
info 2020-11-27T14:23:32.687Z - server running on port 4000
error 2020-11-27T14:25:16.290Z - TypeError: [object Object] is not a id
    at validateId (/Users/CRIS/bootcamp/collab/letscoder-bootcamp-202010/staff/cristian-manzano/notes-api/logic/helpers/validations.js:29:43)
    at module.exports (/Users/CRIS/bootcamp/collab/letscoder-bootcamp-202010/staff/cristian-manzano/notes-api/logic/retrieve-user.js:8:5)
    at module.exports (/Users/CRIS/bootcamp/collab/letscoder-bootcamp-202010/staff/cristian-manzano/notes-api/routes/api/handlers/handle-retrieve-user.js:15:9)
    at /Users/CRIS/bootcamp/collab/letscoder-bootcamp-202010/staff/cristian-manzano/notes-api/routes/api/helpers/with-error-handling.js:6:9
    at Layer.handle [as handle_request] (/Users/CRIS/bootcamp/collab/letscoder-bootcamp-202010/staff/cristian-manzano/notes-api/node_modules/express/lib/router/layer.js:95:5)
    at next (/Users/CRIS/bootcamp/collab/letscoder-bootcamp-202010/staff/cristian-manzano/notes-api/node_modules/express/lib/router/route.js:137:13)
    at Route.dispatch (/Users/CRIS/bootcamp/collab/letscoder-bootcamp-202010/staff/cristian-manzano/notes-api/node_modules/express/lib/router/route.js:112:3)
    at Layer.handle [as handle_request] (/Users/CRIS/bootcamp/collab/letscoder-bootcamp-202010/staff/cristian-manzano/notes-api/node_modules/express/lib/router/layer.js:95:5)
    at /Users/CRIS/bootcamp/collab/letscoder-bootcamp-202010/staff/cristian-manzano/notes-api/node_modules/express/lib/router/index.js:281:22
    at Function.process_params (/Users/CRIS/bootcamp/collab/letscoder-bootcamp-202010/staff/cristian-manzano/notes-api/node_modules/express/lib/router/index.js:335:12)
    at next (/Users/CRIS/bootcamp/collab/letscoder-bootcamp-202010/staff/cristian-manzano/notes-api/node_modules/express/lib/router/index.js:275:10)
    at Function.handle (/Users/CRIS/bootcamp/collab/letscoder-bootcamp-202010/staff/cristian-manzano/notes-api/node_modules/express/lib/router/index.js:174:3)
    at router (/Users/CRIS/bootcamp/collab/letscoder-bootcamp-202010/staff/cristian-manzano/notes-api/node_modules/express/lib/router/index.js:47:12)
    at Layer.handle [as handle_request] (/Users/CRIS/bootcamp/collab/letscoder-bootcamp-202010/staff/cristian-manzano/notes-api/node_modules/express/lib/router/layer.js:95:5)
    at trim_prefix (/Users/CRIS/bootcamp/collab/letscoder-bootcamp-202010/staff/cristian-manzano/notes-api/node_modules/express/lib/router/index.js:317:13)
    at /Users/CRIS/bootcamp/collab/letscoder-bootcamp-202010/staff/cristian-manzano/notes-api/node_modules/express/lib/router/index.js:284:7
info 2020-11-27T14:26:12.690Z - starting server
info 2020-11-27T14:26:14.235Z - server running on port 4000
info 2020-11-27T14:27:24.442Z - starting server
info 2020-11-27T14:27:25.639Z - server running on port 4000
info 2020-11-27T14:31:09.850Z - starting server
info 2020-11-27T14:31:11.660Z - server running on port 4000
error 2020-11-27T14:31:31.165Z - TypeError: Cannot set property 'Symbol(mongoose#schemaType)' of undefined
    at SchemaType (/Users/CRIS/bootcamp/collab/letscoder-bootcamp-202010/staff/cristian-manzano/notes-api/node_modules/mongoose/lib/schematype.js:41:26)
    at ObjectId (/Users/CRIS/bootcamp/collab/letscoder-bootcamp-202010/staff/cristian-manzano/notes-api/node_modules/mongoose/lib/schema/objectid.js:37:14)
    at module.exports (/Users/CRIS/bootcamp/collab/letscoder-bootcamp-202010/staff/cristian-manzano/notes-api/logic/retrieve-user.js:10:17)
    at module.exports (/Users/CRIS/bootcamp/collab/letscoder-bootcamp-202010/staff/cristian-manzano/notes-api/routes/api/handlers/handle-retrieve-user.js:15:9)
    at /Users/CRIS/bootcamp/collab/letscoder-bootcamp-202010/staff/cristian-manzano/notes-api/routes/api/helpers/with-error-handling.js:6:9
    at Layer.handle [as handle_request] (/Users/CRIS/bootcamp/collab/letscoder-bootcamp-202010/staff/cristian-manzano/notes-api/node_modules/express/lib/router/layer.js:95:5)
    at next (/Users/CRIS/bootcamp/collab/letscoder-bootcamp-202010/staff/cristian-manzano/notes-api/node_modules/express/lib/router/route.js:137:13)
    at Route.dispatch (/Users/CRIS/bootcamp/collab/letscoder-bootcamp-202010/staff/cristian-manzano/notes-api/node_modules/express/lib/router/route.js:112:3)
    at Layer.handle [as handle_request] (/Users/CRIS/bootcamp/collab/letscoder-bootcamp-202010/staff/cristian-manzano/notes-api/node_modules/express/lib/router/layer.js:95:5)
    at /Users/CRIS/bootcamp/collab/letscoder-bootcamp-202010/staff/cristian-manzano/notes-api/node_modules/express/lib/router/index.js:281:22
    at Function.process_params (/Users/CRIS/bootcamp/collab/letscoder-bootcamp-202010/staff/cristian-manzano/notes-api/node_modules/express/lib/router/index.js:335:12)
    at next (/Users/CRIS/bootcamp/collab/letscoder-bootcamp-202010/staff/cristian-manzano/notes-api/node_modules/express/lib/router/index.js:275:10)
    at Function.handle (/Users/CRIS/bootcamp/collab/letscoder-bootcamp-202010/staff/cristian-manzano/notes-api/node_modules/express/lib/router/index.js:174:3)
    at router (/Users/CRIS/bootcamp/collab/letscoder-bootcamp-202010/staff/cristian-manzano/notes-api/node_modules/express/lib/router/index.js:47:12)
    at Layer.handle [as handle_request] (/Users/CRIS/bootcamp/collab/letscoder-bootcamp-202010/staff/cristian-manzano/notes-api/node_modules/express/lib/router/layer.js:95:5)
    at trim_prefix (/Users/CRIS/bootcamp/collab/letscoder-bootcamp-202010/staff/cristian-manzano/notes-api/node_modules/express/lib/router/index.js:317:13)
info 2020-11-27T14:34:42.641Z - starting server
info 2020-11-27T14:34:43.129Z - server running on port 4000
error 2020-11-27T14:35:57.832Z - ReferenceError: Cannot access '_id' before initialization
    at /Users/CRIS/bootcamp/collab/letscoder-bootcamp-202010/staff/cristian-manzano/notes-api/logic/retrieve-user.js:18:23
    at processTicksAndRejections (internal/process/task_queues.js:97:5)
error 2020-11-27T14:36:14.700Z - ReferenceError: Cannot access '_id' before initialization
    at /Users/CRIS/bootcamp/collab/letscoder-bootcamp-202010/staff/cristian-manzano/notes-api/logic/retrieve-user.js:18:23
    at processTicksAndRejections (internal/process/task_queues.js:97:5)
info 2020-11-27T14:37:18.567Z - starting server
info 2020-11-27T14:37:18.703Z - server running on port 4000
error 2020-11-27T14:37:34.831Z - ReferenceError: Cannot access '_id' before initialization
    at /Users/CRIS/bootcamp/collab/letscoder-bootcamp-202010/staff/cristian-manzano/notes-api/logic/retrieve-user.js:18:23
    at processTicksAndRejections (internal/process/task_queues.js:97:5)
info 2020-11-27T14:38:19.285Z - stopping server
info 2020-11-27T14:38:31.086Z - starting server
error 2020-11-27T14:38:31.190Z - /Users/CRIS/bootcamp/collab/letscoder-bootcamp-202010/staff/cristian-manzano/notes-api/logic/retrieve-user.js:6
const { Types: { ObjectId } } = Schema
                 ^

SyntaxError: Identifier 'ObjectId' has already been declared
    at wrapSafe (internal/modules/cjs/loader.js:931:16)
    at Module._compile (internal/modules/cjs/loader.js:979:27)
    at Object.Module._extensions..js (internal/modules/cjs/loader.js:1035:10)
    at Module.load (internal/modules/cjs/loader.js:879:32)
    at Function.Module._load (internal/modules/cjs/loader.js:724:14)
    at Module.require (internal/modules/cjs/loader.js:903:19)
    at require (internal/modules/cjs/helpers.js:74:18)
    at Object.<anonymous> (/Users/CRIS/bootcamp/collab/letscoder-bootcamp-202010/staff/cristian-manzano/notes-api/logic/index.js:5:19)
    at Module._compile (internal/modules/cjs/loader.js:1015:30)
    at Object.Module._extensions..js (internal/modules/cjs/loader.js:1035:10)
    at Module.load (internal/modules/cjs/loader.js:879:32)
    at Function.Module._load (internal/modules/cjs/loader.js:724:14)
    at Module.require (internal/modules/cjs/loader.js:903:19)
    at require (internal/modules/cjs/helpers.js:74:18)
    at Object.<anonymous> (/Users/CRIS/bootcamp/collab/letscoder-bootcamp-202010/staff/cristian-manzano/notes-api/routes/api/handlers/handle-register-user.js:1:26)
    at Module._compile (internal/modules/cjs/loader.js:1015:30)
info 2020-11-27T14:38:31.208Z - stopping server
info 2020-11-27T14:38:35.472Z - starting server
error 2020-11-27T14:38:35.570Z - /Users/CRIS/bootcamp/collab/letscoder-bootcamp-202010/staff/cristian-manzano/notes-api/logic/retrieve-user.js:6
const { Types: { ObjectId } } = Schema
                 ^

SyntaxError: Identifier 'ObjectId' has already been declared
    at wrapSafe (internal/modules/cjs/loader.js:931:16)
    at Module._compile (internal/modules/cjs/loader.js:979:27)
    at Object.Module._extensions..js (internal/modules/cjs/loader.js:1035:10)
    at Module.load (internal/modules/cjs/loader.js:879:32)
    at Function.Module._load (internal/modules/cjs/loader.js:724:14)
    at Module.require (internal/modules/cjs/loader.js:903:19)
    at require (internal/modules/cjs/helpers.js:74:18)
    at Object.<anonymous> (/Users/CRIS/bootcamp/collab/letscoder-bootcamp-202010/staff/cristian-manzano/notes-api/logic/index.js:5:19)
    at Module._compile (internal/modules/cjs/loader.js:1015:30)
    at Object.Module._extensions..js (internal/modules/cjs/loader.js:1035:10)
    at Module.load (internal/modules/cjs/loader.js:879:32)
    at Function.Module._load (internal/modules/cjs/loader.js:724:14)
    at Module.require (internal/modules/cjs/loader.js:903:19)
    at require (internal/modules/cjs/helpers.js:74:18)
    at Object.<anonymous> (/Users/CRIS/bootcamp/collab/letscoder-bootcamp-202010/staff/cristian-manzano/notes-api/routes/api/handlers/handle-register-user.js:1:26)
    at Module._compile (internal/modules/cjs/loader.js:1015:30)
info 2020-11-27T14:38:35.593Z - stopping server
info 2020-11-27T14:38:45.111Z - starting server
info 2020-11-27T14:38:45.270Z - server running on port 4000
error 2020-11-27T14:39:10.761Z - ReferenceError: Cannot access '_id' before initialization
    at /Users/CRIS/bootcamp/collab/letscoder-bootcamp-202010/staff/cristian-manzano/notes-api/logic/retrieve-user.js:18:23
    at processTicksAndRejections (internal/process/task_queues.js:97:5)
info 2020-11-27T14:40:35.058Z - stopping server
info 2020-11-27T14:40:36.708Z - starting server
info 2020-11-27T14:40:36.834Z - server running on port 4000
error 2020-11-27T14:40:49.504Z - TypeError: Cannot set property 'Symbol(mongoose#schemaType)' of undefined
    at SchemaType (/Users/CRIS/bootcamp/collab/letscoder-bootcamp-202010/staff/cristian-manzano/notes-api/node_modules/mongoose/lib/schematype.js:41:26)
    at ObjectId (/Users/CRIS/bootcamp/collab/letscoder-bootcamp-202010/staff/cristian-manzano/notes-api/node_modules/mongoose/lib/schema/objectid.js:37:14)
    at module.exports (/Users/CRIS/bootcamp/collab/letscoder-bootcamp-202010/staff/cristian-manzano/notes-api/logic/retrieve-user.js:11:17)
    at module.exports (/Users/CRIS/bootcamp/collab/letscoder-bootcamp-202010/staff/cristian-manzano/notes-api/routes/api/handlers/handle-retrieve-user.js:15:9)
    at /Users/CRIS/bootcamp/collab/letscoder-bootcamp-202010/staff/cristian-manzano/notes-api/routes/api/helpers/with-error-handling.js:6:9
    at Layer.handle [as handle_request] (/Users/CRIS/bootcamp/collab/letscoder-bootcamp-202010/staff/cristian-manzano/notes-api/node_modules/express/lib/router/layer.js:95:5)
    at next (/Users/CRIS/bootcamp/collab/letscoder-bootcamp-202010/staff/cristian-manzano/notes-api/node_modules/express/lib/router/route.js:137:13)
    at Route.dispatch (/Users/CRIS/bootcamp/collab/letscoder-bootcamp-202010/staff/cristian-manzano/notes-api/node_modules/express/lib/router/route.js:112:3)
    at Layer.handle [as handle_request] (/Users/CRIS/bootcamp/collab/letscoder-bootcamp-202010/staff/cristian-manzano/notes-api/node_modules/express/lib/router/layer.js:95:5)
    at /Users/CRIS/bootcamp/collab/letscoder-bootcamp-202010/staff/cristian-manzano/notes-api/node_modules/express/lib/router/index.js:281:22
    at Function.process_params (/Users/CRIS/bootcamp/collab/letscoder-bootcamp-202010/staff/cristian-manzano/notes-api/node_modules/express/lib/router/index.js:335:12)
    at next (/Users/CRIS/bootcamp/collab/letscoder-bootcamp-202010/staff/cristian-manzano/notes-api/node_modules/express/lib/router/index.js:275:10)
    at Function.handle (/Users/CRIS/bootcamp/collab/letscoder-bootcamp-202010/staff/cristian-manzano/notes-api/node_modules/express/lib/router/index.js:174:3)
    at router (/Users/CRIS/bootcamp/collab/letscoder-bootcamp-202010/staff/cristian-manzano/notes-api/node_modules/express/lib/router/index.js:47:12)
    at Layer.handle [as handle_request] (/Users/CRIS/bootcamp/collab/letscoder-bootcamp-202010/staff/cristian-manzano/notes-api/node_modules/express/lib/router/layer.js:95:5)
    at trim_prefix (/Users/CRIS/bootcamp/collab/letscoder-bootcamp-202010/staff/cristian-manzano/notes-api/node_modules/express/lib/router/index.js:317:13)
info 2020-11-27T15:16:57.989Z - stopping server
info 2020-11-27T15:17:02.036Z - starting server
info 2020-11-27T15:17:02.223Z - server running on port 4000
error 2020-11-27T15:17:18.961Z - ReferenceError: _id is not defined
    at module.exports (/Users/CRIS/bootcamp/collab/letscoder-bootcamp-202010/staff/cristian-manzano/notes-api/logic/retrieve-user.js:14:20)
    at module.exports (/Users/CRIS/bootcamp/collab/letscoder-bootcamp-202010/staff/cristian-manzano/notes-api/routes/api/handlers/handle-retrieve-user.js:15:9)
    at /Users/CRIS/bootcamp/collab/letscoder-bootcamp-202010/staff/cristian-manzano/notes-api/routes/api/helpers/with-error-handling.js:6:9
    at Layer.handle [as handle_request] (/Users/CRIS/bootcamp/collab/letscoder-bootcamp-202010/staff/cristian-manzano/notes-api/node_modules/express/lib/router/layer.js:95:5)
    at next (/Users/CRIS/bootcamp/collab/letscoder-bootcamp-202010/staff/cristian-manzano/notes-api/node_modules/express/lib/router/route.js:137:13)
    at Route.dispatch (/Users/CRIS/bootcamp/collab/letscoder-bootcamp-202010/staff/cristian-manzano/notes-api/node_modules/express/lib/router/route.js:112:3)
    at Layer.handle [as handle_request] (/Users/CRIS/bootcamp/collab/letscoder-bootcamp-202010/staff/cristian-manzano/notes-api/node_modules/express/lib/router/layer.js:95:5)
    at /Users/CRIS/bootcamp/collab/letscoder-bootcamp-202010/staff/cristian-manzano/notes-api/node_modules/express/lib/router/index.js:281:22
    at Function.process_params (/Users/CRIS/bootcamp/collab/letscoder-bootcamp-202010/staff/cristian-manzano/notes-api/node_modules/express/lib/router/index.js:335:12)
    at next (/Users/CRIS/bootcamp/collab/letscoder-bootcamp-202010/staff/cristian-manzano/notes-api/node_modules/express/lib/router/index.js:275:10)
    at Function.handle (/Users/CRIS/bootcamp/collab/letscoder-bootcamp-202010/staff/cristian-manzano/notes-api/node_modules/express/lib/router/index.js:174:3)
    at router (/Users/CRIS/bootcamp/collab/letscoder-bootcamp-202010/staff/cristian-manzano/notes-api/node_modules/express/lib/router/index.js:47:12)
    at Layer.handle [as handle_request] (/Users/CRIS/bootcamp/collab/letscoder-bootcamp-202010/staff/cristian-manzano/notes-api/node_modules/express/lib/router/layer.js:95:5)
    at trim_prefix (/Users/CRIS/bootcamp/collab/letscoder-bootcamp-202010/staff/cristian-manzano/notes-api/node_modules/express/lib/router/index.js:317:13)
    at /Users/CRIS/bootcamp/collab/letscoder-bootcamp-202010/staff/cristian-manzano/notes-api/node_modules/express/lib/router/index.js:284:7
    at Function.process_params (/Users/CRIS/bootcamp/collab/letscoder-bootcamp-202010/staff/cristian-manzano/notes-api/node_modules/express/lib/router/index.js:335:12)
info 2020-11-27T15:17:43.090Z - stopping server
info 2020-11-27T15:17:45.638Z - starting server
info 2020-11-27T15:17:45.759Z - server running on port 4000
error 2020-11-27T15:18:00.190Z - ReferenceError: Cannot access '_id' before initialization
    at /Users/CRIS/bootcamp/collab/letscoder-bootcamp-202010/staff/cristian-manzano/notes-api/logic/retrieve-user.js:18:23
    at processTicksAndRejections (internal/process/task_queues.js:97:5)
info 2020-11-27T15:18:14.954Z - stopping server
info 2020-11-27T15:18:18.957Z - starting server
info 2020-11-27T15:18:19.129Z - server running on port 4000
error 2020-11-27T15:18:29.567Z - TypeError: Cannot set property 'Symbol(mongoose#schemaType)' of undefined
    at SchemaType (/Users/CRIS/bootcamp/collab/letscoder-bootcamp-202010/staff/cristian-manzano/notes-api/node_modules/mongoose/lib/schematype.js:41:26)
    at ObjectId (/Users/CRIS/bootcamp/collab/letscoder-bootcamp-202010/staff/cristian-manzano/notes-api/node_modules/mongoose/lib/schema/objectid.js:37:14)
    at module.exports (/Users/CRIS/bootcamp/collab/letscoder-bootcamp-202010/staff/cristian-manzano/notes-api/logic/retrieve-user.js:11:17)
    at module.exports (/Users/CRIS/bootcamp/collab/letscoder-bootcamp-202010/staff/cristian-manzano/notes-api/routes/api/handlers/handle-retrieve-user.js:15:9)
    at /Users/CRIS/bootcamp/collab/letscoder-bootcamp-202010/staff/cristian-manzano/notes-api/routes/api/helpers/with-error-handling.js:6:9
    at Layer.handle [as handle_request] (/Users/CRIS/bootcamp/collab/letscoder-bootcamp-202010/staff/cristian-manzano/notes-api/node_modules/express/lib/router/layer.js:95:5)
    at next (/Users/CRIS/bootcamp/collab/letscoder-bootcamp-202010/staff/cristian-manzano/notes-api/node_modules/express/lib/router/route.js:137:13)
    at Route.dispatch (/Users/CRIS/bootcamp/collab/letscoder-bootcamp-202010/staff/cristian-manzano/notes-api/node_modules/express/lib/router/route.js:112:3)
    at Layer.handle [as handle_request] (/Users/CRIS/bootcamp/collab/letscoder-bootcamp-202010/staff/cristian-manzano/notes-api/node_modules/express/lib/router/layer.js:95:5)
    at /Users/CRIS/bootcamp/collab/letscoder-bootcamp-202010/staff/cristian-manzano/notes-api/node_modules/express/lib/router/index.js:281:22
    at Function.process_params (/Users/CRIS/bootcamp/collab/letscoder-bootcamp-202010/staff/cristian-manzano/notes-api/node_modules/express/lib/router/index.js:335:12)
    at next (/Users/CRIS/bootcamp/collab/letscoder-bootcamp-202010/staff/cristian-manzano/notes-api/node_modules/express/lib/router/index.js:275:10)
    at Function.handle (/Users/CRIS/bootcamp/collab/letscoder-bootcamp-202010/staff/cristian-manzano/notes-api/node_modules/express/lib/router/index.js:174:3)
    at router (/Users/CRIS/bootcamp/collab/letscoder-bootcamp-202010/staff/cristian-manzano/notes-api/node_modules/express/lib/router/index.js:47:12)
    at Layer.handle [as handle_request] (/Users/CRIS/bootcamp/collab/letscoder-bootcamp-202010/staff/cristian-manzano/notes-api/node_modules/express/lib/router/layer.js:95:5)
    at trim_prefix (/Users/CRIS/bootcamp/collab/letscoder-bootcamp-202010/staff/cristian-manzano/notes-api/node_modules/express/lib/router/index.js:317:13)
info 2020-11-27T15:21:10.104Z - stopping server
info 2020-11-27T15:21:12.524Z - starting server
error 2020-11-27T15:21:12.616Z - TypeError: Cannot read property 'ObjectId' of undefined
    at Object.<anonymous> (/Users/CRIS/bootcamp/collab/letscoder-bootcamp-202010/staff/cristian-manzano/notes-api/logic/retrieve-user.js:6:18)
    at Module._compile (internal/modules/cjs/loader.js:1015:30)
    at Object.Module._extensions..js (internal/modules/cjs/loader.js:1035:10)
    at Module.load (internal/modules/cjs/loader.js:879:32)
    at Function.Module._load (internal/modules/cjs/loader.js:724:14)
    at Module.require (internal/modules/cjs/loader.js:903:19)
    at require (internal/modules/cjs/helpers.js:74:18)
    at Object.<anonymous> (/Users/CRIS/bootcamp/collab/letscoder-bootcamp-202010/staff/cristian-manzano/notes-api/logic/index.js:5:19)
    at Module._compile (internal/modules/cjs/loader.js:1015:30)
    at Object.Module._extensions..js (internal/modules/cjs/loader.js:1035:10)
    at Module.load (internal/modules/cjs/loader.js:879:32)
    at Function.Module._load (internal/modules/cjs/loader.js:724:14)
    at Module.require (internal/modules/cjs/loader.js:903:19)
    at require (internal/modules/cjs/helpers.js:74:18)
    at Object.<anonymous> (/Users/CRIS/bootcamp/collab/letscoder-bootcamp-202010/staff/cristian-manzano/notes-api/routes/api/handlers/handle-register-user.js:1:26)
    at Module._compile (internal/modules/cjs/loader.js:1015:30)
info 2020-11-27T15:21:12.630Z - stopping server
info 2020-11-27T15:21:35.978Z - starting server
info 2020-11-27T15:21:36.091Z - server running on port 4000
error 2020-11-27T15:21:50.630Z - TypeError: Cannot set property 'Symbol(mongoose#schemaType)' of undefined
    at SchemaType (/Users/CRIS/bootcamp/collab/letscoder-bootcamp-202010/staff/cristian-manzano/notes-api/node_modules/mongoose/lib/schematype.js:41:26)
    at ObjectId (/Users/CRIS/bootcamp/collab/letscoder-bootcamp-202010/staff/cristian-manzano/notes-api/node_modules/mongoose/lib/schema/objectid.js:37:14)
    at module.exports (/Users/CRIS/bootcamp/collab/letscoder-bootcamp-202010/staff/cristian-manzano/notes-api/logic/retrieve-user.js:11:17)
    at module.exports (/Users/CRIS/bootcamp/collab/letscoder-bootcamp-202010/staff/cristian-manzano/notes-api/routes/api/handlers/handle-retrieve-user.js:15:9)
    at /Users/CRIS/bootcamp/collab/letscoder-bootcamp-202010/staff/cristian-manzano/notes-api/routes/api/helpers/with-error-handling.js:6:9
    at Layer.handle [as handle_request] (/Users/CRIS/bootcamp/collab/letscoder-bootcamp-202010/staff/cristian-manzano/notes-api/node_modules/express/lib/router/layer.js:95:5)
    at next (/Users/CRIS/bootcamp/collab/letscoder-bootcamp-202010/staff/cristian-manzano/notes-api/node_modules/express/lib/router/route.js:137:13)
    at Route.dispatch (/Users/CRIS/bootcamp/collab/letscoder-bootcamp-202010/staff/cristian-manzano/notes-api/node_modules/express/lib/router/route.js:112:3)
    at Layer.handle [as handle_request] (/Users/CRIS/bootcamp/collab/letscoder-bootcamp-202010/staff/cristian-manzano/notes-api/node_modules/express/lib/router/layer.js:95:5)
    at /Users/CRIS/bootcamp/collab/letscoder-bootcamp-202010/staff/cristian-manzano/notes-api/node_modules/express/lib/router/index.js:281:22
    at Function.process_params (/Users/CRIS/bootcamp/collab/letscoder-bootcamp-202010/staff/cristian-manzano/notes-api/node_modules/express/lib/router/index.js:335:12)
    at next (/Users/CRIS/bootcamp/collab/letscoder-bootcamp-202010/staff/cristian-manzano/notes-api/node_modules/express/lib/router/index.js:275:10)
    at Function.handle (/Users/CRIS/bootcamp/collab/letscoder-bootcamp-202010/staff/cristian-manzano/notes-api/node_modules/express/lib/router/index.js:174:3)
    at router (/Users/CRIS/bootcamp/collab/letscoder-bootcamp-202010/staff/cristian-manzano/notes-api/node_modules/express/lib/router/index.js:47:12)
    at Layer.handle [as handle_request] (/Users/CRIS/bootcamp/collab/letscoder-bootcamp-202010/staff/cristian-manzano/notes-api/node_modules/express/lib/router/layer.js:95:5)
    at trim_prefix (/Users/CRIS/bootcamp/collab/letscoder-bootcamp-202010/staff/cristian-manzano/notes-api/node_modules/express/lib/router/index.js:317:13)
info 2020-11-27T15:46:12.669Z - stopping server
info 2020-11-27T15:46:15.612Z - starting server
info 2020-11-27T15:46:15.750Z - server running on port 4000
error 2020-11-27T15:46:30.792Z - ReferenceError: Cannot access '_id' before initialization
    at /Users/CRIS/bootcamp/collab/letscoder-bootcamp-202010/staff/cristian-manzano/notes-api/logic/retrieve-user.js:18:23
    at processTicksAndRejections (internal/process/task_queues.js:97:5)
info 2020-11-27T15:47:31.269Z - stopping server
info 2020-11-27T15:47:33.156Z - starting server
info 2020-11-27T15:47:33.306Z - server running on port 4000
error 2020-11-27T15:47:44.465Z - ObjectParameterError: Parameter "filter" to findOne() must be an object, got 5fc0f780f051c343aa7b812a
    at model.Query.Query.findOne (/Users/CRIS/bootcamp/collab/letscoder-bootcamp-202010/staff/cristian-manzano/notes-api/node_modules/mongoose/lib/query.js:2188:16)
    at Function.findOne (/Users/CRIS/bootcamp/collab/letscoder-bootcamp-202010/staff/cristian-manzano/notes-api/node_modules/mongoose/lib/model.js:2164:13)
    at module.exports (/Users/CRIS/bootcamp/collab/letscoder-bootcamp-202010/staff/cristian-manzano/notes-api/logic/retrieve-user.js:12:10)
    at module.exports (/Users/CRIS/bootcamp/collab/letscoder-bootcamp-202010/staff/cristian-manzano/notes-api/routes/api/handlers/handle-retrieve-user.js:15:9)
    at /Users/CRIS/bootcamp/collab/letscoder-bootcamp-202010/staff/cristian-manzano/notes-api/routes/api/helpers/with-error-handling.js:6:9
    at Layer.handle [as handle_request] (/Users/CRIS/bootcamp/collab/letscoder-bootcamp-202010/staff/cristian-manzano/notes-api/node_modules/express/lib/router/layer.js:95:5)
    at next (/Users/CRIS/bootcamp/collab/letscoder-bootcamp-202010/staff/cristian-manzano/notes-api/node_modules/express/lib/router/route.js:137:13)
    at Route.dispatch (/Users/CRIS/bootcamp/collab/letscoder-bootcamp-202010/staff/cristian-manzano/notes-api/node_modules/express/lib/router/route.js:112:3)
    at Layer.handle [as handle_request] (/Users/CRIS/bootcamp/collab/letscoder-bootcamp-202010/staff/cristian-manzano/notes-api/node_modules/express/lib/router/layer.js:95:5)
    at /Users/CRIS/bootcamp/collab/letscoder-bootcamp-202010/staff/cristian-manzano/notes-api/node_modules/express/lib/router/index.js:281:22
    at Function.process_params (/Users/CRIS/bootcamp/collab/letscoder-bootcamp-202010/staff/cristian-manzano/notes-api/node_modules/express/lib/router/index.js:335:12)
    at next (/Users/CRIS/bootcamp/collab/letscoder-bootcamp-202010/staff/cristian-manzano/notes-api/node_modules/express/lib/router/index.js:275:10)
    at Function.handle (/Users/CRIS/bootcamp/collab/letscoder-bootcamp-202010/staff/cristian-manzano/notes-api/node_modules/express/lib/router/index.js:174:3)
    at router (/Users/CRIS/bootcamp/collab/letscoder-bootcamp-202010/staff/cristian-manzano/notes-api/node_modules/express/lib/router/index.js:47:12)
    at Layer.handle [as handle_request] (/Users/CRIS/bootcamp/collab/letscoder-bootcamp-202010/staff/cristian-manzano/notes-api/node_modules/express/lib/router/layer.js:95:5)
    at trim_prefix (/Users/CRIS/bootcamp/collab/letscoder-bootcamp-202010/staff/cristian-manzano/notes-api/node_modules/express/lib/router/index.js:317:13)
info 2020-11-27T15:47:59.806Z - stopping server
info 2020-11-27T15:48:01.609Z - starting server
info 2020-11-27T15:48:01.765Z - server running on port 4000
error 2020-11-27T15:48:17.674Z - ReferenceError: Cannot access '_id' before initialization
    at /Users/CRIS/bootcamp/collab/letscoder-bootcamp-202010/staff/cristian-manzano/notes-api/logic/retrieve-user.js:16:23
    at processTicksAndRejections (internal/process/task_queues.js:97:5)
info 2020-11-30T09:54:19.932Z - stopping server
