info 2020-12-08T15:54:21.386Z - starting server
error 2020-12-08T15:54:21.627Z - Error: Cannot find module 'busboy'
Require stack:
- C:\Users\Nicolas\bootcamp\collab\letscoder-bootcamp-202010\staff\nicolas-postigo\huertea-api\routes\api\handlers\handle-save-image.js
- C:\Users\Nicolas\bootcamp\collab\letscoder-bootcamp-202010\staff\nicolas-postigo\huertea-api\routes\api\handlers\index.js
- C:\Users\Nicolas\bootcamp\collab\letscoder-bootcamp-202010\staff\nicolas-postigo\huertea-api\routes\api\index.js
- C:\Users\Nicolas\bootcamp\collab\letscoder-bootcamp-202010\staff\nicolas-postigo\huertea-api\routes\index.js
- C:\Users\Nicolas\bootcamp\collab\letscoder-bootcamp-202010\staff\nicolas-postigo\huertea-api\index.js
    at Function.Module._resolveFilename (internal/modules/cjs/loader.js:831:15)
    at Function.Module._load (internal/modules/cjs/loader.js:687:27)
    at Module.require (internal/modules/cjs/loader.js:903:19)
    at require (internal/modules/cjs/helpers.js:74:18)
    at Object.<anonymous> (C:\Users\Nicolas\bootcamp\collab\letscoder-bootcamp-202010\staff\nicolas-postigo\huertea-api\routes\api\handlers\handle-save-image.js:1:16)
    at Module._compile (internal/modules/cjs/loader.js:1015:30)
    at Object.Module._extensions..js (internal/modules/cjs/loader.js:1035:10)
    at Module.load (internal/modules/cjs/loader.js:879:32)
    at Function.Module._load (internal/modules/cjs/loader.js:724:14)
    at Module.require (internal/modules/cjs/loader.js:903:19)
    at require (internal/modules/cjs/helpers.js:74:18)
    at Object.<anonymous> (C:\Users\Nicolas\bootcamp\collab\letscoder-bootcamp-202010\staff\nicolas-postigo\huertea-api\routes\api\handlers\index.js:11:27)
    at Module._compile (internal/modules/cjs/loader.js:1015:30)
    at Object.Module._extensions..js (internal/modules/cjs/loader.js:1035:10)
    at Module.load (internal/modules/cjs/loader.js:879:32)
    at Function.Module._load (internal/modules/cjs/loader.js:724:14)
info 2020-12-08T15:54:21.646Z - stopping server
info 2020-12-08T15:56:18.848Z - starting server
info 2020-12-08T15:56:19.158Z - server running on port 4000
info 2020-12-08T16:02:46.099Z - stopping server
info 2020-12-08T16:02:51.791Z - starting server
error 2020-12-08T16:02:51.973Z - Error: Cannot find module 'busboy'
Require stack:
- C:\Users\Nicolas\bootcamp\collab\letscoder-bootcamp-202010\staff\nicolas-postigo\huertea-api\routes\api\handlers\handle-save-image.js
- C:\Users\Nicolas\bootcamp\collab\letscoder-bootcamp-202010\staff\nicolas-postigo\huertea-api\routes\api\handlers\index.js
- C:\Users\Nicolas\bootcamp\collab\letscoder-bootcamp-202010\staff\nicolas-postigo\huertea-api\routes\api\index.js
- C:\Users\Nicolas\bootcamp\collab\letscoder-bootcamp-202010\staff\nicolas-postigo\huertea-api\routes\index.js
- C:\Users\Nicolas\bootcamp\collab\letscoder-bootcamp-202010\staff\nicolas-postigo\huertea-api\index.js
    at Function.Module._resolveFilename (internal/modules/cjs/loader.js:831:15)
    at Function.Module._load (internal/modules/cjs/loader.js:687:27)
    at Module.require (internal/modules/cjs/loader.js:903:19)
    at require (internal/modules/cjs/helpers.js:74:18)
    at Object.<anonymous> (C:\Users\Nicolas\bootcamp\collab\letscoder-bootcamp-202010\staff\nicolas-postigo\huertea-api\routes\api\handlers\handle-save-image.js:1:16)
    at Module._compile (internal/modules/cjs/loader.js:1015:30)
    at Object.Module._extensions..js (internal/modules/cjs/loader.js:1035:10)
    at Module.load (internal/modules/cjs/loader.js:879:32)
    at Function.Module._load (internal/modules/cjs/loader.js:724:14)
    at Module.require (internal/modules/cjs/loader.js:903:19)
    at require (internal/modules/cjs/helpers.js:74:18)
    at Object.<anonymous> (C:\Users\Nicolas\bootcamp\collab\letscoder-bootcamp-202010\staff\nicolas-postigo\huertea-api\routes\api\handlers\index.js:11:27)
    at Module._compile (internal/modules/cjs/loader.js:1015:30)
    at Object.Module._extensions..js (internal/modules/cjs/loader.js:1035:10)
    at Module.load (internal/modules/cjs/loader.js:879:32)
    at Function.Module._load (internal/modules/cjs/loader.js:724:14)
info 2020-12-08T16:02:51.986Z - stopping server
info 2020-12-08T16:03:45.585Z - starting server
info 2020-12-08T16:03:45.948Z - server running on port 4000
info 2020-12-08T16:05:13.020Z - stopping server
info 2020-12-08T16:05:22.230Z - starting server
info 2020-12-08T16:05:22.537Z - server running on port 4000
info 2020-12-08T16:05:56.277Z - stopping server
info 2020-12-08T16:06:03.909Z - starting server
info 2020-12-08T16:06:04.207Z - server running on port 4000
info 2020-12-08T16:08:22.049Z - stopping server
info 2020-12-08T16:09:48.719Z - starting server
info 2020-12-08T16:09:49.010Z - server running on port 4000
error 2020-12-08T16:11:37.510Z - MongoError: E11000 duplicate key error collection: huertea-app.offers index: offername_1 dup key: { offername: "prueba1" }
    at Function.create (C:\Users\Nicolas\bootcamp\collab\letscoder-bootcamp-202010\staff\nicolas-postigo\huertea-api\node_modules\mongodb\lib\core\error.js:57:12)
    at toError (C:\Users\Nicolas\bootcamp\collab\letscoder-bootcamp-202010\staff\nicolas-postigo\huertea-api\node_modules\mongodb\lib\utils.js:123:22)
    at C:\Users\Nicolas\bootcamp\collab\letscoder-bootcamp-202010\staff\nicolas-postigo\huertea-api\node_modules\mongodb\lib\operations\common_functions.js:265:39
    at handler (C:\Users\Nicolas\bootcamp\collab\letscoder-bootcamp-202010\staff\nicolas-postigo\huertea-api\node_modules\mongodb\lib\core\sdam\topology.js:942:24)
    at C:\Users\Nicolas\bootcamp\collab\letscoder-bootcamp-202010\staff\nicolas-postigo\huertea-api\node_modules\mongodb\lib\cmap\connection_pool.js:350:13
    at handleOperationResult (C:\Users\Nicolas\bootcamp\collab\letscoder-bootcamp-202010\staff\nicolas-postigo\huertea-api\node_modules\mongodb\lib\core\sdam\server.js:558:5)
    at MessageStream.messageHandler (C:\Users\Nicolas\bootcamp\collab\letscoder-bootcamp-202010\staff\nicolas-postigo\huertea-api\node_modules\mongodb\lib\cmap\connection.js:277:5)
    at MessageStream.emit (events.js:314:20)
    at processIncomingData (C:\Users\Nicolas\bootcamp\collab\letscoder-bootcamp-202010\staff\nicolas-postigo\huertea-api\node_modules\mongodb\lib\cmap\message_stream.js:144:12)
    at MessageStream._write (C:\Users\Nicolas\bootcamp\collab\letscoder-bootcamp-202010\staff\nicolas-postigo\huertea-api\node_modules\mongodb\lib\cmap\message_stream.js:42:5)
    at doWrite (_stream_writable.js:403:12)
    at writeOrBuffer (_stream_writable.js:387:5)
    at MessageStream.Writable.write (_stream_writable.js:318:11)
    at Socket.ondata (_stream_readable.js:719:22)
    at Socket.emit (events.js:314:20)
    at addChunk (_stream_readable.js:298:12)
error 2020-12-08T16:29:36.401Z - MongoError: E11000 duplicate key error collection: huertea-app.offers index: offername_1 dup key: { offername: "potate" }
    at Function.create (C:\Users\Nicolas\bootcamp\collab\letscoder-bootcamp-202010\staff\nicolas-postigo\huertea-api\node_modules\mongodb\lib\core\error.js:57:12)
    at toError (C:\Users\Nicolas\bootcamp\collab\letscoder-bootcamp-202010\staff\nicolas-postigo\huertea-api\node_modules\mongodb\lib\utils.js:123:22)
    at C:\Users\Nicolas\bootcamp\collab\letscoder-bootcamp-202010\staff\nicolas-postigo\huertea-api\node_modules\mongodb\lib\operations\common_functions.js:265:39
    at handler (C:\Users\Nicolas\bootcamp\collab\letscoder-bootcamp-202010\staff\nicolas-postigo\huertea-api\node_modules\mongodb\lib\core\sdam\topology.js:942:24)
    at C:\Users\Nicolas\bootcamp\collab\letscoder-bootcamp-202010\staff\nicolas-postigo\huertea-api\node_modules\mongodb\lib\cmap\connection_pool.js:350:13
    at handleOperationResult (C:\Users\Nicolas\bootcamp\collab\letscoder-bootcamp-202010\staff\nicolas-postigo\huertea-api\node_modules\mongodb\lib\core\sdam\server.js:558:5)
    at MessageStream.messageHandler (C:\Users\Nicolas\bootcamp\collab\letscoder-bootcamp-202010\staff\nicolas-postigo\huertea-api\node_modules\mongodb\lib\cmap\connection.js:277:5)
    at MessageStream.emit (events.js:314:20)
    at processIncomingData (C:\Users\Nicolas\bootcamp\collab\letscoder-bootcamp-202010\staff\nicolas-postigo\huertea-api\node_modules\mongodb\lib\cmap\message_stream.js:144:12)
    at MessageStream._write (C:\Users\Nicolas\bootcamp\collab\letscoder-bootcamp-202010\staff\nicolas-postigo\huertea-api\node_modules\mongodb\lib\cmap\message_stream.js:42:5)
    at doWrite (_stream_writable.js:403:12)
    at writeOrBuffer (_stream_writable.js:387:5)
    at MessageStream.Writable.write (_stream_writable.js:318:11)
    at Socket.ondata (_stream_readable.js:719:22)
    at Socket.emit (events.js:314:20)
    at addChunk (_stream_readable.js:298:12)
info 2020-12-08T16:33:55.537Z - stopping server
info 2020-12-08T16:34:04.339Z - starting server
info 2020-12-08T16:34:04.618Z - server running on port 4000
info 2020-12-08T16:41:08.521Z - stopping server
info 2020-12-08T16:41:14.792Z - starting server
info 2020-12-08T16:41:15.040Z - server running on port 4000
info 2020-12-08T16:54:44.583Z - stopping server
info 2020-12-08T16:54:50.866Z - starting server
info 2020-12-08T16:54:51.086Z - server running on port 4000
info 2020-12-08T17:07:03.154Z - stopping server
info 2020-12-08T17:07:13.956Z - starting server
info 2020-12-08T17:07:14.539Z - server running on port 4000
info 2020-12-08T17:23:14.862Z - stopping server
info 2020-12-08T17:23:34.366Z - starting server
info 2020-12-08T17:23:34.914Z - server running on port 4000
info 2020-12-08T17:26:30.657Z - stopping server
info 2020-12-08T17:28:22.913Z - starting server
info 2020-12-08T17:28:23.182Z - server running on port 4000
error 2020-12-08T17:34:21.053Z - MongoError: E11000 duplicate key error collection: huertea-app.offers index: offername_1 dup key: { offername: "wefefe" }
    at Function.create (C:\Users\Nicolas\bootcamp\collab\letscoder-bootcamp-202010\staff\nicolas-postigo\huertea-api\node_modules\mongodb\lib\core\error.js:57:12)
    at toError (C:\Users\Nicolas\bootcamp\collab\letscoder-bootcamp-202010\staff\nicolas-postigo\huertea-api\node_modules\mongodb\lib\utils.js:123:22)
    at C:\Users\Nicolas\bootcamp\collab\letscoder-bootcamp-202010\staff\nicolas-postigo\huertea-api\node_modules\mongodb\lib\operations\common_functions.js:265:39
    at handler (C:\Users\Nicolas\bootcamp\collab\letscoder-bootcamp-202010\staff\nicolas-postigo\huertea-api\node_modules\mongodb\lib\core\sdam\topology.js:942:24)
    at C:\Users\Nicolas\bootcamp\collab\letscoder-bootcamp-202010\staff\nicolas-postigo\huertea-api\node_modules\mongodb\lib\cmap\connection_pool.js:350:13
    at handleOperationResult (C:\Users\Nicolas\bootcamp\collab\letscoder-bootcamp-202010\staff\nicolas-postigo\huertea-api\node_modules\mongodb\lib\core\sdam\server.js:558:5)
    at MessageStream.messageHandler (C:\Users\Nicolas\bootcamp\collab\letscoder-bootcamp-202010\staff\nicolas-postigo\huertea-api\node_modules\mongodb\lib\cmap\connection.js:277:5)
    at MessageStream.emit (events.js:314:20)
    at processIncomingData (C:\Users\Nicolas\bootcamp\collab\letscoder-bootcamp-202010\staff\nicolas-postigo\huertea-api\node_modules\mongodb\lib\cmap\message_stream.js:144:12)
    at MessageStream._write (C:\Users\Nicolas\bootcamp\collab\letscoder-bootcamp-202010\staff\nicolas-postigo\huertea-api\node_modules\mongodb\lib\cmap\message_stream.js:42:5)
    at doWrite (_stream_writable.js:403:12)
    at writeOrBuffer (_stream_writable.js:387:5)
    at MessageStream.Writable.write (_stream_writable.js:318:11)
    at Socket.ondata (_stream_readable.js:719:22)
    at Socket.emit (events.js:314:20)
    at addChunk (_stream_readable.js:298:12)
error 2020-12-08T18:08:04.637Z - Error: ENOENT: no such file or directory, open 'C:\Users\Nicolas\bootcamp\collab\letscoder-bootcamp-202010\staff\nicolas-postigo\huertea-api\data\offers\default.jpg'
info 2020-12-08T18:11:30.185Z - stopping server
info 2020-12-08T18:11:36.725Z - starting server
info 2020-12-08T18:11:37.088Z - server running on port 4000
info 2020-12-08T18:11:53.554Z - stopping server
info 2020-12-08T18:12:00.510Z - starting server
info 2020-12-08T18:12:00.736Z - server running on port 4000
error 2020-12-08T18:12:04.628Z - Error: ENOENT: no such file or directory, open 'C:\Users\Nicolas\bootcamp\collab\letscoder-bootcamp-202010\staff\nicolas-postigo\data\offers\default.jpg'
error 2020-12-08T18:12:05.492Z - Error: ENOENT: no such file or directory, open 'C:\Users\Nicolas\bootcamp\collab\letscoder-bootcamp-202010\staff\nicolas-postigo\data\offers\default.jpg'
info 2020-12-08T18:12:31.920Z - stopping server
info 2020-12-08T18:12:57.357Z - starting server
info 2020-12-08T18:12:57.572Z - server running on port 4000
error 2020-12-08T18:13:07.991Z - Error: ENOENT: no such file or directory, open 'C:\Users\Nicolas\bootcamp\collab\letscoder-bootcamp-202010\staff\data\offers\default.jpg'
error 2020-12-08T18:13:09.072Z - Error: ENOENT: no such file or directory, open 'C:\Users\Nicolas\bootcamp\collab\letscoder-bootcamp-202010\staff\data\offers\default.jpg'
error 2020-12-08T18:13:09.620Z - Error: ENOENT: no such file or directory, open 'C:\Users\Nicolas\bootcamp\collab\letscoder-bootcamp-202010\staff\data\offers\default.jpg'
error 2020-12-08T18:13:09.780Z - Error: ENOENT: no such file or directory, open 'C:\Users\Nicolas\bootcamp\collab\letscoder-bootcamp-202010\staff\data\offers\default.jpg'
info 2020-12-08T18:13:26.408Z - stopping server
info 2020-12-08T18:13:34.430Z - starting server
info 2020-12-08T18:13:34.706Z - server running on port 4000
error 2020-12-08T18:13:38.580Z - Error: ENOENT: no such file or directory, open 'C:\Users\Nicolas\bootcamp\collab\letscoder-bootcamp-202010\staff\nicolas-postigo\huertea-api\data\offers\default.jpg'
error 2020-12-08T18:13:39.606Z - Error: ENOENT: no such file or directory, open 'C:\Users\Nicolas\bootcamp\collab\letscoder-bootcamp-202010\staff\nicolas-postigo\huertea-api\data\offers\default.jpg'
error 2020-12-08T18:13:40.095Z - Error: ENOENT: no such file or directory, open 'C:\Users\Nicolas\bootcamp\collab\letscoder-bootcamp-202010\staff\nicolas-postigo\huertea-api\data\offers\default.jpg'
error 2020-12-08T18:13:40.270Z - Error: ENOENT: no such file or directory, open 'C:\Users\Nicolas\bootcamp\collab\letscoder-bootcamp-202010\staff\nicolas-postigo\huertea-api\data\offers\default.jpg'
error 2020-12-08T18:13:46.160Z - Error: ENOENT: no such file or directory, open 'C:\Users\Nicolas\bootcamp\collab\letscoder-bootcamp-202010\staff\nicolas-postigo\huertea-api\data\offers\default.jpg'
info 2020-12-08T18:13:48.541Z - stopping server
info 2020-12-08T18:13:53.772Z - starting server
info 2020-12-08T18:13:53.982Z - server running on port 4000
error 2020-12-08T18:14:06.787Z - Error: ENOENT: no such file or directory, open 'C:\Users\Nicolas\bootcamp\collab\letscoder-bootcamp-202010\staff\nicolas-postigo\huertea-api\logic\data\offers\default.jpg'
error 2020-12-08T18:14:07.441Z - Error: ENOENT: no such file or directory, open 'C:\Users\Nicolas\bootcamp\collab\letscoder-bootcamp-202010\staff\nicolas-postigo\huertea-api\logic\data\offers\default.jpg'
error 2020-12-08T18:14:07.619Z - Error: ENOENT: no such file or directory, open 'C:\Users\Nicolas\bootcamp\collab\letscoder-bootcamp-202010\staff\nicolas-postigo\huertea-api\logic\data\offers\default.jpg'
error 2020-12-08T18:14:10.406Z - Error: ENOENT: no such file or directory, open 'C:\Users\Nicolas\bootcamp\collab\letscoder-bootcamp-202010\staff\nicolas-postigo\huertea-api\logic\data\offers\default.jpg'
error 2020-12-08T18:14:13.698Z - Error: ENOENT: no such file or directory, open 'C:\Users\Nicolas\bootcamp\collab\letscoder-bootcamp-202010\staff\nicolas-postigo\huertea-api\logic\data\offers\default.jpg'
info 2020-12-08T18:15:25.382Z - stopping server
info 2020-12-08T18:15:31.705Z - starting server
info 2020-12-08T18:15:31.960Z - server running on port 4000
error 2020-12-08T18:15:32.152Z - Error: ENOENT: no such file or directory, open 'C:\Users\Nicolas\bootcamp\collab\letscoder-bootcamp-202010\staff\nicolas-postigo\huertea-api\logic\data\offers\default.jpg'
error 2020-12-08T18:15:32.876Z - Error: ENOENT: no such file or directory, open 'C:\Users\Nicolas\bootcamp\collab\letscoder-bootcamp-202010\staff\nicolas-postigo\huertea-api\logic\data\offers\default.jpg'
error 2020-12-08T18:15:33.046Z - Error: ENOENT: no such file or directory, open 'C:\Users\Nicolas\bootcamp\collab\letscoder-bootcamp-202010\staff\nicolas-postigo\huertea-api\logic\data\offers\default.jpg'
error 2020-12-08T18:15:33.505Z - Error: ENOENT: no such file or directory, open 'C:\Users\Nicolas\bootcamp\collab\letscoder-bootcamp-202010\staff\nicolas-postigo\huertea-api\logic\data\offers\default.jpg'
error 2020-12-08T18:15:33.695Z - Error: ENOENT: no such file or directory, open 'C:\Users\Nicolas\bootcamp\collab\letscoder-bootcamp-202010\staff\nicolas-postigo\huertea-api\logic\data\offers\default.jpg'
error 2020-12-08T18:15:38.338Z - Error: ENOENT: no such file or directory, open 'C:\Users\Nicolas\bootcamp\collab\letscoder-bootcamp-202010\staff\nicolas-postigo\huertea-api\logic\data\offers\default.jpg'
error 2020-12-08T18:17:36.515Z - Error: ENOENT: no such file or directory, open 'C:\Users\Nicolas\bootcamp\collab\letscoder-bootcamp-202010\staff\nicolas-postigo\huertea-api\logic\data\offers\default.jpg'
error 2020-12-08T18:17:37.278Z - Error: ENOENT: no such file or directory, open 'C:\Users\Nicolas\bootcamp\collab\letscoder-bootcamp-202010\staff\nicolas-postigo\huertea-api\logic\data\offers\default.jpg'
error 2020-12-08T18:17:45.004Z - Error: ENOENT: no such file or directory, open 'C:\Users\Nicolas\bootcamp\collab\letscoder-bootcamp-202010\staff\nicolas-postigo\huertea-api\logic\data\offers\default.jpg'
error 2020-12-08T18:26:16.378Z - Error: ENOENT: no such file or directory, open 'C:\Users\Nicolas\bootcamp\collab\letscoder-bootcamp-202010\staff\nicolas-postigo\huertea-api\logic\data\offers\default.jpg'
error 2020-12-08T18:26:17.166Z - Error: ENOENT: no such file or directory, open 'C:\Users\Nicolas\bootcamp\collab\letscoder-bootcamp-202010\staff\nicolas-postigo\huertea-api\logic\data\offers\default.jpg'
info 2020-12-08T18:26:55.861Z - starting server
info 2020-12-08T18:26:56.351Z - server running on port 4000
info 2020-12-08T18:39:20.472Z - stopping server
info 2020-12-08T18:39:27.720Z - starting server
info 2020-12-08T18:39:27.959Z - server running on port 4000
info 2020-12-08T18:46:10.288Z - stopping server
info 2020-12-08T18:46:22.353Z - starting server
info 2020-12-08T18:46:22.677Z - server running on port 4000
info 2020-12-08T19:07:59.860Z - stopping server
info 2020-12-08T19:08:15.707Z - starting server
info 2020-12-08T19:08:15.974Z - server running on port 4000
info 2020-12-08T19:13:15.067Z - stopping server
info 2020-12-08T19:13:21.048Z - starting server
info 2020-12-08T19:13:21.458Z - server running on port 4000
info 2020-12-08T19:16:31.469Z - stopping server
info 2020-12-08T19:16:42.966Z - starting server
info 2020-12-08T19:16:43.218Z - server running on port 4000
