info 2020-11-30T12:45:49.221Z - stopping server
info 2020-11-30T12:48:57.534Z - stopping server
info 2020-11-30T12:52:06.199Z - stopping server
info 2020-11-30T13:02:03.028Z - starting server
info 2020-11-30T13:02:03.098Z - server running on port 4000
info 2020-11-30T13:02:30.985Z - stopping server
info 2020-11-30T13:02:33.185Z - starting server
info 2020-11-30T13:02:33.239Z - server running on port 4000
info 2020-11-30T13:03:22.592Z - stopping server
info 2020-11-30T13:03:33.039Z - starting server
info 2020-11-30T13:03:33.089Z - server running on port 4000
info 2020-11-30T13:04:41.742Z - stopping server
info 2020-11-30T13:07:08.481Z - starting server
info 2020-11-30T13:07:08.537Z - server running on port 4000
info 2020-11-30T13:07:14.667Z - stopping server
info 2020-11-30T13:22:57.587Z - starting server
info 2020-11-30T13:22:57.642Z - server running on port 4000
info 2020-11-30T13:24:18.012Z - stopping server
info 2020-11-30T13:45:42.795Z - starting server
info 2020-11-30T13:45:42.875Z - server running on port 4000
info 2020-11-30T13:47:10.714Z - stopping server
info 2020-11-30T13:48:44.995Z - starting server
info 2020-11-30T13:48:45.111Z - server running on port 4000
info 2020-11-30T13:52:59.943Z - stopping server
info 2020-11-30T14:18:57.770Z - starting server
info 2020-11-30T14:18:57.861Z - server running on port 4000
info 2020-11-30T14:18:59.940Z - stopping server
info 2020-11-30T14:54:22.287Z - starting server
info 2020-11-30T14:54:22.434Z - server running on port 4000
info 2020-11-30T14:54:25.871Z - stopping server
info 2020-11-30T14:54:25.872Z - stopping server
info 2020-11-30T15:44:31.261Z - starting server
error 2020-11-30T15:44:31.358Z - /Users/betodav/Bootcamp/collab/letscoder-bootcamp-202010/staff/beto-davila/martachisfit-project/martachisfit-app/src/logic/index.js:1
import caloriesCalc from './calories-calc'
^^^^^^

SyntaxError: Cannot use import statement outside a module
    at wrapSafe (internal/modules/cjs/loader.js:931:16)
    at Module._compile (internal/modules/cjs/loader.js:979:27)
    at Object.Module._extensions..js (internal/modules/cjs/loader.js:1035:10)
    at Module.load (internal/modules/cjs/loader.js:879:32)
    at Function.Module._load (internal/modules/cjs/loader.js:724:14)
    at Module.require (internal/modules/cjs/loader.js:903:19)
    at require (internal/modules/cjs/helpers.js:74:18)
    at Object.<anonymous> (/Users/betodav/Bootcamp/collab/letscoder-bootcamp-202010/staff/beto-davila/martachisfit-project/martachisfit-api/routes/api/handlers/handle-retrieve-user.js:1:30)
    at Module._compile (internal/modules/cjs/loader.js:1015:30)
    at Object.Module._extensions..js (internal/modules/cjs/loader.js:1035:10)
    at Module.load (internal/modules/cjs/loader.js:879:32)
    at Function.Module._load (internal/modules/cjs/loader.js:724:14)
    at Module.require (internal/modules/cjs/loader.js:903:19)
    at require (internal/modules/cjs/helpers.js:74:18)
    at Object.<anonymous> (/Users/betodav/Bootcamp/collab/letscoder-bootcamp-202010/staff/beto-davila/martachisfit-project/martachisfit-api/routes/api/handlers/index.js:4:25)
    at Module._compile (internal/modules/cjs/loader.js:1015:30)
info 2020-11-30T15:44:31.362Z - stopping server
info 2020-11-30T15:44:41.168Z - starting server
error 2020-11-30T15:44:41.221Z - /Users/betodav/Bootcamp/collab/letscoder-bootcamp-202010/staff/beto-davila/martachisfit-project/martachisfit-app/src/logic/index.js:1
import caloriesCalc from './calories-calc'
^^^^^^

SyntaxError: Cannot use import statement outside a module
    at wrapSafe (internal/modules/cjs/loader.js:931:16)
    at Module._compile (internal/modules/cjs/loader.js:979:27)
    at Object.Module._extensions..js (internal/modules/cjs/loader.js:1035:10)
    at Module.load (internal/modules/cjs/loader.js:879:32)
    at Function.Module._load (internal/modules/cjs/loader.js:724:14)
    at Module.require (internal/modules/cjs/loader.js:903:19)
    at require (internal/modules/cjs/helpers.js:74:18)
    at Object.<anonymous> (/Users/betodav/Bootcamp/collab/letscoder-bootcamp-202010/staff/beto-davila/martachisfit-project/martachisfit-api/routes/api/handlers/handle-retrieve-user.js:1:30)
    at Module._compile (internal/modules/cjs/loader.js:1015:30)
    at Object.Module._extensions..js (internal/modules/cjs/loader.js:1035:10)
    at Module.load (internal/modules/cjs/loader.js:879:32)
    at Function.Module._load (internal/modules/cjs/loader.js:724:14)
    at Module.require (internal/modules/cjs/loader.js:903:19)
    at require (internal/modules/cjs/helpers.js:74:18)
    at Object.<anonymous> (/Users/betodav/Bootcamp/collab/letscoder-bootcamp-202010/staff/beto-davila/martachisfit-project/martachisfit-api/routes/api/handlers/index.js:4:25)
    at Module._compile (internal/modules/cjs/loader.js:1015:30)
info 2020-11-30T15:44:41.225Z - stopping server
info 2020-11-30T15:45:31.517Z - starting server
error 2020-11-30T15:45:31.566Z - /Users/betodav/Bootcamp/collab/letscoder-bootcamp-202010/staff/beto-davila/martachisfit-project/martachisfit-app/src/logic/index.js:1
import caloriesCalc from './calories-calc'
^^^^^^

SyntaxError: Cannot use import statement outside a module
    at wrapSafe (internal/modules/cjs/loader.js:931:16)
    at Module._compile (internal/modules/cjs/loader.js:979:27)
    at Object.Module._extensions..js (internal/modules/cjs/loader.js:1035:10)
    at Module.load (internal/modules/cjs/loader.js:879:32)
    at Function.Module._load (internal/modules/cjs/loader.js:724:14)
    at Module.require (internal/modules/cjs/loader.js:903:19)
    at require (internal/modules/cjs/helpers.js:74:18)
    at Object.<anonymous> (/Users/betodav/Bootcamp/collab/letscoder-bootcamp-202010/staff/beto-davila/martachisfit-project/martachisfit-api/routes/api/handlers/handle-retrieve-user.js:1:30)
    at Module._compile (internal/modules/cjs/loader.js:1015:30)
    at Object.Module._extensions..js (internal/modules/cjs/loader.js:1035:10)
    at Module.load (internal/modules/cjs/loader.js:879:32)
    at Function.Module._load (internal/modules/cjs/loader.js:724:14)
    at Module.require (internal/modules/cjs/loader.js:903:19)
    at require (internal/modules/cjs/helpers.js:74:18)
    at Object.<anonymous> (/Users/betodav/Bootcamp/collab/letscoder-bootcamp-202010/staff/beto-davila/martachisfit-project/martachisfit-api/routes/api/handlers/index.js:4:25)
    at Module._compile (internal/modules/cjs/loader.js:1015:30)
info 2020-11-30T15:45:31.570Z - stopping server
info 2020-11-30T15:45:43.262Z - starting server
error 2020-11-30T15:45:43.317Z - /Users/betodav/Bootcamp/collab/letscoder-bootcamp-202010/staff/beto-davila/martachisfit-project/martachisfit-app/src/logic/index.js:1
import caloriesCalc from './calories-calc'
^^^^^^

SyntaxError: Cannot use import statement outside a module
    at wrapSafe (internal/modules/cjs/loader.js:931:16)
    at Module._compile (internal/modules/cjs/loader.js:979:27)
    at Object.Module._extensions..js (internal/modules/cjs/loader.js:1035:10)
    at Module.load (internal/modules/cjs/loader.js:879:32)
    at Function.Module._load (internal/modules/cjs/loader.js:724:14)
    at Module.require (internal/modules/cjs/loader.js:903:19)
    at require (internal/modules/cjs/helpers.js:74:18)
    at Object.<anonymous> (/Users/betodav/Bootcamp/collab/letscoder-bootcamp-202010/staff/beto-davila/martachisfit-project/martachisfit-api/routes/api/handlers/handle-retrieve-user.js:1:30)
    at Module._compile (internal/modules/cjs/loader.js:1015:30)
    at Object.Module._extensions..js (internal/modules/cjs/loader.js:1035:10)
    at Module.load (internal/modules/cjs/loader.js:879:32)
    at Function.Module._load (internal/modules/cjs/loader.js:724:14)
    at Module.require (internal/modules/cjs/loader.js:903:19)
    at require (internal/modules/cjs/helpers.js:74:18)
    at Object.<anonymous> (/Users/betodav/Bootcamp/collab/letscoder-bootcamp-202010/staff/beto-davila/martachisfit-project/martachisfit-api/routes/api/handlers/index.js:4:25)
    at Module._compile (internal/modules/cjs/loader.js:1015:30)
info 2020-11-30T15:45:43.320Z - stopping server
info 2020-11-30T15:47:12.300Z - starting server
error 2020-11-30T15:47:12.349Z - /Users/betodav/Bootcamp/collab/letscoder-bootcamp-202010/staff/beto-davila/martachisfit-project/martachisfit-app/src/logic/index.js:1
import caloriesCalc from './calories-calc'
^^^^^^

SyntaxError: Cannot use import statement outside a module
    at wrapSafe (internal/modules/cjs/loader.js:931:16)
    at Module._compile (internal/modules/cjs/loader.js:979:27)
    at Object.Module._extensions..js (internal/modules/cjs/loader.js:1035:10)
    at Module.load (internal/modules/cjs/loader.js:879:32)
    at Function.Module._load (internal/modules/cjs/loader.js:724:14)
    at Module.require (internal/modules/cjs/loader.js:903:19)
    at require (internal/modules/cjs/helpers.js:74:18)
    at Object.<anonymous> (/Users/betodav/Bootcamp/collab/letscoder-bootcamp-202010/staff/beto-davila/martachisfit-project/martachisfit-api/routes/api/handlers/handle-retrieve-user.js:1:30)
    at Module._compile (internal/modules/cjs/loader.js:1015:30)
    at Object.Module._extensions..js (internal/modules/cjs/loader.js:1035:10)
    at Module.load (internal/modules/cjs/loader.js:879:32)
    at Function.Module._load (internal/modules/cjs/loader.js:724:14)
    at Module.require (internal/modules/cjs/loader.js:903:19)
    at require (internal/modules/cjs/helpers.js:74:18)
    at Object.<anonymous> (/Users/betodav/Bootcamp/collab/letscoder-bootcamp-202010/staff/beto-davila/martachisfit-project/martachisfit-api/routes/api/handlers/index.js:4:25)
    at Module._compile (internal/modules/cjs/loader.js:1015:30)
info 2020-11-30T15:47:12.353Z - stopping server
info 2020-11-30T15:48:58.505Z - starting server
info 2020-11-30T15:48:58.575Z - server running on port 4000
info 2020-11-30T15:52:33.889Z - stopping server
info 2020-11-30T15:53:17.731Z - starting server
info 2020-11-30T15:53:17.830Z - server running on port 4000
info 2020-11-30T15:55:42.063Z - stopping server
info 2020-11-30T15:55:53.573Z - starting server
info 2020-11-30T15:55:53.658Z - server running on port 4000
info 2020-12-01T04:23:33.876Z - stopping server
info 2020-12-01T06:39:57.372Z - starting server
info 2020-12-01T06:39:57.503Z - server running on port 4000
info 2020-12-01T06:49:13.908Z - starting server
info 2020-12-01T06:49:14.000Z - server running on port 4000
info 2020-12-01T07:39:33.087Z - starting server
info 2020-12-01T07:39:33.192Z - server running on port 4000
info 2020-12-01T10:35:54.631Z - stopping server
info 2020-12-01T11:32:29.654Z - starting server
info 2020-12-01T11:32:29.748Z - server running on port 4000
info 2020-12-01T12:04:29.535Z - stopping server
info 2020-12-01T12:12:09.016Z - starting server
info 2020-12-01T12:12:09.115Z - server running on port 4000
info 2020-12-01T12:55:27.371Z - stopping server
info 2020-12-01T15:04:49.756Z - starting server
info 2020-12-01T15:04:49.848Z - server running on port 4000
info 2020-12-01T15:08:54.348Z - stopping server
info 2020-12-01T15:08:57.541Z - starting server
info 2020-12-01T15:08:57.646Z - server running on port 4000
info 2020-12-01T15:13:23.708Z - stopping server
info 2020-12-01T16:01:26.534Z - starting server
info 2020-12-01T16:01:26.617Z - server running on port 4000
info 2020-12-01T16:47:10.086Z - stopping server
info 2020-12-01T18:35:14.341Z - starting server
info 2020-12-01T18:35:14.457Z - server running on port 4000
info 2020-12-01T19:09:35.911Z - stopping server
info 2020-12-02T06:17:06.116Z - starting server
info 2020-12-02T06:17:06.217Z - server running on port 4000
info 2020-12-02T07:54:25.855Z - stopping server
info 2020-12-02T08:00:49.141Z - starting server
info 2020-12-02T08:00:49.248Z - server running on port 4000
info 2020-12-02T08:10:54.790Z - stopping server
info 2020-12-02T08:10:56.816Z - starting server
info 2020-12-02T08:10:56.927Z - server running on port 4000
info 2020-12-02T08:11:37.856Z - stopping server
info 2020-12-02T08:20:19.263Z - starting server
info 2020-12-02T08:20:19.362Z - server running on port 4000
info 2020-12-02T09:07:50.756Z - stopping server
info 2020-12-02T09:09:43.884Z - starting server
info 2020-12-02T09:09:43.996Z - server running on port 4000
info 2020-12-02T09:14:38.580Z - stopping server
info 2020-12-02T09:14:40.472Z - starting server
info 2020-12-02T09:14:40.578Z - server running on port 4000
info 2020-12-02T09:16:42.283Z - stopping server
info 2020-12-02T09:17:46.834Z - starting server
info 2020-12-02T09:17:46.939Z - server running on port 4000
info 2020-12-02T09:21:20.017Z - stopping server
info 2020-12-02T09:21:26.361Z - starting server
info 2020-12-02T09:21:26.464Z - server running on port 4000
info 2020-12-02T09:23:23.408Z - stopping server
info 2020-12-02T09:23:29.018Z - starting server
info 2020-12-02T09:23:29.125Z - server running on port 4000
info 2020-12-02T09:23:58.175Z - stopping server
info 2020-12-02T09:26:56.888Z - starting server
info 2020-12-02T09:26:56.990Z - server running on port 4000
info 2020-12-02T09:30:17.943Z - stopping server
info 2020-12-02T09:31:57.136Z - starting server
info 2020-12-02T09:31:57.237Z - server running on port 4000
info 2020-12-02T09:32:52.378Z - stopping server
info 2020-12-02T10:01:05.519Z - starting server
info 2020-12-02T10:01:05.636Z - server running on port 4000
info 2020-12-02T10:02:13.432Z - stopping server
info 2020-12-02T10:03:57.569Z - starting server
info 2020-12-02T10:03:57.676Z - server running on port 4000
info 2020-12-02T10:06:36.781Z - stopping server
info 2020-12-02T10:12:25.233Z - starting server
info 2020-12-02T10:12:25.335Z - server running on port 4000
info 2020-12-02T10:15:31.370Z - stopping server
info 2020-12-02T10:15:38.154Z - starting server
info 2020-12-02T10:15:38.273Z - server running on port 4000
info 2020-12-02T10:20:04.400Z - stopping server
info 2020-12-02T10:25:19.491Z - starting server
info 2020-12-02T10:25:19.598Z - server running on port 4000
info 2020-12-02T10:28:46.855Z - stopping server
info 2020-12-02T10:29:33.105Z - starting server
info 2020-12-02T10:30:09.982Z - server running on port 4000
info 2020-12-02T10:30:58.904Z - starting server
info 2020-12-02T10:31:04.178Z - server running on port 4000
info 2020-12-02T10:43:23.490Z - starting server
info 2020-12-02T10:43:24.053Z - server running on port 4000
info 2020-12-02T11:15:12.165Z - starting server
info 2020-12-02T11:15:12.536Z - server running on port 4000
info 2020-12-02T11:17:36.271Z - starting server
info 2020-12-02T11:17:36.626Z - server running on port 4000
info 2020-12-02T11:33:50.541Z - starting server
info 2020-12-02T11:33:51.066Z - server running on port 4000
info 2020-12-02T11:41:24.938Z - starting server
info 2020-12-02T11:41:25.388Z - server running on port 4000
info 2020-12-02T11:42:12.294Z - starting server
info 2020-12-02T11:42:12.771Z - server running on port 4000
info 2020-12-02T11:52:16.176Z - starting server
info 2020-12-02T11:52:16.447Z - server running on port 4000
info 2020-12-02T11:53:56.347Z - starting server
info 2020-12-02T11:53:56.629Z - server running on port 4000
info 2020-12-02T11:55:10.237Z - starting server
info 2020-12-02T11:55:10.526Z - server running on port 4000
info 2020-12-02T12:01:56.335Z - starting server
info 2020-12-02T12:01:56.441Z - server running on port 4000
info 2020-12-02T12:03:00.128Z - stopping server
