info 2020-12-07T11:48:24.524Z - starting server
error 2020-12-07T11:48:24.562Z - Error: Cannot find module '../../errors'
Require stack:
- C:\Users\lucas\bootcamp\collab\letscoder-bootcamp-202010\staff\lucas-wloch\malbec-api\logic\register-user.js
- C:\Users\lucas\bootcamp\collab\letscoder-bootcamp-202010\staff\lucas-wloch\malbec-api\logic\index.js
- C:\Users\lucas\bootcamp\collab\letscoder-bootcamp-202010\staff\lucas-wloch\malbec-api\routes\api\handlers\handle-register-user.js
- C:\Users\lucas\bootcamp\collab\letscoder-bootcamp-202010\staff\lucas-wloch\malbec-api\routes\api\handlers\index.js
- C:\Users\lucas\bootcamp\collab\letscoder-bootcamp-202010\staff\lucas-wloch\malbec-api\routes\api\index.js
- C:\Users\lucas\bootcamp\collab\letscoder-bootcamp-202010\staff\lucas-wloch\malbec-api\routes\index.js
- C:\Users\lucas\bootcamp\collab\letscoder-bootcamp-202010\staff\lucas-wloch\malbec-api\index.js
    at Function.Module._resolveFilename (internal/modules/cjs/loader.js:831:15)
    at Function.Module._load (internal/modules/cjs/loader.js:687:27)
    at Module.require (internal/modules/cjs/loader.js:903:19)
    at require (internal/modules/cjs/helpers.js:74:18)
    at Object.<anonymous> (C:\Users\lucas\bootcamp\collab\letscoder-bootcamp-202010\staff\lucas-wloch\malbec-api\logic\register-user.js:3:27)
    at Module._compile (internal/modules/cjs/loader.js:1015:30)
    at Object.Module._extensions..js (internal/modules/cjs/loader.js:1035:10)
    at Module.load (internal/modules/cjs/loader.js:879:32)
    at Function.Module._load (internal/modules/cjs/loader.js:724:14)
    at Module.require (internal/modules/cjs/loader.js:903:19)
    at require (internal/modules/cjs/helpers.js:74:18)
    at Object.<anonymous> (C:\Users\lucas\bootcamp\collab\letscoder-bootcamp-202010\staff\lucas-wloch\malbec-api\logic\index.js:2:19)
    at Module._compile (internal/modules/cjs/loader.js:1015:30)
    at Object.Module._extensions..js (internal/modules/cjs/loader.js:1035:10)
    at Module.load (internal/modules/cjs/loader.js:879:32)
    at Function.Module._load (internal/modules/cjs/loader.js:724:14)
info 2020-12-07T11:48:24.568Z - stopping server
info 2020-12-07T11:49:52.253Z - starting server
error 2020-12-07T11:49:52.320Z - C:\Users\lucas\bootcamp\collab\letscoder-bootcamp-202010\staff\lucas-wloch\malbec-api\models\schemas\user.js:3
export default new Schema({
^^^^^^

SyntaxError: Unexpected token 'export'
    at wrapSafe (internal/modules/cjs/loader.js:931:16)
    at Module._compile (internal/modules/cjs/loader.js:979:27)
    at Object.Module._extensions..js (internal/modules/cjs/loader.js:1035:10)
    at Module.load (internal/modules/cjs/loader.js:879:32)
    at Function.Module._load (internal/modules/cjs/loader.js:724:14)
    at Module.require (internal/modules/cjs/loader.js:903:19)
    at require (internal/modules/cjs/helpers.js:74:18)
    at Object.<anonymous> (C:\Users\lucas\bootcamp\collab\letscoder-bootcamp-202010\staff\lucas-wloch\malbec-api\models\User.js:2:14)
    at Module._compile (internal/modules/cjs/loader.js:1015:30)
    at Object.Module._extensions..js (internal/modules/cjs/loader.js:1035:10)
    at Module.load (internal/modules/cjs/loader.js:879:32)
    at Function.Module._load (internal/modules/cjs/loader.js:724:14)
    at Module.require (internal/modules/cjs/loader.js:903:19)
    at require (internal/modules/cjs/helpers.js:74:18)
    at Object.<anonymous> (C:\Users\lucas\bootcamp\collab\letscoder-bootcamp-202010\staff\lucas-wloch\malbec-api\models\index.js:1:14)
    at Module._compile (internal/modules/cjs/loader.js:1015:30)
info 2020-12-07T11:49:52.322Z - stopping server
info 2020-12-07T11:52:38.086Z - starting server
info 2020-12-07T11:52:38.206Z - server running on port 4000
info 2020-12-07T11:55:37.192Z - stopping server
info 2020-12-07T11:55:39.785Z - starting server
info 2020-12-07T11:55:39.899Z - server running on port 4000
info 2020-12-07T11:57:44.311Z - stopping server
info 2020-12-07T11:57:47.186Z - starting server
info 2020-12-07T11:57:47.652Z - server running on port 4000
info 2020-12-07T12:04:18.981Z - stopping server
info 2020-12-08T08:26:52.769Z - starting server
info 2020-12-08T08:26:52.946Z - server running on port 4000
error 2020-12-08T08:37:04.916Z - TypeError: retrieveProducts(...).then is not a function
    at module.exports (C:\Users\lucas\bootcamp\collab\letscoder-bootcamp-202010\staff\lucas-wloch\malbec-api\routes\api\handlers\handle-retrieve-products.js:9:14)
    at C:\Users\lucas\bootcamp\collab\letscoder-bootcamp-202010\staff\lucas-wloch\malbec-api\routes\api\helpers\with-error-handling.js:7:9
    at Layer.handle [as handle_request] (C:\Users\lucas\bootcamp\collab\letscoder-bootcamp-202010\staff\lucas-wloch\malbec-api\node_modules\express\lib\router\layer.js:95:5)
    at next (C:\Users\lucas\bootcamp\collab\letscoder-bootcamp-202010\staff\lucas-wloch\malbec-api\node_modules\express\lib\router\route.js:137:13)
    at Route.dispatch (C:\Users\lucas\bootcamp\collab\letscoder-bootcamp-202010\staff\lucas-wloch\malbec-api\node_modules\express\lib\router\route.js:112:3)
    at Layer.handle [as handle_request] (C:\Users\lucas\bootcamp\collab\letscoder-bootcamp-202010\staff\lucas-wloch\malbec-api\node_modules\express\lib\router\layer.js:95:5)
    at C:\Users\lucas\bootcamp\collab\letscoder-bootcamp-202010\staff\lucas-wloch\malbec-api\node_modules\express\lib\router\index.js:281:22
    at Function.process_params (C:\Users\lucas\bootcamp\collab\letscoder-bootcamp-202010\staff\lucas-wloch\malbec-api\node_modules\express\lib\router\index.js:335:12)
    at next (C:\Users\lucas\bootcamp\collab\letscoder-bootcamp-202010\staff\lucas-wloch\malbec-api\node_modules\express\lib\router\index.js:275:10)
    at Function.handle (C:\Users\lucas\bootcamp\collab\letscoder-bootcamp-202010\staff\lucas-wloch\malbec-api\node_modules\express\lib\router\index.js:174:3)
    at router (C:\Users\lucas\bootcamp\collab\letscoder-bootcamp-202010\staff\lucas-wloch\malbec-api\node_modules\express\lib\router\index.js:47:12)
    at Layer.handle [as handle_request] (C:\Users\lucas\bootcamp\collab\letscoder-bootcamp-202010\staff\lucas-wloch\malbec-api\node_modules\express\lib\router\layer.js:95:5)
    at trim_prefix (C:\Users\lucas\bootcamp\collab\letscoder-bootcamp-202010\staff\lucas-wloch\malbec-api\node_modules\express\lib\router\index.js:317:13)
    at C:\Users\lucas\bootcamp\collab\letscoder-bootcamp-202010\staff\lucas-wloch\malbec-api\node_modules\express\lib\router\index.js:284:7
    at Function.process_params (C:\Users\lucas\bootcamp\collab\letscoder-bootcamp-202010\staff\lucas-wloch\malbec-api\node_modules\express\lib\router\index.js:335:12)
    at next (C:\Users\lucas\bootcamp\collab\letscoder-bootcamp-202010\staff\lucas-wloch\malbec-api\node_modules\express\lib\router\index.js:275:10)
error 2020-12-08T08:39:38.289Z - TypeError: retrieveProducts(...).then is not a function
    at module.exports (C:\Users\lucas\bootcamp\collab\letscoder-bootcamp-202010\staff\lucas-wloch\malbec-api\routes\api\handlers\handle-retrieve-products.js:9:14)
    at C:\Users\lucas\bootcamp\collab\letscoder-bootcamp-202010\staff\lucas-wloch\malbec-api\routes\api\helpers\with-error-handling.js:7:9
    at Layer.handle [as handle_request] (C:\Users\lucas\bootcamp\collab\letscoder-bootcamp-202010\staff\lucas-wloch\malbec-api\node_modules\express\lib\router\layer.js:95:5)
    at next (C:\Users\lucas\bootcamp\collab\letscoder-bootcamp-202010\staff\lucas-wloch\malbec-api\node_modules\express\lib\router\route.js:137:13)
    at Route.dispatch (C:\Users\lucas\bootcamp\collab\letscoder-bootcamp-202010\staff\lucas-wloch\malbec-api\node_modules\express\lib\router\route.js:112:3)
    at Layer.handle [as handle_request] (C:\Users\lucas\bootcamp\collab\letscoder-bootcamp-202010\staff\lucas-wloch\malbec-api\node_modules\express\lib\router\layer.js:95:5)
    at C:\Users\lucas\bootcamp\collab\letscoder-bootcamp-202010\staff\lucas-wloch\malbec-api\node_modules\express\lib\router\index.js:281:22
    at Function.process_params (C:\Users\lucas\bootcamp\collab\letscoder-bootcamp-202010\staff\lucas-wloch\malbec-api\node_modules\express\lib\router\index.js:335:12)
    at next (C:\Users\lucas\bootcamp\collab\letscoder-bootcamp-202010\staff\lucas-wloch\malbec-api\node_modules\express\lib\router\index.js:275:10)
    at Function.handle (C:\Users\lucas\bootcamp\collab\letscoder-bootcamp-202010\staff\lucas-wloch\malbec-api\node_modules\express\lib\router\index.js:174:3)
    at router (C:\Users\lucas\bootcamp\collab\letscoder-bootcamp-202010\staff\lucas-wloch\malbec-api\node_modules\express\lib\router\index.js:47:12)
    at Layer.handle [as handle_request] (C:\Users\lucas\bootcamp\collab\letscoder-bootcamp-202010\staff\lucas-wloch\malbec-api\node_modules\express\lib\router\layer.js:95:5)
    at trim_prefix (C:\Users\lucas\bootcamp\collab\letscoder-bootcamp-202010\staff\lucas-wloch\malbec-api\node_modules\express\lib\router\index.js:317:13)
    at C:\Users\lucas\bootcamp\collab\letscoder-bootcamp-202010\staff\lucas-wloch\malbec-api\node_modules\express\lib\router\index.js:284:7
    at Function.process_params (C:\Users\lucas\bootcamp\collab\letscoder-bootcamp-202010\staff\lucas-wloch\malbec-api\node_modules\express\lib\router\index.js:335:12)
    at next (C:\Users\lucas\bootcamp\collab\letscoder-bootcamp-202010\staff\lucas-wloch\malbec-api\node_modules\express\lib\router\index.js:275:10)
error 2020-12-08T08:40:56.032Z - TypeError: retrieveProducts(...).then is not a function
    at module.exports (C:\Users\lucas\bootcamp\collab\letscoder-bootcamp-202010\staff\lucas-wloch\malbec-api\routes\api\handlers\handle-retrieve-products.js:9:14)
    at C:\Users\lucas\bootcamp\collab\letscoder-bootcamp-202010\staff\lucas-wloch\malbec-api\routes\api\helpers\with-error-handling.js:7:9
    at Layer.handle [as handle_request] (C:\Users\lucas\bootcamp\collab\letscoder-bootcamp-202010\staff\lucas-wloch\malbec-api\node_modules\express\lib\router\layer.js:95:5)
    at next (C:\Users\lucas\bootcamp\collab\letscoder-bootcamp-202010\staff\lucas-wloch\malbec-api\node_modules\express\lib\router\route.js:137:13)
    at Route.dispatch (C:\Users\lucas\bootcamp\collab\letscoder-bootcamp-202010\staff\lucas-wloch\malbec-api\node_modules\express\lib\router\route.js:112:3)
    at Layer.handle [as handle_request] (C:\Users\lucas\bootcamp\collab\letscoder-bootcamp-202010\staff\lucas-wloch\malbec-api\node_modules\express\lib\router\layer.js:95:5)
    at C:\Users\lucas\bootcamp\collab\letscoder-bootcamp-202010\staff\lucas-wloch\malbec-api\node_modules\express\lib\router\index.js:281:22
    at Function.process_params (C:\Users\lucas\bootcamp\collab\letscoder-bootcamp-202010\staff\lucas-wloch\malbec-api\node_modules\express\lib\router\index.js:335:12)
    at next (C:\Users\lucas\bootcamp\collab\letscoder-bootcamp-202010\staff\lucas-wloch\malbec-api\node_modules\express\lib\router\index.js:275:10)
    at Function.handle (C:\Users\lucas\bootcamp\collab\letscoder-bootcamp-202010\staff\lucas-wloch\malbec-api\node_modules\express\lib\router\index.js:174:3)
    at router (C:\Users\lucas\bootcamp\collab\letscoder-bootcamp-202010\staff\lucas-wloch\malbec-api\node_modules\express\lib\router\index.js:47:12)
    at Layer.handle [as handle_request] (C:\Users\lucas\bootcamp\collab\letscoder-bootcamp-202010\staff\lucas-wloch\malbec-api\node_modules\express\lib\router\layer.js:95:5)
    at trim_prefix (C:\Users\lucas\bootcamp\collab\letscoder-bootcamp-202010\staff\lucas-wloch\malbec-api\node_modules\express\lib\router\index.js:317:13)
    at C:\Users\lucas\bootcamp\collab\letscoder-bootcamp-202010\staff\lucas-wloch\malbec-api\node_modules\express\lib\router\index.js:284:7
    at Function.process_params (C:\Users\lucas\bootcamp\collab\letscoder-bootcamp-202010\staff\lucas-wloch\malbec-api\node_modules\express\lib\router\index.js:335:12)
    at next (C:\Users\lucas\bootcamp\collab\letscoder-bootcamp-202010\staff\lucas-wloch\malbec-api\node_modules\express\lib\router\index.js:275:10)
error 2020-12-08T08:42:19.412Z - TypeError: retrieveProducts(...).then is not a function
    at module.exports (C:\Users\lucas\bootcamp\collab\letscoder-bootcamp-202010\staff\lucas-wloch\malbec-api\routes\api\handlers\handle-retrieve-products.js:9:14)
    at C:\Users\lucas\bootcamp\collab\letscoder-bootcamp-202010\staff\lucas-wloch\malbec-api\routes\api\helpers\with-error-handling.js:7:9
    at Layer.handle [as handle_request] (C:\Users\lucas\bootcamp\collab\letscoder-bootcamp-202010\staff\lucas-wloch\malbec-api\node_modules\express\lib\router\layer.js:95:5)
    at next (C:\Users\lucas\bootcamp\collab\letscoder-bootcamp-202010\staff\lucas-wloch\malbec-api\node_modules\express\lib\router\route.js:137:13)
    at Route.dispatch (C:\Users\lucas\bootcamp\collab\letscoder-bootcamp-202010\staff\lucas-wloch\malbec-api\node_modules\express\lib\router\route.js:112:3)
    at Layer.handle [as handle_request] (C:\Users\lucas\bootcamp\collab\letscoder-bootcamp-202010\staff\lucas-wloch\malbec-api\node_modules\express\lib\router\layer.js:95:5)
    at C:\Users\lucas\bootcamp\collab\letscoder-bootcamp-202010\staff\lucas-wloch\malbec-api\node_modules\express\lib\router\index.js:281:22
    at Function.process_params (C:\Users\lucas\bootcamp\collab\letscoder-bootcamp-202010\staff\lucas-wloch\malbec-api\node_modules\express\lib\router\index.js:335:12)
    at next (C:\Users\lucas\bootcamp\collab\letscoder-bootcamp-202010\staff\lucas-wloch\malbec-api\node_modules\express\lib\router\index.js:275:10)
    at Function.handle (C:\Users\lucas\bootcamp\collab\letscoder-bootcamp-202010\staff\lucas-wloch\malbec-api\node_modules\express\lib\router\index.js:174:3)
    at router (C:\Users\lucas\bootcamp\collab\letscoder-bootcamp-202010\staff\lucas-wloch\malbec-api\node_modules\express\lib\router\index.js:47:12)
    at Layer.handle [as handle_request] (C:\Users\lucas\bootcamp\collab\letscoder-bootcamp-202010\staff\lucas-wloch\malbec-api\node_modules\express\lib\router\layer.js:95:5)
    at trim_prefix (C:\Users\lucas\bootcamp\collab\letscoder-bootcamp-202010\staff\lucas-wloch\malbec-api\node_modules\express\lib\router\index.js:317:13)
    at C:\Users\lucas\bootcamp\collab\letscoder-bootcamp-202010\staff\lucas-wloch\malbec-api\node_modules\express\lib\router\index.js:284:7
    at Function.process_params (C:\Users\lucas\bootcamp\collab\letscoder-bootcamp-202010\staff\lucas-wloch\malbec-api\node_modules\express\lib\router\index.js:335:12)
    at next (C:\Users\lucas\bootcamp\collab\letscoder-bootcamp-202010\staff\lucas-wloch\malbec-api\node_modules\express\lib\router\index.js:275:10)
error 2020-12-08T08:44:52.667Z - TypeError: retrieveProducts(...).then is not a function
    at module.exports (C:\Users\lucas\bootcamp\collab\letscoder-bootcamp-202010\staff\lucas-wloch\malbec-api\routes\api\handlers\handle-retrieve-products.js:9:14)
    at C:\Users\lucas\bootcamp\collab\letscoder-bootcamp-202010\staff\lucas-wloch\malbec-api\routes\api\helpers\with-error-handling.js:7:9
    at Layer.handle [as handle_request] (C:\Users\lucas\bootcamp\collab\letscoder-bootcamp-202010\staff\lucas-wloch\malbec-api\node_modules\express\lib\router\layer.js:95:5)
    at next (C:\Users\lucas\bootcamp\collab\letscoder-bootcamp-202010\staff\lucas-wloch\malbec-api\node_modules\express\lib\router\route.js:137:13)
    at Route.dispatch (C:\Users\lucas\bootcamp\collab\letscoder-bootcamp-202010\staff\lucas-wloch\malbec-api\node_modules\express\lib\router\route.js:112:3)
    at Layer.handle [as handle_request] (C:\Users\lucas\bootcamp\collab\letscoder-bootcamp-202010\staff\lucas-wloch\malbec-api\node_modules\express\lib\router\layer.js:95:5)
    at C:\Users\lucas\bootcamp\collab\letscoder-bootcamp-202010\staff\lucas-wloch\malbec-api\node_modules\express\lib\router\index.js:281:22
    at Function.process_params (C:\Users\lucas\bootcamp\collab\letscoder-bootcamp-202010\staff\lucas-wloch\malbec-api\node_modules\express\lib\router\index.js:335:12)
    at next (C:\Users\lucas\bootcamp\collab\letscoder-bootcamp-202010\staff\lucas-wloch\malbec-api\node_modules\express\lib\router\index.js:275:10)
    at Function.handle (C:\Users\lucas\bootcamp\collab\letscoder-bootcamp-202010\staff\lucas-wloch\malbec-api\node_modules\express\lib\router\index.js:174:3)
    at router (C:\Users\lucas\bootcamp\collab\letscoder-bootcamp-202010\staff\lucas-wloch\malbec-api\node_modules\express\lib\router\index.js:47:12)
    at Layer.handle [as handle_request] (C:\Users\lucas\bootcamp\collab\letscoder-bootcamp-202010\staff\lucas-wloch\malbec-api\node_modules\express\lib\router\layer.js:95:5)
    at trim_prefix (C:\Users\lucas\bootcamp\collab\letscoder-bootcamp-202010\staff\lucas-wloch\malbec-api\node_modules\express\lib\router\index.js:317:13)
    at C:\Users\lucas\bootcamp\collab\letscoder-bootcamp-202010\staff\lucas-wloch\malbec-api\node_modules\express\lib\router\index.js:284:7
    at Function.process_params (C:\Users\lucas\bootcamp\collab\letscoder-bootcamp-202010\staff\lucas-wloch\malbec-api\node_modules\express\lib\router\index.js:335:12)
    at next (C:\Users\lucas\bootcamp\collab\letscoder-bootcamp-202010\staff\lucas-wloch\malbec-api\node_modules\express\lib\router\index.js:275:10)
error 2020-12-08T08:45:35.124Z - TypeError: retrieveProducts(...).then is not a function
    at module.exports (C:\Users\lucas\bootcamp\collab\letscoder-bootcamp-202010\staff\lucas-wloch\malbec-api\routes\api\handlers\handle-retrieve-products.js:9:14)
    at C:\Users\lucas\bootcamp\collab\letscoder-bootcamp-202010\staff\lucas-wloch\malbec-api\routes\api\helpers\with-error-handling.js:7:9
    at Layer.handle [as handle_request] (C:\Users\lucas\bootcamp\collab\letscoder-bootcamp-202010\staff\lucas-wloch\malbec-api\node_modules\express\lib\router\layer.js:95:5)
    at next (C:\Users\lucas\bootcamp\collab\letscoder-bootcamp-202010\staff\lucas-wloch\malbec-api\node_modules\express\lib\router\route.js:137:13)
    at Route.dispatch (C:\Users\lucas\bootcamp\collab\letscoder-bootcamp-202010\staff\lucas-wloch\malbec-api\node_modules\express\lib\router\route.js:112:3)
    at Layer.handle [as handle_request] (C:\Users\lucas\bootcamp\collab\letscoder-bootcamp-202010\staff\lucas-wloch\malbec-api\node_modules\express\lib\router\layer.js:95:5)
    at C:\Users\lucas\bootcamp\collab\letscoder-bootcamp-202010\staff\lucas-wloch\malbec-api\node_modules\express\lib\router\index.js:281:22
    at Function.process_params (C:\Users\lucas\bootcamp\collab\letscoder-bootcamp-202010\staff\lucas-wloch\malbec-api\node_modules\express\lib\router\index.js:335:12)
    at next (C:\Users\lucas\bootcamp\collab\letscoder-bootcamp-202010\staff\lucas-wloch\malbec-api\node_modules\express\lib\router\index.js:275:10)
    at Function.handle (C:\Users\lucas\bootcamp\collab\letscoder-bootcamp-202010\staff\lucas-wloch\malbec-api\node_modules\express\lib\router\index.js:174:3)
    at router (C:\Users\lucas\bootcamp\collab\letscoder-bootcamp-202010\staff\lucas-wloch\malbec-api\node_modules\express\lib\router\index.js:47:12)
    at Layer.handle [as handle_request] (C:\Users\lucas\bootcamp\collab\letscoder-bootcamp-202010\staff\lucas-wloch\malbec-api\node_modules\express\lib\router\layer.js:95:5)
    at trim_prefix (C:\Users\lucas\bootcamp\collab\letscoder-bootcamp-202010\staff\lucas-wloch\malbec-api\node_modules\express\lib\router\index.js:317:13)
    at C:\Users\lucas\bootcamp\collab\letscoder-bootcamp-202010\staff\lucas-wloch\malbec-api\node_modules\express\lib\router\index.js:284:7
    at Function.process_params (C:\Users\lucas\bootcamp\collab\letscoder-bootcamp-202010\staff\lucas-wloch\malbec-api\node_modules\express\lib\router\index.js:335:12)
    at next (C:\Users\lucas\bootcamp\collab\letscoder-bootcamp-202010\staff\lucas-wloch\malbec-api\node_modules\express\lib\router\index.js:275:10)
error 2020-12-08T08:45:43.745Z - TypeError: retrieveProducts(...).then is not a function
    at module.exports (C:\Users\lucas\bootcamp\collab\letscoder-bootcamp-202010\staff\lucas-wloch\malbec-api\routes\api\handlers\handle-retrieve-products.js:9:14)
    at C:\Users\lucas\bootcamp\collab\letscoder-bootcamp-202010\staff\lucas-wloch\malbec-api\routes\api\helpers\with-error-handling.js:7:9
    at Layer.handle [as handle_request] (C:\Users\lucas\bootcamp\collab\letscoder-bootcamp-202010\staff\lucas-wloch\malbec-api\node_modules\express\lib\router\layer.js:95:5)
    at next (C:\Users\lucas\bootcamp\collab\letscoder-bootcamp-202010\staff\lucas-wloch\malbec-api\node_modules\express\lib\router\route.js:137:13)
    at Route.dispatch (C:\Users\lucas\bootcamp\collab\letscoder-bootcamp-202010\staff\lucas-wloch\malbec-api\node_modules\express\lib\router\route.js:112:3)
    at Layer.handle [as handle_request] (C:\Users\lucas\bootcamp\collab\letscoder-bootcamp-202010\staff\lucas-wloch\malbec-api\node_modules\express\lib\router\layer.js:95:5)
    at C:\Users\lucas\bootcamp\collab\letscoder-bootcamp-202010\staff\lucas-wloch\malbec-api\node_modules\express\lib\router\index.js:281:22
    at Function.process_params (C:\Users\lucas\bootcamp\collab\letscoder-bootcamp-202010\staff\lucas-wloch\malbec-api\node_modules\express\lib\router\index.js:335:12)
    at next (C:\Users\lucas\bootcamp\collab\letscoder-bootcamp-202010\staff\lucas-wloch\malbec-api\node_modules\express\lib\router\index.js:275:10)
    at Function.handle (C:\Users\lucas\bootcamp\collab\letscoder-bootcamp-202010\staff\lucas-wloch\malbec-api\node_modules\express\lib\router\index.js:174:3)
    at router (C:\Users\lucas\bootcamp\collab\letscoder-bootcamp-202010\staff\lucas-wloch\malbec-api\node_modules\express\lib\router\index.js:47:12)
    at Layer.handle [as handle_request] (C:\Users\lucas\bootcamp\collab\letscoder-bootcamp-202010\staff\lucas-wloch\malbec-api\node_modules\express\lib\router\layer.js:95:5)
    at trim_prefix (C:\Users\lucas\bootcamp\collab\letscoder-bootcamp-202010\staff\lucas-wloch\malbec-api\node_modules\express\lib\router\index.js:317:13)
    at C:\Users\lucas\bootcamp\collab\letscoder-bootcamp-202010\staff\lucas-wloch\malbec-api\node_modules\express\lib\router\index.js:284:7
    at Function.process_params (C:\Users\lucas\bootcamp\collab\letscoder-bootcamp-202010\staff\lucas-wloch\malbec-api\node_modules\express\lib\router\index.js:335:12)
    at next (C:\Users\lucas\bootcamp\collab\letscoder-bootcamp-202010\staff\lucas-wloch\malbec-api\node_modules\express\lib\router\index.js:275:10)
error 2020-12-08T08:46:03.576Z - TypeError: retrieveProducts(...).then is not a function
    at module.exports (C:\Users\lucas\bootcamp\collab\letscoder-bootcamp-202010\staff\lucas-wloch\malbec-api\routes\api\handlers\handle-retrieve-products.js:9:14)
    at C:\Users\lucas\bootcamp\collab\letscoder-bootcamp-202010\staff\lucas-wloch\malbec-api\routes\api\helpers\with-error-handling.js:7:9
    at Layer.handle [as handle_request] (C:\Users\lucas\bootcamp\collab\letscoder-bootcamp-202010\staff\lucas-wloch\malbec-api\node_modules\express\lib\router\layer.js:95:5)
    at next (C:\Users\lucas\bootcamp\collab\letscoder-bootcamp-202010\staff\lucas-wloch\malbec-api\node_modules\express\lib\router\route.js:137:13)
    at Route.dispatch (C:\Users\lucas\bootcamp\collab\letscoder-bootcamp-202010\staff\lucas-wloch\malbec-api\node_modules\express\lib\router\route.js:112:3)
    at Layer.handle [as handle_request] (C:\Users\lucas\bootcamp\collab\letscoder-bootcamp-202010\staff\lucas-wloch\malbec-api\node_modules\express\lib\router\layer.js:95:5)
    at C:\Users\lucas\bootcamp\collab\letscoder-bootcamp-202010\staff\lucas-wloch\malbec-api\node_modules\express\lib\router\index.js:281:22
    at Function.process_params (C:\Users\lucas\bootcamp\collab\letscoder-bootcamp-202010\staff\lucas-wloch\malbec-api\node_modules\express\lib\router\index.js:335:12)
    at next (C:\Users\lucas\bootcamp\collab\letscoder-bootcamp-202010\staff\lucas-wloch\malbec-api\node_modules\express\lib\router\index.js:275:10)
    at Function.handle (C:\Users\lucas\bootcamp\collab\letscoder-bootcamp-202010\staff\lucas-wloch\malbec-api\node_modules\express\lib\router\index.js:174:3)
    at router (C:\Users\lucas\bootcamp\collab\letscoder-bootcamp-202010\staff\lucas-wloch\malbec-api\node_modules\express\lib\router\index.js:47:12)
    at Layer.handle [as handle_request] (C:\Users\lucas\bootcamp\collab\letscoder-bootcamp-202010\staff\lucas-wloch\malbec-api\node_modules\express\lib\router\layer.js:95:5)
    at trim_prefix (C:\Users\lucas\bootcamp\collab\letscoder-bootcamp-202010\staff\lucas-wloch\malbec-api\node_modules\express\lib\router\index.js:317:13)
    at C:\Users\lucas\bootcamp\collab\letscoder-bootcamp-202010\staff\lucas-wloch\malbec-api\node_modules\express\lib\router\index.js:284:7
    at Function.process_params (C:\Users\lucas\bootcamp\collab\letscoder-bootcamp-202010\staff\lucas-wloch\malbec-api\node_modules\express\lib\router\index.js:335:12)
    at next (C:\Users\lucas\bootcamp\collab\letscoder-bootcamp-202010\staff\lucas-wloch\malbec-api\node_modules\express\lib\router\index.js:275:10)
error 2020-12-08T08:48:08.015Z - TypeError: retrieveProducts(...).then is not a function
    at module.exports (C:\Users\lucas\bootcamp\collab\letscoder-bootcamp-202010\staff\lucas-wloch\malbec-api\routes\api\handlers\handle-retrieve-products.js:9:14)
    at C:\Users\lucas\bootcamp\collab\letscoder-bootcamp-202010\staff\lucas-wloch\malbec-api\routes\api\helpers\with-error-handling.js:7:9
    at Layer.handle [as handle_request] (C:\Users\lucas\bootcamp\collab\letscoder-bootcamp-202010\staff\lucas-wloch\malbec-api\node_modules\express\lib\router\layer.js:95:5)
    at next (C:\Users\lucas\bootcamp\collab\letscoder-bootcamp-202010\staff\lucas-wloch\malbec-api\node_modules\express\lib\router\route.js:137:13)
    at Route.dispatch (C:\Users\lucas\bootcamp\collab\letscoder-bootcamp-202010\staff\lucas-wloch\malbec-api\node_modules\express\lib\router\route.js:112:3)
    at Layer.handle [as handle_request] (C:\Users\lucas\bootcamp\collab\letscoder-bootcamp-202010\staff\lucas-wloch\malbec-api\node_modules\express\lib\router\layer.js:95:5)
    at C:\Users\lucas\bootcamp\collab\letscoder-bootcamp-202010\staff\lucas-wloch\malbec-api\node_modules\express\lib\router\index.js:281:22
    at Function.process_params (C:\Users\lucas\bootcamp\collab\letscoder-bootcamp-202010\staff\lucas-wloch\malbec-api\node_modules\express\lib\router\index.js:335:12)
    at next (C:\Users\lucas\bootcamp\collab\letscoder-bootcamp-202010\staff\lucas-wloch\malbec-api\node_modules\express\lib\router\index.js:275:10)
    at Function.handle (C:\Users\lucas\bootcamp\collab\letscoder-bootcamp-202010\staff\lucas-wloch\malbec-api\node_modules\express\lib\router\index.js:174:3)
    at router (C:\Users\lucas\bootcamp\collab\letscoder-bootcamp-202010\staff\lucas-wloch\malbec-api\node_modules\express\lib\router\index.js:47:12)
    at Layer.handle [as handle_request] (C:\Users\lucas\bootcamp\collab\letscoder-bootcamp-202010\staff\lucas-wloch\malbec-api\node_modules\express\lib\router\layer.js:95:5)
    at trim_prefix (C:\Users\lucas\bootcamp\collab\letscoder-bootcamp-202010\staff\lucas-wloch\malbec-api\node_modules\express\lib\router\index.js:317:13)
    at C:\Users\lucas\bootcamp\collab\letscoder-bootcamp-202010\staff\lucas-wloch\malbec-api\node_modules\express\lib\router\index.js:284:7
    at Function.process_params (C:\Users\lucas\bootcamp\collab\letscoder-bootcamp-202010\staff\lucas-wloch\malbec-api\node_modules\express\lib\router\index.js:335:12)
    at next (C:\Users\lucas\bootcamp\collab\letscoder-bootcamp-202010\staff\lucas-wloch\malbec-api\node_modules\express\lib\router\index.js:275:10)
error 2020-12-08T08:51:09.965Z - TypeError: retrieveProducts(...).then is not a function
    at module.exports (C:\Users\lucas\bootcamp\collab\letscoder-bootcamp-202010\staff\lucas-wloch\malbec-api\routes\api\handlers\handle-retrieve-products.js:9:14)
    at C:\Users\lucas\bootcamp\collab\letscoder-bootcamp-202010\staff\lucas-wloch\malbec-api\routes\api\helpers\with-error-handling.js:7:9
    at Layer.handle [as handle_request] (C:\Users\lucas\bootcamp\collab\letscoder-bootcamp-202010\staff\lucas-wloch\malbec-api\node_modules\express\lib\router\layer.js:95:5)
    at next (C:\Users\lucas\bootcamp\collab\letscoder-bootcamp-202010\staff\lucas-wloch\malbec-api\node_modules\express\lib\router\route.js:137:13)
    at Route.dispatch (C:\Users\lucas\bootcamp\collab\letscoder-bootcamp-202010\staff\lucas-wloch\malbec-api\node_modules\express\lib\router\route.js:112:3)
    at Layer.handle [as handle_request] (C:\Users\lucas\bootcamp\collab\letscoder-bootcamp-202010\staff\lucas-wloch\malbec-api\node_modules\express\lib\router\layer.js:95:5)
    at C:\Users\lucas\bootcamp\collab\letscoder-bootcamp-202010\staff\lucas-wloch\malbec-api\node_modules\express\lib\router\index.js:281:22
    at Function.process_params (C:\Users\lucas\bootcamp\collab\letscoder-bootcamp-202010\staff\lucas-wloch\malbec-api\node_modules\express\lib\router\index.js:335:12)
    at next (C:\Users\lucas\bootcamp\collab\letscoder-bootcamp-202010\staff\lucas-wloch\malbec-api\node_modules\express\lib\router\index.js:275:10)
    at Function.handle (C:\Users\lucas\bootcamp\collab\letscoder-bootcamp-202010\staff\lucas-wloch\malbec-api\node_modules\express\lib\router\index.js:174:3)
    at router (C:\Users\lucas\bootcamp\collab\letscoder-bootcamp-202010\staff\lucas-wloch\malbec-api\node_modules\express\lib\router\index.js:47:12)
    at Layer.handle [as handle_request] (C:\Users\lucas\bootcamp\collab\letscoder-bootcamp-202010\staff\lucas-wloch\malbec-api\node_modules\express\lib\router\layer.js:95:5)
    at trim_prefix (C:\Users\lucas\bootcamp\collab\letscoder-bootcamp-202010\staff\lucas-wloch\malbec-api\node_modules\express\lib\router\index.js:317:13)
    at C:\Users\lucas\bootcamp\collab\letscoder-bootcamp-202010\staff\lucas-wloch\malbec-api\node_modules\express\lib\router\index.js:284:7
    at Function.process_params (C:\Users\lucas\bootcamp\collab\letscoder-bootcamp-202010\staff\lucas-wloch\malbec-api\node_modules\express\lib\router\index.js:335:12)
    at next (C:\Users\lucas\bootcamp\collab\letscoder-bootcamp-202010\staff\lucas-wloch\malbec-api\node_modules\express\lib\router\index.js:275:10)
info 2020-12-08T08:51:17.769Z - stopping server
info 2020-12-08T08:51:20.610Z - starting server
info 2020-12-08T08:51:20.707Z - server running on port 4000
info 2020-12-08T09:05:13.350Z - stopping server
info 2020-12-08T09:05:15.808Z - starting server
info 2020-12-08T09:05:15.904Z - server running on port 4000
info 2020-12-08T09:06:00.026Z - stopping server
info 2020-12-08T09:07:03.612Z - starting server
info 2020-12-08T09:07:43.947Z - server running on port 4000
info 2020-12-08T09:16:41.424Z - starting server
info 2020-12-08T09:16:43.936Z - server running on port 4000
info 2020-12-08T09:18:10.223Z - starting server
info 2020-12-08T09:18:14.018Z - server running on port 4000
error 2020-12-08T09:19:20.648Z - TypeError: cursor.forEach is not a function
    at C:\Users\lucas\bootcamp\collab\letscoder-bootcamp-202010\staff\lucas-wloch\malbec-api\logic\retrieve-products.js:17:20
    at new Promise (<anonymous>)
    at module.exports (C:\Users\lucas\bootcamp\collab\letscoder-bootcamp-202010\staff\lucas-wloch\malbec-api\logic\retrieve-products.js:11:12)
    at module.exports (C:\Users\lucas\bootcamp\collab\letscoder-bootcamp-202010\staff\lucas-wloch\malbec-api\routes\api\handlers\handle-retrieve-products.js:8:9)
    at C:\Users\lucas\bootcamp\collab\letscoder-bootcamp-202010\staff\lucas-wloch\malbec-api\routes\api\helpers\with-error-handling.js:7:9
    at Layer.handle [as handle_request] (C:\Users\lucas\bootcamp\collab\letscoder-bootcamp-202010\staff\lucas-wloch\malbec-api\node_modules\express\lib\router\layer.js:95:5)
    at next (C:\Users\lucas\bootcamp\collab\letscoder-bootcamp-202010\staff\lucas-wloch\malbec-api\node_modules\express\lib\router\route.js:137:13)
    at Route.dispatch (C:\Users\lucas\bootcamp\collab\letscoder-bootcamp-202010\staff\lucas-wloch\malbec-api\node_modules\express\lib\router\route.js:112:3)
    at Layer.handle [as handle_request] (C:\Users\lucas\bootcamp\collab\letscoder-bootcamp-202010\staff\lucas-wloch\malbec-api\node_modules\express\lib\router\layer.js:95:5)
    at C:\Users\lucas\bootcamp\collab\letscoder-bootcamp-202010\staff\lucas-wloch\malbec-api\node_modules\express\lib\router\index.js:281:22
    at Function.process_params (C:\Users\lucas\bootcamp\collab\letscoder-bootcamp-202010\staff\lucas-wloch\malbec-api\node_modules\express\lib\router\index.js:335:12)
    at next (C:\Users\lucas\bootcamp\collab\letscoder-bootcamp-202010\staff\lucas-wloch\malbec-api\node_modules\express\lib\router\index.js:275:10)
    at Function.handle (C:\Users\lucas\bootcamp\collab\letscoder-bootcamp-202010\staff\lucas-wloch\malbec-api\node_modules\express\lib\router\index.js:174:3)
    at router (C:\Users\lucas\bootcamp\collab\letscoder-bootcamp-202010\staff\lucas-wloch\malbec-api\node_modules\express\lib\router\index.js:47:12)
    at Layer.handle [as handle_request] (C:\Users\lucas\bootcamp\collab\letscoder-bootcamp-202010\staff\lucas-wloch\malbec-api\node_modules\express\lib\router\layer.js:95:5)
    at trim_prefix (C:\Users\lucas\bootcamp\collab\letscoder-bootcamp-202010\staff\lucas-wloch\malbec-api\node_modules\express\lib\router\index.js:317:13)
info 2020-12-08T09:22:55.752Z - starting server
info 2020-12-08T09:22:57.843Z - server running on port 4000
info 2020-12-08T09:24:13.994Z - starting server
info 2020-12-08T09:24:14.514Z - server running on port 4000
info 2020-12-08T09:31:27.836Z - starting server
info 2020-12-08T09:31:28.282Z - server running on port 4000
error 2020-12-08T09:31:48.774Z - TypeError: cursor.toArray is not a function
    at C:\Users\lucas\bootcamp\collab\letscoder-bootcamp-202010\staff\lucas-wloch\malbec-api\logic\retrieve-products.js:23:34
    at new Promise (<anonymous>)
    at module.exports (C:\Users\lucas\bootcamp\collab\letscoder-bootcamp-202010\staff\lucas-wloch\malbec-api\logic\retrieve-products.js:11:12)
    at module.exports (C:\Users\lucas\bootcamp\collab\letscoder-bootcamp-202010\staff\lucas-wloch\malbec-api\routes\api\handlers\handle-retrieve-products.js:8:9)
    at C:\Users\lucas\bootcamp\collab\letscoder-bootcamp-202010\staff\lucas-wloch\malbec-api\routes\api\helpers\with-error-handling.js:7:9
    at Layer.handle [as handle_request] (C:\Users\lucas\bootcamp\collab\letscoder-bootcamp-202010\staff\lucas-wloch\malbec-api\node_modules\express\lib\router\layer.js:95:5)
    at next (C:\Users\lucas\bootcamp\collab\letscoder-bootcamp-202010\staff\lucas-wloch\malbec-api\node_modules\express\lib\router\route.js:137:13)
    at Route.dispatch (C:\Users\lucas\bootcamp\collab\letscoder-bootcamp-202010\staff\lucas-wloch\malbec-api\node_modules\express\lib\router\route.js:112:3)
    at Layer.handle [as handle_request] (C:\Users\lucas\bootcamp\collab\letscoder-bootcamp-202010\staff\lucas-wloch\malbec-api\node_modules\express\lib\router\layer.js:95:5)
    at C:\Users\lucas\bootcamp\collab\letscoder-bootcamp-202010\staff\lucas-wloch\malbec-api\node_modules\express\lib\router\index.js:281:22
    at Function.process_params (C:\Users\lucas\bootcamp\collab\letscoder-bootcamp-202010\staff\lucas-wloch\malbec-api\node_modules\express\lib\router\index.js:335:12)
    at next (C:\Users\lucas\bootcamp\collab\letscoder-bootcamp-202010\staff\lucas-wloch\malbec-api\node_modules\express\lib\router\index.js:275:10)
    at Function.handle (C:\Users\lucas\bootcamp\collab\letscoder-bootcamp-202010\staff\lucas-wloch\malbec-api\node_modules\express\lib\router\index.js:174:3)
    at router (C:\Users\lucas\bootcamp\collab\letscoder-bootcamp-202010\staff\lucas-wloch\malbec-api\node_modules\express\lib\router\index.js:47:12)
    at Layer.handle [as handle_request] (C:\Users\lucas\bootcamp\collab\letscoder-bootcamp-202010\staff\lucas-wloch\malbec-api\node_modules\express\lib\router\layer.js:95:5)
    at trim_prefix (C:\Users\lucas\bootcamp\collab\letscoder-bootcamp-202010\staff\lucas-wloch\malbec-api\node_modules\express\lib\router\index.js:317:13)
info 2020-12-08T09:32:46.809Z - starting server
info 2020-12-08T09:32:47.352Z - server running on port 4000
error 2020-12-08T09:33:01.269Z - TypeError: cursor._transforms is not a function
    at C:\Users\lucas\bootcamp\collab\letscoder-bootcamp-202010\staff\lucas-wloch\malbec-api\logic\retrieve-products.js:23:34
    at new Promise (<anonymous>)
    at module.exports (C:\Users\lucas\bootcamp\collab\letscoder-bootcamp-202010\staff\lucas-wloch\malbec-api\logic\retrieve-products.js:11:12)
    at module.exports (C:\Users\lucas\bootcamp\collab\letscoder-bootcamp-202010\staff\lucas-wloch\malbec-api\routes\api\handlers\handle-retrieve-products.js:8:9)
    at C:\Users\lucas\bootcamp\collab\letscoder-bootcamp-202010\staff\lucas-wloch\malbec-api\routes\api\helpers\with-error-handling.js:7:9
    at Layer.handle [as handle_request] (C:\Users\lucas\bootcamp\collab\letscoder-bootcamp-202010\staff\lucas-wloch\malbec-api\node_modules\express\lib\router\layer.js:95:5)
    at next (C:\Users\lucas\bootcamp\collab\letscoder-bootcamp-202010\staff\lucas-wloch\malbec-api\node_modules\express\lib\router\route.js:137:13)
    at Route.dispatch (C:\Users\lucas\bootcamp\collab\letscoder-bootcamp-202010\staff\lucas-wloch\malbec-api\node_modules\express\lib\router\route.js:112:3)
    at Layer.handle [as handle_request] (C:\Users\lucas\bootcamp\collab\letscoder-bootcamp-202010\staff\lucas-wloch\malbec-api\node_modules\express\lib\router\layer.js:95:5)
    at C:\Users\lucas\bootcamp\collab\letscoder-bootcamp-202010\staff\lucas-wloch\malbec-api\node_modules\express\lib\router\index.js:281:22
    at Function.process_params (C:\Users\lucas\bootcamp\collab\letscoder-bootcamp-202010\staff\lucas-wloch\malbec-api\node_modules\express\lib\router\index.js:335:12)
    at next (C:\Users\lucas\bootcamp\collab\letscoder-bootcamp-202010\staff\lucas-wloch\malbec-api\node_modules\express\lib\router\index.js:275:10)
    at Function.handle (C:\Users\lucas\bootcamp\collab\letscoder-bootcamp-202010\staff\lucas-wloch\malbec-api\node_modules\express\lib\router\index.js:174:3)
    at router (C:\Users\lucas\bootcamp\collab\letscoder-bootcamp-202010\staff\lucas-wloch\malbec-api\node_modules\express\lib\router\index.js:47:12)
    at Layer.handle [as handle_request] (C:\Users\lucas\bootcamp\collab\letscoder-bootcamp-202010\staff\lucas-wloch\malbec-api\node_modules\express\lib\router\layer.js:95:5)
    at trim_prefix (C:\Users\lucas\bootcamp\collab\letscoder-bootcamp-202010\staff\lucas-wloch\malbec-api\node_modules\express\lib\router\index.js:317:13)
info 2020-12-08T09:36:39.678Z - starting server
info 2020-12-08T09:36:40.596Z - server running on port 4000
info 2020-12-08T09:37:55.312Z - starting server
info 2020-12-08T09:37:55.409Z - server running on port 4000
info 2020-12-08T09:58:23.553Z - stopping server
info 2020-12-08T09:58:42.716Z - starting server
info 2020-12-08T09:58:43.374Z - server running on port 4000
info 2020-12-08T10:17:42.875Z - starting server
info 2020-12-08T10:17:43.102Z - server running on port 4000
info 2020-12-08T10:18:20.151Z - stopping server
info 2020-12-08T10:18:24.656Z - starting server
info 2020-12-08T10:18:24.901Z - server running on port 4000
info 2020-12-08T10:34:28.750Z - stopping server
info 2020-12-08T10:34:32.283Z - starting server
info 2020-12-08T10:34:32.392Z - server running on port 4000
info 2020-12-08T10:42:58.320Z - stopping server
info 2020-12-08T10:43:02.412Z - starting server
info 2020-12-08T10:43:02.608Z - server running on port 4000
error 2020-12-08T10:43:09.144Z - TypeError: Assignment to constant variable.
    at module.exports (C:\Users\lucas\bootcamp\collab\letscoder-bootcamp-202010\staff\lucas-wloch\malbec-api\logic\retrieve-products.js:11:26)
    at module.exports (C:\Users\lucas\bootcamp\collab\letscoder-bootcamp-202010\staff\lucas-wloch\malbec-api\routes\api\handlers\handle-retrieve-products.js:8:9)
    at C:\Users\lucas\bootcamp\collab\letscoder-bootcamp-202010\staff\lucas-wloch\malbec-api\routes\api\helpers\with-error-handling.js:7:9
    at Layer.handle [as handle_request] (C:\Users\lucas\bootcamp\collab\letscoder-bootcamp-202010\staff\lucas-wloch\malbec-api\node_modules\express\lib\router\layer.js:95:5)
    at next (C:\Users\lucas\bootcamp\collab\letscoder-bootcamp-202010\staff\lucas-wloch\malbec-api\node_modules\express\lib\router\route.js:137:13)
    at Route.dispatch (C:\Users\lucas\bootcamp\collab\letscoder-bootcamp-202010\staff\lucas-wloch\malbec-api\node_modules\express\lib\router\route.js:112:3)
    at Layer.handle [as handle_request] (C:\Users\lucas\bootcamp\collab\letscoder-bootcamp-202010\staff\lucas-wloch\malbec-api\node_modules\express\lib\router\layer.js:95:5)
    at C:\Users\lucas\bootcamp\collab\letscoder-bootcamp-202010\staff\lucas-wloch\malbec-api\node_modules\express\lib\router\index.js:281:22
    at Function.process_params (C:\Users\lucas\bootcamp\collab\letscoder-bootcamp-202010\staff\lucas-wloch\malbec-api\node_modules\express\lib\router\index.js:335:12)
    at next (C:\Users\lucas\bootcamp\collab\letscoder-bootcamp-202010\staff\lucas-wloch\malbec-api\node_modules\express\lib\router\index.js:275:10)
    at Function.handle (C:\Users\lucas\bootcamp\collab\letscoder-bootcamp-202010\staff\lucas-wloch\malbec-api\node_modules\express\lib\router\index.js:174:3)
    at router (C:\Users\lucas\bootcamp\collab\letscoder-bootcamp-202010\staff\lucas-wloch\malbec-api\node_modules\express\lib\router\index.js:47:12)
    at Layer.handle [as handle_request] (C:\Users\lucas\bootcamp\collab\letscoder-bootcamp-202010\staff\lucas-wloch\malbec-api\node_modules\express\lib\router\layer.js:95:5)
    at trim_prefix (C:\Users\lucas\bootcamp\collab\letscoder-bootcamp-202010\staff\lucas-wloch\malbec-api\node_modules\express\lib\router\index.js:317:13)
    at C:\Users\lucas\bootcamp\collab\letscoder-bootcamp-202010\staff\lucas-wloch\malbec-api\node_modules\express\lib\router\index.js:284:7
    at Function.process_params (C:\Users\lucas\bootcamp\collab\letscoder-bootcamp-202010\staff\lucas-wloch\malbec-api\node_modules\express\lib\router\index.js:335:12)
info 2020-12-08T10:43:24.446Z - stopping server
info 2020-12-08T10:43:28.973Z - starting server
info 2020-12-08T10:43:29.092Z - server running on port 4000
error 2020-12-08T10:43:34.333Z - TypeError: retrieveProducts(...).then is not a function
    at module.exports (C:\Users\lucas\bootcamp\collab\letscoder-bootcamp-202010\staff\lucas-wloch\malbec-api\routes\api\handlers\handle-retrieve-products.js:9:14)
    at C:\Users\lucas\bootcamp\collab\letscoder-bootcamp-202010\staff\lucas-wloch\malbec-api\routes\api\helpers\with-error-handling.js:7:9
    at Layer.handle [as handle_request] (C:\Users\lucas\bootcamp\collab\letscoder-bootcamp-202010\staff\lucas-wloch\malbec-api\node_modules\express\lib\router\layer.js:95:5)
    at next (C:\Users\lucas\bootcamp\collab\letscoder-bootcamp-202010\staff\lucas-wloch\malbec-api\node_modules\express\lib\router\route.js:137:13)
    at Route.dispatch (C:\Users\lucas\bootcamp\collab\letscoder-bootcamp-202010\staff\lucas-wloch\malbec-api\node_modules\express\lib\router\route.js:112:3)
    at Layer.handle [as handle_request] (C:\Users\lucas\bootcamp\collab\letscoder-bootcamp-202010\staff\lucas-wloch\malbec-api\node_modules\express\lib\router\layer.js:95:5)
    at C:\Users\lucas\bootcamp\collab\letscoder-bootcamp-202010\staff\lucas-wloch\malbec-api\node_modules\express\lib\router\index.js:281:22
    at Function.process_params (C:\Users\lucas\bootcamp\collab\letscoder-bootcamp-202010\staff\lucas-wloch\malbec-api\node_modules\express\lib\router\index.js:335:12)
    at next (C:\Users\lucas\bootcamp\collab\letscoder-bootcamp-202010\staff\lucas-wloch\malbec-api\node_modules\express\lib\router\index.js:275:10)
    at Function.handle (C:\Users\lucas\bootcamp\collab\letscoder-bootcamp-202010\staff\lucas-wloch\malbec-api\node_modules\express\lib\router\index.js:174:3)
    at router (C:\Users\lucas\bootcamp\collab\letscoder-bootcamp-202010\staff\lucas-wloch\malbec-api\node_modules\express\lib\router\index.js:47:12)
    at Layer.handle [as handle_request] (C:\Users\lucas\bootcamp\collab\letscoder-bootcamp-202010\staff\lucas-wloch\malbec-api\node_modules\express\lib\router\layer.js:95:5)
    at trim_prefix (C:\Users\lucas\bootcamp\collab\letscoder-bootcamp-202010\staff\lucas-wloch\malbec-api\node_modules\express\lib\router\index.js:317:13)
    at C:\Users\lucas\bootcamp\collab\letscoder-bootcamp-202010\staff\lucas-wloch\malbec-api\node_modules\express\lib\router\index.js:284:7
    at Function.process_params (C:\Users\lucas\bootcamp\collab\letscoder-bootcamp-202010\staff\lucas-wloch\malbec-api\node_modules\express\lib\router\index.js:335:12)
    at next (C:\Users\lucas\bootcamp\collab\letscoder-bootcamp-202010\staff\lucas-wloch\malbec-api\node_modules\express\lib\router\index.js:275:10)
info 2020-12-08T10:44:28.848Z - stopping server
info 2020-12-08T10:44:49.428Z - starting server
info 2020-12-08T10:44:49.578Z - server running on port 4000
info 2020-12-08T10:45:40.582Z - stopping server
info 2020-12-08T10:45:43.896Z - starting server
info 2020-12-08T10:45:44.004Z - server running on port 4000
info 2020-12-08T10:48:30.075Z - stopping server
info 2020-12-08T10:48:55.034Z - starting server
info 2020-12-08T10:48:55.141Z - server running on port 4000
info 2020-12-08T10:51:17.250Z - stopping server
info 2020-12-08T10:51:50.323Z - starting server
info 2020-12-08T10:51:54.745Z - server running on port 4000
info 2020-12-08T10:53:01.855Z - starting server
info 2020-12-08T10:53:03.922Z - server running on port 4000
info 2020-12-08T10:56:03.233Z - starting server
info 2020-12-08T10:56:04.017Z - server running on port 4000
info 2020-12-08T10:56:43.820Z - starting server
info 2020-12-08T10:56:44.566Z - server running on port 4000
info 2020-12-08T10:57:48.925Z - starting server
info 2020-12-08T10:57:49.653Z - server running on port 4000
info 2020-12-08T10:59:19.827Z - starting server
info 2020-12-08T10:59:20.023Z - server running on port 4000
info 2020-12-08T11:03:34.602Z - starting server
info 2020-12-08T11:03:34.781Z - server running on port 4000
info 2020-12-08T11:05:13.581Z - starting server
info 2020-12-08T11:05:13.748Z - server running on port 4000
info 2020-12-08T11:06:06.638Z - starting server
info 2020-12-08T11:06:06.834Z - server running on port 4000
