info 2020-11-17T16:19:13.188Z - server running on port 3000
info 2020-11-17T16:19:23.643Z - stopping server
info 2020-11-17T16:21:52.952Z - server running on port 3000
error 2020-11-17T16:22:22.069Z - Error: Failed to lookup view "login" in views directory "/Users/manuelbarzi/.../letscoder/letscoder-bootcamp-202010/collab/letscoder-bootcamp-202010/staff/manuel-barzi/web-server/views"
info 2020-11-17T16:31:56.568Z - server running on port 3000
info 2020-11-17T16:32:51.784Z - server running on port 3000
info 2020-11-17T16:32:55.107Z - stopping server
info 2020-11-17T16:40:45.941Z - server running on port 3000
info 2020-11-17T16:49:00.267Z - stopping server
info 2020-11-17T16:49:00.268Z - stopping server
info 2020-11-17T16:49:11.080Z - server running on port 3000
error 2020-11-17T16:49:24.446Z - could not accept cookies :(
error 2020-11-17T16:50:33.684Z - could not accept cookies :(
info 2020-11-17T17:11:52.252Z - stopping server

info 2020-11-17T17:13:02.777Z - server running on port 3000
info 2020-11-17T17:14:34.355Z - stopping server
info 2020-11-17T17:14:34.355Z - stopping server
info 2020-11-18T13:00:35.228Z - server running on port 4000
info 2020-11-18T13:01:12.536Z - stopping server
info 2020-11-18T13:01:12.537Z - stopping server
info 2020-11-18T13:01:15.670Z - server running on port 4000
info 2020-11-18T13:03:18.380Z - stopping server
info 2020-11-18T13:03:18.381Z - stopping server
info 2020-11-18T13:15:25.409Z - server running on port 4000
info 2020-11-18T13:18:09.224Z - server running on port 4000
error 2020-11-18T13:18:23.101Z - Error: fullname is empty or blank
error 2020-11-18T13:18:36.202Z - Error: e-mail serpiente@mail.com already registered
info 2020-11-18T13:19:03.308Z - stopping server
info 2020-11-18T13:19:04.401Z - server running on port 4000
error 2020-11-18T13:19:06.886Z - Error: e-mail serpiente@mail.com already registered
info 2020-11-18T13:19:42.673Z - stopping server
info 2020-11-18T13:19:42.673Z - stopping server
info 2020-11-18T13:20:26.360Z - server running on port 4000
info 2020-11-18T13:43:31.863Z - stopping server
info 2020-11-18T13:43:31.864Z - stopping server
info 2020-11-18T13:45:50.034Z - server running on port 4000
info 2020-11-18T13:49:15.244Z - stopping server
info 2020-11-18T13:49:15.244Z - stopping server
info 2020-11-18T13:49:34.615Z - server running on port 4000
info 2020-11-18T13:53:43.043Z - server running on port 4000
info 2020-11-18T13:55:43.167Z - server running on port 4000
info 2020-11-18T13:56:35.766Z - server running on port 4000
info 2020-11-18T13:58:25.580Z - server running on port 4000
info 2020-11-18T13:59:49.053Z - server running on port 4000
info 2020-11-18T14:00:17.901Z - server running on port 4000
error 2020-11-18T14:00:43.219Z - Error: e-mail manuelbarzi@gmail.com already registered
info 2020-11-18T16:08:20.964Z - server running on port 4000
info 2020-11-18T16:08:46.236Z - stopping server
info 2020-11-18T16:08:49.985Z - server running on port 4000
info 2020-11-18T16:09:07.486Z - stopping server
info 2020-11-18T16:10:10.084Z - server running on port 4000
info 2020-11-18T16:12:25.940Z - stopping server
info 2020-11-18T16:12:30.121Z - server running on port 4000
error 2020-11-18T16:19:11.415Z - Error: e-mail ana@gmail.com already registered
error 2020-11-18T17:00:26.357Z - Error: e-mail assssna@gmail.com already registered
error 2020-11-18T17:34:54.391Z - Error: e-mail assssna@gmail.com already registered
info 2020-11-18T17:40:42.216Z - stopping server
info 2020-11-18T17:43:45.925Z - server running on port 4000
info 2020-11-18T17:45:43.479Z - server running on port 4000
info 2020-11-18T17:47:39.949Z - server running on port 4000
info 2020-11-18T18:03:37.834Z - stopping server
info 2020-11-18T18:03:42.029Z - server running on port 4000
info 2020-11-18T20:00:19.626Z - stopping server
info 2020-11-18T20:00:33.931Z - server running on port 4000
error 2020-11-18T20:01:46.949Z - Error: e-mail assssna@gmail.com already registered
info 2020-11-19T11:14:48.174Z - server running on port 4000
info 2020-11-19T12:11:49.743Z - stopping server
info 2020-11-19T12:13:04.129Z - server running on port 4000
info 2020-11-19T12:13:59.740Z - stopping server
info 2020-11-19T12:14:02.374Z - server running on port 4000
info 2020-11-19T12:16:29.806Z - stopping server
info 2020-11-19T12:16:32.346Z - server running on port 4000
info 2020-11-19T12:17:36.789Z - stopping server
info 2020-11-19T12:17:39.272Z - server running on port 4000
info 2020-11-19T14:58:47.997Z - stopping server
info 2020-11-19T14:58:50.634Z - server running on port 4000
info 2020-11-19T15:03:03.713Z - stopping server
info 2020-11-19T15:03:06.257Z - server running on port 4000
info 2020-11-19T15:04:08.727Z - stopping server
info 2020-11-19T15:13:48.581Z - server running on port 4000
info 2020-11-19T15:23:27.706Z - stopping server
info 2020-11-19T15:23:31.587Z - server running on port 4000
info 2020-11-19T15:26:01.930Z - stopping server
info 2020-11-19T15:26:04.613Z - server running on port 4000
error 2020-11-19T15:34:30.320Z - Error: id is empty or blank
error 2020-11-19T15:36:16.976Z - Error: id length is not 31
error 2020-11-19T15:37:16.881Z - Error: id length is not 31
error 2020-11-19T15:37:32.972Z - Error: id length is not 31
error 2020-11-19T15:37:33.686Z - Error: id length is not 31
error 2020-11-19T15:37:33.884Z - Error: id length is not 31
error 2020-11-19T15:37:34.367Z - Error: id length is not 31
error 2020-11-19T15:51:32.554Z - Error: e-mail assaaaaaafvfaaaassna@gmail.com already registered
error 2020-11-19T16:02:27.839Z - Error: id length is not 31
error 2020-11-19T16:02:28.754Z - Error: id length is not 31
info 2020-11-19T16:19:28.614Z - stopping server
info 2020-11-19T16:19:31.983Z - server running on port 4000
error 2020-11-19T16:19:51.605Z - Error: e-mail assacaaaaafvfaaaassna@gmail.com already registered
info 2020-11-19T16:20:41.376Z - server running on port 4000
info 2020-11-19T16:20:58.519Z - stopping server
info 2020-11-19T16:21:52.879Z - server running on port 4000
info 2020-11-19T16:22:32.665Z - server running on port 4000
error 2020-11-19T16:22:34.357Z - ReferenceError: userId is not defined
info 2020-11-19T16:26:12.854Z - server running on port 4000
error 2020-11-19T16:27:07.886Z - Error: id length is not 31
error 2020-11-19T16:28:18.182Z - Error: e-mail lolo@gmail.com already registered
info 2020-11-19T16:28:22.495Z - server running on port 4000
error 2020-11-19T16:28:40.235Z - Error: id length is not 31
info 2020-11-19T16:30:46.514Z - server running on port 4000
info 2020-11-19T16:30:57.099Z - server running on port 4000
info 2020-11-19T16:31:09.230Z - server running on port 4000
error 2020-11-19T16:31:18.875Z - ReferenceError: token is not defined
info 2020-11-19T17:02:53.681Z - stopping server
info 2020-11-19T17:03:33.144Z - server running on port 4000
error 2020-11-19T17:03:45.520Z - Error: e-mail assacaaaaafvfaaaassna@gmail.com already registered
error 2020-11-19T17:03:52.923Z - ReferenceError: token is not defined
info 2020-11-19T19:13:25.241Z - server running on port 4000
error 2020-11-19T19:14:23.310Z - ReferenceError: token is not defined
info 2020-11-19T19:17:23.723Z - stopping server
info 2020-11-19T19:19:06.526Z - server running on port 4000
error 2020-11-19T19:20:23.420Z - ReferenceError: token is not defined
error 2020-11-19T19:25:53.241Z - ReferenceError: token is not defined
info 2020-11-19T19:32:47.008Z - stopping server
info 2020-11-19T19:32:49.674Z - server running on port 4000
info 2020-11-19T19:36:53.612Z - stopping server
info 2020-11-19T19:36:57.858Z - server running on port 4000
info 2020-11-19T19:37:47.522Z - stopping server
info 2020-11-19T19:38:48.539Z - server running on port 4000
info 2020-11-19T19:42:38.502Z - stopping server
info 2020-11-19T19:42:47.343Z - server running on port 4000
error 2020-11-19T19:43:45.845Z - Error: wrong credentials
error 2020-11-19T19:43:57.876Z - Error: wrong credentials
error 2020-11-19T19:44:11.724Z - ReferenceError: token is not defined
error 2020-11-19T19:50:30.556Z - ReferenceError: token is not defined
info 2020-11-19T19:51:13.485Z - stopping server
info 2020-11-19T19:51:18.688Z - server running on port 4000
error 2020-11-19T19:54:22.132Z - ReferenceError: token is not defined
error 2020-11-19T20:00:22.076Z - ReferenceError: token is not defined
info 2020-11-19T20:00:36.218Z - stopping server
info 2020-11-19T20:00:39.698Z - server running on port 4000
error 2020-11-19T20:00:51.923Z - Error: user with id  1605716313606991007628515074800 not found
error 2020-11-19T20:01:41.009Z - Error: user with id  1605716313606991007628515074800 not found
info 2020-11-19T20:05:26.451Z - stopping server
info 2020-11-19T20:05:28.660Z - server running on port 4000
error 2020-11-19T20:05:44.953Z - Error: id length is not 31
error 2020-11-19T20:06:12.007Z - Error: id length is not 31
info 2020-11-19T20:08:28.015Z - stopping server
info 2020-11-19T20:08:30.361Z - server running on port 4000
error 2020-11-19T20:08:47.633Z - Error: id length is not 31
info 2020-11-19T20:09:39.575Z - stopping server
info 2020-11-19T20:09:42.596Z - server running on port 4000
error 2020-11-19T20:10:02.333Z - Error: id length is not 31
info 2020-11-19T20:10:39.527Z - stopping server
info 2020-11-19T20:11:03.557Z - server running on port 4000
error 2020-11-19T20:11:39.457Z - Error: id length is not 31
info 2020-11-19T20:15:10.014Z - stopping server
info 2020-11-19T20:15:14.588Z - server running on port 4000
info 2020-11-19T20:15:17.982Z - stopping server
info 2020-11-19T20:15:44.271Z - server running on port 4000
error 2020-11-19T20:15:58.946Z - Error: id length is not 31
info 2020-11-19T20:18:29.015Z - stopping server
info 2020-11-19T20:18:32.357Z - server running on port 4000
error 2020-11-19T20:20:19.344Z - Error: id length is not 31
info 2020-11-19T20:20:19.349Z - stopping server
info 2020-11-19T20:20:24.827Z - server running on port 4000
info 2020-11-19T22:13:26.986Z - stopping server
info 2020-11-19T22:13:29.721Z - server running on port 4000
info 2020-11-19T22:13:30.673Z - stopping server
info 2020-11-19T22:14:06.526Z - server running on port 4000
info 2020-11-20T10:16:23.392Z - server running on port 4000
info 2020-11-20T11:01:51.629Z - stopping server
info 2020-11-20T11:01:54.157Z - server running on port 4000
info 2020-11-20T15:28:50.460Z - stopping server
error 2020-11-20T16:11:47.574Z - MongoParseError: Invalid connection string
info 2020-11-20T16:11:47.619Z - server running on port 4000
error 2020-11-20T16:12:12.255Z - MongoParseError: Invalid connection string
info 2020-11-20T16:12:12.295Z - server running on port 4000
info 2020-11-21T00:39:06.088Z - starting server
info 2020-11-21T00:39:06.146Z - server running on port 4000
info 2020-11-21T00:54:56.379Z - stopping server
info 2020-11-21T00:55:00.110Z - starting server
info 2020-11-21T00:55:00.163Z - server running on port 4000
info 2020-11-21T00:59:32.345Z - stopping server
info 2020-11-21T00:59:34.935Z - starting server
info 2020-11-21T00:59:34.988Z - server running on port 4000
info 2020-11-21T01:16:06.633Z - stopping server
info 2020-11-21T01:18:49.084Z - starting server
info 2020-11-21T01:18:49.138Z - server running on port 4000
info 2020-11-21T01:27:59.800Z - stopping server
info 2020-11-21T01:28:02.366Z - starting server
info 2020-11-21T01:28:02.425Z - server running on port 4000
error 2020-11-21T02:11:11.242Z - Error: wrong credentials
error 2020-11-21T02:13:12.757Z - Error: e-mail anaaa@gmail.com already registered
